[0.011s] Invoking command in '/home/mantus/kol_bot/ros2_orb_slam/ros2_orb_slam/build/ros2_orb_slam': CMAKE_PREFIX_PATH=${CMAKE_PREFIX_PATH}:/opt/ros/foxy /usr/bin/cmake --build /home/mantus/kol_bot/ros2_orb_slam/ros2_orb_slam/build/ros2_orb_slam -- -j16 -l16
[0.037s] -- Found ament_cmake: 0.9.11 (/opt/ros/foxy/share/ament_cmake/cmake)
[0.056s] -- Using PYTHON_EXECUTABLE: /usr/bin/python3
[0.189s] -- Found rclcpp: 2.4.2 (/opt/ros/foxy/share/rclcpp/cmake)
[0.211s] -- Using all available rosidl_typesupport_c: rosidl_typesupport_fastrtps_c;rosidl_typesupport_introspection_c
[0.213s] -- Found rosidl_adapter: 1.3.0 (/opt/ros/foxy/share/rosidl_adapter/cmake)
[0.297s] -- Using all available rosidl_typesupport_cpp: rosidl_typesupport_fastrtps_cpp;rosidl_typesupport_introspection_cpp
[0.329s] -- Found rmw_implementation_cmake: 1.0.3 (/opt/ros/foxy/share/rmw_implementation_cmake/cmake)
[0.330s] -- Using RMW implementation 'rmw_fastrtps_cpp' as default
[0.424s] -- Found sensor_msgs: 2.0.5 (/opt/ros/foxy/share/sensor_msgs/cmake)
[0.500s] -- Found cv_bridge: 3.0.7 (/opt/ros/foxy/share/cv_bridge/cmake)
[0.517s] -- Found message_filters: 3.2.5 (/opt/ros/foxy/share/message_filters/cmake)
[0.519s] -- Found tf2_ros: 0.13.13 (/opt/ros/foxy/share/tf2_ros/cmake)
[0.738s] -- Found image_transport: 2.4.0 (/opt/ros/foxy/share/image_transport/cmake)
[0.762s] CMake Error at CMakeLists.txt:41 (get_filename_component):
[0.762s]   get_filename_component called with incorrect number of arguments
[0.762s] 
[0.762s] 
[0.768s] -- Could NOT find ORB_SLAM3 (missing: ORB_SLAM3_LIBRARY ORB_SLAM3_INCLUDE_DIR DBoW2_INCLUDE_DIR DBoW2_LIBRARY g2o_LIBRARY) 
[0.783s] -- Found ament_lint_auto: 0.9.7 (/opt/ros/foxy/share/ament_lint_auto/cmake)
[0.833s] -- Added test 'copyright' to check source files copyright and LICENSE
[0.899s] -- Added test 'cppcheck' to perform static code analysis on C / C++ code
[0.899s] -- Configured cppcheck include dirs: /home/mantus/kol_bot/ros2_orb_slam/ros2_orb_slam/Eigen;/home/mantus/kol_bot/ros2_orb_slam/ros2_orb_slam/ORB_SLAM3;/home/mantus/kol_bot/ros2_orb_slam/ros2_orb_slam/ORB_SLAM3/include;/home/mantus/kol_bot/ros2_orb_slam/ros2_orb_slam/ORB_SLAM3/include/CameraModels;/home/mantus/kol_bot/ros2_orb_slam/ros2_orb_slam/ORB_SLAM3/Thirdparty/Sophus
[0.900s] -- Configured cppcheck exclude dirs and/or files: 
[0.956s] -- Added test 'cpplint' to check C / C++ code against the Google style
[0.956s] -- Configured cpplint exclude dirs and/or files: 
[0.963s] -- Added test 'flake8' to check Python code syntax and style conventions
[0.977s] -- Added test 'lint_cmake' to check CMake code style
[0.984s] -- Added test 'pep257' to check Python code against some of the style conventions in PEP 257
[1.040s] -- Added test 'uncrustify' to check C / C++ code style
[1.040s] -- Configured uncrustify additional arguments: 
[1.047s] -- Added test 'xmllint' to check XML markup files
[1.049s] -- Configuring incomplete, errors occurred!
[1.049s] See also "/home/mantus/kol_bot/ros2_orb_slam/ros2_orb_slam/build/ros2_orb_slam/CMakeFiles/CMakeOutput.log".
[1.049s] See also "/home/mantus/kol_bot/ros2_orb_slam/ros2_orb_slam/build/ros2_orb_slam/CMakeFiles/CMakeError.log".
[1.055s] make: *** [Makefile:296: cmake_check_build_system] Error 1
[1.056s] Invoked command in '/home/mantus/kol_bot/ros2_orb_slam/ros2_orb_slam/build/ros2_orb_slam' returned '2': CMAKE_PREFIX_PATH=${CMAKE_PREFIX_PATH}:/opt/ros/foxy /usr/bin/cmake --build /home/mantus/kol_bot/ros2_orb_slam/ros2_orb_slam/build/ros2_orb_slam -- -j16 -l16
