[0.013s] Invoking command in '/home/mantus/kol_bot/ros2_orb_slam/ros2_orb_slam/build/ros2_orb_slam': CMAKE_PREFIX_PATH=${CMAKE_PREFIX_PATH}:/opt/ros/foxy /usr/bin/cmake --build /home/mantus/kol_bot/ros2_orb_slam/ros2_orb_slam/build/ros2_orb_slam -- -j16 -l16
[0.047s] [35m[1mScanning dependencies of target slam[0m
[0.097s] [ 33%] [32mBuilding CXX object CMakeFiles/slam.dir/src/rgbd-slam-node.cpp.o[0m
[3.308s] In file included from [01m[K/home/mantus/kol_bot/ros2_orb_slam/ros2_orb_slam/ORB_SLAM3/include/Frame.h:30[m[K,
[3.308s]                  from [01m[K/home/mantus/kol_bot/ros2_orb_slam/ros2_orb_slam/ORB_SLAM3/include/KeyFrame.h:28[m[K,
[3.308s]                  from [01m[K/home/mantus/kol_bot/ros2_orb_slam/ros2_orb_slam/ORB_SLAM3/include/MapPoint.h:23[m[K,
[3.309s]                  from [01m[K/home/mantus/kol_bot/ros2_orb_slam/ros2_orb_slam/ORB_SLAM3/include/FrameDrawer.h:24[m[K,
[3.309s]                  from [01m[K/home/mantus/kol_bot/ros2_orb_slam/ros2_orb_slam/ORB_SLAM3/include/Viewer.h:23[m[K,
[3.309s]                  from [01m[K/home/mantus/kol_bot/ros2_orb_slam/ros2_orb_slam/ORB_SLAM3/include/Tracking.h:26[m[K,
[3.309s]                  from [01m[K/home/mantus/kol_bot/ros2_orb_slam/ros2_orb_slam/ORB_SLAM3/include/System.h:31[m[K,
[3.309s]                  from [01m[K/home/mantus/kol_bot/ros2_orb_slam/ros2_orb_slam/src/rgbd-slam-node.hpp:39[m[K,
[3.309s]                  from [01m[K/home/mantus/kol_bot/ros2_orb_slam/ros2_orb_slam/src/rgbd-slam-node.cpp:1[m[K:
[3.309s] [01m[K/home/mantus/kol_bot/ros2_orb_slam/ros2_orb_slam/ORB_SLAM3/include/ImuTypes.h:[m[K In member function ‘[01m[Kvoid ORB_SLAM3::IMU::Preintegrated::printMeasurements() const[m[K’:
[3.309s] [01m[K/home/mantus/kol_bot/ros2_orb_slam/ros2_orb_slam/ORB_SLAM3/include/ImuTypes.h:204:23:[m[K [01;35m[Kwarning: [m[Kcomparison of integer expressions of different signedness: ‘[01m[Kint[m[K’ and ‘[01m[Kstd::vector<ORB_SLAM3::IMU::Preintegrated::integrable>::size_type[m[K’ {aka ‘[01m[Klong unsigned int[m[K’} [[01;35m[K-Wsign-compare[m[K]
[3.309s]   204 |         for(int i=0; [01;35m[Ki<mvMeasurements.size()[m[K; i++){
[3.309s]       |                      [01;35m[K~^~~~~~~~~~~~~~~~~~~~~~[m[K
[3.380s] In file included from [01m[K/home/mantus/kol_bot/ros2_orb_slam/ros2_orb_slam/ORB_SLAM3/Thirdparty/g2o/g2o/types/types_six_dof_expmap.h:37[m[K,
[3.380s]                  from [01m[K/home/mantus/kol_bot/ros2_orb_slam/ros2_orb_slam/ORB_SLAM3/include/Converter.h:26[m[K,
[3.380s]                  from [01m[K/home/mantus/kol_bot/ros2_orb_slam/ros2_orb_slam/ORB_SLAM3/include/Frame.h:33[m[K,
[3.381s]                  from [01m[K/home/mantus/kol_bot/ros2_orb_slam/ros2_orb_slam/ORB_SLAM3/include/KeyFrame.h:28[m[K,
[3.381s]                  from [01m[K/home/mantus/kol_bot/ros2_orb_slam/ros2_orb_slam/ORB_SLAM3/include/MapPoint.h:23[m[K,
[3.381s]                  from [01m[K/home/mantus/kol_bot/ros2_orb_slam/ros2_orb_slam/ORB_SLAM3/include/FrameDrawer.h:24[m[K,
[3.381s]                  from [01m[K/home/mantus/kol_bot/ros2_orb_slam/ros2_orb_slam/ORB_SLAM3/include/Viewer.h:23[m[K,
[3.381s]                  from [01m[K/home/mantus/kol_bot/ros2_orb_slam/ros2_orb_slam/ORB_SLAM3/include/Tracking.h:26[m[K,
[3.381s]                  from [01m[K/home/mantus/kol_bot/ros2_orb_slam/ros2_orb_slam/ORB_SLAM3/include/System.h:31[m[K,
[3.381s]                  from [01m[K/home/mantus/kol_bot/ros2_orb_slam/ros2_orb_slam/src/rgbd-slam-node.hpp:39[m[K,
[3.381s]                  from [01m[K/home/mantus/kol_bot/ros2_orb_slam/ros2_orb_slam/src/rgbd-slam-node.cpp:1[m[K:
[3.381s] [01m[K/home/mantus/kol_bot/ros2_orb_slam/ros2_orb_slam/ORB_SLAM3/Thirdparty/g2o/g2o/types/../core/base_vertex.h:[m[K At global scope:
[3.381s] [01m[K/home/mantus/kol_bot/ros2_orb_slam/ros2_orb_slam/ORB_SLAM3/Thirdparty/g2o/g2o/types/../core/base_vertex.h:62:74:[m[K [01;35m[Kwarning: [m[K‘[01m[KEigen::AlignedBit[m[K’ is deprecated [[01;35m[K-Wdeprecated-declarations[m[K]
[3.381s]    62 | Eigen::Map<Matrix<double, D, D>, Matrix<double,D,D>::Flags & [01;35m[KAlignedBit[m[K ? Aligned : Unaligned >  HessianBlockType;
[3.381s]       |                                                              [01;35m[K^~~~~~~~~~[m[K
[3.381s] 
[3.381s] In file included from [01m[K/usr/local/include/eigen3/Eigen/Core:161[m[K,
[3.381s]                  from [01m[K/usr/local/include/eigen3/Eigen/Dense:1[m[K,
[3.381s]                  from [01m[K/home/mantus/kol_bot/ros2_orb_slam/ros2_orb_slam/src/rgbd-slam-node.hpp:32[m[K,
[3.381s]                  from [01m[K/home/mantus/kol_bot/ros2_orb_slam/ros2_orb_slam/src/rgbd-slam-node.cpp:1[m[K:
[3.381s] [01m[K/usr/local/include/eigen3/Eigen/src/Core/util/Constants.h:167:37:[m[K [01;36m[Knote: [m[Kdeclared here
[3.381s]   167 | EIGEN_DEPRECATED const unsigned int [01;36m[KAlignedBit[m[K = 0x80;
[3.381s]       |                                     [01;36m[K^~~~~~~~~~[m[K
[3.399s] In file included from [01m[K/home/mantus/kol_bot/ros2_orb_slam/ros2_orb_slam/ORB_SLAM3/Thirdparty/g2o/g2o/types/types_six_dof_expmap.h:38[m[K,
[3.399s]                  from [01m[K/home/mantus/kol_bot/ros2_orb_slam/ros2_orb_slam/ORB_SLAM3/include/Converter.h:26[m[K,
[3.399s]                  from [01m[K/home/mantus/kol_bot/ros2_orb_slam/ros2_orb_slam/ORB_SLAM3/include/Frame.h:33[m[K,
[3.399s]                  from [01m[K/home/mantus/kol_bot/ros2_orb_slam/ros2_orb_slam/ORB_SLAM3/include/KeyFrame.h:28[m[K,
[3.399s]                  from [01m[K/home/mantus/kol_bot/ros2_orb_slam/ros2_orb_slam/ORB_SLAM3/include/MapPoint.h:23[m[K,
[3.400s]                  from [01m[K/home/mantus/kol_bot/ros2_orb_slam/ros2_orb_slam/ORB_SLAM3/include/FrameDrawer.h:24[m[K,
[3.400s]                  from [01m[K/home/mantus/kol_bot/ros2_orb_slam/ros2_orb_slam/ORB_SLAM3/include/Viewer.h:23[m[K,
[3.400s]                  from [01m[K/home/mantus/kol_bot/ros2_orb_slam/ros2_orb_slam/ORB_SLAM3/include/Tracking.h:26[m[K,
[3.400s]                  from [01m[K/home/mantus/kol_bot/ros2_orb_slam/ros2_orb_slam/ORB_SLAM3/include/System.h:31[m[K,
[3.400s]                  from [01m[K/home/mantus/kol_bot/ros2_orb_slam/ros2_orb_slam/src/rgbd-slam-node.hpp:39[m[K,
[3.400s]                  from [01m[K/home/mantus/kol_bot/ros2_orb_slam/ros2_orb_slam/src/rgbd-slam-node.cpp:1[m[K:
[3.400s] [01m[K/home/mantus/kol_bot/ros2_orb_slam/ros2_orb_slam/ORB_SLAM3/Thirdparty/g2o/g2o/types/../core/base_binary_edge.h:59:82:[m[K [01;35m[Kwarning: [m[K‘[01m[KEigen::AlignedBit[m[K’ is deprecated [[01;35m[K-Wdeprecated-declarations[m[K]
[3.400s]    59 | :Map<Matrix<double, Di, Dj>, Matrix<double, Di, Dj>::Flags & [01;35m[KAlignedBit[m[K ? Aligned : Unaligned > HessianBlockType;
[3.400s]       |                                                              [01;35m[K^~~~~~~~~~[m[K
[3.400s] 
[3.400s] In file included from [01m[K/usr/local/include/eigen3/Eigen/Core:161[m[K,
[3.400s]                  from [01m[K/usr/local/include/eigen3/Eigen/Dense:1[m[K,
[3.400s]                  from [01m[K/home/mantus/kol_bot/ros2_orb_slam/ros2_orb_slam/src/rgbd-slam-node.hpp:32[m[K,
[3.400s]                  from [01m[K/home/mantus/kol_bot/ros2_orb_slam/ros2_orb_slam/src/rgbd-slam-node.cpp:1[m[K:
[3.400s] [01m[K/usr/local/include/eigen3/Eigen/src/Core/util/Constants.h:167:37:[m[K [01;36m[Knote: [m[Kdeclared here
[3.400s]   167 | EIGEN_DEPRECATED const unsigned int [01;36m[KAlignedBit[m[K = 0x80;
[3.400s]       |                                     [01;36m[K^~~~~~~~~~[m[K
[3.400s] In file included from [01m[K/home/mantus/kol_bot/ros2_orb_slam/ros2_orb_slam/ORB_SLAM3/Thirdparty/g2o/g2o/types/types_six_dof_expmap.h:38[m[K,
[3.400s]                  from [01m[K/home/mantus/kol_bot/ros2_orb_slam/ros2_orb_slam/ORB_SLAM3/include/Converter.h:26[m[K,
[3.400s]                  from [01m[K/home/mantus/kol_bot/ros2_orb_slam/ros2_orb_slam/ORB_SLAM3/include/Frame.h:33[m[K,
[3.401s]                  from [01m[K/home/mantus/kol_bot/ros2_orb_slam/ros2_orb_slam/ORB_SLAM3/include/KeyFrame.h:28[m[K,
[3.401s]                  from [01m[K/home/mantus/kol_bot/ros2_orb_slam/ros2_orb_slam/ORB_SLAM3/include/MapPoint.h:23[m[K,
[3.401s]                  from [01m[K/home/mantus/kol_bot/ros2_orb_slam/ros2_orb_slam/ORB_SLAM3/include/FrameDrawer.h:24[m[K,
[3.401s]                  from [01m[K/home/mantus/kol_bot/ros2_orb_slam/ros2_orb_slam/ORB_SLAM3/include/Viewer.h:23[m[K,
[3.401s]                  from [01m[K/home/mantus/kol_bot/ros2_orb_slam/ros2_orb_slam/ORB_SLAM3/include/Tracking.h:26[m[K,
[3.401s]                  from [01m[K/home/mantus/kol_bot/ros2_orb_slam/ros2_orb_slam/ORB_SLAM3/include/System.h:31[m[K,
[3.401s]                  from [01m[K/home/mantus/kol_bot/ros2_orb_slam/ros2_orb_slam/src/rgbd-slam-node.hpp:39[m[K,
[3.401s]                  from [01m[K/home/mantus/kol_bot/ros2_orb_slam/ros2_orb_slam/src/rgbd-slam-node.cpp:1[m[K:
[3.401s] [01m[K/home/mantus/kol_bot/ros2_orb_slam/ros2_orb_slam/ORB_SLAM3/Thirdparty/g2o/g2o/types/../core/base_binary_edge.h:60:82:[m[K [01;35m[Kwarning: [m[K‘[01m[KEigen::AlignedBit[m[K’ is deprecated [[01;35m[K-Wdeprecated-declarations[m[K]
[3.401s]    60 | :Map<Matrix<double, Dj, Di>, Matrix<double, Dj, Di>::Flags & [01;35m[KAlignedBit[m[K ? Aligned : Unaligned > HessianBlockTransposedType;
[3.401s]       |                                                              [01;35m[K^~~~~~~~~~[m[K
[3.401s] 
[3.401s] In file included from [01m[K/usr/local/include/eigen3/Eigen/Core:161[m[K,
[3.401s]                  from [01m[K/usr/local/include/eigen3/Eigen/Dense:1[m[K,
[3.401s]                  from [01m[K/home/mantus/kol_bot/ros2_orb_slam/ros2_orb_slam/src/rgbd-slam-node.hpp:32[m[K,
[3.401s]                  from [01m[K/home/mantus/kol_bot/ros2_orb_slam/ros2_orb_slam/src/rgbd-slam-node.cpp:1[m[K:
[3.401s] [01m[K/usr/local/include/eigen3/Eigen/src/Core/util/Constants.h:167:37:[m[K [01;36m[Knote: [m[Kdeclared here
[3.401s]   167 | EIGEN_DEPRECATED const unsigned int [01;36m[KAlignedBit[m[K = 0x80;
[3.401s]       |                                     [01;36m[K^~~~~~~~~~[m[K
[3.439s] In file included from [01m[K/home/mantus/kol_bot/ros2_orb_slam/ros2_orb_slam/ORB_SLAM3/Thirdparty/g2o/g2o/types/types_six_dof_expmap.h:41[m[K,
[3.439s]                  from [01m[K/home/mantus/kol_bot/ros2_orb_slam/ros2_orb_slam/ORB_SLAM3/include/Converter.h:26[m[K,
[3.439s]                  from [01m[K/home/mantus/kol_bot/ros2_orb_slam/ros2_orb_slam/ORB_SLAM3/include/Frame.h:33[m[K,
[3.439s]                  from [01m[K/home/mantus/kol_bot/ros2_orb_slam/ros2_orb_slam/ORB_SLAM3/include/KeyFrame.h:28[m[K,
[3.439s]                  from [01m[K/home/mantus/kol_bot/ros2_orb_slam/ros2_orb_slam/ORB_SLAM3/include/MapPoint.h:23[m[K,
[3.439s]                  from [01m[K/home/mantus/kol_bot/ros2_orb_slam/ros2_orb_slam/ORB_SLAM3/include/FrameDrawer.h:24[m[K,
[3.439s]                  from [01m[K/home/mantus/kol_bot/ros2_orb_slam/ros2_orb_slam/ORB_SLAM3/include/Viewer.h:23[m[K,
[3.439s]                  from [01m[K/home/mantus/kol_bot/ros2_orb_slam/ros2_orb_slam/ORB_SLAM3/include/Tracking.h:26[m[K,
[3.439s]                  from [01m[K/home/mantus/kol_bot/ros2_orb_slam/ros2_orb_slam/ORB_SLAM3/include/System.h:31[m[K,
[3.439s]                  from [01m[K/home/mantus/kol_bot/ros2_orb_slam/ros2_orb_slam/src/rgbd-slam-node.hpp:39[m[K,
[3.439s]                  from [01m[K/home/mantus/kol_bot/ros2_orb_slam/ros2_orb_slam/src/rgbd-slam-node.cpp:1[m[K:
[3.439s] [01m[K/home/mantus/kol_bot/ros2_orb_slam/ros2_orb_slam/ORB_SLAM3/Thirdparty/g2o/g2o/types/se3quat.h:43:38:[m[K [01;35m[Kwarning: [m[Kextra ‘[01m[K;[m[K’ [[01;35m[K-Wpedantic[m[K]
[3.439s]    43 |       EIGEN_MAKE_ALIGNED_OPERATOR_NEW[01;35m[K;[m[K
[3.439s]       |                                      [01;35m[K^[m[K
[3.440s]       |                                      [31m[K-[m[K
[3.679s] In file included from [01m[K/home/mantus/kol_bot/ros2_orb_slam/ros2_orb_slam/ORB_SLAM3/Thirdparty/g2o/g2o/types/types_six_dof_expmap.h:37[m[K,
[3.679s]                  from [01m[K/home/mantus/kol_bot/ros2_orb_slam/ros2_orb_slam/ORB_SLAM3/include/Converter.h:26[m[K,
[3.679s]                  from [01m[K/home/mantus/kol_bot/ros2_orb_slam/ros2_orb_slam/ORB_SLAM3/include/Frame.h:33[m[K,
[3.679s]                  from [01m[K/home/mantus/kol_bot/ros2_orb_slam/ros2_orb_slam/ORB_SLAM3/include/KeyFrame.h:28[m[K,
[3.680s]                  from [01m[K/home/mantus/kol_bot/ros2_orb_slam/ros2_orb_slam/ORB_SLAM3/include/MapPoint.h:23[m[K,
[3.680s]                  from [01m[K/home/mantus/kol_bot/ros2_orb_slam/ros2_orb_slam/ORB_SLAM3/include/FrameDrawer.h:24[m[K,
[3.680s]                  from [01m[K/home/mantus/kol_bot/ros2_orb_slam/ros2_orb_slam/ORB_SLAM3/include/Viewer.h:23[m[K,
[3.680s]                  from [01m[K/home/mantus/kol_bot/ros2_orb_slam/ros2_orb_slam/ORB_SLAM3/include/Tracking.h:26[m[K,
[3.680s]                  from [01m[K/home/mantus/kol_bot/ros2_orb_slam/ros2_orb_slam/ORB_SLAM3/include/System.h:31[m[K,
[3.680s]                  from [01m[K/home/mantus/kol_bot/ros2_orb_slam/ros2_orb_slam/src/rgbd-slam-node.hpp:39[m[K,
[3.680s]                  from [01m[K/home/mantus/kol_bot/ros2_orb_slam/ros2_orb_slam/src/rgbd-slam-node.cpp:1[m[K:
[3.680s] /home/mantus/kol_bot/ros2_orb_slam/ros2_orb_slam/ORB_SLAM3/Thirdparty/g2o/g2o/types/../core/base_vertex.h: In instantiation of ‘[01m[Kclass g2o::BaseVertex<3, Eigen::Matrix<double, 3, 1> >[m[K’:
[3.680s] [01m[K/home/mantus/kol_bot/ros2_orb_slam/ros2_orb_slam/ORB_SLAM3/Thirdparty/g2o/g2o/types/types_sba.h:40:35:[m[K   required from here
[3.680s] [01m[K/home/mantus/kol_bot/ros2_orb_slam/ros2_orb_slam/ORB_SLAM3/Thirdparty/g2o/g2o/types/../core/base_vertex.h:62:72:[m[K [01;35m[Kwarning: [m[K‘[01m[KEigen::AlignedBit[m[K’ is deprecated [[01;35m[K-Wdeprecated-declarations[m[K]
[3.680s]    62 | f Eigen::Map<Matrix<double, D, D>, Matrix<double,D,D>::[01;35m[KFlags & AlignedBit[m[K ? Aligned : Unaligned >  HessianBlockType;
[3.680s]       |                                                        [01;35m[K~~~~~~^~~~~~~~~~~~[m[K
[3.680s] 
[3.680s] In file included from [01m[K/usr/local/include/eigen3/Eigen/Core:161[m[K,
[3.680s]                  from [01m[K/usr/local/include/eigen3/Eigen/Dense:1[m[K,
[3.680s]                  from [01m[K/home/mantus/kol_bot/ros2_orb_slam/ros2_orb_slam/src/rgbd-slam-node.hpp:32[m[K,
[3.680s]                  from [01m[K/home/mantus/kol_bot/ros2_orb_slam/ros2_orb_slam/src/rgbd-slam-node.cpp:1[m[K:
[3.680s] [01m[K/usr/local/include/eigen3/Eigen/src/Core/util/Constants.h:167:37:[m[K [01;36m[Knote: [m[Kdeclared here
[3.681s]   167 | EIGEN_DEPRECATED const unsigned int [01;36m[KAlignedBit[m[K = 0x80;
[3.681s]       |                                     [01;36m[K^~~~~~~~~~[m[K
[3.700s] In file included from [01m[K/home/mantus/kol_bot/ros2_orb_slam/ros2_orb_slam/ORB_SLAM3/Thirdparty/g2o/g2o/types/types_six_dof_expmap.h:37[m[K,
[3.701s]                  from [01m[K/home/mantus/kol_bot/ros2_orb_slam/ros2_orb_slam/ORB_SLAM3/include/Converter.h:26[m[K,
[3.701s]                  from [01m[K/home/mantus/kol_bot/ros2_orb_slam/ros2_orb_slam/ORB_SLAM3/include/Frame.h:33[m[K,
[3.701s]                  from [01m[K/home/mantus/kol_bot/ros2_orb_slam/ros2_orb_slam/ORB_SLAM3/include/KeyFrame.h:28[m[K,
[3.701s]                  from [01m[K/home/mantus/kol_bot/ros2_orb_slam/ros2_orb_slam/ORB_SLAM3/include/MapPoint.h:23[m[K,
[3.701s]                  from [01m[K/home/mantus/kol_bot/ros2_orb_slam/ros2_orb_slam/ORB_SLAM3/include/FrameDrawer.h:24[m[K,
[3.701s]                  from [01m[K/home/mantus/kol_bot/ros2_orb_slam/ros2_orb_slam/ORB_SLAM3/include/Viewer.h:23[m[K,
[3.701s]                  from [01m[K/home/mantus/kol_bot/ros2_orb_slam/ros2_orb_slam/ORB_SLAM3/include/Tracking.h:26[m[K,
[3.701s]                  from [01m[K/home/mantus/kol_bot/ros2_orb_slam/ros2_orb_slam/ORB_SLAM3/include/System.h:31[m[K,
[3.701s]                  from [01m[K/home/mantus/kol_bot/ros2_orb_slam/ros2_orb_slam/src/rgbd-slam-node.hpp:39[m[K,
[3.701s]                  from [01m[K/home/mantus/kol_bot/ros2_orb_slam/ros2_orb_slam/src/rgbd-slam-node.cpp:1[m[K:
[3.701s] /home/mantus/kol_bot/ros2_orb_slam/ros2_orb_slam/ORB_SLAM3/Thirdparty/g2o/g2o/types/../core/base_vertex.h: In instantiation of ‘[01m[Kclass g2o::BaseVertex<6, g2o::SE3Quat>[m[K’:
[3.701s] [01m[K/home/mantus/kol_bot/ros2_orb_slam/ros2_orb_slam/ORB_SLAM3/Thirdparty/g2o/g2o/types/types_six_dof_expmap.h:59:33:[m[K   required from here
[3.701s] [01m[K/home/mantus/kol_bot/ros2_orb_slam/ros2_orb_slam/ORB_SLAM3/Thirdparty/g2o/g2o/types/../core/base_vertex.h:62:72:[m[K [01;35m[Kwarning: [m[K‘[01m[KEigen::AlignedBit[m[K’ is deprecated [[01;35m[K-Wdeprecated-declarations[m[K]
[3.701s]    62 | f Eigen::Map<Matrix<double, D, D>, Matrix<double,D,D>::[01;35m[KFlags & AlignedBit[m[K ? Aligned : Unaligned >  HessianBlockType;
[3.701s]       |                                                        [01;35m[K~~~~~~^~~~~~~~~~~~[m[K
[3.701s] 
[3.701s] In file included from [01m[K/usr/local/include/eigen3/Eigen/Core:161[m[K,
[3.702s]                  from [01m[K/usr/local/include/eigen3/Eigen/Dense:1[m[K,
[3.702s]                  from [01m[K/home/mantus/kol_bot/ros2_orb_slam/ros2_orb_slam/src/rgbd-slam-node.hpp:32[m[K,
[3.702s]                  from [01m[K/home/mantus/kol_bot/ros2_orb_slam/ros2_orb_slam/src/rgbd-slam-node.cpp:1[m[K:
[3.702s] [01m[K/usr/local/include/eigen3/Eigen/src/Core/util/Constants.h:167:37:[m[K [01;36m[Knote: [m[Kdeclared here
[3.702s]   167 | EIGEN_DEPRECATED const unsigned int [01;36m[KAlignedBit[m[K = 0x80;
[3.702s]       |                                     [01;36m[K^~~~~~~~~~[m[K
[3.723s] In file included from [01m[K/home/mantus/kol_bot/ros2_orb_slam/ros2_orb_slam/ORB_SLAM3/Thirdparty/g2o/g2o/types/types_six_dof_expmap.h:38[m[K,
[3.723s]                  from [01m[K/home/mantus/kol_bot/ros2_orb_slam/ros2_orb_slam/ORB_SLAM3/include/Converter.h:26[m[K,
[3.723s]                  from [01m[K/home/mantus/kol_bot/ros2_orb_slam/ros2_orb_slam/ORB_SLAM3/include/Frame.h:33[m[K,
[3.723s]                  from [01m[K/home/mantus/kol_bot/ros2_orb_slam/ros2_orb_slam/ORB_SLAM3/include/KeyFrame.h:28[m[K,
[3.723s]                  from [01m[K/home/mantus/kol_bot/ros2_orb_slam/ros2_orb_slam/ORB_SLAM3/include/MapPoint.h:23[m[K,
[3.723s]                  from [01m[K/home/mantus/kol_bot/ros2_orb_slam/ros2_orb_slam/ORB_SLAM3/include/FrameDrawer.h:24[m[K,
[3.723s]                  from [01m[K/home/mantus/kol_bot/ros2_orb_slam/ros2_orb_slam/ORB_SLAM3/include/Viewer.h:23[m[K,
[3.723s]                  from [01m[K/home/mantus/kol_bot/ros2_orb_slam/ros2_orb_slam/ORB_SLAM3/include/Tracking.h:26[m[K,
[3.723s]                  from [01m[K/home/mantus/kol_bot/ros2_orb_slam/ros2_orb_slam/ORB_SLAM3/include/System.h:31[m[K,
[3.723s]                  from [01m[K/home/mantus/kol_bot/ros2_orb_slam/ros2_orb_slam/src/rgbd-slam-node.hpp:39[m[K,
[3.723s]                  from [01m[K/home/mantus/kol_bot/ros2_orb_slam/ros2_orb_slam/src/rgbd-slam-node.cpp:1[m[K:
[3.723s] /home/mantus/kol_bot/ros2_orb_slam/ros2_orb_slam/ORB_SLAM3/Thirdparty/g2o/g2o/types/../core/base_binary_edge.h: In instantiation of ‘[01m[Kclass g2o::BaseBinaryEdge<6, g2o::SE3Quat, g2o::VertexSE3Expmap, g2o::VertexSE3Expmap>[m[K’:
[3.723s] [01m[K/home/mantus/kol_bot/ros2_orb_slam/ros2_orb_slam/ORB_SLAM3/Thirdparty/g2o/g2o/types/types_six_dof_expmap.h:83:24:[m[K   required from here
[3.724s] [01m[K/home/mantus/kol_bot/ros2_orb_slam/ros2_orb_slam/ORB_SLAM3/Thirdparty/g2o/g2o/types/../core/base_binary_edge.h:59:80:[m[K [01;35m[Kwarning: [m[K‘[01m[KEigen::AlignedBit[m[K’ is deprecated [[01;35m[K-Wdeprecated-declarations[m[K]
[3.724s]    59 | n::Map<Matrix<double, Di, Dj>, Matrix<double, Di, Dj>::[01;35m[KFlags & AlignedBit[m[K ? Aligned : Unaligned > HessianBlockType;
[3.724s]       |                                                        [01;35m[K~~~~~~^~~~~~~~~~~~[m[K
[3.724s] 
[3.724s] In file included from [01m[K/usr/local/include/eigen3/Eigen/Core:161[m[K,
[3.724s]                  from [01m[K/usr/local/include/eigen3/Eigen/Dense:1[m[K,
[3.724s]                  from [01m[K/home/mantus/kol_bot/ros2_orb_slam/ros2_orb_slam/src/rgbd-slam-node.hpp:32[m[K,
[3.724s]                  from [01m[K/home/mantus/kol_bot/ros2_orb_slam/ros2_orb_slam/src/rgbd-slam-node.cpp:1[m[K:
[3.724s] [01m[K/usr/local/include/eigen3/Eigen/src/Core/util/Constants.h:167:37:[m[K [01;36m[Knote: [m[Kdeclared here
[3.724s]   167 | EIGEN_DEPRECATED const unsigned int [01;36m[KAlignedBit[m[K = 0x80;
[3.724s]       |                                     [01;36m[K^~~~~~~~~~[m[K
[3.724s] In file included from [01m[K/home/mantus/kol_bot/ros2_orb_slam/ros2_orb_slam/ORB_SLAM3/Thirdparty/g2o/g2o/types/types_six_dof_expmap.h:38[m[K,
[3.724s]                  from [01m[K/home/mantus/kol_bot/ros2_orb_slam/ros2_orb_slam/ORB_SLAM3/include/Converter.h:26[m[K,
[3.724s]                  from [01m[K/home/mantus/kol_bot/ros2_orb_slam/ros2_orb_slam/ORB_SLAM3/include/Frame.h:33[m[K,
[3.724s]                  from [01m[K/home/mantus/kol_bot/ros2_orb_slam/ros2_orb_slam/ORB_SLAM3/include/KeyFrame.h:28[m[K,
[3.724s]                  from [01m[K/home/mantus/kol_bot/ros2_orb_slam/ros2_orb_slam/ORB_SLAM3/include/MapPoint.h:23[m[K,
[3.724s]                  from [01m[K/home/mantus/kol_bot/ros2_orb_slam/ros2_orb_slam/ORB_SLAM3/include/FrameDrawer.h:24[m[K,
[3.724s]                  from [01m[K/home/mantus/kol_bot/ros2_orb_slam/ros2_orb_slam/ORB_SLAM3/include/Viewer.h:23[m[K,
[3.724s]                  from [01m[K/home/mantus/kol_bot/ros2_orb_slam/ros2_orb_slam/ORB_SLAM3/include/Tracking.h:26[m[K,
[3.724s]                  from [01m[K/home/mantus/kol_bot/ros2_orb_slam/ros2_orb_slam/ORB_SLAM3/include/System.h:31[m[K,
[3.724s]                  from [01m[K/home/mantus/kol_bot/ros2_orb_slam/ros2_orb_slam/src/rgbd-slam-node.hpp:39[m[K,
[3.724s]                  from [01m[K/home/mantus/kol_bot/ros2_orb_slam/ros2_orb_slam/src/rgbd-slam-node.cpp:1[m[K:
[3.725s] [01m[K/home/mantus/kol_bot/ros2_orb_slam/ros2_orb_slam/ORB_SLAM3/Thirdparty/g2o/g2o/types/../core/base_binary_edge.h:60:80:[m[K [01;35m[Kwarning: [m[K‘[01m[KEigen::AlignedBit[m[K’ is deprecated [[01;35m[K-Wdeprecated-declarations[m[K]
[3.725s]    60 | n::Map<Matrix<double, Dj, Di>, Matrix<double, Dj, Di>::[01;35m[KFlags & AlignedBit[m[K ? Aligned : Unaligned > HessianBlockTransposedType;
[3.725s]       |                                                        [01;35m[K~~~~~~^~~~~~~~~~~~[m[K
[3.725s] 
[3.725s] In file included from [01m[K/usr/local/include/eigen3/Eigen/Core:161[m[K,
[3.725s]                  from [01m[K/usr/local/include/eigen3/Eigen/Dense:1[m[K,
[3.725s]                  from [01m[K/home/mantus/kol_bot/ros2_orb_slam/ros2_orb_slam/src/rgbd-slam-node.hpp:32[m[K,
[3.725s]                  from [01m[K/home/mantus/kol_bot/ros2_orb_slam/ros2_orb_slam/src/rgbd-slam-node.cpp:1[m[K:
[3.725s] [01m[K/usr/local/include/eigen3/Eigen/src/Core/util/Constants.h:167:37:[m[K [01;36m[Knote: [m[Kdeclared here
[3.725s]   167 | EIGEN_DEPRECATED const unsigned int [01;36m[KAlignedBit[m[K = 0x80;
[3.725s]       |                                     [01;36m[K^~~~~~~~~~[m[K
[3.802s] In file included from [01m[K/home/mantus/kol_bot/ros2_orb_slam/ros2_orb_slam/ORB_SLAM3/Thirdparty/g2o/g2o/types/types_six_dof_expmap.h:38[m[K,
[3.802s]                  from [01m[K/home/mantus/kol_bot/ros2_orb_slam/ros2_orb_slam/ORB_SLAM3/include/Converter.h:26[m[K,
[3.803s]                  from [01m[K/home/mantus/kol_bot/ros2_orb_slam/ros2_orb_slam/ORB_SLAM3/include/Frame.h:33[m[K,
[3.803s]                  from [01m[K/home/mantus/kol_bot/ros2_orb_slam/ros2_orb_slam/ORB_SLAM3/include/KeyFrame.h:28[m[K,
[3.803s]                  from [01m[K/home/mantus/kol_bot/ros2_orb_slam/ros2_orb_slam/ORB_SLAM3/include/MapPoint.h:23[m[K,
[3.803s]                  from [01m[K/home/mantus/kol_bot/ros2_orb_slam/ros2_orb_slam/ORB_SLAM3/include/FrameDrawer.h:24[m[K,
[3.803s]                  from [01m[K/home/mantus/kol_bot/ros2_orb_slam/ros2_orb_slam/ORB_SLAM3/include/Viewer.h:23[m[K,
[3.803s]                  from [01m[K/home/mantus/kol_bot/ros2_orb_slam/ros2_orb_slam/ORB_SLAM3/include/Tracking.h:26[m[K,
[3.803s]                  from [01m[K/home/mantus/kol_bot/ros2_orb_slam/ros2_orb_slam/ORB_SLAM3/include/System.h:31[m[K,
[3.803s]                  from [01m[K/home/mantus/kol_bot/ros2_orb_slam/ros2_orb_slam/src/rgbd-slam-node.hpp:39[m[K,
[3.803s]                  from [01m[K/home/mantus/kol_bot/ros2_orb_slam/ros2_orb_slam/src/rgbd-slam-node.cpp:1[m[K:
[3.803s] /home/mantus/kol_bot/ros2_orb_slam/ros2_orb_slam/ORB_SLAM3/Thirdparty/g2o/g2o/types/../core/base_binary_edge.h: In instantiation of ‘[01m[Kclass g2o::BaseBinaryEdge<2, Eigen::Matrix<double, 2, 1>, g2o::VertexSBAPointXYZ, g2o::VertexSE3Expmap>[m[K’:
[3.803s] [01m[K/home/mantus/kol_bot/ros2_orb_slam/ros2_orb_slam/ORB_SLAM3/Thirdparty/g2o/g2o/types/types_six_dof_expmap.h:114:35:[m[K   required from here
[3.803s] [01m[K/home/mantus/kol_bot/ros2_orb_slam/ros2_orb_slam/ORB_SLAM3/Thirdparty/g2o/g2o/types/../core/base_binary_edge.h:59:80:[m[K [01;35m[Kwarning: [m[K‘[01m[KEigen::AlignedBit[m[K’ is deprecated [[01;35m[K-Wdeprecated-declarations[m[K]
[3.803s]    59 | n::Map<Matrix<double, Di, Dj>, Matrix<double, Di, Dj>::[01;35m[KFlags & AlignedBit[m[K ? Aligned : Unaligned > HessianBlockType;
[3.803s]       |                                                        [01;35m[K~~~~~~^~~~~~~~~~~~[m[K
[3.803s] 
[3.803s] In file included from [01m[K/usr/local/include/eigen3/Eigen/Core:161[m[K,
[3.803s]                  from [01m[K/usr/local/include/eigen3/Eigen/Dense:1[m[K,
[3.804s]                  from [01m[K/home/mantus/kol_bot/ros2_orb_slam/ros2_orb_slam/src/rgbd-slam-node.hpp:32[m[K,
[3.804s]                  from [01m[K/home/mantus/kol_bot/ros2_orb_slam/ros2_orb_slam/src/rgbd-slam-node.cpp:1[m[K:
[3.804s] [01m[K/usr/local/include/eigen3/Eigen/src/Core/util/Constants.h:167:37:[m[K [01;36m[Knote: [m[Kdeclared here
[3.804s]   167 | EIGEN_DEPRECATED const unsigned int [01;36m[KAlignedBit[m[K = 0x80;
[3.804s]       |                                     [01;36m[K^~~~~~~~~~[m[K
[3.814s] In file included from [01m[K/home/mantus/kol_bot/ros2_orb_slam/ros2_orb_slam/ORB_SLAM3/Thirdparty/g2o/g2o/types/types_six_dof_expmap.h:38[m[K,
[3.815s]                  from [01m[K/home/mantus/kol_bot/ros2_orb_slam/ros2_orb_slam/ORB_SLAM3/include/Converter.h:26[m[K,
[3.815s]                  from [01m[K/home/mantus/kol_bot/ros2_orb_slam/ros2_orb_slam/ORB_SLAM3/include/Frame.h:33[m[K,
[3.815s]                  from [01m[K/home/mantus/kol_bot/ros2_orb_slam/ros2_orb_slam/ORB_SLAM3/include/KeyFrame.h:28[m[K,
[3.815s]                  from [01m[K/home/mantus/kol_bot/ros2_orb_slam/ros2_orb_slam/ORB_SLAM3/include/MapPoint.h:23[m[K,
[3.815s]                  from [01m[K/home/mantus/kol_bot/ros2_orb_slam/ros2_orb_slam/ORB_SLAM3/include/FrameDrawer.h:24[m[K,
[3.815s]                  from [01m[K/home/mantus/kol_bot/ros2_orb_slam/ros2_orb_slam/ORB_SLAM3/include/Viewer.h:23[m[K,
[3.815s]                  from [01m[K/home/mantus/kol_bot/ros2_orb_slam/ros2_orb_slam/ORB_SLAM3/include/Tracking.h:26[m[K,
[3.815s]                  from [01m[K/home/mantus/kol_bot/ros2_orb_slam/ros2_orb_slam/ORB_SLAM3/include/System.h:31[m[K,
[3.815s]                  from [01m[K/home/mantus/kol_bot/ros2_orb_slam/ros2_orb_slam/src/rgbd-slam-node.hpp:39[m[K,
[3.815s]                  from [01m[K/home/mantus/kol_bot/ros2_orb_slam/ros2_orb_slam/src/rgbd-slam-node.cpp:1[m[K:
[3.815s] [01m[K/home/mantus/kol_bot/ros2_orb_slam/ros2_orb_slam/ORB_SLAM3/Thirdparty/g2o/g2o/types/../core/base_binary_edge.h:60:80:[m[K [01;35m[Kwarning: [m[K‘[01m[KEigen::AlignedBit[m[K’ is deprecated [[01;35m[K-Wdeprecated-declarations[m[K]
[3.815s]    60 | n::Map<Matrix<double, Dj, Di>, Matrix<double, Dj, Di>::[01;35m[KFlags & AlignedBit[m[K ? Aligned : Unaligned > HessianBlockTransposedType;
[3.815s]       |                                                        [01;35m[K~~~~~~^~~~~~~~~~~~[m[K
[3.815s] 
[3.815s] In file included from [01m[K/usr/local/include/eigen3/Eigen/Core:161[m[K,
[3.815s]                  from [01m[K/usr/local/include/eigen3/Eigen/Dense:1[m[K,
[3.815s]                  from [01m[K/home/mantus/kol_bot/ros2_orb_slam/ros2_orb_slam/src/rgbd-slam-node.hpp:32[m[K,
[3.816s]                  from [01m[K/home/mantus/kol_bot/ros2_orb_slam/ros2_orb_slam/src/rgbd-slam-node.cpp:1[m[K:
[3.816s] [01m[K/usr/local/include/eigen3/Eigen/src/Core/util/Constants.h:167:37:[m[K [01;36m[Knote: [m[Kdeclared here
[3.816s]   167 | EIGEN_DEPRECATED const unsigned int [01;36m[KAlignedBit[m[K = 0x80;
[3.816s]       |                                     [01;36m[K^~~~~~~~~~[m[K
[3.866s] In file included from [01m[K/home/mantus/kol_bot/ros2_orb_slam/ros2_orb_slam/ORB_SLAM3/Thirdparty/g2o/g2o/types/types_six_dof_expmap.h:38[m[K,
[3.866s]                  from [01m[K/home/mantus/kol_bot/ros2_orb_slam/ros2_orb_slam/ORB_SLAM3/include/Converter.h:26[m[K,
[3.866s]                  from [01m[K/home/mantus/kol_bot/ros2_orb_slam/ros2_orb_slam/ORB_SLAM3/include/Frame.h:33[m[K,
[3.866s]                  from [01m[K/home/mantus/kol_bot/ros2_orb_slam/ros2_orb_slam/ORB_SLAM3/include/KeyFrame.h:28[m[K,
[3.866s]                  from [01m[K/home/mantus/kol_bot/ros2_orb_slam/ros2_orb_slam/ORB_SLAM3/include/MapPoint.h:23[m[K,
[3.866s]                  from [01m[K/home/mantus/kol_bot/ros2_orb_slam/ros2_orb_slam/ORB_SLAM3/include/FrameDrawer.h:24[m[K,
[3.866s]                  from [01m[K/home/mantus/kol_bot/ros2_orb_slam/ros2_orb_slam/ORB_SLAM3/include/Viewer.h:23[m[K,
[3.866s]                  from [01m[K/home/mantus/kol_bot/ros2_orb_slam/ros2_orb_slam/ORB_SLAM3/include/Tracking.h:26[m[K,
[3.866s]                  from [01m[K/home/mantus/kol_bot/ros2_orb_slam/ros2_orb_slam/ORB_SLAM3/include/System.h:31[m[K,
[3.867s]                  from [01m[K/home/mantus/kol_bot/ros2_orb_slam/ros2_orb_slam/src/rgbd-slam-node.hpp:39[m[K,
[3.867s]                  from [01m[K/home/mantus/kol_bot/ros2_orb_slam/ros2_orb_slam/src/rgbd-slam-node.cpp:1[m[K:
[3.867s] /home/mantus/kol_bot/ros2_orb_slam/ros2_orb_slam/ORB_SLAM3/Thirdparty/g2o/g2o/types/../core/base_binary_edge.h: In instantiation of ‘[01m[Kclass g2o::BaseBinaryEdge<3, Eigen::Matrix<double, 3, 1>, g2o::VertexSBAPointXYZ, g2o::VertexSE3Expmap>[m[K’:
[3.867s] [01m[K/home/mantus/kol_bot/ros2_orb_slam/ros2_orb_slam/ORB_SLAM3/Thirdparty/g2o/g2o/types/types_six_dof_expmap.h:146:41:[m[K   required from here
[3.867s] [01m[K/home/mantus/kol_bot/ros2_orb_slam/ros2_orb_slam/ORB_SLAM3/Thirdparty/g2o/g2o/types/../core/base_binary_edge.h:59:80:[m[K [01;35m[Kwarning: [m[K‘[01m[KEigen::AlignedBit[m[K’ is deprecated [[01;35m[K-Wdeprecated-declarations[m[K]
[3.867s]    59 | n::Map<Matrix<double, Di, Dj>, Matrix<double, Di, Dj>::[01;35m[KFlags & AlignedBit[m[K ? Aligned : Unaligned > HessianBlockType;
[3.867s]       |                                                        [01;35m[K~~~~~~^~~~~~~~~~~~[m[K
[3.867s] 
[3.867s] In file included from [01m[K/usr/local/include/eigen3/Eigen/Core:161[m[K,
[3.867s]                  from [01m[K/usr/local/include/eigen3/Eigen/Dense:1[m[K,
[3.867s]                  from [01m[K/home/mantus/kol_bot/ros2_orb_slam/ros2_orb_slam/src/rgbd-slam-node.hpp:32[m[K,
[3.867s]                  from [01m[K/home/mantus/kol_bot/ros2_orb_slam/ros2_orb_slam/src/rgbd-slam-node.cpp:1[m[K:
[3.867s] [01m[K/usr/local/include/eigen3/Eigen/src/Core/util/Constants.h:167:37:[m[K [01;36m[Knote: [m[Kdeclared here
[3.867s]   167 | EIGEN_DEPRECATED const unsigned int [01;36m[KAlignedBit[m[K = 0x80;
[3.867s]       |                                     [01;36m[K^~~~~~~~~~[m[K
[3.867s] In file included from [01m[K/home/mantus/kol_bot/ros2_orb_slam/ros2_orb_slam/ORB_SLAM3/Thirdparty/g2o/g2o/types/types_six_dof_expmap.h:38[m[K,
[3.867s]                  from [01m[K/home/mantus/kol_bot/ros2_orb_slam/ros2_orb_slam/ORB_SLAM3/include/Converter.h:26[m[K,
[3.867s]                  from [01m[K/home/mantus/kol_bot/ros2_orb_slam/ros2_orb_slam/ORB_SLAM3/include/Frame.h:33[m[K,
[3.867s]                  from [01m[K/home/mantus/kol_bot/ros2_orb_slam/ros2_orb_slam/ORB_SLAM3/include/KeyFrame.h:28[m[K,
[3.867s]                  from [01m[K/home/mantus/kol_bot/ros2_orb_slam/ros2_orb_slam/ORB_SLAM3/include/MapPoint.h:23[m[K,
[3.868s]                  from [01m[K/home/mantus/kol_bot/ros2_orb_slam/ros2_orb_slam/ORB_SLAM3/include/FrameDrawer.h:24[m[K,
[3.868s]                  from [01m[K/home/mantus/kol_bot/ros2_orb_slam/ros2_orb_slam/ORB_SLAM3/include/Viewer.h:23[m[K,
[3.868s]                  from [01m[K/home/mantus/kol_bot/ros2_orb_slam/ros2_orb_slam/ORB_SLAM3/include/Tracking.h:26[m[K,
[3.868s]                  from [01m[K/home/mantus/kol_bot/ros2_orb_slam/ros2_orb_slam/ORB_SLAM3/include/System.h:31[m[K,
[3.868s]                  from [01m[K/home/mantus/kol_bot/ros2_orb_slam/ros2_orb_slam/src/rgbd-slam-node.hpp:39[m[K,
[3.868s]                  from [01m[K/home/mantus/kol_bot/ros2_orb_slam/ros2_orb_slam/src/rgbd-slam-node.cpp:1[m[K:
[3.868s] [01m[K/home/mantus/kol_bot/ros2_orb_slam/ros2_orb_slam/ORB_SLAM3/Thirdparty/g2o/g2o/types/../core/base_binary_edge.h:60:80:[m[K [01;35m[Kwarning: [m[K‘[01m[KEigen::AlignedBit[m[K’ is deprecated [[01;35m[K-Wdeprecated-declarations[m[K]
[3.868s]    60 | n::Map<Matrix<double, Dj, Di>, Matrix<double, Dj, Di>::[01;35m[KFlags & AlignedBit[m[K ? Aligned : Unaligned > HessianBlockTransposedType;
[3.868s]       |                                                        [01;35m[K~~~~~~^~~~~~~~~~~~[m[K
[3.868s] 
[3.868s] In file included from [01m[K/usr/local/include/eigen3/Eigen/Core:161[m[K,
[3.868s]                  from [01m[K/usr/local/include/eigen3/Eigen/Dense:1[m[K,
[3.868s]                  from [01m[K/home/mantus/kol_bot/ros2_orb_slam/ros2_orb_slam/src/rgbd-slam-node.hpp:32[m[K,
[3.868s]                  from [01m[K/home/mantus/kol_bot/ros2_orb_slam/ros2_orb_slam/src/rgbd-slam-node.cpp:1[m[K:
[3.868s] [01m[K/usr/local/include/eigen3/Eigen/src/Core/util/Constants.h:167:37:[m[K [01;36m[Knote: [m[Kdeclared here
[3.868s]   167 | EIGEN_DEPRECATED const unsigned int [01;36m[KAlignedBit[m[K = 0x80;
[3.868s]       |                                     [01;36m[K^~~~~~~~~~[m[K
[4.050s] In file included from [01m[K/home/mantus/kol_bot/ros2_orb_slam/ros2_orb_slam/ORB_SLAM3/Thirdparty/g2o/g2o/types/types_six_dof_expmap.h:37[m[K,
[4.050s]                  from [01m[K/home/mantus/kol_bot/ros2_orb_slam/ros2_orb_slam/ORB_SLAM3/include/Converter.h:26[m[K,
[4.050s]                  from [01m[K/home/mantus/kol_bot/ros2_orb_slam/ros2_orb_slam/ORB_SLAM3/include/Frame.h:33[m[K,
[4.050s]                  from [01m[K/home/mantus/kol_bot/ros2_orb_slam/ros2_orb_slam/ORB_SLAM3/include/KeyFrame.h:28[m[K,
[4.050s]                  from [01m[K/home/mantus/kol_bot/ros2_orb_slam/ros2_orb_slam/ORB_SLAM3/include/MapPoint.h:23[m[K,
[4.050s]                  from [01m[K/home/mantus/kol_bot/ros2_orb_slam/ros2_orb_slam/ORB_SLAM3/include/FrameDrawer.h:24[m[K,
[4.050s]                  from [01m[K/home/mantus/kol_bot/ros2_orb_slam/ros2_orb_slam/ORB_SLAM3/include/Viewer.h:23[m[K,
[4.050s]                  from [01m[K/home/mantus/kol_bot/ros2_orb_slam/ros2_orb_slam/ORB_SLAM3/include/Tracking.h:26[m[K,
[4.050s]                  from [01m[K/home/mantus/kol_bot/ros2_orb_slam/ros2_orb_slam/ORB_SLAM3/include/System.h:31[m[K,
[4.051s]                  from [01m[K/home/mantus/kol_bot/ros2_orb_slam/ros2_orb_slam/src/rgbd-slam-node.hpp:39[m[K,
[4.051s]                  from [01m[K/home/mantus/kol_bot/ros2_orb_slam/ros2_orb_slam/src/rgbd-slam-node.cpp:1[m[K:
[4.051s] /home/mantus/kol_bot/ros2_orb_slam/ros2_orb_slam/ORB_SLAM3/Thirdparty/g2o/g2o/types/../core/base_vertex.h: In instantiation of ‘[01m[Kclass g2o::BaseVertex<7, g2o::Sim3>[m[K’:
[4.051s] [01m[K/home/mantus/kol_bot/ros2_orb_slam/ros2_orb_slam/ORB_SLAM3/Thirdparty/g2o/g2o/types/types_seven_dof_expmap.h:48:35:[m[K   required from here
[4.051s] [01m[K/home/mantus/kol_bot/ros2_orb_slam/ros2_orb_slam/ORB_SLAM3/Thirdparty/g2o/g2o/types/../core/base_vertex.h:62:72:[m[K [01;35m[Kwarning: [m[K‘[01m[KEigen::AlignedBit[m[K’ is deprecated [[01;35m[K-Wdeprecated-declarations[m[K]
[4.051s]    62 | f Eigen::Map<Matrix<double, D, D>, Matrix<double,D,D>::[01;35m[KFlags & AlignedBit[m[K ? Aligned : Unaligned >  HessianBlockType;
[4.051s]       |                                                        [01;35m[K~~~~~~^~~~~~~~~~~~[m[K
[4.051s] 
[4.051s] In file included from [01m[K/usr/local/include/eigen3/Eigen/Core:161[m[K,
[4.051s]                  from [01m[K/usr/local/include/eigen3/Eigen/Dense:1[m[K,
[4.051s]                  from [01m[K/home/mantus/kol_bot/ros2_orb_slam/ros2_orb_slam/src/rgbd-slam-node.hpp:32[m[K,
[4.051s]                  from [01m[K/home/mantus/kol_bot/ros2_orb_slam/ros2_orb_slam/src/rgbd-slam-node.cpp:1[m[K:
[4.051s] [01m[K/usr/local/include/eigen3/Eigen/src/Core/util/Constants.h:167:37:[m[K [01;36m[Knote: [m[Kdeclared here
[4.051s]   167 | EIGEN_DEPRECATED const unsigned int [01;36m[KAlignedBit[m[K = 0x80;
[4.051s]       |                                     [01;36m[K^~~~~~~~~~[m[K
[4.078s] In file included from [01m[K/home/mantus/kol_bot/ros2_orb_slam/ros2_orb_slam/ORB_SLAM3/Thirdparty/g2o/g2o/types/types_six_dof_expmap.h:38[m[K,
[4.078s]                  from [01m[K/home/mantus/kol_bot/ros2_orb_slam/ros2_orb_slam/ORB_SLAM3/include/Converter.h:26[m[K,
[4.078s]                  from [01m[K/home/mantus/kol_bot/ros2_orb_slam/ros2_orb_slam/ORB_SLAM3/include/Frame.h:33[m[K,
[4.078s]                  from [01m[K/home/mantus/kol_bot/ros2_orb_slam/ros2_orb_slam/ORB_SLAM3/include/KeyFrame.h:28[m[K,
[4.078s]                  from [01m[K/home/mantus/kol_bot/ros2_orb_slam/ros2_orb_slam/ORB_SLAM3/include/MapPoint.h:23[m[K,
[4.078s]                  from [01m[K/home/mantus/kol_bot/ros2_orb_slam/ros2_orb_slam/ORB_SLAM3/include/FrameDrawer.h:24[m[K,
[4.078s]                  from [01m[K/home/mantus/kol_bot/ros2_orb_slam/ros2_orb_slam/ORB_SLAM3/include/Viewer.h:23[m[K,
[4.078s]                  from [01m[K/home/mantus/kol_bot/ros2_orb_slam/ros2_orb_slam/ORB_SLAM3/include/Tracking.h:26[m[K,
[4.078s]                  from [01m[K/home/mantus/kol_bot/ros2_orb_slam/ros2_orb_slam/ORB_SLAM3/include/System.h:31[m[K,
[4.078s]                  from [01m[K/home/mantus/kol_bot/ros2_orb_slam/ros2_orb_slam/src/rgbd-slam-node.hpp:39[m[K,
[4.078s]                  from [01m[K/home/mantus/kol_bot/ros2_orb_slam/ros2_orb_slam/src/rgbd-slam-node.cpp:1[m[K:
[4.078s] /home/mantus/kol_bot/ros2_orb_slam/ros2_orb_slam/ORB_SLAM3/Thirdparty/g2o/g2o/types/../core/base_binary_edge.h: In instantiation of ‘[01m[Kclass g2o::BaseBinaryEdge<7, g2o::Sim3, g2o::VertexSim3Expmap, g2o::VertexSim3Expmap>[m[K’:
[4.078s] [01m[K/home/mantus/kol_bot/ros2_orb_slam/ros2_orb_slam/ORB_SLAM3/Thirdparty/g2o/g2o/types/types_seven_dof_expmap.h:99:27:[m[K   required from here
[4.079s] [01m[K/home/mantus/kol_bot/ros2_orb_slam/ros2_orb_slam/ORB_SLAM3/Thirdparty/g2o/g2o/types/../core/base_binary_edge.h:59:80:[m[K [01;35m[Kwarning: [m[K‘[01m[KEigen::AlignedBit[m[K’ is deprecated [[01;35m[K-Wdeprecated-declarations[m[K]
[4.079s]    59 | n::Map<Matrix<double, Di, Dj>, Matrix<double, Di, Dj>::[01;35m[KFlags & AlignedBit[m[K ? Aligned : Unaligned > HessianBlockType;
[4.079s]       |                                                        [01;35m[K~~~~~~^~~~~~~~~~~~[m[K
[4.079s] 
[4.079s] In file included from [01m[K/usr/local/include/eigen3/Eigen/Core:161[m[K,
[4.079s]                  from [01m[K/usr/local/include/eigen3/Eigen/Dense:1[m[K,
[4.079s]                  from [01m[K/home/mantus/kol_bot/ros2_orb_slam/ros2_orb_slam/src/rgbd-slam-node.hpp:32[m[K,
[4.079s]                  from [01m[K/home/mantus/kol_bot/ros2_orb_slam/ros2_orb_slam/src/rgbd-slam-node.cpp:1[m[K:
[4.079s] [01m[K/usr/local/include/eigen3/Eigen/src/Core/util/Constants.h:167:37:[m[K [01;36m[Knote: [m[Kdeclared here
[4.079s]   167 | EIGEN_DEPRECATED const unsigned int [01;36m[KAlignedBit[m[K = 0x80;
[4.079s]       |                                     [01;36m[K^~~~~~~~~~[m[K
[4.079s] In file included from [01m[K/home/mantus/kol_bot/ros2_orb_slam/ros2_orb_slam/ORB_SLAM3/Thirdparty/g2o/g2o/types/types_six_dof_expmap.h:38[m[K,
[4.079s]                  from [01m[K/home/mantus/kol_bot/ros2_orb_slam/ros2_orb_slam/ORB_SLAM3/include/Converter.h:26[m[K,
[4.079s]                  from [01m[K/home/mantus/kol_bot/ros2_orb_slam/ros2_orb_slam/ORB_SLAM3/include/Frame.h:33[m[K,
[4.079s]                  from [01m[K/home/mantus/kol_bot/ros2_orb_slam/ros2_orb_slam/ORB_SLAM3/include/KeyFrame.h:28[m[K,
[4.079s]                  from [01m[K/home/mantus/kol_bot/ros2_orb_slam/ros2_orb_slam/ORB_SLAM3/include/MapPoint.h:23[m[K,
[4.079s]                  from [01m[K/home/mantus/kol_bot/ros2_orb_slam/ros2_orb_slam/ORB_SLAM3/include/FrameDrawer.h:24[m[K,
[4.079s]                  from [01m[K/home/mantus/kol_bot/ros2_orb_slam/ros2_orb_slam/ORB_SLAM3/include/Viewer.h:23[m[K,
[4.079s]                  from [01m[K/home/mantus/kol_bot/ros2_orb_slam/ros2_orb_slam/ORB_SLAM3/include/Tracking.h:26[m[K,
[4.079s]                  from [01m[K/home/mantus/kol_bot/ros2_orb_slam/ros2_orb_slam/ORB_SLAM3/include/System.h:31[m[K,
[4.079s]                  from [01m[K/home/mantus/kol_bot/ros2_orb_slam/ros2_orb_slam/src/rgbd-slam-node.hpp:39[m[K,
[4.079s]                  from [01m[K/home/mantus/kol_bot/ros2_orb_slam/ros2_orb_slam/src/rgbd-slam-node.cpp:1[m[K:
[4.080s] [01m[K/home/mantus/kol_bot/ros2_orb_slam/ros2_orb_slam/ORB_SLAM3/Thirdparty/g2o/g2o/types/../core/base_binary_edge.h:60:80:[m[K [01;35m[Kwarning: [m[K‘[01m[KEigen::AlignedBit[m[K’ is deprecated [[01;35m[K-Wdeprecated-declarations[m[K]
[4.080s]    60 | n::Map<Matrix<double, Dj, Di>, Matrix<double, Dj, Di>::[01;35m[KFlags & AlignedBit[m[K ? Aligned : Unaligned > HessianBlockTransposedType;
[4.080s]       |                                                        [01;35m[K~~~~~~^~~~~~~~~~~~[m[K
[4.080s] 
[4.080s] In file included from [01m[K/usr/local/include/eigen3/Eigen/Core:161[m[K,
[4.080s]                  from [01m[K/usr/local/include/eigen3/Eigen/Dense:1[m[K,
[4.080s]                  from [01m[K/home/mantus/kol_bot/ros2_orb_slam/ros2_orb_slam/src/rgbd-slam-node.hpp:32[m[K,
[4.080s]                  from [01m[K/home/mantus/kol_bot/ros2_orb_slam/ros2_orb_slam/src/rgbd-slam-node.cpp:1[m[K:
[4.080s] [01m[K/usr/local/include/eigen3/Eigen/src/Core/util/Constants.h:167:37:[m[K [01;36m[Knote: [m[Kdeclared here
[4.080s]   167 | EIGEN_DEPRECATED const unsigned int [01;36m[KAlignedBit[m[K = 0x80;
[4.080s]       |                                     [01;36m[K^~~~~~~~~~[m[K
[4.116s] In file included from [01m[K/home/mantus/kol_bot/ros2_orb_slam/ros2_orb_slam/ORB_SLAM3/Thirdparty/g2o/g2o/types/types_six_dof_expmap.h:38[m[K,
[4.116s]                  from [01m[K/home/mantus/kol_bot/ros2_orb_slam/ros2_orb_slam/ORB_SLAM3/include/Converter.h:26[m[K,
[4.116s]                  from [01m[K/home/mantus/kol_bot/ros2_orb_slam/ros2_orb_slam/ORB_SLAM3/include/Frame.h:33[m[K,
[4.116s]                  from [01m[K/home/mantus/kol_bot/ros2_orb_slam/ros2_orb_slam/ORB_SLAM3/include/KeyFrame.h:28[m[K,
[4.116s]                  from [01m[K/home/mantus/kol_bot/ros2_orb_slam/ros2_orb_slam/ORB_SLAM3/include/MapPoint.h:23[m[K,
[4.116s]                  from [01m[K/home/mantus/kol_bot/ros2_orb_slam/ros2_orb_slam/ORB_SLAM3/include/FrameDrawer.h:24[m[K,
[4.117s]                  from [01m[K/home/mantus/kol_bot/ros2_orb_slam/ros2_orb_slam/ORB_SLAM3/include/Viewer.h:23[m[K,
[4.117s]                  from [01m[K/home/mantus/kol_bot/ros2_orb_slam/ros2_orb_slam/ORB_SLAM3/include/Tracking.h:26[m[K,
[4.117s]                  from [01m[K/home/mantus/kol_bot/ros2_orb_slam/ros2_orb_slam/ORB_SLAM3/include/System.h:31[m[K,
[4.117s]                  from [01m[K/home/mantus/kol_bot/ros2_orb_slam/ros2_orb_slam/src/rgbd-slam-node.hpp:39[m[K,
[4.117s]                  from [01m[K/home/mantus/kol_bot/ros2_orb_slam/ros2_orb_slam/src/rgbd-slam-node.cpp:1[m[K:
[4.117s] /home/mantus/kol_bot/ros2_orb_slam/ros2_orb_slam/ORB_SLAM3/Thirdparty/g2o/g2o/types/../core/base_binary_edge.h: In instantiation of ‘[01m[Kclass g2o::BaseBinaryEdge<2, Eigen::Matrix<double, 2, 1>, g2o::VertexSBAPointXYZ, g2o::VertexSim3Expmap>[m[K’:
[4.117s] [01m[K/home/mantus/kol_bot/ros2_orb_slam/ros2_orb_slam/ORB_SLAM3/Thirdparty/g2o/g2o/types/types_seven_dof_expmap.h:130:36:[m[K   required from here
[4.117s] [01m[K/home/mantus/kol_bot/ros2_orb_slam/ros2_orb_slam/ORB_SLAM3/Thirdparty/g2o/g2o/types/../core/base_binary_edge.h:59:80:[m[K [01;35m[Kwarning: [m[K‘[01m[KEigen::AlignedBit[m[K’ is deprecated [[01;35m[K-Wdeprecated-declarations[m[K]
[4.117s]    59 | n::Map<Matrix<double, Di, Dj>, Matrix<double, Di, Dj>::[01;35m[KFlags & AlignedBit[m[K ? Aligned : Unaligned > HessianBlockType;
[4.117s]       |                                                        [01;35m[K~~~~~~^~~~~~~~~~~~[m[K
[4.117s] 
[4.117s] In file included from [01m[K/usr/local/include/eigen3/Eigen/Core:161[m[K,
[4.117s]                  from [01m[K/usr/local/include/eigen3/Eigen/Dense:1[m[K,
[4.117s]                  from [01m[K/home/mantus/kol_bot/ros2_orb_slam/ros2_orb_slam/src/rgbd-slam-node.hpp:32[m[K,
[4.117s]                  from [01m[K/home/mantus/kol_bot/ros2_orb_slam/ros2_orb_slam/src/rgbd-slam-node.cpp:1[m[K:
[4.117s] [01m[K/usr/local/include/eigen3/Eigen/src/Core/util/Constants.h:167:37:[m[K [01;36m[Knote: [m[Kdeclared here
[4.117s]   167 | EIGEN_DEPRECATED const unsigned int [01;36m[KAlignedBit[m[K = 0x80;
[4.117s]       |                                     [01;36m[K^~~~~~~~~~[m[K
[4.129s] In file included from [01m[K/home/mantus/kol_bot/ros2_orb_slam/ros2_orb_slam/ORB_SLAM3/Thirdparty/g2o/g2o/types/types_six_dof_expmap.h:38[m[K,
[4.129s]                  from [01m[K/home/mantus/kol_bot/ros2_orb_slam/ros2_orb_slam/ORB_SLAM3/include/Converter.h:26[m[K,
[4.129s]                  from [01m[K/home/mantus/kol_bot/ros2_orb_slam/ros2_orb_slam/ORB_SLAM3/include/Frame.h:33[m[K,
[4.130s]                  from [01m[K/home/mantus/kol_bot/ros2_orb_slam/ros2_orb_slam/ORB_SLAM3/include/KeyFrame.h:28[m[K,
[4.130s]                  from [01m[K/home/mantus/kol_bot/ros2_orb_slam/ros2_orb_slam/ORB_SLAM3/include/MapPoint.h:23[m[K,
[4.130s]                  from [01m[K/home/mantus/kol_bot/ros2_orb_slam/ros2_orb_slam/ORB_SLAM3/include/FrameDrawer.h:24[m[K,
[4.130s]                  from [01m[K/home/mantus/kol_bot/ros2_orb_slam/ros2_orb_slam/ORB_SLAM3/include/Viewer.h:23[m[K,
[4.130s]                  from [01m[K/home/mantus/kol_bot/ros2_orb_slam/ros2_orb_slam/ORB_SLAM3/include/Tracking.h:26[m[K,
[4.130s]                  from [01m[K/home/mantus/kol_bot/ros2_orb_slam/ros2_orb_slam/ORB_SLAM3/include/System.h:31[m[K,
[4.130s]                  from [01m[K/home/mantus/kol_bot/ros2_orb_slam/ros2_orb_slam/src/rgbd-slam-node.hpp:39[m[K,
[4.130s]                  from [01m[K/home/mantus/kol_bot/ros2_orb_slam/ros2_orb_slam/src/rgbd-slam-node.cpp:1[m[K:
[4.130s] [01m[K/home/mantus/kol_bot/ros2_orb_slam/ros2_orb_slam/ORB_SLAM3/Thirdparty/g2o/g2o/types/../core/base_binary_edge.h:60:80:[m[K [01;35m[Kwarning: [m[K‘[01m[KEigen::AlignedBit[m[K’ is deprecated [[01;35m[K-Wdeprecated-declarations[m[K]
[4.130s]    60 | n::Map<Matrix<double, Dj, Di>, Matrix<double, Dj, Di>::[01;35m[KFlags & AlignedBit[m[K ? Aligned : Unaligned > HessianBlockTransposedType;
[4.130s]       |                                                        [01;35m[K~~~~~~^~~~~~~~~~~~[m[K
[4.130s] 
[4.130s] In file included from [01m[K/usr/local/include/eigen3/Eigen/Core:161[m[K,
[4.130s]                  from [01m[K/usr/local/include/eigen3/Eigen/Dense:1[m[K,
[4.130s]                  from [01m[K/home/mantus/kol_bot/ros2_orb_slam/ros2_orb_slam/src/rgbd-slam-node.hpp:32[m[K,
[4.130s]                  from [01m[K/home/mantus/kol_bot/ros2_orb_slam/ros2_orb_slam/src/rgbd-slam-node.cpp:1[m[K:
[4.130s] [01m[K/usr/local/include/eigen3/Eigen/src/Core/util/Constants.h:167:37:[m[K [01;36m[Knote: [m[Kdeclared here
[4.130s]   167 | EIGEN_DEPRECATED const unsigned int [01;36m[KAlignedBit[m[K = 0x80;
[4.131s]       |                                     [01;36m[K^~~~~~~~~~[m[K
[4.192s] In file included from [01m[K/home/mantus/kol_bot/ros2_orb_slam/ros2_orb_slam/ORB_SLAM3/include/Frame.h:34[m[K,
[4.192s]                  from [01m[K/home/mantus/kol_bot/ros2_orb_slam/ros2_orb_slam/ORB_SLAM3/include/KeyFrame.h:28[m[K,
[4.192s]                  from [01m[K/home/mantus/kol_bot/ros2_orb_slam/ros2_orb_slam/ORB_SLAM3/include/MapPoint.h:23[m[K,
[4.192s]                  from [01m[K/home/mantus/kol_bot/ros2_orb_slam/ros2_orb_slam/ORB_SLAM3/include/FrameDrawer.h:24[m[K,
[4.192s]                  from [01m[K/home/mantus/kol_bot/ros2_orb_slam/ros2_orb_slam/ORB_SLAM3/include/Viewer.h:23[m[K,
[4.192s]                  from [01m[K/home/mantus/kol_bot/ros2_orb_slam/ros2_orb_slam/ORB_SLAM3/include/Tracking.h:26[m[K,
[4.192s]                  from [01m[K/home/mantus/kol_bot/ros2_orb_slam/ros2_orb_slam/ORB_SLAM3/include/System.h:31[m[K,
[4.192s]                  from [01m[K/home/mantus/kol_bot/ros2_orb_slam/ros2_orb_slam/src/rgbd-slam-node.hpp:39[m[K,
[4.193s]                  from [01m[K/home/mantus/kol_bot/ros2_orb_slam/ros2_orb_slam/src/rgbd-slam-node.cpp:1[m[K:
[4.193s] [01m[K/home/mantus/kol_bot/ros2_orb_slam/ros2_orb_slam/ORB_SLAM3/include/Settings.h:232:2:[m[K [01;35m[Kwarning: [m[Kextra ‘[01m[K;[m[K’ [[01;35m[K-Wpedantic[m[K]
[4.193s]   232 | }[01;35m[K;[m[K
[4.193s]       |  [01;35m[K^[m[K
[4.637s] In file included from [01m[K/home/mantus/kol_bot/ros2_orb_slam/ros2_orb_slam/ORB_SLAM3/include/Atlas.h:26[m[K,
[4.637s]                  from [01m[K/home/mantus/kol_bot/ros2_orb_slam/ros2_orb_slam/ORB_SLAM3/include/FrameDrawer.h:25[m[K,
[4.637s]                  from [01m[K/home/mantus/kol_bot/ros2_orb_slam/ros2_orb_slam/ORB_SLAM3/include/Viewer.h:23[m[K,
[4.637s]                  from [01m[K/home/mantus/kol_bot/ros2_orb_slam/ros2_orb_slam/ORB_SLAM3/include/Tracking.h:26[m[K,
[4.637s]                  from [01m[K/home/mantus/kol_bot/ros2_orb_slam/ros2_orb_slam/ORB_SLAM3/include/System.h:31[m[K,
[4.637s]                  from [01m[K/home/mantus/kol_bot/ros2_orb_slam/ros2_orb_slam/src/rgbd-slam-node.hpp:39[m[K,
[4.637s]                  from [01m[K/home/mantus/kol_bot/ros2_orb_slam/ros2_orb_slam/src/rgbd-slam-node.cpp:1[m[K:
[4.637s] [01m[K/home/mantus/kol_bot/ros2_orb_slam/ros2_orb_slam/ORB_SLAM3/include/CameraModels/Pinhole.h:[m[K In member function ‘[01m[Kvirtual bool ORB_SLAM3::Pinhole::matchAndtriangulate(const cv::KeyPoint&, const cv::KeyPoint&, ORB_SLAM3::GeometricCamera*, Sophus::SE3f&, Sophus::SE3f&, float, float, Eigen::Vector3f&)[m[K’:
[4.637s] [01m[K/home/mantus/kol_bot/ros2_orb_slam/ros2_orb_slam/ORB_SLAM3/include/CameraModels/Pinhole.h:83:54:[m[K [01;35m[Kwarning: [m[Kunused parameter ‘[01m[Kkp1[m[K’ [[01;35m[K-Wunused-parameter[m[K]
[4.638s]    83 |         bool matchAndtriangulate([01;35m[Kconst cv::KeyPoint& kp1[m[K, const cv::KeyPoint& kp2, GeometricCamera* pOther,
[4.638s]       |                                  [01;35m[K~~~~~~~~~~~~~~~~~~~~^~~[m[K
[4.638s] [01m[K/home/mantus/kol_bot/ros2_orb_slam/ros2_orb_slam/ORB_SLAM3/include/CameraModels/Pinhole.h:83:79:[m[K [01;35m[Kwarning: [m[Kunused parameter ‘[01m[Kkp2[m[K’ [[01;35m[K-Wunused-parameter[m[K]
[4.638s]    83 | hAndtriangulate(const cv::KeyPoint& kp1, [01;35m[Kconst cv::KeyPoint& kp2[m[K, GeometricCamera* pOther,
[4.638s]       |                                          [01;35m[K~~~~~~~~~~~~~~~~~~~~^~~[m[K
[4.638s] 
[4.638s] [01m[K/home/mantus/kol_bot/ros2_orb_slam/ros2_orb_slam/ORB_SLAM3/include/CameraModels/Pinhole.h:83:101:[m[K [01;35m[Kwarning: [m[Kunused parameter ‘[01m[KpOther[m[K’ [[01;35m[K-Wunused-parameter[m[K]
[4.638s]    83 | cv::KeyPoint& kp1, const cv::KeyPoint& kp2, [01;35m[KGeometricCamera* pOther[m[K,
[4.638s]       |                                             [01;35m[K~~~~~~~~~~~~~~~~~^~~~~~[m[K
[4.638s] 
[4.639s] [01m[K/home/mantus/kol_bot/ros2_orb_slam/ros2_orb_slam/ORB_SLAM3/include/CameraModels/Pinhole.h:84:48:[m[K [01;35m[Kwarning: [m[Kunused parameter ‘[01m[KTcw1[m[K’ [[01;35m[K-Wunused-parameter[m[K]
[4.639s]    84 |                                  [01;35m[KSophus::SE3f& Tcw1[m[K, Sophus::SE3f& Tcw2,
[4.639s]       |                                  [01;35m[K~~~~~~~~~~~~~~^~~~[m[K
[4.639s] [01m[K/home/mantus/kol_bot/ros2_orb_slam/ros2_orb_slam/ORB_SLAM3/include/CameraModels/Pinhole.h:84:68:[m[K [01;35m[Kwarning: [m[Kunused parameter ‘[01m[KTcw2[m[K’ [[01;35m[K-Wunused-parameter[m[K]
[4.639s]    84 |                                  Sophus::SE3f& Tcw1, [01;35m[KSophus::SE3f& Tcw2[m[K,
[4.639s]       |                                                      [01;35m[K~~~~~~~~~~~~~~^~~~[m[K
[4.639s] [01m[K/home/mantus/kol_bot/ros2_orb_slam/ros2_orb_slam/ORB_SLAM3/include/CameraModels/Pinhole.h:85:46:[m[K [01;35m[Kwarning: [m[Kunused parameter ‘[01m[KsigmaLevel1[m[K’ [[01;35m[K-Wunused-parameter[m[K]
[4.639s]    85 |                                  [01;35m[Kconst float sigmaLevel1[m[K, const float sigmaLevel2,
[4.639s]       |                                  [01;35m[K~~~~~~~~~~~~^~~~~~~~~~~[m[K
[4.639s] [01m[K/home/mantus/kol_bot/ros2_orb_slam/ros2_orb_slam/ORB_SLAM3/include/CameraModels/Pinhole.h:85:71:[m[K [01;35m[Kwarning: [m[Kunused parameter ‘[01m[KsigmaLevel2[m[K’ [[01;35m[K-Wunused-parameter[m[K]
[4.639s]    85 |                               const float sigmaLevel1, [01;35m[Kconst float sigmaLevel2[m[K,
[4.639s]       |                                                        [01;35m[K~~~~~~~~~~~~^~~~~~~~~~~[m[K
[4.639s] 
[4.639s] [01m[K/home/mantus/kol_bot/ros2_orb_slam/ros2_orb_slam/ORB_SLAM3/include/CameraModels/Pinhole.h:86:51:[m[K [01;35m[Kwarning: [m[Kunused parameter ‘[01m[Kx3Dtriangulated[m[K’ [[01;35m[K-Wunused-parameter[m[K]
[4.639s]    86 |                                  [01;35m[KEigen::Vector3f& x3Dtriangulated[m[K) { return false;}
[4.639s]       |                                  [01;35m[K~~~~~~~~~~~~~~~~~^~~~~~~~~~~~~~~[m[K
[4.639s] In file included from [01m[K/home/mantus/kol_bot/ros2_orb_slam/ros2_orb_slam/ORB_SLAM3/include/Atlas.h:27[m[K,
[4.639s]                  from [01m[K/home/mantus/kol_bot/ros2_orb_slam/ros2_orb_slam/ORB_SLAM3/include/FrameDrawer.h:25[m[K,
[4.639s]                  from [01m[K/home/mantus/kol_bot/ros2_orb_slam/ros2_orb_slam/ORB_SLAM3/include/Viewer.h:23[m[K,
[4.639s]                  from [01m[K/home/mantus/kol_bot/ros2_orb_slam/ros2_orb_slam/ORB_SLAM3/include/Tracking.h:26[m[K,
[4.639s]                  from [01m[K/home/mantus/kol_bot/ros2_orb_slam/ros2_orb_slam/ORB_SLAM3/include/System.h:31[m[K,
[4.639s]                  from [01m[K/home/mantus/kol_bot/ros2_orb_slam/ros2_orb_slam/src/rgbd-slam-node.hpp:39[m[K,
[4.640s]                  from [01m[K/home/mantus/kol_bot/ros2_orb_slam/ros2_orb_slam/src/rgbd-slam-node.cpp:1[m[K:
[4.640s] [01m[K/home/mantus/kol_bot/ros2_orb_slam/ros2_orb_slam/ORB_SLAM3/include/CameraModels/KannalaBrandt8.h:[m[K In constructor ‘[01m[KORB_SLAM3::KannalaBrandt8::KannalaBrandt8(std::vector<float>)[m[K’:
[4.640s] [01m[K/home/mantus/kol_bot/ros2_orb_slam/ros2_orb_slam/ORB_SLAM3/include/CameraModels/KannalaBrandt8.h:102:21:[m[K [01;35m[Kwarning: [m[K‘[01m[KORB_SLAM3::KannalaBrandt8::precision[m[K’ will be initialized after [[01;35m[K-Wreorder[m[K]
[4.640s]   102 |         const float [01;35m[Kprecision[m[K;
[4.640s]       |                     [01;35m[K^~~~~~~~~[m[K
[4.640s] [01m[K/home/mantus/kol_bot/ros2_orb_slam/ros2_orb_slam/ORB_SLAM3/include/CameraModels/KannalaBrandt8.h:88:26:[m[K [01;35m[Kwarning: [m[K  ‘[01m[Kstd::vector<int> ORB_SLAM3::KannalaBrandt8::mvLappingArea[m[K’ [[01;35m[K-Wreorder[m[K]
[4.640s]    88 |         std::vector<int> [01;35m[KmvLappingArea[m[K;
[4.640s]       |                          [01;35m[K^~~~~~~~~~~~~[m[K
[4.640s] In file included from [01m[K/home/mantus/kol_bot/ros2_orb_slam/ros2_orb_slam/ORB_SLAM3/include/Atlas.h:27[m[K,
[4.640s]                  from [01m[K/home/mantus/kol_bot/ros2_orb_slam/ros2_orb_slam/ORB_SLAM3/include/FrameDrawer.h:25[m[K,
[4.640s]                  from [01m[K/home/mantus/kol_bot/ros2_orb_slam/ros2_orb_slam/ORB_SLAM3/include/Viewer.h:23[m[K,
[4.640s]                  from [01m[K/home/mantus/kol_bot/ros2_orb_slam/ros2_orb_slam/ORB_SLAM3/include/Tracking.h:26[m[K,
[4.640s]                  from [01m[K/home/mantus/kol_bot/ros2_orb_slam/ros2_orb_slam/ORB_SLAM3/include/System.h:31[m[K,
[4.640s]                  from [01m[K/home/mantus/kol_bot/ros2_orb_slam/ros2_orb_slam/src/rgbd-slam-node.hpp:39[m[K,
[4.640s]                  from [01m[K/home/mantus/kol_bot/ros2_orb_slam/ros2_orb_slam/src/rgbd-slam-node.cpp:1[m[K:
[4.640s] [01m[K/home/mantus/kol_bot/ros2_orb_slam/ros2_orb_slam/ORB_SLAM3/include/CameraModels/KannalaBrandt8.h:47:9:[m[K [01;35m[Kwarning: [m[K  when initialized here [[01;35m[K-Wreorder[m[K]
[4.640s]    47 |         [01;35m[KKannalaBrandt8[m[K(const std::vector<float> _vParameters) : GeometricCamera(_vParameters), precision(1e-6), mvLappingArea(2,0) ,tvr(nullptr) {
[4.640s]       |         [01;35m[K^~~~~~~~~~~~~~[m[K
[4.640s] In file included from [01m[K/home/mantus/kol_bot/ros2_orb_slam/ros2_orb_slam/ORB_SLAM3/include/Atlas.h:27[m[K,
[4.641s]                  from [01m[K/home/mantus/kol_bot/ros2_orb_slam/ros2_orb_slam/ORB_SLAM3/include/FrameDrawer.h:25[m[K,
[4.641s]                  from [01m[K/home/mantus/kol_bot/ros2_orb_slam/ros2_orb_slam/ORB_SLAM3/include/Viewer.h:23[m[K,
[4.641s]                  from [01m[K/home/mantus/kol_bot/ros2_orb_slam/ros2_orb_slam/ORB_SLAM3/include/Tracking.h:26[m[K,
[4.641s]                  from [01m[K/home/mantus/kol_bot/ros2_orb_slam/ros2_orb_slam/ORB_SLAM3/include/System.h:31[m[K,
[4.641s]                  from [01m[K/home/mantus/kol_bot/ros2_orb_slam/ros2_orb_slam/src/rgbd-slam-node.hpp:39[m[K,
[4.641s]                  from [01m[K/home/mantus/kol_bot/ros2_orb_slam/ros2_orb_slam/src/rgbd-slam-node.cpp:1[m[K:
[4.641s] [01m[K/home/mantus/kol_bot/ros2_orb_slam/ros2_orb_slam/ORB_SLAM3/include/CameraModels/KannalaBrandt8.h:[m[K In constructor ‘[01m[KORB_SLAM3::KannalaBrandt8::KannalaBrandt8(std::vector<float>, float)[m[K’:
[4.641s] [01m[K/home/mantus/kol_bot/ros2_orb_slam/ros2_orb_slam/ORB_SLAM3/include/CameraModels/KannalaBrandt8.h:102:21:[m[K [01;35m[Kwarning: [m[K‘[01m[KORB_SLAM3::KannalaBrandt8::precision[m[K’ will be initialized after [[01;35m[K-Wreorder[m[K]
[4.641s]   102 |         const float [01;35m[Kprecision[m[K;
[4.641s]       |                     [01;35m[K^~~~~~~~~[m[K
[4.641s] [01m[K/home/mantus/kol_bot/ros2_orb_slam/ros2_orb_slam/ORB_SLAM3/include/CameraModels/KannalaBrandt8.h:88:26:[m[K [01;35m[Kwarning: [m[K  ‘[01m[Kstd::vector<int> ORB_SLAM3::KannalaBrandt8::mvLappingArea[m[K’ [[01;35m[K-Wreorder[m[K]
[4.641s]    88 |         std::vector<int> [01;35m[KmvLappingArea[m[K;
[4.641s]       |                          [01;35m[K^~~~~~~~~~~~~[m[K
[4.641s] [01m[K/home/mantus/kol_bot/ros2_orb_slam/ros2_orb_slam/ORB_SLAM3/include/CameraModels/KannalaBrandt8.h:53:9:[m[K [01;35m[Kwarning: [m[K  when initialized here [[01;35m[K-Wreorder[m[K]
[4.641s]    53 |         [01;35m[KKannalaBrandt8[m[K(const std::vector<float> _vParameters, const float _precision) : GeometricCamera(_vParameters),
[4.641s]       |         [01;35m[K^~~~~~~~~~~~~~[m[K
[4.641s] [01m[K/home/mantus/kol_bot/ros2_orb_slam/ros2_orb_slam/ORB_SLAM3/include/CameraModels/KannalaBrandt8.h:[m[K In constructor ‘[01m[KORB_SLAM3::KannalaBrandt8::KannalaBrandt8(ORB_SLAM3::KannalaBrandt8*)[m[K’:
[4.641s] [01m[K/home/mantus/kol_bot/ros2_orb_slam/ros2_orb_slam/ORB_SLAM3/include/CameraModels/KannalaBrandt8.h:102:21:[m[K [01;35m[Kwarning: [m[K‘[01m[KORB_SLAM3::KannalaBrandt8::precision[m[K’ will be initialized after [[01;35m[K-Wreorder[m[K]
[4.641s]   102 |         const float [01;35m[Kprecision[m[K;
[4.641s]       |                     [01;35m[K^~~~~~~~~[m[K
[4.641s] [01m[K/home/mantus/kol_bot/ros2_orb_slam/ros2_orb_slam/ORB_SLAM3/include/CameraModels/KannalaBrandt8.h:88:26:[m[K [01;35m[Kwarning: [m[K  ‘[01m[Kstd::vector<int> ORB_SLAM3::KannalaBrandt8::mvLappingArea[m[K’ [[01;35m[K-Wreorder[m[K]
[4.641s]    88 |         std::vector<int> [01;35m[KmvLappingArea[m[K;
[4.642s]       |                          [01;35m[K^~~~~~~~~~~~~[m[K
[4.642s] [01m[K/home/mantus/kol_bot/ros2_orb_slam/ros2_orb_slam/ORB_SLAM3/include/CameraModels/KannalaBrandt8.h:59:9:[m[K [01;35m[Kwarning: [m[K  when initialized here [[01;35m[K-Wreorder[m[K]
[4.642s]    59 |         [01;35m[KKannalaBrandt8[m[K(KannalaBrandt8* pKannala) : GeometricCamera(pKannala->mvParameters), precision(pKannala->precision), mvLappingArea(2,0) ,tvr(nullptr) {
[4.642s]       |         [01;35m[K^~~~~~~~~~~~~~[m[K
[4.805s] [01m[K/home/mantus/kol_bot/ros2_orb_slam/ros2_orb_slam/src/rgbd-slam-node.cpp:[m[K In function ‘[01m[Ksensor_msgs::msg::PointCloud2 tracked_mappoints_to_pointcloud(std::vector<ORB_SLAM3::MapPoint*>, rclcpp::Time)[m[K’:
[4.805s] [01m[K/home/mantus/kol_bot/ros2_orb_slam/ros2_orb_slam/src/rgbd-slam-node.cpp:96:40:[m[K [01;35m[Kwarning: [m[Knarrowing conversion of ‘[01m[K(tf2Scalar)point_translation.tf2::Vector3::x()[m[K’ from ‘[01m[Ktf2Scalar[m[K’ {aka ‘[01m[Kdouble[m[K’} to ‘[01m[Kfloat[m[K’ [[01;35m[K-Wnarrowing[m[K]
[4.805s]    96 |                     [01;35m[Kpoint_translation.x()[m[K, point_translation.y(), point_translation.z()};
[4.805s]       |                     [01;35m[K~~~~~~~~~~~~~~~~~~~^~[m[K
[4.805s] [01m[K/home/mantus/kol_bot/ros2_orb_slam/ros2_orb_slam/src/rgbd-slam-node.cpp:96:63:[m[K [01;35m[Kwarning: [m[Knarrowing conversion of ‘[01m[K(tf2Scalar)point_translation.tf2::Vector3::y()[m[K’ from ‘[01m[Ktf2Scalar[m[K’ {aka ‘[01m[Kdouble[m[K’} to ‘[01m[Kfloat[m[K’ [[01;35m[K-Wnarrowing[m[K]
[4.805s]    96 |                    point_translation.x(), [01;35m[Kpoint_translation.y()[m[K, point_translation.z()};
[4.805s]       |                                           [01;35m[K~~~~~~~~~~~~~~~~~~~^~[m[K
[4.805s] 
[4.806s] [01m[K/home/mantus/kol_bot/ros2_orb_slam/ros2_orb_slam/src/rgbd-slam-node.cpp:96:86:[m[K [01;35m[Kwarning: [m[Knarrowing conversion of ‘[01m[K(tf2Scalar)point_translation.tf2::Vector3::z()[m[K’ from ‘[01m[Ktf2Scalar[m[K’ {aka ‘[01m[Kdouble[m[K’} to ‘[01m[Kfloat[m[K’ [[01;35m[K-Wnarrowing[m[K]
[4.806s]    96 | t_translation.x(), point_translation.y(), [01;35m[Kpoint_translation.z()[m[K};
[4.806s]       |                                           [01;35m[K~~~~~~~~~~~~~~~~~~~^~[m[K
[4.806s] 
[4.815s] [01m[K/home/mantus/kol_bot/ros2_orb_slam/ros2_orb_slam/src/rgbd-slam-node.cpp:[m[K In function ‘[01m[Kvoid setup_tf_orb_to_ros(ORB_SLAM3::System::eSensor)[m[K’:
[4.815s] [01m[K/home/mantus/kol_bot/ros2_orb_slam/ros2_orb_slam/src/rgbd-slam-node.cpp:148:53:[m[K [01;35m[Kwarning: [m[Kunused parameter ‘[01m[Ksensor_type[m[K’ [[01;35m[K-Wunused-parameter[m[K]
[4.815s]   148 | void setup_tf_orb_to_ros([01;35m[KORB_SLAM3::System::eSensor sensor_type[m[K) {
[4.815s]       |                          [01;35m[K~~~~~~~~~~~~~~~~~~~~~~~~~~~^~~~~~~~~~~[m[K
[14.952s] [ 66%] [32m[1mLinking CXX executable slam[0m
[15.959s] [100%] Built target slam
[15.971s] Invoked command in '/home/mantus/kol_bot/ros2_orb_slam/ros2_orb_slam/build/ros2_orb_slam' returned '0': CMAKE_PREFIX_PATH=${CMAKE_PREFIX_PATH}:/opt/ros/foxy /usr/bin/cmake --build /home/mantus/kol_bot/ros2_orb_slam/ros2_orb_slam/build/ros2_orb_slam -- -j16 -l16
[15.994s] Invoking command in '/home/mantus/kol_bot/ros2_orb_slam/ros2_orb_slam/build/ros2_orb_slam': CMAKE_PREFIX_PATH=${CMAKE_PREFIX_PATH}:/opt/ros/foxy /usr/bin/cmake --install /home/mantus/kol_bot/ros2_orb_slam/ros2_orb_slam/build/ros2_orb_slam
[15.998s] -- Install configuration: ""
[15.998s] -- Execute custom install script
[15.999s] -- Up-to-date symlink: /home/mantus/kol_bot/ros2_orb_slam/ros2_orb_slam/install/ros2_orb_slam/lib/ros2_orb_slam/slam
[15.999s] -- Up-to-date symlink: /home/mantus/kol_bot/ros2_orb_slam/ros2_orb_slam/install/ros2_orb_slam/share/ament_index/resource_index/package_run_dependencies/ros2_orb_slam
[15.999s] -- Up-to-date symlink: /home/mantus/kol_bot/ros2_orb_slam/ros2_orb_slam/install/ros2_orb_slam/share/ament_index/resource_index/parent_prefix_path/ros2_orb_slam
[15.999s] -- Up-to-date symlink: /home/mantus/kol_bot/ros2_orb_slam/ros2_orb_slam/install/ros2_orb_slam/share/ros2_orb_slam/environment/ament_prefix_path.sh
[15.999s] -- Up-to-date symlink: /home/mantus/kol_bot/ros2_orb_slam/ros2_orb_slam/install/ros2_orb_slam/share/ros2_orb_slam/environment/ament_prefix_path.dsv
[15.999s] -- Up-to-date symlink: /home/mantus/kol_bot/ros2_orb_slam/ros2_orb_slam/install/ros2_orb_slam/share/ros2_orb_slam/environment/path.sh
[16.000s] -- Up-to-date symlink: /home/mantus/kol_bot/ros2_orb_slam/ros2_orb_slam/install/ros2_orb_slam/share/ros2_orb_slam/environment/path.dsv
[16.000s] -- Up-to-date symlink: /home/mantus/kol_bot/ros2_orb_slam/ros2_orb_slam/install/ros2_orb_slam/share/ros2_orb_slam/local_setup.bash
[16.000s] -- Up-to-date symlink: /home/mantus/kol_bot/ros2_orb_slam/ros2_orb_slam/install/ros2_orb_slam/share/ros2_orb_slam/local_setup.sh
[16.000s] -- Up-to-date symlink: /home/mantus/kol_bot/ros2_orb_slam/ros2_orb_slam/install/ros2_orb_slam/share/ros2_orb_slam/local_setup.zsh
[16.000s] -- Up-to-date symlink: /home/mantus/kol_bot/ros2_orb_slam/ros2_orb_slam/install/ros2_orb_slam/share/ros2_orb_slam/local_setup.dsv
[16.000s] -- Symlinking: /home/mantus/kol_bot/ros2_orb_slam/ros2_orb_slam/install/ros2_orb_slam/share/ros2_orb_slam/package.dsv
[16.006s] -- Up-to-date symlink: /home/mantus/kol_bot/ros2_orb_slam/ros2_orb_slam/install/ros2_orb_slam/share/ament_index/resource_index/packages/ros2_orb_slam
[16.006s] -- Up-to-date symlink: /home/mantus/kol_bot/ros2_orb_slam/ros2_orb_slam/install/ros2_orb_slam/share/ros2_orb_slam/cmake/ros2_orb_slamConfig.cmake
[16.006s] -- Up-to-date symlink: /home/mantus/kol_bot/ros2_orb_slam/ros2_orb_slam/install/ros2_orb_slam/share/ros2_orb_slam/cmake/ros2_orb_slamConfig-version.cmake
[16.006s] -- Up-to-date symlink: /home/mantus/kol_bot/ros2_orb_slam/ros2_orb_slam/install/ros2_orb_slam/share/ros2_orb_slam/package.xml
[16.007s] Invoked command in '/home/mantus/kol_bot/ros2_orb_slam/ros2_orb_slam/build/ros2_orb_slam' returned '0': CMAKE_PREFIX_PATH=${CMAKE_PREFIX_PATH}:/opt/ros/foxy /usr/bin/cmake --install /home/mantus/kol_bot/ros2_orb_slam/ros2_orb_slam/build/ros2_orb_slam
