[0.013s] Invoking command in '/home/mantus/kol_bot/ros2_orb_slam/ros2_orb_slam/build/ros2_orb_slam': CMAKE_PREFIX_PATH=${CMAKE_PREFIX_PATH}:/opt/ros/foxy /usr/bin/cmake --build /home/mantus/kol_bot/ros2_orb_slam/ros2_orb_slam/build/ros2_orb_slam -- -j16 -l16
[0.074s] [ 33%] [32mBuilding CXX object CMakeFiles/slam.dir/src/rgbd-slam-node.cpp.o[0m
[3.753s] In file included from [01m[K/home/mantus/kol_bot/ros2_orb_slam/ros2_orb_slam/ORB_SLAM3/include/Frame.h:30[m[K,
[3.753s]                  from [01m[K/home/mantus/kol_bot/ros2_orb_slam/ros2_orb_slam/ORB_SLAM3/include/KeyFrame.h:28[m[K,
[3.753s]                  from [01m[K/home/mantus/kol_bot/ros2_orb_slam/ros2_orb_slam/ORB_SLAM3/include/MapPoint.h:23[m[K,
[3.753s]                  from [01m[K/home/mantus/kol_bot/ros2_orb_slam/ros2_orb_slam/ORB_SLAM3/include/FrameDrawer.h:24[m[K,
[3.754s]                  from [01m[K/home/mantus/kol_bot/ros2_orb_slam/ros2_orb_slam/ORB_SLAM3/include/Viewer.h:23[m[K,
[3.754s]                  from [01m[K/home/mantus/kol_bot/ros2_orb_slam/ros2_orb_slam/ORB_SLAM3/include/Tracking.h:26[m[K,
[3.754s]                  from [01m[K/home/mantus/kol_bot/ros2_orb_slam/ros2_orb_slam/ORB_SLAM3/include/System.h:31[m[K,
[3.754s]                  from [01m[K/home/mantus/kol_bot/ros2_orb_slam/ros2_orb_slam/src/rgbd-slam-node.hpp:39[m[K,
[3.754s]                  from [01m[K/home/mantus/kol_bot/ros2_orb_slam/ros2_orb_slam/src/rgbd-slam-node.cpp:1[m[K:
[3.754s] [01m[K/home/mantus/kol_bot/ros2_orb_slam/ros2_orb_slam/ORB_SLAM3/include/ImuTypes.h:[m[K In member function ‘[01m[Kvoid ORB_SLAM3::IMU::Preintegrated::printMeasurements() const[m[K’:
[3.754s] [01m[K/home/mantus/kol_bot/ros2_orb_slam/ros2_orb_slam/ORB_SLAM3/include/ImuTypes.h:204:23:[m[K [01;35m[Kwarning: [m[Kcomparison of integer expressions of different signedness: ‘[01m[Kint[m[K’ and ‘[01m[Kstd::vector<ORB_SLAM3::IMU::Preintegrated::integrable>::size_type[m[K’ {aka ‘[01m[Klong unsigned int[m[K’} [[01;35m[K-Wsign-compare[m[K]
[3.754s]   204 |         for(int i=0; [01;35m[Ki<mvMeasurements.size()[m[K; i++){
[3.754s]       |                      [01;35m[K~^~~~~~~~~~~~~~~~~~~~~~[m[K
[3.828s] In file included from [01m[K/home/mantus/kol_bot/ros2_orb_slam/ros2_orb_slam/ORB_SLAM3/Thirdparty/g2o/g2o/types/types_six_dof_expmap.h:37[m[K,
[3.828s]                  from [01m[K/home/mantus/kol_bot/ros2_orb_slam/ros2_orb_slam/ORB_SLAM3/include/Converter.h:26[m[K,
[3.828s]                  from [01m[K/home/mantus/kol_bot/ros2_orb_slam/ros2_orb_slam/ORB_SLAM3/include/Frame.h:33[m[K,
[3.828s]                  from [01m[K/home/mantus/kol_bot/ros2_orb_slam/ros2_orb_slam/ORB_SLAM3/include/KeyFrame.h:28[m[K,
[3.828s]                  from [01m[K/home/mantus/kol_bot/ros2_orb_slam/ros2_orb_slam/ORB_SLAM3/include/MapPoint.h:23[m[K,
[3.829s]                  from [01m[K/home/mantus/kol_bot/ros2_orb_slam/ros2_orb_slam/ORB_SLAM3/include/FrameDrawer.h:24[m[K,
[3.829s]                  from [01m[K/home/mantus/kol_bot/ros2_orb_slam/ros2_orb_slam/ORB_SLAM3/include/Viewer.h:23[m[K,
[3.829s]                  from [01m[K/home/mantus/kol_bot/ros2_orb_slam/ros2_orb_slam/ORB_SLAM3/include/Tracking.h:26[m[K,
[3.829s]                  from [01m[K/home/mantus/kol_bot/ros2_orb_slam/ros2_orb_slam/ORB_SLAM3/include/System.h:31[m[K,
[3.829s]                  from [01m[K/home/mantus/kol_bot/ros2_orb_slam/ros2_orb_slam/src/rgbd-slam-node.hpp:39[m[K,
[3.829s]                  from [01m[K/home/mantus/kol_bot/ros2_orb_slam/ros2_orb_slam/src/rgbd-slam-node.cpp:1[m[K:
[3.829s] [01m[K/home/mantus/kol_bot/ros2_orb_slam/ros2_orb_slam/ORB_SLAM3/Thirdparty/g2o/g2o/types/../core/base_vertex.h:[m[K At global scope:
[3.829s] [01m[K/home/mantus/kol_bot/ros2_orb_slam/ros2_orb_slam/ORB_SLAM3/Thirdparty/g2o/g2o/types/../core/base_vertex.h:62:74:[m[K [01;35m[Kwarning: [m[K‘[01m[KEigen::AlignedBit[m[K’ is deprecated [[01;35m[K-Wdeprecated-declarations[m[K]
[3.829s]    62 | Eigen::Map<Matrix<double, D, D>, Matrix<double,D,D>::Flags & [01;35m[KAlignedBit[m[K ? Aligned : Unaligned >  HessianBlockType;
[3.829s]       |                                                              [01;35m[K^~~~~~~~~~[m[K
[3.829s] 
[3.829s] In file included from [01m[K/usr/local/include/eigen3/Eigen/Core:161[m[K,
[3.829s]                  from [01m[K/usr/local/include/eigen3/Eigen/Dense:1[m[K,
[3.829s]                  from [01m[K/home/mantus/kol_bot/ros2_orb_slam/ros2_orb_slam/src/rgbd-slam-node.hpp:32[m[K,
[3.829s]                  from [01m[K/home/mantus/kol_bot/ros2_orb_slam/ros2_orb_slam/src/rgbd-slam-node.cpp:1[m[K:
[3.829s] [01m[K/usr/local/include/eigen3/Eigen/src/Core/util/Constants.h:167:37:[m[K [01;36m[Knote: [m[Kdeclared here
[3.829s]   167 | EIGEN_DEPRECATED const unsigned int [01;36m[KAlignedBit[m[K = 0x80;
[3.829s]       |                                     [01;36m[K^~~~~~~~~~[m[K
[3.850s] In file included from [01m[K/home/mantus/kol_bot/ros2_orb_slam/ros2_orb_slam/ORB_SLAM3/Thirdparty/g2o/g2o/types/types_six_dof_expmap.h:38[m[K,
[3.851s]                  from [01m[K/home/mantus/kol_bot/ros2_orb_slam/ros2_orb_slam/ORB_SLAM3/include/Converter.h:26[m[K,
[3.851s]                  from [01m[K/home/mantus/kol_bot/ros2_orb_slam/ros2_orb_slam/ORB_SLAM3/include/Frame.h:33[m[K,
[3.851s]                  from [01m[K/home/mantus/kol_bot/ros2_orb_slam/ros2_orb_slam/ORB_SLAM3/include/KeyFrame.h:28[m[K,
[3.851s]                  from [01m[K/home/mantus/kol_bot/ros2_orb_slam/ros2_orb_slam/ORB_SLAM3/include/MapPoint.h:23[m[K,
[3.851s]                  from [01m[K/home/mantus/kol_bot/ros2_orb_slam/ros2_orb_slam/ORB_SLAM3/include/FrameDrawer.h:24[m[K,
[3.851s]                  from [01m[K/home/mantus/kol_bot/ros2_orb_slam/ros2_orb_slam/ORB_SLAM3/include/Viewer.h:23[m[K,
[3.851s]                  from [01m[K/home/mantus/kol_bot/ros2_orb_slam/ros2_orb_slam/ORB_SLAM3/include/Tracking.h:26[m[K,
[3.851s]                  from [01m[K/home/mantus/kol_bot/ros2_orb_slam/ros2_orb_slam/ORB_SLAM3/include/System.h:31[m[K,
[3.852s]                  from [01m[K/home/mantus/kol_bot/ros2_orb_slam/ros2_orb_slam/src/rgbd-slam-node.hpp:39[m[K,
[3.852s]                  from [01m[K/home/mantus/kol_bot/ros2_orb_slam/ros2_orb_slam/src/rgbd-slam-node.cpp:1[m[K:
[3.852s] [01m[K/home/mantus/kol_bot/ros2_orb_slam/ros2_orb_slam/ORB_SLAM3/Thirdparty/g2o/g2o/types/../core/base_binary_edge.h:59:82:[m[K [01;35m[Kwarning: [m[K‘[01m[KEigen::AlignedBit[m[K’ is deprecated [[01;35m[K-Wdeprecated-declarations[m[K]
[3.852s]    59 | :Map<Matrix<double, Di, Dj>, Matrix<double, Di, Dj>::Flags & [01;35m[KAlignedBit[m[K ? Aligned : Unaligned > HessianBlockType;
[3.852s]       |                                                              [01;35m[K^~~~~~~~~~[m[K
[3.852s] 
[3.852s] In file included from [01m[K/usr/local/include/eigen3/Eigen/Core:161[m[K,
[3.852s]                  from [01m[K/usr/local/include/eigen3/Eigen/Dense:1[m[K,
[3.852s]                  from [01m[K/home/mantus/kol_bot/ros2_orb_slam/ros2_orb_slam/src/rgbd-slam-node.hpp:32[m[K,
[3.852s]                  from [01m[K/home/mantus/kol_bot/ros2_orb_slam/ros2_orb_slam/src/rgbd-slam-node.cpp:1[m[K:
[3.852s] [01m[K/usr/local/include/eigen3/Eigen/src/Core/util/Constants.h:167:37:[m[K [01;36m[Knote: [m[Kdeclared here
[3.853s]   167 | EIGEN_DEPRECATED const unsigned int [01;36m[KAlignedBit[m[K = 0x80;
[3.853s]       |                                     [01;36m[K^~~~~~~~~~[m[K
[3.853s] In file included from [01m[K/home/mantus/kol_bot/ros2_orb_slam/ros2_orb_slam/ORB_SLAM3/Thirdparty/g2o/g2o/types/types_six_dof_expmap.h:38[m[K,
[3.853s]                  from [01m[K/home/mantus/kol_bot/ros2_orb_slam/ros2_orb_slam/ORB_SLAM3/include/Converter.h:26[m[K,
[3.853s]                  from [01m[K/home/mantus/kol_bot/ros2_orb_slam/ros2_orb_slam/ORB_SLAM3/include/Frame.h:33[m[K,
[3.853s]                  from [01m[K/home/mantus/kol_bot/ros2_orb_slam/ros2_orb_slam/ORB_SLAM3/include/KeyFrame.h:28[m[K,
[3.853s]                  from [01m[K/home/mantus/kol_bot/ros2_orb_slam/ros2_orb_slam/ORB_SLAM3/include/MapPoint.h:23[m[K,
[3.853s]                  from [01m[K/home/mantus/kol_bot/ros2_orb_slam/ros2_orb_slam/ORB_SLAM3/include/FrameDrawer.h:24[m[K,
[3.853s]                  from [01m[K/home/mantus/kol_bot/ros2_orb_slam/ros2_orb_slam/ORB_SLAM3/include/Viewer.h:23[m[K,
[3.853s]                  from [01m[K/home/mantus/kol_bot/ros2_orb_slam/ros2_orb_slam/ORB_SLAM3/include/Tracking.h:26[m[K,
[3.853s]                  from [01m[K/home/mantus/kol_bot/ros2_orb_slam/ros2_orb_slam/ORB_SLAM3/include/System.h:31[m[K,
[3.853s]                  from [01m[K/home/mantus/kol_bot/ros2_orb_slam/ros2_orb_slam/src/rgbd-slam-node.hpp:39[m[K,
[3.853s]                  from [01m[K/home/mantus/kol_bot/ros2_orb_slam/ros2_orb_slam/src/rgbd-slam-node.cpp:1[m[K:
[3.853s] [01m[K/home/mantus/kol_bot/ros2_orb_slam/ros2_orb_slam/ORB_SLAM3/Thirdparty/g2o/g2o/types/../core/base_binary_edge.h:60:82:[m[K [01;35m[Kwarning: [m[K‘[01m[KEigen::AlignedBit[m[K’ is deprecated [[01;35m[K-Wdeprecated-declarations[m[K]
[3.854s]    60 | :Map<Matrix<double, Dj, Di>, Matrix<double, Dj, Di>::Flags & [01;35m[KAlignedBit[m[K ? Aligned : Unaligned > HessianBlockTransposedType;
[3.854s]       |                                                              [01;35m[K^~~~~~~~~~[m[K
[3.854s] 
[3.854s] In file included from [01m[K/usr/local/include/eigen3/Eigen/Core:161[m[K,
[3.854s]                  from [01m[K/usr/local/include/eigen3/Eigen/Dense:1[m[K,
[3.854s]                  from [01m[K/home/mantus/kol_bot/ros2_orb_slam/ros2_orb_slam/src/rgbd-slam-node.hpp:32[m[K,
[3.854s]                  from [01m[K/home/mantus/kol_bot/ros2_orb_slam/ros2_orb_slam/src/rgbd-slam-node.cpp:1[m[K:
[3.854s] [01m[K/usr/local/include/eigen3/Eigen/src/Core/util/Constants.h:167:37:[m[K [01;36m[Knote: [m[Kdeclared here
[3.854s]   167 | EIGEN_DEPRECATED const unsigned int [01;36m[KAlignedBit[m[K = 0x80;
[3.854s]       |                                     [01;36m[K^~~~~~~~~~[m[K
[3.896s] In file included from [01m[K/home/mantus/kol_bot/ros2_orb_slam/ros2_orb_slam/ORB_SLAM3/Thirdparty/g2o/g2o/types/types_six_dof_expmap.h:41[m[K,
[3.897s]                  from [01m[K/home/mantus/kol_bot/ros2_orb_slam/ros2_orb_slam/ORB_SLAM3/include/Converter.h:26[m[K,
[3.897s]                  from [01m[K/home/mantus/kol_bot/ros2_orb_slam/ros2_orb_slam/ORB_SLAM3/include/Frame.h:33[m[K,
[3.897s]                  from [01m[K/home/mantus/kol_bot/ros2_orb_slam/ros2_orb_slam/ORB_SLAM3/include/KeyFrame.h:28[m[K,
[3.897s]                  from [01m[K/home/mantus/kol_bot/ros2_orb_slam/ros2_orb_slam/ORB_SLAM3/include/MapPoint.h:23[m[K,
[3.897s]                  from [01m[K/home/mantus/kol_bot/ros2_orb_slam/ros2_orb_slam/ORB_SLAM3/include/FrameDrawer.h:24[m[K,
[3.897s]                  from [01m[K/home/mantus/kol_bot/ros2_orb_slam/ros2_orb_slam/ORB_SLAM3/include/Viewer.h:23[m[K,
[3.897s]                  from [01m[K/home/mantus/kol_bot/ros2_orb_slam/ros2_orb_slam/ORB_SLAM3/include/Tracking.h:26[m[K,
[3.897s]                  from [01m[K/home/mantus/kol_bot/ros2_orb_slam/ros2_orb_slam/ORB_SLAM3/include/System.h:31[m[K,
[3.897s]                  from [01m[K/home/mantus/kol_bot/ros2_orb_slam/ros2_orb_slam/src/rgbd-slam-node.hpp:39[m[K,
[3.897s]                  from [01m[K/home/mantus/kol_bot/ros2_orb_slam/ros2_orb_slam/src/rgbd-slam-node.cpp:1[m[K:
[3.897s] [01m[K/home/mantus/kol_bot/ros2_orb_slam/ros2_orb_slam/ORB_SLAM3/Thirdparty/g2o/g2o/types/se3quat.h:43:38:[m[K [01;35m[Kwarning: [m[Kextra ‘[01m[K;[m[K’ [[01;35m[K-Wpedantic[m[K]
[3.897s]    43 |       EIGEN_MAKE_ALIGNED_OPERATOR_NEW[01;35m[K;[m[K
[3.897s]       |                                      [01;35m[K^[m[K
[3.897s]       |                                      [31m[K-[m[K
[4.207s] In file included from [01m[K/home/mantus/kol_bot/ros2_orb_slam/ros2_orb_slam/ORB_SLAM3/Thirdparty/g2o/g2o/types/types_six_dof_expmap.h:37[m[K,
[4.207s]                  from [01m[K/home/mantus/kol_bot/ros2_orb_slam/ros2_orb_slam/ORB_SLAM3/include/Converter.h:26[m[K,
[4.207s]                  from [01m[K/home/mantus/kol_bot/ros2_orb_slam/ros2_orb_slam/ORB_SLAM3/include/Frame.h:33[m[K,
[4.207s]                  from [01m[K/home/mantus/kol_bot/ros2_orb_slam/ros2_orb_slam/ORB_SLAM3/include/KeyFrame.h:28[m[K,
[4.207s]                  from [01m[K/home/mantus/kol_bot/ros2_orb_slam/ros2_orb_slam/ORB_SLAM3/include/MapPoint.h:23[m[K,
[4.208s]                  from [01m[K/home/mantus/kol_bot/ros2_orb_slam/ros2_orb_slam/ORB_SLAM3/include/FrameDrawer.h:24[m[K,
[4.208s]                  from [01m[K/home/mantus/kol_bot/ros2_orb_slam/ros2_orb_slam/ORB_SLAM3/include/Viewer.h:23[m[K,
[4.208s]                  from [01m[K/home/mantus/kol_bot/ros2_orb_slam/ros2_orb_slam/ORB_SLAM3/include/Tracking.h:26[m[K,
[4.208s]                  from [01m[K/home/mantus/kol_bot/ros2_orb_slam/ros2_orb_slam/ORB_SLAM3/include/System.h:31[m[K,
[4.208s]                  from [01m[K/home/mantus/kol_bot/ros2_orb_slam/ros2_orb_slam/src/rgbd-slam-node.hpp:39[m[K,
[4.208s]                  from [01m[K/home/mantus/kol_bot/ros2_orb_slam/ros2_orb_slam/src/rgbd-slam-node.cpp:1[m[K:
[4.208s] /home/mantus/kol_bot/ros2_orb_slam/ros2_orb_slam/ORB_SLAM3/Thirdparty/g2o/g2o/types/../core/base_vertex.h: In instantiation of ‘[01m[Kclass g2o::BaseVertex<3, Eigen::Matrix<double, 3, 1> >[m[K’:
[4.208s] [01m[K/home/mantus/kol_bot/ros2_orb_slam/ros2_orb_slam/ORB_SLAM3/Thirdparty/g2o/g2o/types/types_sba.h:40:35:[m[K   required from here
[4.208s] [01m[K/home/mantus/kol_bot/ros2_orb_slam/ros2_orb_slam/ORB_SLAM3/Thirdparty/g2o/g2o/types/../core/base_vertex.h:62:72:[m[K [01;35m[Kwarning: [m[K‘[01m[KEigen::AlignedBit[m[K’ is deprecated [[01;35m[K-Wdeprecated-declarations[m[K]
[4.208s]    62 | f Eigen::Map<Matrix<double, D, D>, Matrix<double,D,D>::[01;35m[KFlags & AlignedBit[m[K ? Aligned : Unaligned >  HessianBlockType;
[4.208s]       |                                                        [01;35m[K~~~~~~^~~~~~~~~~~~[m[K
[4.208s] 
[4.208s] In file included from [01m[K/usr/local/include/eigen3/Eigen/Core:161[m[K,
[4.208s]                  from [01m[K/usr/local/include/eigen3/Eigen/Dense:1[m[K,
[4.208s]                  from [01m[K/home/mantus/kol_bot/ros2_orb_slam/ros2_orb_slam/src/rgbd-slam-node.hpp:32[m[K,
[4.208s]                  from [01m[K/home/mantus/kol_bot/ros2_orb_slam/ros2_orb_slam/src/rgbd-slam-node.cpp:1[m[K:
[4.208s] [01m[K/usr/local/include/eigen3/Eigen/src/Core/util/Constants.h:167:37:[m[K [01;36m[Knote: [m[Kdeclared here
[4.209s]   167 | EIGEN_DEPRECATED const unsigned int [01;36m[KAlignedBit[m[K = 0x80;
[4.209s]       |                                     [01;36m[K^~~~~~~~~~[m[K
[4.236s] In file included from [01m[K/home/mantus/kol_bot/ros2_orb_slam/ros2_orb_slam/ORB_SLAM3/Thirdparty/g2o/g2o/types/types_six_dof_expmap.h:37[m[K,
[4.236s]                  from [01m[K/home/mantus/kol_bot/ros2_orb_slam/ros2_orb_slam/ORB_SLAM3/include/Converter.h:26[m[K,
[4.236s]                  from [01m[K/home/mantus/kol_bot/ros2_orb_slam/ros2_orb_slam/ORB_SLAM3/include/Frame.h:33[m[K,
[4.236s]                  from [01m[K/home/mantus/kol_bot/ros2_orb_slam/ros2_orb_slam/ORB_SLAM3/include/KeyFrame.h:28[m[K,
[4.236s]                  from [01m[K/home/mantus/kol_bot/ros2_orb_slam/ros2_orb_slam/ORB_SLAM3/include/MapPoint.h:23[m[K,
[4.237s]                  from [01m[K/home/mantus/kol_bot/ros2_orb_slam/ros2_orb_slam/ORB_SLAM3/include/FrameDrawer.h:24[m[K,
[4.237s]                  from [01m[K/home/mantus/kol_bot/ros2_orb_slam/ros2_orb_slam/ORB_SLAM3/include/Viewer.h:23[m[K,
[4.237s]                  from [01m[K/home/mantus/kol_bot/ros2_orb_slam/ros2_orb_slam/ORB_SLAM3/include/Tracking.h:26[m[K,
[4.237s]                  from [01m[K/home/mantus/kol_bot/ros2_orb_slam/ros2_orb_slam/ORB_SLAM3/include/System.h:31[m[K,
[4.237s]                  from [01m[K/home/mantus/kol_bot/ros2_orb_slam/ros2_orb_slam/src/rgbd-slam-node.hpp:39[m[K,
[4.237s]                  from [01m[K/home/mantus/kol_bot/ros2_orb_slam/ros2_orb_slam/src/rgbd-slam-node.cpp:1[m[K:
[4.237s] /home/mantus/kol_bot/ros2_orb_slam/ros2_orb_slam/ORB_SLAM3/Thirdparty/g2o/g2o/types/../core/base_vertex.h: In instantiation of ‘[01m[Kclass g2o::BaseVertex<6, g2o::SE3Quat>[m[K’:
[4.237s] [01m[K/home/mantus/kol_bot/ros2_orb_slam/ros2_orb_slam/ORB_SLAM3/Thirdparty/g2o/g2o/types/types_six_dof_expmap.h:59:33:[m[K   required from here
[4.237s] [01m[K/home/mantus/kol_bot/ros2_orb_slam/ros2_orb_slam/ORB_SLAM3/Thirdparty/g2o/g2o/types/../core/base_vertex.h:62:72:[m[K [01;35m[Kwarning: [m[K‘[01m[KEigen::AlignedBit[m[K’ is deprecated [[01;35m[K-Wdeprecated-declarations[m[K]
[4.237s]    62 | f Eigen::Map<Matrix<double, D, D>, Matrix<double,D,D>::[01;35m[KFlags & AlignedBit[m[K ? Aligned : Unaligned >  HessianBlockType;
[4.237s]       |                                                        [01;35m[K~~~~~~^~~~~~~~~~~~[m[K
[4.237s] 
[4.237s] In file included from [01m[K/usr/local/include/eigen3/Eigen/Core:161[m[K,
[4.237s]                  from [01m[K/usr/local/include/eigen3/Eigen/Dense:1[m[K,
[4.238s]                  from [01m[K/home/mantus/kol_bot/ros2_orb_slam/ros2_orb_slam/src/rgbd-slam-node.hpp:32[m[K,
[4.238s]                  from [01m[K/home/mantus/kol_bot/ros2_orb_slam/ros2_orb_slam/src/rgbd-slam-node.cpp:1[m[K:
[4.238s] [01m[K/usr/local/include/eigen3/Eigen/src/Core/util/Constants.h:167:37:[m[K [01;36m[Knote: [m[Kdeclared here
[4.238s]   167 | EIGEN_DEPRECATED const unsigned int [01;36m[KAlignedBit[m[K = 0x80;
[4.238s]       |                                     [01;36m[K^~~~~~~~~~[m[K
[4.267s] In file included from [01m[K/home/mantus/kol_bot/ros2_orb_slam/ros2_orb_slam/ORB_SLAM3/Thirdparty/g2o/g2o/types/types_six_dof_expmap.h:38[m[K,
[4.267s]                  from [01m[K/home/mantus/kol_bot/ros2_orb_slam/ros2_orb_slam/ORB_SLAM3/include/Converter.h:26[m[K,
[4.268s]                  from [01m[K/home/mantus/kol_bot/ros2_orb_slam/ros2_orb_slam/ORB_SLAM3/include/Frame.h:33[m[K,
[4.268s]                  from [01m[K/home/mantus/kol_bot/ros2_orb_slam/ros2_orb_slam/ORB_SLAM3/include/KeyFrame.h:28[m[K,
[4.268s]                  from [01m[K/home/mantus/kol_bot/ros2_orb_slam/ros2_orb_slam/ORB_SLAM3/include/MapPoint.h:23[m[K,
[4.268s]                  from [01m[K/home/mantus/kol_bot/ros2_orb_slam/ros2_orb_slam/ORB_SLAM3/include/FrameDrawer.h:24[m[K,
[4.268s]                  from [01m[K/home/mantus/kol_bot/ros2_orb_slam/ros2_orb_slam/ORB_SLAM3/include/Viewer.h:23[m[K,
[4.268s]                  from [01m[K/home/mantus/kol_bot/ros2_orb_slam/ros2_orb_slam/ORB_SLAM3/include/Tracking.h:26[m[K,
[4.268s]                  from [01m[K/home/mantus/kol_bot/ros2_orb_slam/ros2_orb_slam/ORB_SLAM3/include/System.h:31[m[K,
[4.268s]                  from [01m[K/home/mantus/kol_bot/ros2_orb_slam/ros2_orb_slam/src/rgbd-slam-node.hpp:39[m[K,
[4.268s]                  from [01m[K/home/mantus/kol_bot/ros2_orb_slam/ros2_orb_slam/src/rgbd-slam-node.cpp:1[m[K:
[4.268s] /home/mantus/kol_bot/ros2_orb_slam/ros2_orb_slam/ORB_SLAM3/Thirdparty/g2o/g2o/types/../core/base_binary_edge.h: In instantiation of ‘[01m[Kclass g2o::BaseBinaryEdge<6, g2o::SE3Quat, g2o::VertexSE3Expmap, g2o::VertexSE3Expmap>[m[K’:
[4.268s] [01m[K/home/mantus/kol_bot/ros2_orb_slam/ros2_orb_slam/ORB_SLAM3/Thirdparty/g2o/g2o/types/types_six_dof_expmap.h:83:24:[m[K   required from here
[4.268s] [01m[K/home/mantus/kol_bot/ros2_orb_slam/ros2_orb_slam/ORB_SLAM3/Thirdparty/g2o/g2o/types/../core/base_binary_edge.h:59:80:[m[K [01;35m[Kwarning: [m[K‘[01m[KEigen::AlignedBit[m[K’ is deprecated [[01;35m[K-Wdeprecated-declarations[m[K]
[4.268s]    59 | n::Map<Matrix<double, Di, Dj>, Matrix<double, Di, Dj>::[01;35m[KFlags & AlignedBit[m[K ? Aligned : Unaligned > HessianBlockType;
[4.268s]       |                                                        [01;35m[K~~~~~~^~~~~~~~~~~~[m[K
[4.268s] 
[4.268s] In file included from [01m[K/usr/local/include/eigen3/Eigen/Core:161[m[K,
[4.269s]                  from [01m[K/usr/local/include/eigen3/Eigen/Dense:1[m[K,
[4.269s]                  from [01m[K/home/mantus/kol_bot/ros2_orb_slam/ros2_orb_slam/src/rgbd-slam-node.hpp:32[m[K,
[4.269s]                  from [01m[K/home/mantus/kol_bot/ros2_orb_slam/ros2_orb_slam/src/rgbd-slam-node.cpp:1[m[K:
[4.269s] [01m[K/usr/local/include/eigen3/Eigen/src/Core/util/Constants.h:167:37:[m[K [01;36m[Knote: [m[Kdeclared here
[4.269s]   167 | EIGEN_DEPRECATED const unsigned int [01;36m[KAlignedBit[m[K = 0x80;
[4.269s]       |                                     [01;36m[K^~~~~~~~~~[m[K
[4.269s] In file included from [01m[K/home/mantus/kol_bot/ros2_orb_slam/ros2_orb_slam/ORB_SLAM3/Thirdparty/g2o/g2o/types/types_six_dof_expmap.h:38[m[K,
[4.269s]                  from [01m[K/home/mantus/kol_bot/ros2_orb_slam/ros2_orb_slam/ORB_SLAM3/include/Converter.h:26[m[K,
[4.269s]                  from [01m[K/home/mantus/kol_bot/ros2_orb_slam/ros2_orb_slam/ORB_SLAM3/include/Frame.h:33[m[K,
[4.269s]                  from [01m[K/home/mantus/kol_bot/ros2_orb_slam/ros2_orb_slam/ORB_SLAM3/include/KeyFrame.h:28[m[K,
[4.269s]                  from [01m[K/home/mantus/kol_bot/ros2_orb_slam/ros2_orb_slam/ORB_SLAM3/include/MapPoint.h:23[m[K,
[4.269s]                  from [01m[K/home/mantus/kol_bot/ros2_orb_slam/ros2_orb_slam/ORB_SLAM3/include/FrameDrawer.h:24[m[K,
[4.269s]                  from [01m[K/home/mantus/kol_bot/ros2_orb_slam/ros2_orb_slam/ORB_SLAM3/include/Viewer.h:23[m[K,
[4.269s]                  from [01m[K/home/mantus/kol_bot/ros2_orb_slam/ros2_orb_slam/ORB_SLAM3/include/Tracking.h:26[m[K,
[4.269s]                  from [01m[K/home/mantus/kol_bot/ros2_orb_slam/ros2_orb_slam/ORB_SLAM3/include/System.h:31[m[K,
[4.269s]                  from [01m[K/home/mantus/kol_bot/ros2_orb_slam/ros2_orb_slam/src/rgbd-slam-node.hpp:39[m[K,
[4.269s]                  from [01m[K/home/mantus/kol_bot/ros2_orb_slam/ros2_orb_slam/src/rgbd-slam-node.cpp:1[m[K:
[4.269s] [01m[K/home/mantus/kol_bot/ros2_orb_slam/ros2_orb_slam/ORB_SLAM3/Thirdparty/g2o/g2o/types/../core/base_binary_edge.h:60:80:[m[K [01;35m[Kwarning: [m[K‘[01m[KEigen::AlignedBit[m[K’ is deprecated [[01;35m[K-Wdeprecated-declarations[m[K]
[4.269s]    60 | n::Map<Matrix<double, Dj, Di>, Matrix<double, Dj, Di>::[01;35m[KFlags & AlignedBit[m[K ? Aligned : Unaligned > HessianBlockTransposedType;
[4.269s]       |                                                        [01;35m[K~~~~~~^~~~~~~~~~~~[m[K
[4.269s] 
[4.269s] In file included from [01m[K/usr/local/include/eigen3/Eigen/Core:161[m[K,
[4.270s]                  from [01m[K/usr/local/include/eigen3/Eigen/Dense:1[m[K,
[4.270s]                  from [01m[K/home/mantus/kol_bot/ros2_orb_slam/ros2_orb_slam/src/rgbd-slam-node.hpp:32[m[K,
[4.270s]                  from [01m[K/home/mantus/kol_bot/ros2_orb_slam/ros2_orb_slam/src/rgbd-slam-node.cpp:1[m[K:
[4.270s] [01m[K/usr/local/include/eigen3/Eigen/src/Core/util/Constants.h:167:37:[m[K [01;36m[Knote: [m[Kdeclared here
[4.270s]   167 | EIGEN_DEPRECATED const unsigned int [01;36m[KAlignedBit[m[K = 0x80;
[4.270s]       |                                     [01;36m[K^~~~~~~~~~[m[K
[4.371s] In file included from [01m[K/home/mantus/kol_bot/ros2_orb_slam/ros2_orb_slam/ORB_SLAM3/Thirdparty/g2o/g2o/types/types_six_dof_expmap.h:38[m[K,
[4.371s]                  from [01m[K/home/mantus/kol_bot/ros2_orb_slam/ros2_orb_slam/ORB_SLAM3/include/Converter.h:26[m[K,
[4.371s]                  from [01m[K/home/mantus/kol_bot/ros2_orb_slam/ros2_orb_slam/ORB_SLAM3/include/Frame.h:33[m[K,
[4.371s]                  from [01m[K/home/mantus/kol_bot/ros2_orb_slam/ros2_orb_slam/ORB_SLAM3/include/KeyFrame.h:28[m[K,
[4.371s]                  from [01m[K/home/mantus/kol_bot/ros2_orb_slam/ros2_orb_slam/ORB_SLAM3/include/MapPoint.h:23[m[K,
[4.371s]                  from [01m[K/home/mantus/kol_bot/ros2_orb_slam/ros2_orb_slam/ORB_SLAM3/include/FrameDrawer.h:24[m[K,
[4.371s]                  from [01m[K/home/mantus/kol_bot/ros2_orb_slam/ros2_orb_slam/ORB_SLAM3/include/Viewer.h:23[m[K,
[4.371s]                  from [01m[K/home/mantus/kol_bot/ros2_orb_slam/ros2_orb_slam/ORB_SLAM3/include/Tracking.h:26[m[K,
[4.372s]                  from [01m[K/home/mantus/kol_bot/ros2_orb_slam/ros2_orb_slam/ORB_SLAM3/include/System.h:31[m[K,
[4.372s]                  from [01m[K/home/mantus/kol_bot/ros2_orb_slam/ros2_orb_slam/src/rgbd-slam-node.hpp:39[m[K,
[4.372s]                  from [01m[K/home/mantus/kol_bot/ros2_orb_slam/ros2_orb_slam/src/rgbd-slam-node.cpp:1[m[K:
[4.372s] /home/mantus/kol_bot/ros2_orb_slam/ros2_orb_slam/ORB_SLAM3/Thirdparty/g2o/g2o/types/../core/base_binary_edge.h: In instantiation of ‘[01m[Kclass g2o::BaseBinaryEdge<2, Eigen::Matrix<double, 2, 1>, g2o::VertexSBAPointXYZ, g2o::VertexSE3Expmap>[m[K’:
[4.372s] [01m[K/home/mantus/kol_bot/ros2_orb_slam/ros2_orb_slam/ORB_SLAM3/Thirdparty/g2o/g2o/types/types_six_dof_expmap.h:114:35:[m[K   required from here
[4.372s] [01m[K/home/mantus/kol_bot/ros2_orb_slam/ros2_orb_slam/ORB_SLAM3/Thirdparty/g2o/g2o/types/../core/base_binary_edge.h:59:80:[m[K [01;35m[Kwarning: [m[K‘[01m[KEigen::AlignedBit[m[K’ is deprecated [[01;35m[K-Wdeprecated-declarations[m[K]
[4.372s]    59 | n::Map<Matrix<double, Di, Dj>, Matrix<double, Di, Dj>::[01;35m[KFlags & AlignedBit[m[K ? Aligned : Unaligned > HessianBlockType;
[4.372s]       |                                                        [01;35m[K~~~~~~^~~~~~~~~~~~[m[K
[4.372s] 
[4.372s] In file included from [01m[K/usr/local/include/eigen3/Eigen/Core:161[m[K,
[4.372s]                  from [01m[K/usr/local/include/eigen3/Eigen/Dense:1[m[K,
[4.372s]                  from [01m[K/home/mantus/kol_bot/ros2_orb_slam/ros2_orb_slam/src/rgbd-slam-node.hpp:32[m[K,
[4.372s]                  from [01m[K/home/mantus/kol_bot/ros2_orb_slam/ros2_orb_slam/src/rgbd-slam-node.cpp:1[m[K:
[4.372s] [01m[K/usr/local/include/eigen3/Eigen/src/Core/util/Constants.h:167:37:[m[K [01;36m[Knote: [m[Kdeclared here
[4.372s]   167 | EIGEN_DEPRECATED const unsigned int [01;36m[KAlignedBit[m[K = 0x80;
[4.372s]       |                                     [01;36m[K^~~~~~~~~~[m[K
[4.388s] In file included from [01m[K/home/mantus/kol_bot/ros2_orb_slam/ros2_orb_slam/ORB_SLAM3/Thirdparty/g2o/g2o/types/types_six_dof_expmap.h:38[m[K,
[4.388s]                  from [01m[K/home/mantus/kol_bot/ros2_orb_slam/ros2_orb_slam/ORB_SLAM3/include/Converter.h:26[m[K,
[4.388s]                  from [01m[K/home/mantus/kol_bot/ros2_orb_slam/ros2_orb_slam/ORB_SLAM3/include/Frame.h:33[m[K,
[4.388s]                  from [01m[K/home/mantus/kol_bot/ros2_orb_slam/ros2_orb_slam/ORB_SLAM3/include/KeyFrame.h:28[m[K,
[4.388s]                  from [01m[K/home/mantus/kol_bot/ros2_orb_slam/ros2_orb_slam/ORB_SLAM3/include/MapPoint.h:23[m[K,
[4.388s]                  from [01m[K/home/mantus/kol_bot/ros2_orb_slam/ros2_orb_slam/ORB_SLAM3/include/FrameDrawer.h:24[m[K,
[4.388s]                  from [01m[K/home/mantus/kol_bot/ros2_orb_slam/ros2_orb_slam/ORB_SLAM3/include/Viewer.h:23[m[K,
[4.388s]                  from [01m[K/home/mantus/kol_bot/ros2_orb_slam/ros2_orb_slam/ORB_SLAM3/include/Tracking.h:26[m[K,
[4.389s]                  from [01m[K/home/mantus/kol_bot/ros2_orb_slam/ros2_orb_slam/ORB_SLAM3/include/System.h:31[m[K,
[4.389s]                  from [01m[K/home/mantus/kol_bot/ros2_orb_slam/ros2_orb_slam/src/rgbd-slam-node.hpp:39[m[K,
[4.389s]                  from [01m[K/home/mantus/kol_bot/ros2_orb_slam/ros2_orb_slam/src/rgbd-slam-node.cpp:1[m[K:
[4.389s] [01m[K/home/mantus/kol_bot/ros2_orb_slam/ros2_orb_slam/ORB_SLAM3/Thirdparty/g2o/g2o/types/../core/base_binary_edge.h:60:80:[m[K [01;35m[Kwarning: [m[K‘[01m[KEigen::AlignedBit[m[K’ is deprecated [[01;35m[K-Wdeprecated-declarations[m[K]
[4.389s]    60 | n::Map<Matrix<double, Dj, Di>, Matrix<double, Dj, Di>::[01;35m[KFlags & AlignedBit[m[K ? Aligned : Unaligned > HessianBlockTransposedType;
[4.389s]       |                                                        [01;35m[K~~~~~~^~~~~~~~~~~~[m[K
[4.389s] 
[4.389s] In file included from [01m[K/usr/local/include/eigen3/Eigen/Core:161[m[K,
[4.389s]                  from [01m[K/usr/local/include/eigen3/Eigen/Dense:1[m[K,
[4.389s]                  from [01m[K/home/mantus/kol_bot/ros2_orb_slam/ros2_orb_slam/src/rgbd-slam-node.hpp:32[m[K,
[4.389s]                  from [01m[K/home/mantus/kol_bot/ros2_orb_slam/ros2_orb_slam/src/rgbd-slam-node.cpp:1[m[K:
[4.389s] [01m[K/usr/local/include/eigen3/Eigen/src/Core/util/Constants.h:167:37:[m[K [01;36m[Knote: [m[Kdeclared here
[4.389s]   167 | EIGEN_DEPRECATED const unsigned int [01;36m[KAlignedBit[m[K = 0x80;
[4.389s]       |                                     [01;36m[K^~~~~~~~~~[m[K
[4.451s] In file included from [01m[K/home/mantus/kol_bot/ros2_orb_slam/ros2_orb_slam/ORB_SLAM3/Thirdparty/g2o/g2o/types/types_six_dof_expmap.h:38[m[K,
[4.451s]                  from [01m[K/home/mantus/kol_bot/ros2_orb_slam/ros2_orb_slam/ORB_SLAM3/include/Converter.h:26[m[K,
[4.452s]                  from [01m[K/home/mantus/kol_bot/ros2_orb_slam/ros2_orb_slam/ORB_SLAM3/include/Frame.h:33[m[K,
[4.452s]                  from [01m[K/home/mantus/kol_bot/ros2_orb_slam/ros2_orb_slam/ORB_SLAM3/include/KeyFrame.h:28[m[K,
[4.452s]                  from [01m[K/home/mantus/kol_bot/ros2_orb_slam/ros2_orb_slam/ORB_SLAM3/include/MapPoint.h:23[m[K,
[4.452s]                  from [01m[K/home/mantus/kol_bot/ros2_orb_slam/ros2_orb_slam/ORB_SLAM3/include/FrameDrawer.h:24[m[K,
[4.452s]                  from [01m[K/home/mantus/kol_bot/ros2_orb_slam/ros2_orb_slam/ORB_SLAM3/include/Viewer.h:23[m[K,
[4.452s]                  from [01m[K/home/mantus/kol_bot/ros2_orb_slam/ros2_orb_slam/ORB_SLAM3/include/Tracking.h:26[m[K,
[4.452s]                  from [01m[K/home/mantus/kol_bot/ros2_orb_slam/ros2_orb_slam/ORB_SLAM3/include/System.h:31[m[K,
[4.452s]                  from [01m[K/home/mantus/kol_bot/ros2_orb_slam/ros2_orb_slam/src/rgbd-slam-node.hpp:39[m[K,
[4.452s]                  from [01m[K/home/mantus/kol_bot/ros2_orb_slam/ros2_orb_slam/src/rgbd-slam-node.cpp:1[m[K:
[4.452s] /home/mantus/kol_bot/ros2_orb_slam/ros2_orb_slam/ORB_SLAM3/Thirdparty/g2o/g2o/types/../core/base_binary_edge.h: In instantiation of ‘[01m[Kclass g2o::BaseBinaryEdge<3, Eigen::Matrix<double, 3, 1>, g2o::VertexSBAPointXYZ, g2o::VertexSE3Expmap>[m[K’:
[4.452s] [01m[K/home/mantus/kol_bot/ros2_orb_slam/ros2_orb_slam/ORB_SLAM3/Thirdparty/g2o/g2o/types/types_six_dof_expmap.h:146:41:[m[K   required from here
[4.452s] [01m[K/home/mantus/kol_bot/ros2_orb_slam/ros2_orb_slam/ORB_SLAM3/Thirdparty/g2o/g2o/types/../core/base_binary_edge.h:59:80:[m[K [01;35m[Kwarning: [m[K‘[01m[KEigen::AlignedBit[m[K’ is deprecated [[01;35m[K-Wdeprecated-declarations[m[K]
[4.452s]    59 | n::Map<Matrix<double, Di, Dj>, Matrix<double, Di, Dj>::[01;35m[KFlags & AlignedBit[m[K ? Aligned : Unaligned > HessianBlockType;
[4.452s]       |                                                        [01;35m[K~~~~~~^~~~~~~~~~~~[m[K
[4.453s] 
[4.453s] In file included from [01m[K/usr/local/include/eigen3/Eigen/Core:161[m[K,
[4.453s]                  from [01m[K/usr/local/include/eigen3/Eigen/Dense:1[m[K,
[4.453s]                  from [01m[K/home/mantus/kol_bot/ros2_orb_slam/ros2_orb_slam/src/rgbd-slam-node.hpp:32[m[K,
[4.453s]                  from [01m[K/home/mantus/kol_bot/ros2_orb_slam/ros2_orb_slam/src/rgbd-slam-node.cpp:1[m[K:
[4.453s] [01m[K/usr/local/include/eigen3/Eigen/src/Core/util/Constants.h:167:37:[m[K [01;36m[Knote: [m[Kdeclared here
[4.453s]   167 | EIGEN_DEPRECATED const unsigned int [01;36m[KAlignedBit[m[K = 0x80;
[4.453s]       |                                     [01;36m[K^~~~~~~~~~[m[K
[4.453s] In file included from [01m[K/home/mantus/kol_bot/ros2_orb_slam/ros2_orb_slam/ORB_SLAM3/Thirdparty/g2o/g2o/types/types_six_dof_expmap.h:38[m[K,
[4.453s]                  from [01m[K/home/mantus/kol_bot/ros2_orb_slam/ros2_orb_slam/ORB_SLAM3/include/Converter.h:26[m[K,
[4.453s]                  from [01m[K/home/mantus/kol_bot/ros2_orb_slam/ros2_orb_slam/ORB_SLAM3/include/Frame.h:33[m[K,
[4.453s]                  from [01m[K/home/mantus/kol_bot/ros2_orb_slam/ros2_orb_slam/ORB_SLAM3/include/KeyFrame.h:28[m[K,
[4.453s]                  from [01m[K/home/mantus/kol_bot/ros2_orb_slam/ros2_orb_slam/ORB_SLAM3/include/MapPoint.h:23[m[K,
[4.453s]                  from [01m[K/home/mantus/kol_bot/ros2_orb_slam/ros2_orb_slam/ORB_SLAM3/include/FrameDrawer.h:24[m[K,
[4.453s]                  from [01m[K/home/mantus/kol_bot/ros2_orb_slam/ros2_orb_slam/ORB_SLAM3/include/Viewer.h:23[m[K,
[4.453s]                  from [01m[K/home/mantus/kol_bot/ros2_orb_slam/ros2_orb_slam/ORB_SLAM3/include/Tracking.h:26[m[K,
[4.453s]                  from [01m[K/home/mantus/kol_bot/ros2_orb_slam/ros2_orb_slam/ORB_SLAM3/include/System.h:31[m[K,
[4.454s]                  from [01m[K/home/mantus/kol_bot/ros2_orb_slam/ros2_orb_slam/src/rgbd-slam-node.hpp:39[m[K,
[4.454s]                  from [01m[K/home/mantus/kol_bot/ros2_orb_slam/ros2_orb_slam/src/rgbd-slam-node.cpp:1[m[K:
[4.454s] [01m[K/home/mantus/kol_bot/ros2_orb_slam/ros2_orb_slam/ORB_SLAM3/Thirdparty/g2o/g2o/types/../core/base_binary_edge.h:60:80:[m[K [01;35m[Kwarning: [m[K‘[01m[KEigen::AlignedBit[m[K’ is deprecated [[01;35m[K-Wdeprecated-declarations[m[K]
[4.454s]    60 | n::Map<Matrix<double, Dj, Di>, Matrix<double, Dj, Di>::[01;35m[KFlags & AlignedBit[m[K ? Aligned : Unaligned > HessianBlockTransposedType;
[4.454s]       |                                                        [01;35m[K~~~~~~^~~~~~~~~~~~[m[K
[4.454s] 
[4.454s] In file included from [01m[K/usr/local/include/eigen3/Eigen/Core:161[m[K,
[4.454s]                  from [01m[K/usr/local/include/eigen3/Eigen/Dense:1[m[K,
[4.454s]                  from [01m[K/home/mantus/kol_bot/ros2_orb_slam/ros2_orb_slam/src/rgbd-slam-node.hpp:32[m[K,
[4.454s]                  from [01m[K/home/mantus/kol_bot/ros2_orb_slam/ros2_orb_slam/src/rgbd-slam-node.cpp:1[m[K:
[4.454s] [01m[K/usr/local/include/eigen3/Eigen/src/Core/util/Constants.h:167:37:[m[K [01;36m[Knote: [m[Kdeclared here
[4.454s]   167 | EIGEN_DEPRECATED const unsigned int [01;36m[KAlignedBit[m[K = 0x80;
[4.454s]       |                                     [01;36m[K^~~~~~~~~~[m[K
[4.672s] In file included from [01m[K/home/mantus/kol_bot/ros2_orb_slam/ros2_orb_slam/ORB_SLAM3/Thirdparty/g2o/g2o/types/types_six_dof_expmap.h:37[m[K,
[4.672s]                  from [01m[K/home/mantus/kol_bot/ros2_orb_slam/ros2_orb_slam/ORB_SLAM3/include/Converter.h:26[m[K,
[4.672s]                  from [01m[K/home/mantus/kol_bot/ros2_orb_slam/ros2_orb_slam/ORB_SLAM3/include/Frame.h:33[m[K,
[4.672s]                  from [01m[K/home/mantus/kol_bot/ros2_orb_slam/ros2_orb_slam/ORB_SLAM3/include/KeyFrame.h:28[m[K,
[4.672s]                  from [01m[K/home/mantus/kol_bot/ros2_orb_slam/ros2_orb_slam/ORB_SLAM3/include/MapPoint.h:23[m[K,
[4.672s]                  from [01m[K/home/mantus/kol_bot/ros2_orb_slam/ros2_orb_slam/ORB_SLAM3/include/FrameDrawer.h:24[m[K,
[4.672s]                  from [01m[K/home/mantus/kol_bot/ros2_orb_slam/ros2_orb_slam/ORB_SLAM3/include/Viewer.h:23[m[K,
[4.672s]                  from [01m[K/home/mantus/kol_bot/ros2_orb_slam/ros2_orb_slam/ORB_SLAM3/include/Tracking.h:26[m[K,
[4.672s]                  from [01m[K/home/mantus/kol_bot/ros2_orb_slam/ros2_orb_slam/ORB_SLAM3/include/System.h:31[m[K,
[4.672s]                  from [01m[K/home/mantus/kol_bot/ros2_orb_slam/ros2_orb_slam/src/rgbd-slam-node.hpp:39[m[K,
[4.672s]                  from [01m[K/home/mantus/kol_bot/ros2_orb_slam/ros2_orb_slam/src/rgbd-slam-node.cpp:1[m[K:
[4.672s] /home/mantus/kol_bot/ros2_orb_slam/ros2_orb_slam/ORB_SLAM3/Thirdparty/g2o/g2o/types/../core/base_vertex.h: In instantiation of ‘[01m[Kclass g2o::BaseVertex<7, g2o::Sim3>[m[K’:
[4.673s] [01m[K/home/mantus/kol_bot/ros2_orb_slam/ros2_orb_slam/ORB_SLAM3/Thirdparty/g2o/g2o/types/types_seven_dof_expmap.h:48:35:[m[K   required from here
[4.673s] [01m[K/home/mantus/kol_bot/ros2_orb_slam/ros2_orb_slam/ORB_SLAM3/Thirdparty/g2o/g2o/types/../core/base_vertex.h:62:72:[m[K [01;35m[Kwarning: [m[K‘[01m[KEigen::AlignedBit[m[K’ is deprecated [[01;35m[K-Wdeprecated-declarations[m[K]
[4.673s]    62 | f Eigen::Map<Matrix<double, D, D>, Matrix<double,D,D>::[01;35m[KFlags & AlignedBit[m[K ? Aligned : Unaligned >  HessianBlockType;
[4.673s]       |                                                        [01;35m[K~~~~~~^~~~~~~~~~~~[m[K
[4.673s] 
[4.673s] In file included from [01m[K/usr/local/include/eigen3/Eigen/Core:161[m[K,
[4.673s]                  from [01m[K/usr/local/include/eigen3/Eigen/Dense:1[m[K,
[4.673s]                  from [01m[K/home/mantus/kol_bot/ros2_orb_slam/ros2_orb_slam/src/rgbd-slam-node.hpp:32[m[K,
[4.673s]                  from [01m[K/home/mantus/kol_bot/ros2_orb_slam/ros2_orb_slam/src/rgbd-slam-node.cpp:1[m[K:
[4.673s] [01m[K/usr/local/include/eigen3/Eigen/src/Core/util/Constants.h:167:37:[m[K [01;36m[Knote: [m[Kdeclared here
[4.673s]   167 | EIGEN_DEPRECATED const unsigned int [01;36m[KAlignedBit[m[K = 0x80;
[4.673s]       |                                     [01;36m[K^~~~~~~~~~[m[K
[4.703s] In file included from [01m[K/home/mantus/kol_bot/ros2_orb_slam/ros2_orb_slam/ORB_SLAM3/Thirdparty/g2o/g2o/types/types_six_dof_expmap.h:38[m[K,
[4.703s]                  from [01m[K/home/mantus/kol_bot/ros2_orb_slam/ros2_orb_slam/ORB_SLAM3/include/Converter.h:26[m[K,
[4.703s]                  from [01m[K/home/mantus/kol_bot/ros2_orb_slam/ros2_orb_slam/ORB_SLAM3/include/Frame.h:33[m[K,
[4.703s]                  from [01m[K/home/mantus/kol_bot/ros2_orb_slam/ros2_orb_slam/ORB_SLAM3/include/KeyFrame.h:28[m[K,
[4.703s]                  from [01m[K/home/mantus/kol_bot/ros2_orb_slam/ros2_orb_slam/ORB_SLAM3/include/MapPoint.h:23[m[K,
[4.703s]                  from [01m[K/home/mantus/kol_bot/ros2_orb_slam/ros2_orb_slam/ORB_SLAM3/include/FrameDrawer.h:24[m[K,
[4.704s]                  from [01m[K/home/mantus/kol_bot/ros2_orb_slam/ros2_orb_slam/ORB_SLAM3/include/Viewer.h:23[m[K,
[4.704s]                  from [01m[K/home/mantus/kol_bot/ros2_orb_slam/ros2_orb_slam/ORB_SLAM3/include/Tracking.h:26[m[K,
[4.704s]                  from [01m[K/home/mantus/kol_bot/ros2_orb_slam/ros2_orb_slam/ORB_SLAM3/include/System.h:31[m[K,
[4.704s]                  from [01m[K/home/mantus/kol_bot/ros2_orb_slam/ros2_orb_slam/src/rgbd-slam-node.hpp:39[m[K,
[4.704s]                  from [01m[K/home/mantus/kol_bot/ros2_orb_slam/ros2_orb_slam/src/rgbd-slam-node.cpp:1[m[K:
[4.704s] /home/mantus/kol_bot/ros2_orb_slam/ros2_orb_slam/ORB_SLAM3/Thirdparty/g2o/g2o/types/../core/base_binary_edge.h: In instantiation of ‘[01m[Kclass g2o::BaseBinaryEdge<7, g2o::Sim3, g2o::VertexSim3Expmap, g2o::VertexSim3Expmap>[m[K’:
[4.704s] [01m[K/home/mantus/kol_bot/ros2_orb_slam/ros2_orb_slam/ORB_SLAM3/Thirdparty/g2o/g2o/types/types_seven_dof_expmap.h:99:27:[m[K   required from here
[4.704s] [01m[K/home/mantus/kol_bot/ros2_orb_slam/ros2_orb_slam/ORB_SLAM3/Thirdparty/g2o/g2o/types/../core/base_binary_edge.h:59:80:[m[K [01;35m[Kwarning: [m[K‘[01m[KEigen::AlignedBit[m[K’ is deprecated [[01;35m[K-Wdeprecated-declarations[m[K]
[4.704s]    59 | n::Map<Matrix<double, Di, Dj>, Matrix<double, Di, Dj>::[01;35m[KFlags & AlignedBit[m[K ? Aligned : Unaligned > HessianBlockType;
[4.704s]       |                                                        [01;35m[K~~~~~~^~~~~~~~~~~~[m[K
[4.704s] 
[4.704s] In file included from [01m[K/usr/local/include/eigen3/Eigen/Core:161[m[K,
[4.704s]                  from [01m[K/usr/local/include/eigen3/Eigen/Dense:1[m[K,
[4.704s]                  from [01m[K/home/mantus/kol_bot/ros2_orb_slam/ros2_orb_slam/src/rgbd-slam-node.hpp:32[m[K,
[4.704s]                  from [01m[K/home/mantus/kol_bot/ros2_orb_slam/ros2_orb_slam/src/rgbd-slam-node.cpp:1[m[K:
[4.704s] [01m[K/usr/local/include/eigen3/Eigen/src/Core/util/Constants.h:167:37:[m[K [01;36m[Knote: [m[Kdeclared here
[4.705s]   167 | EIGEN_DEPRECATED const unsigned int [01;36m[KAlignedBit[m[K = 0x80;
[4.705s]       |                                     [01;36m[K^~~~~~~~~~[m[K
[4.705s] In file included from [01m[K/home/mantus/kol_bot/ros2_orb_slam/ros2_orb_slam/ORB_SLAM3/Thirdparty/g2o/g2o/types/types_six_dof_expmap.h:38[m[K,
[4.705s]                  from [01m[K/home/mantus/kol_bot/ros2_orb_slam/ros2_orb_slam/ORB_SLAM3/include/Converter.h:26[m[K,
[4.705s]                  from [01m[K/home/mantus/kol_bot/ros2_orb_slam/ros2_orb_slam/ORB_SLAM3/include/Frame.h:33[m[K,
[4.705s]                  from [01m[K/home/mantus/kol_bot/ros2_orb_slam/ros2_orb_slam/ORB_SLAM3/include/KeyFrame.h:28[m[K,
[4.705s]                  from [01m[K/home/mantus/kol_bot/ros2_orb_slam/ros2_orb_slam/ORB_SLAM3/include/MapPoint.h:23[m[K,
[4.705s]                  from [01m[K/home/mantus/kol_bot/ros2_orb_slam/ros2_orb_slam/ORB_SLAM3/include/FrameDrawer.h:24[m[K,
[4.705s]                  from [01m[K/home/mantus/kol_bot/ros2_orb_slam/ros2_orb_slam/ORB_SLAM3/include/Viewer.h:23[m[K,
[4.705s]                  from [01m[K/home/mantus/kol_bot/ros2_orb_slam/ros2_orb_slam/ORB_SLAM3/include/Tracking.h:26[m[K,
[4.705s]                  from [01m[K/home/mantus/kol_bot/ros2_orb_slam/ros2_orb_slam/ORB_SLAM3/include/System.h:31[m[K,
[4.705s]                  from [01m[K/home/mantus/kol_bot/ros2_orb_slam/ros2_orb_slam/src/rgbd-slam-node.hpp:39[m[K,
[4.705s]                  from [01m[K/home/mantus/kol_bot/ros2_orb_slam/ros2_orb_slam/src/rgbd-slam-node.cpp:1[m[K:
[4.705s] [01m[K/home/mantus/kol_bot/ros2_orb_slam/ros2_orb_slam/ORB_SLAM3/Thirdparty/g2o/g2o/types/../core/base_binary_edge.h:60:80:[m[K [01;35m[Kwarning: [m[K‘[01m[KEigen::AlignedBit[m[K’ is deprecated [[01;35m[K-Wdeprecated-declarations[m[K]
[4.705s]    60 | n::Map<Matrix<double, Dj, Di>, Matrix<double, Dj, Di>::[01;35m[KFlags & AlignedBit[m[K ? Aligned : Unaligned > HessianBlockTransposedType;
[4.705s]       |                                                        [01;35m[K~~~~~~^~~~~~~~~~~~[m[K
[4.705s] 
[4.706s] In file included from [01m[K/usr/local/include/eigen3/Eigen/Core:161[m[K,
[4.706s]                  from [01m[K/usr/local/include/eigen3/Eigen/Dense:1[m[K,
[4.706s]                  from [01m[K/home/mantus/kol_bot/ros2_orb_slam/ros2_orb_slam/src/rgbd-slam-node.hpp:32[m[K,
[4.706s]                  from [01m[K/home/mantus/kol_bot/ros2_orb_slam/ros2_orb_slam/src/rgbd-slam-node.cpp:1[m[K:
[4.706s] [01m[K/usr/local/include/eigen3/Eigen/src/Core/util/Constants.h:167:37:[m[K [01;36m[Knote: [m[Kdeclared here
[4.706s]   167 | EIGEN_DEPRECATED const unsigned int [01;36m[KAlignedBit[m[K = 0x80;
[4.706s]       |                                     [01;36m[K^~~~~~~~~~[m[K
[4.746s] In file included from [01m[K/home/mantus/kol_bot/ros2_orb_slam/ros2_orb_slam/ORB_SLAM3/Thirdparty/g2o/g2o/types/types_six_dof_expmap.h:38[m[K,
[4.746s]                  from [01m[K/home/mantus/kol_bot/ros2_orb_slam/ros2_orb_slam/ORB_SLAM3/include/Converter.h:26[m[K,
[4.747s]                  from [01m[K/home/mantus/kol_bot/ros2_orb_slam/ros2_orb_slam/ORB_SLAM3/include/Frame.h:33[m[K,
[4.747s]                  from [01m[K/home/mantus/kol_bot/ros2_orb_slam/ros2_orb_slam/ORB_SLAM3/include/KeyFrame.h:28[m[K,
[4.747s]                  from [01m[K/home/mantus/kol_bot/ros2_orb_slam/ros2_orb_slam/ORB_SLAM3/include/MapPoint.h:23[m[K,
[4.747s]                  from [01m[K/home/mantus/kol_bot/ros2_orb_slam/ros2_orb_slam/ORB_SLAM3/include/FrameDrawer.h:24[m[K,
[4.747s]                  from [01m[K/home/mantus/kol_bot/ros2_orb_slam/ros2_orb_slam/ORB_SLAM3/include/Viewer.h:23[m[K,
[4.747s]                  from [01m[K/home/mantus/kol_bot/ros2_orb_slam/ros2_orb_slam/ORB_SLAM3/include/Tracking.h:26[m[K,
[4.747s]                  from [01m[K/home/mantus/kol_bot/ros2_orb_slam/ros2_orb_slam/ORB_SLAM3/include/System.h:31[m[K,
[4.747s]                  from [01m[K/home/mantus/kol_bot/ros2_orb_slam/ros2_orb_slam/src/rgbd-slam-node.hpp:39[m[K,
[4.747s]                  from [01m[K/home/mantus/kol_bot/ros2_orb_slam/ros2_orb_slam/src/rgbd-slam-node.cpp:1[m[K:
[4.748s] /home/mantus/kol_bot/ros2_orb_slam/ros2_orb_slam/ORB_SLAM3/Thirdparty/g2o/g2o/types/../core/base_binary_edge.h: In instantiation of ‘[01m[Kclass g2o::BaseBinaryEdge<2, Eigen::Matrix<double, 2, 1>, g2o::VertexSBAPointXYZ, g2o::VertexSim3Expmap>[m[K’:
[4.748s] [01m[K/home/mantus/kol_bot/ros2_orb_slam/ros2_orb_slam/ORB_SLAM3/Thirdparty/g2o/g2o/types/types_seven_dof_expmap.h:130:36:[m[K   required from here
[4.748s] [01m[K/home/mantus/kol_bot/ros2_orb_slam/ros2_orb_slam/ORB_SLAM3/Thirdparty/g2o/g2o/types/../core/base_binary_edge.h:59:80:[m[K [01;35m[Kwarning: [m[K‘[01m[KEigen::AlignedBit[m[K’ is deprecated [[01;35m[K-Wdeprecated-declarations[m[K]
[4.748s]    59 | n::Map<Matrix<double, Di, Dj>, Matrix<double, Di, Dj>::[01;35m[KFlags & AlignedBit[m[K ? Aligned : Unaligned > HessianBlockType;
[4.748s]       |                                                        [01;35m[K~~~~~~^~~~~~~~~~~~[m[K
[4.748s] 
[4.748s] In file included from [01m[K/usr/local/include/eigen3/Eigen/Core:161[m[K,
[4.748s]                  from [01m[K/usr/local/include/eigen3/Eigen/Dense:1[m[K,
[4.748s]                  from [01m[K/home/mantus/kol_bot/ros2_orb_slam/ros2_orb_slam/src/rgbd-slam-node.hpp:32[m[K,
[4.748s]                  from [01m[K/home/mantus/kol_bot/ros2_orb_slam/ros2_orb_slam/src/rgbd-slam-node.cpp:1[m[K:
[4.748s] [01m[K/usr/local/include/eigen3/Eigen/src/Core/util/Constants.h:167:37:[m[K [01;36m[Knote: [m[Kdeclared here
[4.748s]   167 | EIGEN_DEPRECATED const unsigned int [01;36m[KAlignedBit[m[K = 0x80;
[4.748s]       |                                     [01;36m[K^~~~~~~~~~[m[K
[4.763s] In file included from [01m[K/home/mantus/kol_bot/ros2_orb_slam/ros2_orb_slam/ORB_SLAM3/Thirdparty/g2o/g2o/types/types_six_dof_expmap.h:38[m[K,
[4.763s]                  from [01m[K/home/mantus/kol_bot/ros2_orb_slam/ros2_orb_slam/ORB_SLAM3/include/Converter.h:26[m[K,
[4.763s]                  from [01m[K/home/mantus/kol_bot/ros2_orb_slam/ros2_orb_slam/ORB_SLAM3/include/Frame.h:33[m[K,
[4.763s]                  from [01m[K/home/mantus/kol_bot/ros2_orb_slam/ros2_orb_slam/ORB_SLAM3/include/KeyFrame.h:28[m[K,
[4.763s]                  from [01m[K/home/mantus/kol_bot/ros2_orb_slam/ros2_orb_slam/ORB_SLAM3/include/MapPoint.h:23[m[K,
[4.763s]                  from [01m[K/home/mantus/kol_bot/ros2_orb_slam/ros2_orb_slam/ORB_SLAM3/include/FrameDrawer.h:24[m[K,
[4.763s]                  from [01m[K/home/mantus/kol_bot/ros2_orb_slam/ros2_orb_slam/ORB_SLAM3/include/Viewer.h:23[m[K,
[4.763s]                  from [01m[K/home/mantus/kol_bot/ros2_orb_slam/ros2_orb_slam/ORB_SLAM3/include/Tracking.h:26[m[K,
[4.763s]                  from [01m[K/home/mantus/kol_bot/ros2_orb_slam/ros2_orb_slam/ORB_SLAM3/include/System.h:31[m[K,
[4.763s]                  from [01m[K/home/mantus/kol_bot/ros2_orb_slam/ros2_orb_slam/src/rgbd-slam-node.hpp:39[m[K,
[4.763s]                  from [01m[K/home/mantus/kol_bot/ros2_orb_slam/ros2_orb_slam/src/rgbd-slam-node.cpp:1[m[K:
[4.763s] [01m[K/home/mantus/kol_bot/ros2_orb_slam/ros2_orb_slam/ORB_SLAM3/Thirdparty/g2o/g2o/types/../core/base_binary_edge.h:60:80:[m[K [01;35m[Kwarning: [m[K‘[01m[KEigen::AlignedBit[m[K’ is deprecated [[01;35m[K-Wdeprecated-declarations[m[K]
[4.763s]    60 | n::Map<Matrix<double, Dj, Di>, Matrix<double, Dj, Di>::[01;35m[KFlags & AlignedBit[m[K ? Aligned : Unaligned > HessianBlockTransposedType;
[4.764s]       |                                                        [01;35m[K~~~~~~^~~~~~~~~~~~[m[K
[4.764s] 
[4.764s] In file included from [01m[K/usr/local/include/eigen3/Eigen/Core:161[m[K,
[4.764s]                  from [01m[K/usr/local/include/eigen3/Eigen/Dense:1[m[K,
[4.764s]                  from [01m[K/home/mantus/kol_bot/ros2_orb_slam/ros2_orb_slam/src/rgbd-slam-node.hpp:32[m[K,
[4.764s]                  from [01m[K/home/mantus/kol_bot/ros2_orb_slam/ros2_orb_slam/src/rgbd-slam-node.cpp:1[m[K:
[4.764s] [01m[K/usr/local/include/eigen3/Eigen/src/Core/util/Constants.h:167:37:[m[K [01;36m[Knote: [m[Kdeclared here
[4.764s]   167 | EIGEN_DEPRECATED const unsigned int [01;36m[KAlignedBit[m[K = 0x80;
[4.764s]       |                                     [01;36m[K^~~~~~~~~~[m[K
[4.834s] In file included from [01m[K/home/mantus/kol_bot/ros2_orb_slam/ros2_orb_slam/ORB_SLAM3/include/Frame.h:34[m[K,
[4.834s]                  from [01m[K/home/mantus/kol_bot/ros2_orb_slam/ros2_orb_slam/ORB_SLAM3/include/KeyFrame.h:28[m[K,
[4.834s]                  from [01m[K/home/mantus/kol_bot/ros2_orb_slam/ros2_orb_slam/ORB_SLAM3/include/MapPoint.h:23[m[K,
[4.834s]                  from [01m[K/home/mantus/kol_bot/ros2_orb_slam/ros2_orb_slam/ORB_SLAM3/include/FrameDrawer.h:24[m[K,
[4.834s]                  from [01m[K/home/mantus/kol_bot/ros2_orb_slam/ros2_orb_slam/ORB_SLAM3/include/Viewer.h:23[m[K,
[4.834s]                  from [01m[K/home/mantus/kol_bot/ros2_orb_slam/ros2_orb_slam/ORB_SLAM3/include/Tracking.h:26[m[K,
[4.834s]                  from [01m[K/home/mantus/kol_bot/ros2_orb_slam/ros2_orb_slam/ORB_SLAM3/include/System.h:31[m[K,
[4.834s]                  from [01m[K/home/mantus/kol_bot/ros2_orb_slam/ros2_orb_slam/src/rgbd-slam-node.hpp:39[m[K,
[4.834s]                  from [01m[K/home/mantus/kol_bot/ros2_orb_slam/ros2_orb_slam/src/rgbd-slam-node.cpp:1[m[K:
[4.834s] [01m[K/home/mantus/kol_bot/ros2_orb_slam/ros2_orb_slam/ORB_SLAM3/include/Settings.h:232:2:[m[K [01;35m[Kwarning: [m[Kextra ‘[01m[K;[m[K’ [[01;35m[K-Wpedantic[m[K]
[4.835s]   232 | }[01;35m[K;[m[K
[4.835s]       |  [01;35m[K^[m[K
[5.334s] In file included from [01m[K/home/mantus/kol_bot/ros2_orb_slam/ros2_orb_slam/ORB_SLAM3/include/Atlas.h:26[m[K,
[5.335s]                  from [01m[K/home/mantus/kol_bot/ros2_orb_slam/ros2_orb_slam/ORB_SLAM3/include/FrameDrawer.h:25[m[K,
[5.335s]                  from [01m[K/home/mantus/kol_bot/ros2_orb_slam/ros2_orb_slam/ORB_SLAM3/include/Viewer.h:23[m[K,
[5.335s]                  from [01m[K/home/mantus/kol_bot/ros2_orb_slam/ros2_orb_slam/ORB_SLAM3/include/Tracking.h:26[m[K,
[5.335s]                  from [01m[K/home/mantus/kol_bot/ros2_orb_slam/ros2_orb_slam/ORB_SLAM3/include/System.h:31[m[K,
[5.335s]                  from [01m[K/home/mantus/kol_bot/ros2_orb_slam/ros2_orb_slam/src/rgbd-slam-node.hpp:39[m[K,
[5.335s]                  from [01m[K/home/mantus/kol_bot/ros2_orb_slam/ros2_orb_slam/src/rgbd-slam-node.cpp:1[m[K:
[5.335s] [01m[K/home/mantus/kol_bot/ros2_orb_slam/ros2_orb_slam/ORB_SLAM3/include/CameraModels/Pinhole.h:[m[K In member function ‘[01m[Kvirtual bool ORB_SLAM3::Pinhole::matchAndtriangulate(const cv::KeyPoint&, const cv::KeyPoint&, ORB_SLAM3::GeometricCamera*, Sophus::SE3f&, Sophus::SE3f&, float, float, Eigen::Vector3f&)[m[K’:
[5.335s] [01m[K/home/mantus/kol_bot/ros2_orb_slam/ros2_orb_slam/ORB_SLAM3/include/CameraModels/Pinhole.h:83:54:[m[K [01;35m[Kwarning: [m[Kunused parameter ‘[01m[Kkp1[m[K’ [[01;35m[K-Wunused-parameter[m[K]
[5.335s]    83 |         bool matchAndtriangulate([01;35m[Kconst cv::KeyPoint& kp1[m[K, const cv::KeyPoint& kp2, GeometricCamera* pOther,
[5.335s]       |                                  [01;35m[K~~~~~~~~~~~~~~~~~~~~^~~[m[K
[5.335s] [01m[K/home/mantus/kol_bot/ros2_orb_slam/ros2_orb_slam/ORB_SLAM3/include/CameraModels/Pinhole.h:83:79:[m[K [01;35m[Kwarning: [m[Kunused parameter ‘[01m[Kkp2[m[K’ [[01;35m[K-Wunused-parameter[m[K]
[5.335s]    83 | hAndtriangulate(const cv::KeyPoint& kp1, [01;35m[Kconst cv::KeyPoint& kp2[m[K, GeometricCamera* pOther,
[5.336s]       |                                          [01;35m[K~~~~~~~~~~~~~~~~~~~~^~~[m[K
[5.336s] 
[5.336s] [01m[K/home/mantus/kol_bot/ros2_orb_slam/ros2_orb_slam/ORB_SLAM3/include/CameraModels/Pinhole.h:83:101:[m[K [01;35m[Kwarning: [m[Kunused parameter ‘[01m[KpOther[m[K’ [[01;35m[K-Wunused-parameter[m[K]
[5.336s]    83 | cv::KeyPoint& kp1, const cv::KeyPoint& kp2, [01;35m[KGeometricCamera* pOther[m[K,
[5.336s]       |                                             [01;35m[K~~~~~~~~~~~~~~~~~^~~~~~[m[K
[5.336s] 
[5.336s] [01m[K/home/mantus/kol_bot/ros2_orb_slam/ros2_orb_slam/ORB_SLAM3/include/CameraModels/Pinhole.h:84:48:[m[K [01;35m[Kwarning: [m[Kunused parameter ‘[01m[KTcw1[m[K’ [[01;35m[K-Wunused-parameter[m[K]
[5.336s]    84 |                                  [01;35m[KSophus::SE3f& Tcw1[m[K, Sophus::SE3f& Tcw2,
[5.336s]       |                                  [01;35m[K~~~~~~~~~~~~~~^~~~[m[K
[5.336s] [01m[K/home/mantus/kol_bot/ros2_orb_slam/ros2_orb_slam/ORB_SLAM3/include/CameraModels/Pinhole.h:84:68:[m[K [01;35m[Kwarning: [m[Kunused parameter ‘[01m[KTcw2[m[K’ [[01;35m[K-Wunused-parameter[m[K]
[5.336s]    84 |                                  Sophus::SE3f& Tcw1, [01;35m[KSophus::SE3f& Tcw2[m[K,
[5.336s]       |                                                      [01;35m[K~~~~~~~~~~~~~~^~~~[m[K
[5.336s] [01m[K/home/mantus/kol_bot/ros2_orb_slam/ros2_orb_slam/ORB_SLAM3/include/CameraModels/Pinhole.h:85:46:[m[K [01;35m[Kwarning: [m[Kunused parameter ‘[01m[KsigmaLevel1[m[K’ [[01;35m[K-Wunused-parameter[m[K]
[5.336s]    85 |                                  [01;35m[Kconst float sigmaLevel1[m[K, const float sigmaLevel2,
[5.336s]       |                                  [01;35m[K~~~~~~~~~~~~^~~~~~~~~~~[m[K
[5.336s] [01m[K/home/mantus/kol_bot/ros2_orb_slam/ros2_orb_slam/ORB_SLAM3/include/CameraModels/Pinhole.h:85:71:[m[K [01;35m[Kwarning: [m[Kunused parameter ‘[01m[KsigmaLevel2[m[K’ [[01;35m[K-Wunused-parameter[m[K]
[5.337s]    85 |                               const float sigmaLevel1, [01;35m[Kconst float sigmaLevel2[m[K,
[5.337s]       |                                                        [01;35m[K~~~~~~~~~~~~^~~~~~~~~~~[m[K
[5.337s] 
[5.337s] [01m[K/home/mantus/kol_bot/ros2_orb_slam/ros2_orb_slam/ORB_SLAM3/include/CameraModels/Pinhole.h:86:51:[m[K [01;35m[Kwarning: [m[Kunused parameter ‘[01m[Kx3Dtriangulated[m[K’ [[01;35m[K-Wunused-parameter[m[K]
[5.337s]    86 |                                  [01;35m[KEigen::Vector3f& x3Dtriangulated[m[K) { return false;}
[5.337s]       |                                  [01;35m[K~~~~~~~~~~~~~~~~~^~~~~~~~~~~~~~~[m[K
[5.337s] In file included from [01m[K/home/mantus/kol_bot/ros2_orb_slam/ros2_orb_slam/ORB_SLAM3/include/Atlas.h:27[m[K,
[5.337s]                  from [01m[K/home/mantus/kol_bot/ros2_orb_slam/ros2_orb_slam/ORB_SLAM3/include/FrameDrawer.h:25[m[K,
[5.337s]                  from [01m[K/home/mantus/kol_bot/ros2_orb_slam/ros2_orb_slam/ORB_SLAM3/include/Viewer.h:23[m[K,
[5.337s]                  from [01m[K/home/mantus/kol_bot/ros2_orb_slam/ros2_orb_slam/ORB_SLAM3/include/Tracking.h:26[m[K,
[5.337s]                  from [01m[K/home/mantus/kol_bot/ros2_orb_slam/ros2_orb_slam/ORB_SLAM3/include/System.h:31[m[K,
[5.337s]                  from [01m[K/home/mantus/kol_bot/ros2_orb_slam/ros2_orb_slam/src/rgbd-slam-node.hpp:39[m[K,
[5.337s]                  from [01m[K/home/mantus/kol_bot/ros2_orb_slam/ros2_orb_slam/src/rgbd-slam-node.cpp:1[m[K:
[5.337s] [01m[K/home/mantus/kol_bot/ros2_orb_slam/ros2_orb_slam/ORB_SLAM3/include/CameraModels/KannalaBrandt8.h:[m[K In constructor ‘[01m[KORB_SLAM3::KannalaBrandt8::KannalaBrandt8(std::vector<float>)[m[K’:
[5.337s] [01m[K/home/mantus/kol_bot/ros2_orb_slam/ros2_orb_slam/ORB_SLAM3/include/CameraModels/KannalaBrandt8.h:102:21:[m[K [01;35m[Kwarning: [m[K‘[01m[KORB_SLAM3::KannalaBrandt8::precision[m[K’ will be initialized after [[01;35m[K-Wreorder[m[K]
[5.337s]   102 |         const float [01;35m[Kprecision[m[K;
[5.338s]       |                     [01;35m[K^~~~~~~~~[m[K
[5.338s] [01m[K/home/mantus/kol_bot/ros2_orb_slam/ros2_orb_slam/ORB_SLAM3/include/CameraModels/KannalaBrandt8.h:88:26:[m[K [01;35m[Kwarning: [m[K  ‘[01m[Kstd::vector<int> ORB_SLAM3::KannalaBrandt8::mvLappingArea[m[K’ [[01;35m[K-Wreorder[m[K]
[5.338s]    88 |         std::vector<int> [01;35m[KmvLappingArea[m[K;
[5.338s]       |                          [01;35m[K^~~~~~~~~~~~~[m[K
[5.338s] In file included from [01m[K/home/mantus/kol_bot/ros2_orb_slam/ros2_orb_slam/ORB_SLAM3/include/Atlas.h:27[m[K,
[5.338s]                  from [01m[K/home/mantus/kol_bot/ros2_orb_slam/ros2_orb_slam/ORB_SLAM3/include/FrameDrawer.h:25[m[K,
[5.338s]                  from [01m[K/home/mantus/kol_bot/ros2_orb_slam/ros2_orb_slam/ORB_SLAM3/include/Viewer.h:23[m[K,
[5.338s]                  from [01m[K/home/mantus/kol_bot/ros2_orb_slam/ros2_orb_slam/ORB_SLAM3/include/Tracking.h:26[m[K,
[5.338s]                  from [01m[K/home/mantus/kol_bot/ros2_orb_slam/ros2_orb_slam/ORB_SLAM3/include/System.h:31[m[K,
[5.338s]                  from [01m[K/home/mantus/kol_bot/ros2_orb_slam/ros2_orb_slam/src/rgbd-slam-node.hpp:39[m[K,
[5.338s]                  from [01m[K/home/mantus/kol_bot/ros2_orb_slam/ros2_orb_slam/src/rgbd-slam-node.cpp:1[m[K:
[5.338s] [01m[K/home/mantus/kol_bot/ros2_orb_slam/ros2_orb_slam/ORB_SLAM3/include/CameraModels/KannalaBrandt8.h:47:9:[m[K [01;35m[Kwarning: [m[K  when initialized here [[01;35m[K-Wreorder[m[K]
[5.338s]    47 |         [01;35m[KKannalaBrandt8[m[K(const std::vector<float> _vParameters) : GeometricCamera(_vParameters), precision(1e-6), mvLappingArea(2,0) ,tvr(nullptr) {
[5.338s]       |         [01;35m[K^~~~~~~~~~~~~~[m[K
[5.338s] In file included from [01m[K/home/mantus/kol_bot/ros2_orb_slam/ros2_orb_slam/ORB_SLAM3/include/Atlas.h:27[m[K,
[5.338s]                  from [01m[K/home/mantus/kol_bot/ros2_orb_slam/ros2_orb_slam/ORB_SLAM3/include/FrameDrawer.h:25[m[K,
[5.339s]                  from [01m[K/home/mantus/kol_bot/ros2_orb_slam/ros2_orb_slam/ORB_SLAM3/include/Viewer.h:23[m[K,
[5.339s]                  from [01m[K/home/mantus/kol_bot/ros2_orb_slam/ros2_orb_slam/ORB_SLAM3/include/Tracking.h:26[m[K,
[5.339s]                  from [01m[K/home/mantus/kol_bot/ros2_orb_slam/ros2_orb_slam/ORB_SLAM3/include/System.h:31[m[K,
[5.339s]                  from [01m[K/home/mantus/kol_bot/ros2_orb_slam/ros2_orb_slam/src/rgbd-slam-node.hpp:39[m[K,
[5.339s]                  from [01m[K/home/mantus/kol_bot/ros2_orb_slam/ros2_orb_slam/src/rgbd-slam-node.cpp:1[m[K:
[5.339s] [01m[K/home/mantus/kol_bot/ros2_orb_slam/ros2_orb_slam/ORB_SLAM3/include/CameraModels/KannalaBrandt8.h:[m[K In constructor ‘[01m[KORB_SLAM3::KannalaBrandt8::KannalaBrandt8(std::vector<float>, float)[m[K’:
[5.339s] [01m[K/home/mantus/kol_bot/ros2_orb_slam/ros2_orb_slam/ORB_SLAM3/include/CameraModels/KannalaBrandt8.h:102:21:[m[K [01;35m[Kwarning: [m[K‘[01m[KORB_SLAM3::KannalaBrandt8::precision[m[K’ will be initialized after [[01;35m[K-Wreorder[m[K]
[5.339s]   102 |         const float [01;35m[Kprecision[m[K;
[5.339s]       |                     [01;35m[K^~~~~~~~~[m[K
[5.339s] [01m[K/home/mantus/kol_bot/ros2_orb_slam/ros2_orb_slam/ORB_SLAM3/include/CameraModels/KannalaBrandt8.h:88:26:[m[K [01;35m[Kwarning: [m[K  ‘[01m[Kstd::vector<int> ORB_SLAM3::KannalaBrandt8::mvLappingArea[m[K’ [[01;35m[K-Wreorder[m[K]
[5.339s]    88 |         std::vector<int> [01;35m[KmvLappingArea[m[K;
[5.339s]       |                          [01;35m[K^~~~~~~~~~~~~[m[K
[5.339s] [01m[K/home/mantus/kol_bot/ros2_orb_slam/ros2_orb_slam/ORB_SLAM3/include/CameraModels/KannalaBrandt8.h:53:9:[m[K [01;35m[Kwarning: [m[K  when initialized here [[01;35m[K-Wreorder[m[K]
[5.339s]    53 |         [01;35m[KKannalaBrandt8[m[K(const std::vector<float> _vParameters, const float _precision) : GeometricCamera(_vParameters),
[5.339s]       |         [01;35m[K^~~~~~~~~~~~~~[m[K
[5.339s] [01m[K/home/mantus/kol_bot/ros2_orb_slam/ros2_orb_slam/ORB_SLAM3/include/CameraModels/KannalaBrandt8.h:[m[K In constructor ‘[01m[KORB_SLAM3::KannalaBrandt8::KannalaBrandt8(ORB_SLAM3::KannalaBrandt8*)[m[K’:
[5.339s] [01m[K/home/mantus/kol_bot/ros2_orb_slam/ros2_orb_slam/ORB_SLAM3/include/CameraModels/KannalaBrandt8.h:102:21:[m[K [01;35m[Kwarning: [m[K‘[01m[KORB_SLAM3::KannalaBrandt8::precision[m[K’ will be initialized after [[01;35m[K-Wreorder[m[K]
[5.340s]   102 |         const float [01;35m[Kprecision[m[K;
[5.340s]       |                     [01;35m[K^~~~~~~~~[m[K
[5.340s] [01m[K/home/mantus/kol_bot/ros2_orb_slam/ros2_orb_slam/ORB_SLAM3/include/CameraModels/KannalaBrandt8.h:88:26:[m[K [01;35m[Kwarning: [m[K  ‘[01m[Kstd::vector<int> ORB_SLAM3::KannalaBrandt8::mvLappingArea[m[K’ [[01;35m[K-Wreorder[m[K]
[5.340s]    88 |         std::vector<int> [01;35m[KmvLappingArea[m[K;
[5.340s]       |                          [01;35m[K^~~~~~~~~~~~~[m[K
[5.340s] [01m[K/home/mantus/kol_bot/ros2_orb_slam/ros2_orb_slam/ORB_SLAM3/include/CameraModels/KannalaBrandt8.h:59:9:[m[K [01;35m[Kwarning: [m[K  when initialized here [[01;35m[K-Wreorder[m[K]
[5.340s]    59 |         [01;35m[KKannalaBrandt8[m[K(KannalaBrandt8* pKannala) : GeometricCamera(pKannala->mvParameters), precision(pKannala->precision), mvLappingArea(2,0) ,tvr(nullptr) {
[5.340s]       |         [01;35m[K^~~~~~~~~~~~~~[m[K
[5.521s] [01m[K/home/mantus/kol_bot/ros2_orb_slam/ros2_orb_slam/src/rgbd-slam-node.cpp:[m[K In function ‘[01m[Ksensor_msgs::msg::PointCloud2 tracked_mappoints_to_pointcloud(std::vector<ORB_SLAM3::MapPoint*>, rclcpp::Time)[m[K’:
[5.521s] [01m[K/home/mantus/kol_bot/ros2_orb_slam/ros2_orb_slam/src/rgbd-slam-node.cpp:105:40:[m[K [01;35m[Kwarning: [m[Knarrowing conversion of ‘[01m[K(tf2Scalar)point_translation.tf2::Vector3::x()[m[K’ from ‘[01m[Ktf2Scalar[m[K’ {aka ‘[01m[Kdouble[m[K’} to ‘[01m[Kfloat[m[K’ [[01;35m[K-Wnarrowing[m[K]
[5.521s]   105 |                     [01;35m[Kpoint_translation.x()[m[K, point_translation.y(), point_translation.z()};
[5.521s]       |                     [01;35m[K~~~~~~~~~~~~~~~~~~~^~[m[K
[5.522s] [01m[K/home/mantus/kol_bot/ros2_orb_slam/ros2_orb_slam/src/rgbd-slam-node.cpp:105:63:[m[K [01;35m[Kwarning: [m[Knarrowing conversion of ‘[01m[K(tf2Scalar)point_translation.tf2::Vector3::y()[m[K’ from ‘[01m[Ktf2Scalar[m[K’ {aka ‘[01m[Kdouble[m[K’} to ‘[01m[Kfloat[m[K’ [[01;35m[K-Wnarrowing[m[K]
[5.522s]   105 |                    point_translation.x(), [01;35m[Kpoint_translation.y()[m[K, point_translation.z()};
[5.522s]       |                                           [01;35m[K~~~~~~~~~~~~~~~~~~~^~[m[K
[5.522s] 
[5.522s] [01m[K/home/mantus/kol_bot/ros2_orb_slam/ros2_orb_slam/src/rgbd-slam-node.cpp:105:86:[m[K [01;35m[Kwarning: [m[Knarrowing conversion of ‘[01m[K(tf2Scalar)point_translation.tf2::Vector3::z()[m[K’ from ‘[01m[Ktf2Scalar[m[K’ {aka ‘[01m[Kdouble[m[K’} to ‘[01m[Kfloat[m[K’ [[01;35m[K-Wnarrowing[m[K]
[5.522s]   105 | t_translation.x(), point_translation.y(), [01;35m[Kpoint_translation.z()[m[K};
[5.522s]       |                                           [01;35m[K~~~~~~~~~~~~~~~~~~~^~[m[K
[5.522s] 
[5.602s] [01m[K/home/mantus/kol_bot/ros2_orb_slam/ros2_orb_slam/src/rgbd-slam-node.cpp:[m[K In constructor ‘[01m[KRgbdSlamNode::RgbdSlamNode(ORB_SLAM3::System*)[m[K’:
[5.602s] [01m[K/home/mantus/kol_bot/ros2_orb_slam/ros2_orb_slam/src/rgbd-slam-node.cpp:144:71:[m[K [01;31m[Kerror: [m[Kno match for call to ‘[01m[K(std::shared_ptr<message_filters::Synchronizer<message_filters::sync_policies::ApproximateTime<sensor_msgs::msg::Image_<std::allocator<void> >, sensor_msgs::msg::Image_<std::allocator<void> > > > >) (RgbdSlamNode::approximate_sync_policy, std::__shared_ptr_access<message_filters::Subscriber<sensor_msgs::msg::Image_<std::allocator<void> > >, __gnu_cxx::_S_atomic, false, false>::element_type&, std::__shared_ptr_access<message_filters::Subscriber<sensor_msgs::msg::Image_<std::allocator<void> > >, __gnu_cxx::_S_atomic, false, false>::element_type&)[m[K’
[5.602s]   144 |     syncApproximate (approximate_sync_policy(10), *rgb_sub, *depth_sub[01;31m[K)[m[K;
[5.602s]       |                                                                       [01;31m[K^[m[K
[5.602s] [01m[K/home/mantus/kol_bot/ros2_orb_slam/ros2_orb_slam/src/rgbd-slam-node.cpp:145:21:[m[K [01;31m[Kerror: [m[K‘[01m[Kclass std::shared_ptr<message_filters::Synchronizer<message_filters::sync_policies::ApproximateTime<sensor_msgs::msg::Image_<std::allocator<void> >, sensor_msgs::msg::Image_<std::allocator<void> > > > >[m[K’ has no member named ‘[01m[KregisterCallback[m[K’
[5.602s]   145 |     syncApproximate.[01;31m[KregisterCallback[m[K(&RgbdSlamNode::GrabRGBD, this);
[5.602s]       |                     [01;31m[K^~~~~~~~~~~~~~~~[m[K
[12.388s] make[2]: *** [CMakeFiles/slam.dir/build.make:76: CMakeFiles/slam.dir/src/rgbd-slam-node.cpp.o] Error 1
[12.388s] make[1]: *** [CMakeFiles/Makefile2:78: CMakeFiles/slam.dir/all] Error 2
[12.388s] make: *** [Makefile:141: all] Error 2
[12.390s] Invoked command in '/home/mantus/kol_bot/ros2_orb_slam/ros2_orb_slam/build/ros2_orb_slam' returned '2': CMAKE_PREFIX_PATH=${CMAKE_PREFIX_PATH}:/opt/ros/foxy /usr/bin/cmake --build /home/mantus/kol_bot/ros2_orb_slam/ros2_orb_slam/build/ros2_orb_slam -- -j16 -l16
