[0.115s] DEBUG:colcon:Command line arguments: ['/usr/bin/colcon', 'build']
[0.115s] DEBUG:colcon:Parsed command line arguments: Namespace(allow_overriding=[], ament_cmake_args=None, base_paths=['.'], build_base='build', catkin_cmake_args=None, catkin_skip_building_tests=False, cmake_args=None, cmake_clean_cache=False, cmake_clean_first=False, cmake_force_configure=False, cmake_target=None, cmake_target_skip_unavailable=False, continue_on_error=False, event_handlers=None, executor='parallel', ignore_user_meta=False, install_base='install', log_base=None, log_level=None, main=<bound method BuildVerb.main of <colcon_core.verb.build.BuildVerb object at 0x7f7b1beeae80>>, merge_install=False, metas=['./colcon.meta'], packages_above=None, packages_above_and_dependencies=None, packages_above_depth=None, packages_end=None, packages_ignore=None, packages_ignore_regex=None, packages_select=None, packages_select_build_failed=False, packages_select_by_dep=None, packages_select_regex=None, packages_select_test_failures=False, packages_skip=None, packages_skip_build_finished=False, packages_skip_by_dep=None, packages_skip_regex=None, packages_skip_test_passed=False, packages_skip_up_to=None, packages_start=None, packages_up_to=None, packages_up_to_regex=None, parallel_workers=16, paths=None, symlink_install=False, test_result_base=None, verb_extension=<colcon_core.verb.build.BuildVerb object at 0x7f7b1beeae80>, verb_name='build', verb_parser=<colcon_defaults.argument_parser.defaults.DefaultArgumentsDecorator object at 0x7f7b1be75430>)
[0.132s] Level 1:colcon.colcon_core.package_discovery:discover_packages(colcon_meta) check parameters
[0.133s] Level 1:colcon.colcon_core.package_discovery:discover_packages(recursive) check parameters
[0.133s] Level 1:colcon.colcon_core.package_discovery:discover_packages(ignore) check parameters
[0.133s] Level 1:colcon.colcon_core.package_discovery:discover_packages(path) check parameters
[0.133s] Level 1:colcon.colcon_core.package_discovery:discover_packages(colcon_meta) discover
[0.133s] Level 1:colcon.colcon_core.package_discovery:discover_packages(recursive) discover
[0.133s] INFO:colcon.colcon_core.package_discovery:Crawling recursively for packages in '/home/mantus/kol_bot/ros2_orb_slam/ros2_orb_slam'
[0.133s] Level 1:colcon.colcon_core.package_identification:_identify(.) by extensions ['ignore', 'ignore_ament_install']
[0.133s] Level 1:colcon.colcon_core.package_identification:_identify(.) by extension 'ignore'
[0.133s] Level 1:colcon.colcon_core.package_identification:_identify(.) by extension 'ignore_ament_install'
[0.133s] Level 1:colcon.colcon_core.package_identification:_identify(.) by extensions ['colcon_pkg']
[0.133s] Level 1:colcon.colcon_core.package_identification:_identify(.) by extension 'colcon_pkg'
[0.133s] Level 1:colcon.colcon_core.package_identification:_identify(.) by extensions ['colcon_meta']
[0.133s] Level 1:colcon.colcon_core.package_identification:_identify(.) by extension 'colcon_meta'
[0.133s] Level 1:colcon.colcon_core.package_identification:_identify(.) by extensions ['ros']
[0.133s] Level 1:colcon.colcon_core.package_identification:_identify(.) by extension 'ros'
[0.152s] DEBUG:colcon.colcon_core.package_identification:Package '.' with type 'ros.ament_cmake' and name 'ros2_orb_slam'
[0.152s] Level 1:colcon.colcon_core.package_discovery:discover_packages(recursive) using defaults
[0.152s] Level 1:colcon.colcon_core.package_discovery:discover_packages(ignore) discover
[0.152s] Level 1:colcon.colcon_core.package_discovery:discover_packages(ignore) using defaults
[0.152s] Level 1:colcon.colcon_core.package_discovery:discover_packages(path) discover
[0.153s] Level 1:colcon.colcon_core.package_discovery:discover_packages(path) using defaults
[0.167s] Level 1:colcon.colcon_core.package_discovery:discover_packages(prefix_path) check parameters
[0.167s] Level 1:colcon.colcon_core.package_discovery:discover_packages(prefix_path) discover
[0.169s] DEBUG:colcon.colcon_installed_package_information.package_discovery:Found 1 installed packages in /home/mantus/kol_bot/ros2_orb_slam/ros2_orb_slam/install
[0.170s] DEBUG:colcon.colcon_installed_package_information.package_discovery:Found 1 installed packages in /home/mantus/kol_bot/ros2_orb_slam/install
[0.171s] DEBUG:colcon.colcon_installed_package_information.package_discovery:Found 353 installed packages in /opt/ros/foxy
[0.174s] Level 1:colcon.colcon_core.package_discovery:discover_packages(prefix_path) using defaults
[0.233s] Level 5:colcon.colcon_core.verb:set package 'ros2_orb_slam' build argument 'cmake_args' from command line to 'None'
[0.233s] Level 5:colcon.colcon_core.verb:set package 'ros2_orb_slam' build argument 'cmake_target' from command line to 'None'
[0.233s] Level 5:colcon.colcon_core.verb:set package 'ros2_orb_slam' build argument 'cmake_target_skip_unavailable' from command line to 'False'
[0.233s] Level 5:colcon.colcon_core.verb:set package 'ros2_orb_slam' build argument 'cmake_clean_cache' from command line to 'False'
[0.233s] Level 5:colcon.colcon_core.verb:set package 'ros2_orb_slam' build argument 'cmake_clean_first' from command line to 'False'
[0.233s] Level 5:colcon.colcon_core.verb:set package 'ros2_orb_slam' build argument 'cmake_force_configure' from command line to 'False'
[0.233s] Level 5:colcon.colcon_core.verb:set package 'ros2_orb_slam' build argument 'ament_cmake_args' from command line to 'None'
[0.233s] Level 5:colcon.colcon_core.verb:set package 'ros2_orb_slam' build argument 'catkin_cmake_args' from command line to 'None'
[0.233s] Level 5:colcon.colcon_core.verb:set package 'ros2_orb_slam' build argument 'catkin_skip_building_tests' from command line to 'False'
[0.233s] DEBUG:colcon.colcon_core.verb:Building package 'ros2_orb_slam' with the following arguments: {'ament_cmake_args': None, 'build_base': '/home/mantus/kol_bot/ros2_orb_slam/ros2_orb_slam/build/ros2_orb_slam', 'catkin_cmake_args': None, 'catkin_skip_building_tests': False, 'cmake_args': None, 'cmake_clean_cache': False, 'cmake_clean_first': False, 'cmake_force_configure': False, 'cmake_target': None, 'cmake_target_skip_unavailable': False, 'install_base': '/home/mantus/kol_bot/ros2_orb_slam/ros2_orb_slam/install/ros2_orb_slam', 'merge_install': False, 'path': '/home/mantus/kol_bot/ros2_orb_slam/ros2_orb_slam', 'symlink_install': False, 'test_result_base': None}
[0.234s] INFO:colcon.colcon_core.executor:Executing jobs using 'parallel' executor
[0.238s] DEBUG:colcon.colcon_parallel_executor.executor.parallel:run_until_complete
[0.238s] INFO:colcon.colcon_ros.task.ament_cmake.build:Building ROS package in '/home/mantus/kol_bot/ros2_orb_slam/ros2_orb_slam' with build type 'ament_cmake'
[0.239s] INFO:colcon.colcon_cmake.task.cmake.build:Building CMake package in '/home/mantus/kol_bot/ros2_orb_slam/ros2_orb_slam'
[0.243s] INFO:colcon.colcon_core.plugin_system:Skipping extension 'colcon_core.shell.bat': Not used on non-Windows systems
[0.243s] INFO:colcon.colcon_core.shell:Skip shell extension 'powershell' for command environment: Not usable outside of PowerShell
[0.243s] DEBUG:colcon.colcon_core.shell:Skip shell extension 'dsv' for command environment
[0.257s] DEBUG:colcon.colcon_core.event_handler.log_command:Invoking command in '/home/mantus/kol_bot/ros2_orb_slam/ros2_orb_slam/build/ros2_orb_slam': CMAKE_PREFIX_PATH=${CMAKE_PREFIX_PATH}:/opt/ros/foxy /usr/bin/cmake --build /home/mantus/kol_bot/ros2_orb_slam/ros2_orb_slam/build/ros2_orb_slam -- -j16 -l16
[12.957s] DEBUG:colcon.colcon_core.event_handler.log_command:Invoked command in '/home/mantus/kol_bot/ros2_orb_slam/ros2_orb_slam/build/ros2_orb_slam' returned '2': CMAKE_PREFIX_PATH=${CMAKE_PREFIX_PATH}:/opt/ros/foxy /usr/bin/cmake --build /home/mantus/kol_bot/ros2_orb_slam/ros2_orb_slam/build/ros2_orb_slam -- -j16 -l16
[12.974s] Level 1:colcon.colcon_core.environment:create_environment_scripts_only(ros2_orb_slam)
[12.977s] Level 1:colcon.colcon_core.environment:checking '/home/mantus/kol_bot/ros2_orb_slam/ros2_orb_slam/install/ros2_orb_slam' for CMake module files
[12.978s] Level 1:colcon.colcon_core.environment:checking '/home/mantus/kol_bot/ros2_orb_slam/ros2_orb_slam/install/ros2_orb_slam' for CMake config files
[12.978s] Level 1:colcon.colcon_core.shell:create_environment_hook('ros2_orb_slam', 'cmake_prefix_path')
[12.979s] INFO:colcon.colcon_core.shell:Creating environment hook '/home/mantus/kol_bot/ros2_orb_slam/ros2_orb_slam/install/ros2_orb_slam/share/ros2_orb_slam/hook/cmake_prefix_path.ps1'
[12.979s] INFO:colcon.colcon_core.shell:Creating environment descriptor '/home/mantus/kol_bot/ros2_orb_slam/ros2_orb_slam/install/ros2_orb_slam/share/ros2_orb_slam/hook/cmake_prefix_path.dsv'
[12.980s] INFO:colcon.colcon_core.shell:Creating environment hook '/home/mantus/kol_bot/ros2_orb_slam/ros2_orb_slam/install/ros2_orb_slam/share/ros2_orb_slam/hook/cmake_prefix_path.sh'
[12.980s] Level 1:colcon.colcon_core.environment:checking '/home/mantus/kol_bot/ros2_orb_slam/ros2_orb_slam/install/ros2_orb_slam/lib'
[12.980s] Level 1:colcon.colcon_core.environment:checking '/home/mantus/kol_bot/ros2_orb_slam/ros2_orb_slam/install/ros2_orb_slam/bin'
[12.981s] Level 1:colcon.colcon_core.environment:checking '/home/mantus/kol_bot/ros2_orb_slam/ros2_orb_slam/install/ros2_orb_slam/lib/pkgconfig/ros2_orb_slam.pc'
[12.981s] Level 1:colcon.colcon_core.environment:checking '/home/mantus/kol_bot/ros2_orb_slam/ros2_orb_slam/install/ros2_orb_slam/lib/python3.8/site-packages'
[12.981s] Level 1:colcon.colcon_core.environment:checking '/home/mantus/kol_bot/ros2_orb_slam/ros2_orb_slam/install/ros2_orb_slam/bin'
[12.982s] INFO:colcon.colcon_core.shell:Creating package script '/home/mantus/kol_bot/ros2_orb_slam/ros2_orb_slam/install/ros2_orb_slam/share/ros2_orb_slam/package.ps1'
[12.982s] INFO:colcon.colcon_core.shell:Creating package descriptor '/home/mantus/kol_bot/ros2_orb_slam/ros2_orb_slam/install/ros2_orb_slam/share/ros2_orb_slam/package.dsv'
[12.983s] INFO:colcon.colcon_core.shell:Creating package script '/home/mantus/kol_bot/ros2_orb_slam/ros2_orb_slam/install/ros2_orb_slam/share/ros2_orb_slam/package.sh'
[12.983s] INFO:colcon.colcon_core.shell:Creating package script '/home/mantus/kol_bot/ros2_orb_slam/ros2_orb_slam/install/ros2_orb_slam/share/ros2_orb_slam/package.bash'
[12.984s] INFO:colcon.colcon_core.shell:Creating package script '/home/mantus/kol_bot/ros2_orb_slam/ros2_orb_slam/install/ros2_orb_slam/share/ros2_orb_slam/package.zsh'
[12.984s] Level 1:colcon.colcon_core.environment:create_file_with_runtime_dependencies(/home/mantus/kol_bot/ros2_orb_slam/ros2_orb_slam/install/ros2_orb_slam/share/colcon-core/packages/ros2_orb_slam)
[12.995s] DEBUG:colcon.colcon_parallel_executor.executor.parallel:closing loop
[12.995s] DEBUG:colcon.colcon_parallel_executor.executor.parallel:loop closed
[12.995s] DEBUG:colcon.colcon_parallel_executor.executor.parallel:run_until_complete finished with '2'
[12.995s] DEBUG:colcon.colcon_core.event_reactor:joining thread
[13.000s] INFO:colcon.colcon_core.plugin_system:Skipping extension 'colcon_notification.desktop_notification.terminal_notifier': Not used on non-Darwin systems
[13.000s] INFO:colcon.colcon_core.plugin_system:Skipping extension 'colcon_notification.desktop_notification.win32': Not used on non-Windows systems
[13.000s] INFO:colcon.colcon_notification.desktop_notification:Sending desktop notification using 'notify2'
[13.013s] DEBUG:colcon.colcon_core.event_reactor:joined thread
[13.015s] INFO:colcon.colcon_core.shell:Creating prefix script '/home/mantus/kol_bot/ros2_orb_slam/ros2_orb_slam/install/local_setup.ps1'
[13.016s] INFO:colcon.colcon_core.shell:Creating prefix util module '/home/mantus/kol_bot/ros2_orb_slam/ros2_orb_slam/install/_local_setup_util_ps1.py'
[13.018s] INFO:colcon.colcon_core.shell:Creating prefix chain script '/home/mantus/kol_bot/ros2_orb_slam/ros2_orb_slam/install/setup.ps1'
[13.019s] INFO:colcon.colcon_core.shell:Creating prefix script '/home/mantus/kol_bot/ros2_orb_slam/ros2_orb_slam/install/local_setup.sh'
[13.020s] INFO:colcon.colcon_core.shell:Creating prefix util module '/home/mantus/kol_bot/ros2_orb_slam/ros2_orb_slam/install/_local_setup_util_sh.py'
[13.020s] INFO:colcon.colcon_core.shell:Creating prefix chain script '/home/mantus/kol_bot/ros2_orb_slam/ros2_orb_slam/install/setup.sh'
[13.021s] INFO:colcon.colcon_core.shell:Creating prefix script '/home/mantus/kol_bot/ros2_orb_slam/ros2_orb_slam/install/local_setup.bash'
[13.022s] INFO:colcon.colcon_core.shell:Creating prefix chain script '/home/mantus/kol_bot/ros2_orb_slam/ros2_orb_slam/install/setup.bash'
[13.023s] INFO:colcon.colcon_core.shell:Creating prefix script '/home/mantus/kol_bot/ros2_orb_slam/ros2_orb_slam/install/local_setup.zsh'
[13.023s] INFO:colcon.colcon_core.shell:Creating prefix chain script '/home/mantus/kol_bot/ros2_orb_slam/ros2_orb_slam/install/setup.zsh'
