[0.012s] Invoking command in '/home/mantus/kol_bot/ros2_orb_slam/ros2_orb_slam/build/ros2_orb_slam': CMAKE_PREFIX_PATH=${CMAKE_PREFIX_PATH}:/opt/ros/foxy /usr/bin/cmake --build /home/mantus/kol_bot/ros2_orb_slam/ros2_orb_slam/build/ros2_orb_slam -- -j16 -l16
[0.046s] [35m[1mScanning dependencies of target slam[0m
[0.096s] [ 33%] [32mBuilding CXX object CMakeFiles/slam.dir/src/rgbd-slam-node.cpp.o[0m
[3.352s] In file included from [01m[K/home/mantus/kol_bot/ros2_orb_slam/ros2_orb_slam/ORB_SLAM3/include/Frame.h:30[m[K,
[3.352s]                  from [01m[K/home/mantus/kol_bot/ros2_orb_slam/ros2_orb_slam/ORB_SLAM3/include/KeyFrame.h:28[m[K,
[3.352s]                  from [01m[K/home/mantus/kol_bot/ros2_orb_slam/ros2_orb_slam/ORB_SLAM3/include/MapPoint.h:23[m[K,
[3.352s]                  from [01m[K/home/mantus/kol_bot/ros2_orb_slam/ros2_orb_slam/ORB_SLAM3/include/FrameDrawer.h:24[m[K,
[3.352s]                  from [01m[K/home/mantus/kol_bot/ros2_orb_slam/ros2_orb_slam/ORB_SLAM3/include/Viewer.h:23[m[K,
[3.352s]                  from [01m[K/home/mantus/kol_bot/ros2_orb_slam/ros2_orb_slam/ORB_SLAM3/include/Tracking.h:26[m[K,
[3.352s]                  from [01m[K/home/mantus/kol_bot/ros2_orb_slam/ros2_orb_slam/ORB_SLAM3/include/System.h:31[m[K,
[3.352s]                  from [01m[K/home/mantus/kol_bot/ros2_orb_slam/ros2_orb_slam/src/rgbd-slam-node.hpp:39[m[K,
[3.352s]                  from [01m[K/home/mantus/kol_bot/ros2_orb_slam/ros2_orb_slam/src/rgbd-slam-node.cpp:1[m[K:
[3.352s] [01m[K/home/mantus/kol_bot/ros2_orb_slam/ros2_orb_slam/ORB_SLAM3/include/ImuTypes.h:[m[K In member function ‘[01m[Kvoid ORB_SLAM3::IMU::Preintegrated::printMeasurements() const[m[K’:
[3.352s] [01m[K/home/mantus/kol_bot/ros2_orb_slam/ros2_orb_slam/ORB_SLAM3/include/ImuTypes.h:204:23:[m[K [01;35m[Kwarning: [m[Kcomparison of integer expressions of different signedness: ‘[01m[Kint[m[K’ and ‘[01m[Kstd::vector<ORB_SLAM3::IMU::Preintegrated::integrable>::size_type[m[K’ {aka ‘[01m[Klong unsigned int[m[K’} [[01;35m[K-Wsign-compare[m[K]
[3.352s]   204 |         for(int i=0; [01;35m[Ki<mvMeasurements.size()[m[K; i++){
[3.352s]       |                      [01;35m[K~^~~~~~~~~~~~~~~~~~~~~~[m[K
[3.443s] In file included from [01m[K/home/mantus/kol_bot/ros2_orb_slam/ros2_orb_slam/ORB_SLAM3/Thirdparty/g2o/g2o/types/types_six_dof_expmap.h:37[m[K,
[3.443s]                  from [01m[K/home/mantus/kol_bot/ros2_orb_slam/ros2_orb_slam/ORB_SLAM3/include/Converter.h:26[m[K,
[3.443s]                  from [01m[K/home/mantus/kol_bot/ros2_orb_slam/ros2_orb_slam/ORB_SLAM3/include/Frame.h:33[m[K,
[3.443s]                  from [01m[K/home/mantus/kol_bot/ros2_orb_slam/ros2_orb_slam/ORB_SLAM3/include/KeyFrame.h:28[m[K,
[3.443s]                  from [01m[K/home/mantus/kol_bot/ros2_orb_slam/ros2_orb_slam/ORB_SLAM3/include/MapPoint.h:23[m[K,
[3.443s]                  from [01m[K/home/mantus/kol_bot/ros2_orb_slam/ros2_orb_slam/ORB_SLAM3/include/FrameDrawer.h:24[m[K,
[3.443s]                  from [01m[K/home/mantus/kol_bot/ros2_orb_slam/ros2_orb_slam/ORB_SLAM3/include/Viewer.h:23[m[K,
[3.443s]                  from [01m[K/home/mantus/kol_bot/ros2_orb_slam/ros2_orb_slam/ORB_SLAM3/include/Tracking.h:26[m[K,
[3.443s]                  from [01m[K/home/mantus/kol_bot/ros2_orb_slam/ros2_orb_slam/ORB_SLAM3/include/System.h:31[m[K,
[3.443s]                  from [01m[K/home/mantus/kol_bot/ros2_orb_slam/ros2_orb_slam/src/rgbd-slam-node.hpp:39[m[K,
[3.443s]                  from [01m[K/home/mantus/kol_bot/ros2_orb_slam/ros2_orb_slam/src/rgbd-slam-node.cpp:1[m[K:
[3.443s] [01m[K/home/mantus/kol_bot/ros2_orb_slam/ros2_orb_slam/ORB_SLAM3/Thirdparty/g2o/g2o/types/../core/base_vertex.h:[m[K At global scope:
[3.443s] [01m[K/home/mantus/kol_bot/ros2_orb_slam/ros2_orb_slam/ORB_SLAM3/Thirdparty/g2o/g2o/types/../core/base_vertex.h:62:74:[m[K [01;35m[Kwarning: [m[K‘[01m[KEigen::AlignedBit[m[K’ is deprecated [[01;35m[K-Wdeprecated-declarations[m[K]
[3.443s]    62 | Eigen::Map<Matrix<double, D, D>, Matrix<double,D,D>::Flags & [01;35m[KAlignedBit[m[K ? Aligned : Unaligned >  HessianBlockType;
[3.443s]       |                                                              [01;35m[K^~~~~~~~~~[m[K
[3.443s] 
[3.444s] In file included from [01m[K/usr/local/include/eigen3/Eigen/Core:161[m[K,
[3.444s]                  from [01m[K/usr/local/include/eigen3/Eigen/Dense:1[m[K,
[3.444s]                  from [01m[K/home/mantus/kol_bot/ros2_orb_slam/ros2_orb_slam/src/rgbd-slam-node.hpp:32[m[K,
[3.444s]                  from [01m[K/home/mantus/kol_bot/ros2_orb_slam/ros2_orb_slam/src/rgbd-slam-node.cpp:1[m[K:
[3.444s] [01m[K/usr/local/include/eigen3/Eigen/src/Core/util/Constants.h:167:37:[m[K [01;36m[Knote: [m[Kdeclared here
[3.444s]   167 | EIGEN_DEPRECATED const unsigned int [01;36m[KAlignedBit[m[K = 0x80;
[3.444s]       |                                     [01;36m[K^~~~~~~~~~[m[K
[3.461s] In file included from [01m[K/home/mantus/kol_bot/ros2_orb_slam/ros2_orb_slam/ORB_SLAM3/Thirdparty/g2o/g2o/types/types_six_dof_expmap.h:38[m[K,
[3.461s]                  from [01m[K/home/mantus/kol_bot/ros2_orb_slam/ros2_orb_slam/ORB_SLAM3/include/Converter.h:26[m[K,
[3.461s]                  from [01m[K/home/mantus/kol_bot/ros2_orb_slam/ros2_orb_slam/ORB_SLAM3/include/Frame.h:33[m[K,
[3.462s]                  from [01m[K/home/mantus/kol_bot/ros2_orb_slam/ros2_orb_slam/ORB_SLAM3/include/KeyFrame.h:28[m[K,
[3.462s]                  from [01m[K/home/mantus/kol_bot/ros2_orb_slam/ros2_orb_slam/ORB_SLAM3/include/MapPoint.h:23[m[K,
[3.462s]                  from [01m[K/home/mantus/kol_bot/ros2_orb_slam/ros2_orb_slam/ORB_SLAM3/include/FrameDrawer.h:24[m[K,
[3.462s]                  from [01m[K/home/mantus/kol_bot/ros2_orb_slam/ros2_orb_slam/ORB_SLAM3/include/Viewer.h:23[m[K,
[3.462s]                  from [01m[K/home/mantus/kol_bot/ros2_orb_slam/ros2_orb_slam/ORB_SLAM3/include/Tracking.h:26[m[K,
[3.462s]                  from [01m[K/home/mantus/kol_bot/ros2_orb_slam/ros2_orb_slam/ORB_SLAM3/include/System.h:31[m[K,
[3.462s]                  from [01m[K/home/mantus/kol_bot/ros2_orb_slam/ros2_orb_slam/src/rgbd-slam-node.hpp:39[m[K,
[3.462s]                  from [01m[K/home/mantus/kol_bot/ros2_orb_slam/ros2_orb_slam/src/rgbd-slam-node.cpp:1[m[K:
[3.462s] [01m[K/home/mantus/kol_bot/ros2_orb_slam/ros2_orb_slam/ORB_SLAM3/Thirdparty/g2o/g2o/types/../core/base_binary_edge.h:59:82:[m[K [01;35m[Kwarning: [m[K‘[01m[KEigen::AlignedBit[m[K’ is deprecated [[01;35m[K-Wdeprecated-declarations[m[K]
[3.462s]    59 | :Map<Matrix<double, Di, Dj>, Matrix<double, Di, Dj>::Flags & [01;35m[KAlignedBit[m[K ? Aligned : Unaligned > HessianBlockType;
[3.462s]       |                                                              [01;35m[K^~~~~~~~~~[m[K
[3.462s] 
[3.462s] In file included from [01m[K/usr/local/include/eigen3/Eigen/Core:161[m[K,
[3.462s]                  from [01m[K/usr/local/include/eigen3/Eigen/Dense:1[m[K,
[3.462s]                  from [01m[K/home/mantus/kol_bot/ros2_orb_slam/ros2_orb_slam/src/rgbd-slam-node.hpp:32[m[K,
[3.462s]                  from [01m[K/home/mantus/kol_bot/ros2_orb_slam/ros2_orb_slam/src/rgbd-slam-node.cpp:1[m[K:
[3.462s] [01m[K/usr/local/include/eigen3/Eigen/src/Core/util/Constants.h:167:37:[m[K [01;36m[Knote: [m[Kdeclared here
[3.463s]   167 | EIGEN_DEPRECATED const unsigned int [01;36m[KAlignedBit[m[K = 0x80;
[3.463s]       |                                     [01;36m[K^~~~~~~~~~[m[K
[3.463s] In file included from [01m[K/home/mantus/kol_bot/ros2_orb_slam/ros2_orb_slam/ORB_SLAM3/Thirdparty/g2o/g2o/types/types_six_dof_expmap.h:38[m[K,
[3.463s]                  from [01m[K/home/mantus/kol_bot/ros2_orb_slam/ros2_orb_slam/ORB_SLAM3/include/Converter.h:26[m[K,
[3.463s]                  from [01m[K/home/mantus/kol_bot/ros2_orb_slam/ros2_orb_slam/ORB_SLAM3/include/Frame.h:33[m[K,
[3.463s]                  from [01m[K/home/mantus/kol_bot/ros2_orb_slam/ros2_orb_slam/ORB_SLAM3/include/KeyFrame.h:28[m[K,
[3.463s]                  from [01m[K/home/mantus/kol_bot/ros2_orb_slam/ros2_orb_slam/ORB_SLAM3/include/MapPoint.h:23[m[K,
[3.463s]                  from [01m[K/home/mantus/kol_bot/ros2_orb_slam/ros2_orb_slam/ORB_SLAM3/include/FrameDrawer.h:24[m[K,
[3.463s]                  from [01m[K/home/mantus/kol_bot/ros2_orb_slam/ros2_orb_slam/ORB_SLAM3/include/Viewer.h:23[m[K,
[3.463s]                  from [01m[K/home/mantus/kol_bot/ros2_orb_slam/ros2_orb_slam/ORB_SLAM3/include/Tracking.h:26[m[K,
[3.463s]                  from [01m[K/home/mantus/kol_bot/ros2_orb_slam/ros2_orb_slam/ORB_SLAM3/include/System.h:31[m[K,
[3.463s]                  from [01m[K/home/mantus/kol_bot/ros2_orb_slam/ros2_orb_slam/src/rgbd-slam-node.hpp:39[m[K,
[3.463s]                  from [01m[K/home/mantus/kol_bot/ros2_orb_slam/ros2_orb_slam/src/rgbd-slam-node.cpp:1[m[K:
[3.463s] [01m[K/home/mantus/kol_bot/ros2_orb_slam/ros2_orb_slam/ORB_SLAM3/Thirdparty/g2o/g2o/types/../core/base_binary_edge.h:60:82:[m[K [01;35m[Kwarning: [m[K‘[01m[KEigen::AlignedBit[m[K’ is deprecated [[01;35m[K-Wdeprecated-declarations[m[K]
[3.464s]    60 | :Map<Matrix<double, Dj, Di>, Matrix<double, Dj, Di>::Flags & [01;35m[KAlignedBit[m[K ? Aligned : Unaligned > HessianBlockTransposedType;
[3.464s]       |                                                              [01;35m[K^~~~~~~~~~[m[K
[3.464s] 
[3.464s] In file included from [01m[K/usr/local/include/eigen3/Eigen/Core:161[m[K,
[3.464s]                  from [01m[K/usr/local/include/eigen3/Eigen/Dense:1[m[K,
[3.464s]                  from [01m[K/home/mantus/kol_bot/ros2_orb_slam/ros2_orb_slam/src/rgbd-slam-node.hpp:32[m[K,
[3.464s]                  from [01m[K/home/mantus/kol_bot/ros2_orb_slam/ros2_orb_slam/src/rgbd-slam-node.cpp:1[m[K:
[3.464s] [01m[K/usr/local/include/eigen3/Eigen/src/Core/util/Constants.h:167:37:[m[K [01;36m[Knote: [m[Kdeclared here
[3.464s]   167 | EIGEN_DEPRECATED const unsigned int [01;36m[KAlignedBit[m[K = 0x80;
[3.464s]       |                                     [01;36m[K^~~~~~~~~~[m[K
[3.506s] In file included from [01m[K/home/mantus/kol_bot/ros2_orb_slam/ros2_orb_slam/ORB_SLAM3/Thirdparty/g2o/g2o/types/types_six_dof_expmap.h:41[m[K,
[3.506s]                  from [01m[K/home/mantus/kol_bot/ros2_orb_slam/ros2_orb_slam/ORB_SLAM3/include/Converter.h:26[m[K,
[3.506s]                  from [01m[K/home/mantus/kol_bot/ros2_orb_slam/ros2_orb_slam/ORB_SLAM3/include/Frame.h:33[m[K,
[3.506s]                  from [01m[K/home/mantus/kol_bot/ros2_orb_slam/ros2_orb_slam/ORB_SLAM3/include/KeyFrame.h:28[m[K,
[3.506s]                  from [01m[K/home/mantus/kol_bot/ros2_orb_slam/ros2_orb_slam/ORB_SLAM3/include/MapPoint.h:23[m[K,
[3.506s]                  from [01m[K/home/mantus/kol_bot/ros2_orb_slam/ros2_orb_slam/ORB_SLAM3/include/FrameDrawer.h:24[m[K,
[3.507s]                  from [01m[K/home/mantus/kol_bot/ros2_orb_slam/ros2_orb_slam/ORB_SLAM3/include/Viewer.h:23[m[K,
[3.507s]                  from [01m[K/home/mantus/kol_bot/ros2_orb_slam/ros2_orb_slam/ORB_SLAM3/include/Tracking.h:26[m[K,
[3.507s]                  from [01m[K/home/mantus/kol_bot/ros2_orb_slam/ros2_orb_slam/ORB_SLAM3/include/System.h:31[m[K,
[3.507s]                  from [01m[K/home/mantus/kol_bot/ros2_orb_slam/ros2_orb_slam/src/rgbd-slam-node.hpp:39[m[K,
[3.507s]                  from [01m[K/home/mantus/kol_bot/ros2_orb_slam/ros2_orb_slam/src/rgbd-slam-node.cpp:1[m[K:
[3.507s] [01m[K/home/mantus/kol_bot/ros2_orb_slam/ros2_orb_slam/ORB_SLAM3/Thirdparty/g2o/g2o/types/se3quat.h:43:38:[m[K [01;35m[Kwarning: [m[Kextra ‘[01m[K;[m[K’ [[01;35m[K-Wpedantic[m[K]
[3.507s]    43 |       EIGEN_MAKE_ALIGNED_OPERATOR_NEW[01;35m[K;[m[K
[3.507s]       |                                      [01;35m[K^[m[K
[3.507s]       |                                      [31m[K-[m[K
[3.755s] In file included from [01m[K/home/mantus/kol_bot/ros2_orb_slam/ros2_orb_slam/ORB_SLAM3/Thirdparty/g2o/g2o/types/types_six_dof_expmap.h:37[m[K,
[3.755s]                  from [01m[K/home/mantus/kol_bot/ros2_orb_slam/ros2_orb_slam/ORB_SLAM3/include/Converter.h:26[m[K,
[3.755s]                  from [01m[K/home/mantus/kol_bot/ros2_orb_slam/ros2_orb_slam/ORB_SLAM3/include/Frame.h:33[m[K,
[3.756s]                  from [01m[K/home/mantus/kol_bot/ros2_orb_slam/ros2_orb_slam/ORB_SLAM3/include/KeyFrame.h:28[m[K,
[3.756s]                  from [01m[K/home/mantus/kol_bot/ros2_orb_slam/ros2_orb_slam/ORB_SLAM3/include/MapPoint.h:23[m[K,
[3.756s]                  from [01m[K/home/mantus/kol_bot/ros2_orb_slam/ros2_orb_slam/ORB_SLAM3/include/FrameDrawer.h:24[m[K,
[3.756s]                  from [01m[K/home/mantus/kol_bot/ros2_orb_slam/ros2_orb_slam/ORB_SLAM3/include/Viewer.h:23[m[K,
[3.756s]                  from [01m[K/home/mantus/kol_bot/ros2_orb_slam/ros2_orb_slam/ORB_SLAM3/include/Tracking.h:26[m[K,
[3.756s]                  from [01m[K/home/mantus/kol_bot/ros2_orb_slam/ros2_orb_slam/ORB_SLAM3/include/System.h:31[m[K,
[3.756s]                  from [01m[K/home/mantus/kol_bot/ros2_orb_slam/ros2_orb_slam/src/rgbd-slam-node.hpp:39[m[K,
[3.756s]                  from [01m[K/home/mantus/kol_bot/ros2_orb_slam/ros2_orb_slam/src/rgbd-slam-node.cpp:1[m[K:
[3.756s] /home/mantus/kol_bot/ros2_orb_slam/ros2_orb_slam/ORB_SLAM3/Thirdparty/g2o/g2o/types/../core/base_vertex.h: In instantiation of ‘[01m[Kclass g2o::BaseVertex<3, Eigen::Matrix<double, 3, 1> >[m[K’:
[3.756s] [01m[K/home/mantus/kol_bot/ros2_orb_slam/ros2_orb_slam/ORB_SLAM3/Thirdparty/g2o/g2o/types/types_sba.h:40:35:[m[K   required from here
[3.756s] [01m[K/home/mantus/kol_bot/ros2_orb_slam/ros2_orb_slam/ORB_SLAM3/Thirdparty/g2o/g2o/types/../core/base_vertex.h:62:72:[m[K [01;35m[Kwarning: [m[K‘[01m[KEigen::AlignedBit[m[K’ is deprecated [[01;35m[K-Wdeprecated-declarations[m[K]
[3.756s]    62 | f Eigen::Map<Matrix<double, D, D>, Matrix<double,D,D>::[01;35m[KFlags & AlignedBit[m[K ? Aligned : Unaligned >  HessianBlockType;
[3.756s]       |                                                        [01;35m[K~~~~~~^~~~~~~~~~~~[m[K
[3.756s] 
[3.756s] In file included from [01m[K/usr/local/include/eigen3/Eigen/Core:161[m[K,
[3.756s]                  from [01m[K/usr/local/include/eigen3/Eigen/Dense:1[m[K,
[3.756s]                  from [01m[K/home/mantus/kol_bot/ros2_orb_slam/ros2_orb_slam/src/rgbd-slam-node.hpp:32[m[K,
[3.756s]                  from [01m[K/home/mantus/kol_bot/ros2_orb_slam/ros2_orb_slam/src/rgbd-slam-node.cpp:1[m[K:
[3.756s] [01m[K/usr/local/include/eigen3/Eigen/src/Core/util/Constants.h:167:37:[m[K [01;36m[Knote: [m[Kdeclared here
[3.757s]   167 | EIGEN_DEPRECATED const unsigned int [01;36m[KAlignedBit[m[K = 0x80;
[3.757s]       |                                     [01;36m[K^~~~~~~~~~[m[K
[3.777s] In file included from [01m[K/home/mantus/kol_bot/ros2_orb_slam/ros2_orb_slam/ORB_SLAM3/Thirdparty/g2o/g2o/types/types_six_dof_expmap.h:37[m[K,
[3.777s]                  from [01m[K/home/mantus/kol_bot/ros2_orb_slam/ros2_orb_slam/ORB_SLAM3/include/Converter.h:26[m[K,
[3.777s]                  from [01m[K/home/mantus/kol_bot/ros2_orb_slam/ros2_orb_slam/ORB_SLAM3/include/Frame.h:33[m[K,
[3.777s]                  from [01m[K/home/mantus/kol_bot/ros2_orb_slam/ros2_orb_slam/ORB_SLAM3/include/KeyFrame.h:28[m[K,
[3.777s]                  from [01m[K/home/mantus/kol_bot/ros2_orb_slam/ros2_orb_slam/ORB_SLAM3/include/MapPoint.h:23[m[K,
[3.777s]                  from [01m[K/home/mantus/kol_bot/ros2_orb_slam/ros2_orb_slam/ORB_SLAM3/include/FrameDrawer.h:24[m[K,
[3.777s]                  from [01m[K/home/mantus/kol_bot/ros2_orb_slam/ros2_orb_slam/ORB_SLAM3/include/Viewer.h:23[m[K,
[3.777s]                  from [01m[K/home/mantus/kol_bot/ros2_orb_slam/ros2_orb_slam/ORB_SLAM3/include/Tracking.h:26[m[K,
[3.777s]                  from [01m[K/home/mantus/kol_bot/ros2_orb_slam/ros2_orb_slam/ORB_SLAM3/include/System.h:31[m[K,
[3.777s]                  from [01m[K/home/mantus/kol_bot/ros2_orb_slam/ros2_orb_slam/src/rgbd-slam-node.hpp:39[m[K,
[3.777s]                  from [01m[K/home/mantus/kol_bot/ros2_orb_slam/ros2_orb_slam/src/rgbd-slam-node.cpp:1[m[K:
[3.777s] /home/mantus/kol_bot/ros2_orb_slam/ros2_orb_slam/ORB_SLAM3/Thirdparty/g2o/g2o/types/../core/base_vertex.h: In instantiation of ‘[01m[Kclass g2o::BaseVertex<6, g2o::SE3Quat>[m[K’:
[3.777s] [01m[K/home/mantus/kol_bot/ros2_orb_slam/ros2_orb_slam/ORB_SLAM3/Thirdparty/g2o/g2o/types/types_six_dof_expmap.h:59:33:[m[K   required from here
[3.778s] [01m[K/home/mantus/kol_bot/ros2_orb_slam/ros2_orb_slam/ORB_SLAM3/Thirdparty/g2o/g2o/types/../core/base_vertex.h:62:72:[m[K [01;35m[Kwarning: [m[K‘[01m[KEigen::AlignedBit[m[K’ is deprecated [[01;35m[K-Wdeprecated-declarations[m[K]
[3.778s]    62 | f Eigen::Map<Matrix<double, D, D>, Matrix<double,D,D>::[01;35m[KFlags & AlignedBit[m[K ? Aligned : Unaligned >  HessianBlockType;
[3.778s]       |                                                        [01;35m[K~~~~~~^~~~~~~~~~~~[m[K
[3.778s] 
[3.778s] In file included from [01m[K/usr/local/include/eigen3/Eigen/Core:161[m[K,
[3.778s]                  from [01m[K/usr/local/include/eigen3/Eigen/Dense:1[m[K,
[3.778s]                  from [01m[K/home/mantus/kol_bot/ros2_orb_slam/ros2_orb_slam/src/rgbd-slam-node.hpp:32[m[K,
[3.778s]                  from [01m[K/home/mantus/kol_bot/ros2_orb_slam/ros2_orb_slam/src/rgbd-slam-node.cpp:1[m[K:
[3.778s] [01m[K/usr/local/include/eigen3/Eigen/src/Core/util/Constants.h:167:37:[m[K [01;36m[Knote: [m[Kdeclared here
[3.778s]   167 | EIGEN_DEPRECATED const unsigned int [01;36m[KAlignedBit[m[K = 0x80;
[3.778s]       |                                     [01;36m[K^~~~~~~~~~[m[K
[3.799s] In file included from [01m[K/home/mantus/kol_bot/ros2_orb_slam/ros2_orb_slam/ORB_SLAM3/Thirdparty/g2o/g2o/types/types_six_dof_expmap.h:38[m[K,
[3.799s]                  from [01m[K/home/mantus/kol_bot/ros2_orb_slam/ros2_orb_slam/ORB_SLAM3/include/Converter.h:26[m[K,
[3.799s]                  from [01m[K/home/mantus/kol_bot/ros2_orb_slam/ros2_orb_slam/ORB_SLAM3/include/Frame.h:33[m[K,
[3.799s]                  from [01m[K/home/mantus/kol_bot/ros2_orb_slam/ros2_orb_slam/ORB_SLAM3/include/KeyFrame.h:28[m[K,
[3.799s]                  from [01m[K/home/mantus/kol_bot/ros2_orb_slam/ros2_orb_slam/ORB_SLAM3/include/MapPoint.h:23[m[K,
[3.799s]                  from [01m[K/home/mantus/kol_bot/ros2_orb_slam/ros2_orb_slam/ORB_SLAM3/include/FrameDrawer.h:24[m[K,
[3.799s]                  from [01m[K/home/mantus/kol_bot/ros2_orb_slam/ros2_orb_slam/ORB_SLAM3/include/Viewer.h:23[m[K,
[3.799s]                  from [01m[K/home/mantus/kol_bot/ros2_orb_slam/ros2_orb_slam/ORB_SLAM3/include/Tracking.h:26[m[K,
[3.799s]                  from [01m[K/home/mantus/kol_bot/ros2_orb_slam/ros2_orb_slam/ORB_SLAM3/include/System.h:31[m[K,
[3.799s]                  from [01m[K/home/mantus/kol_bot/ros2_orb_slam/ros2_orb_slam/src/rgbd-slam-node.hpp:39[m[K,
[3.800s]                  from [01m[K/home/mantus/kol_bot/ros2_orb_slam/ros2_orb_slam/src/rgbd-slam-node.cpp:1[m[K:
[3.800s] /home/mantus/kol_bot/ros2_orb_slam/ros2_orb_slam/ORB_SLAM3/Thirdparty/g2o/g2o/types/../core/base_binary_edge.h: In instantiation of ‘[01m[Kclass g2o::BaseBinaryEdge<6, g2o::SE3Quat, g2o::VertexSE3Expmap, g2o::VertexSE3Expmap>[m[K’:
[3.800s] [01m[K/home/mantus/kol_bot/ros2_orb_slam/ros2_orb_slam/ORB_SLAM3/Thirdparty/g2o/g2o/types/types_six_dof_expmap.h:83:24:[m[K   required from here
[3.800s] [01m[K/home/mantus/kol_bot/ros2_orb_slam/ros2_orb_slam/ORB_SLAM3/Thirdparty/g2o/g2o/types/../core/base_binary_edge.h:59:80:[m[K [01;35m[Kwarning: [m[K‘[01m[KEigen::AlignedBit[m[K’ is deprecated [[01;35m[K-Wdeprecated-declarations[m[K]
[3.800s]    59 | n::Map<Matrix<double, Di, Dj>, Matrix<double, Di, Dj>::[01;35m[KFlags & AlignedBit[m[K ? Aligned : Unaligned > HessianBlockType;
[3.800s]       |                                                        [01;35m[K~~~~~~^~~~~~~~~~~~[m[K
[3.800s] 
[3.800s] In file included from [01m[K/usr/local/include/eigen3/Eigen/Core:161[m[K,
[3.800s]                  from [01m[K/usr/local/include/eigen3/Eigen/Dense:1[m[K,
[3.800s]                  from [01m[K/home/mantus/kol_bot/ros2_orb_slam/ros2_orb_slam/src/rgbd-slam-node.hpp:32[m[K,
[3.800s]                  from [01m[K/home/mantus/kol_bot/ros2_orb_slam/ros2_orb_slam/src/rgbd-slam-node.cpp:1[m[K:
[3.800s] [01m[K/usr/local/include/eigen3/Eigen/src/Core/util/Constants.h:167:37:[m[K [01;36m[Knote: [m[Kdeclared here
[3.800s]   167 | EIGEN_DEPRECATED const unsigned int [01;36m[KAlignedBit[m[K = 0x80;
[3.800s]       |                                     [01;36m[K^~~~~~~~~~[m[K
[3.800s] In file included from [01m[K/home/mantus/kol_bot/ros2_orb_slam/ros2_orb_slam/ORB_SLAM3/Thirdparty/g2o/g2o/types/types_six_dof_expmap.h:38[m[K,
[3.800s]                  from [01m[K/home/mantus/kol_bot/ros2_orb_slam/ros2_orb_slam/ORB_SLAM3/include/Converter.h:26[m[K,
[3.800s]                  from [01m[K/home/mantus/kol_bot/ros2_orb_slam/ros2_orb_slam/ORB_SLAM3/include/Frame.h:33[m[K,
[3.800s]                  from [01m[K/home/mantus/kol_bot/ros2_orb_slam/ros2_orb_slam/ORB_SLAM3/include/KeyFrame.h:28[m[K,
[3.800s]                  from [01m[K/home/mantus/kol_bot/ros2_orb_slam/ros2_orb_slam/ORB_SLAM3/include/MapPoint.h:23[m[K,
[3.800s]                  from [01m[K/home/mantus/kol_bot/ros2_orb_slam/ros2_orb_slam/ORB_SLAM3/include/FrameDrawer.h:24[m[K,
[3.800s]                  from [01m[K/home/mantus/kol_bot/ros2_orb_slam/ros2_orb_slam/ORB_SLAM3/include/Viewer.h:23[m[K,
[3.800s]                  from [01m[K/home/mantus/kol_bot/ros2_orb_slam/ros2_orb_slam/ORB_SLAM3/include/Tracking.h:26[m[K,
[3.801s]                  from [01m[K/home/mantus/kol_bot/ros2_orb_slam/ros2_orb_slam/ORB_SLAM3/include/System.h:31[m[K,
[3.801s]                  from [01m[K/home/mantus/kol_bot/ros2_orb_slam/ros2_orb_slam/src/rgbd-slam-node.hpp:39[m[K,
[3.801s]                  from [01m[K/home/mantus/kol_bot/ros2_orb_slam/ros2_orb_slam/src/rgbd-slam-node.cpp:1[m[K:
[3.801s] [01m[K/home/mantus/kol_bot/ros2_orb_slam/ros2_orb_slam/ORB_SLAM3/Thirdparty/g2o/g2o/types/../core/base_binary_edge.h:60:80:[m[K [01;35m[Kwarning: [m[K‘[01m[KEigen::AlignedBit[m[K’ is deprecated [[01;35m[K-Wdeprecated-declarations[m[K]
[3.801s]    60 | n::Map<Matrix<double, Dj, Di>, Matrix<double, Dj, Di>::[01;35m[KFlags & AlignedBit[m[K ? Aligned : Unaligned > HessianBlockTransposedType;
[3.801s]       |                                                        [01;35m[K~~~~~~^~~~~~~~~~~~[m[K
[3.801s] 
[3.801s] In file included from [01m[K/usr/local/include/eigen3/Eigen/Core:161[m[K,
[3.801s]                  from [01m[K/usr/local/include/eigen3/Eigen/Dense:1[m[K,
[3.801s]                  from [01m[K/home/mantus/kol_bot/ros2_orb_slam/ros2_orb_slam/src/rgbd-slam-node.hpp:32[m[K,
[3.801s]                  from [01m[K/home/mantus/kol_bot/ros2_orb_slam/ros2_orb_slam/src/rgbd-slam-node.cpp:1[m[K:
[3.801s] [01m[K/usr/local/include/eigen3/Eigen/src/Core/util/Constants.h:167:37:[m[K [01;36m[Knote: [m[Kdeclared here
[3.801s]   167 | EIGEN_DEPRECATED const unsigned int [01;36m[KAlignedBit[m[K = 0x80;
[3.801s]       |                                     [01;36m[K^~~~~~~~~~[m[K
[3.883s] In file included from [01m[K/home/mantus/kol_bot/ros2_orb_slam/ros2_orb_slam/ORB_SLAM3/Thirdparty/g2o/g2o/types/types_six_dof_expmap.h:38[m[K,
[3.883s]                  from [01m[K/home/mantus/kol_bot/ros2_orb_slam/ros2_orb_slam/ORB_SLAM3/include/Converter.h:26[m[K,
[3.883s]                  from [01m[K/home/mantus/kol_bot/ros2_orb_slam/ros2_orb_slam/ORB_SLAM3/include/Frame.h:33[m[K,
[3.883s]                  from [01m[K/home/mantus/kol_bot/ros2_orb_slam/ros2_orb_slam/ORB_SLAM3/include/KeyFrame.h:28[m[K,
[3.883s]                  from [01m[K/home/mantus/kol_bot/ros2_orb_slam/ros2_orb_slam/ORB_SLAM3/include/MapPoint.h:23[m[K,
[3.883s]                  from [01m[K/home/mantus/kol_bot/ros2_orb_slam/ros2_orb_slam/ORB_SLAM3/include/FrameDrawer.h:24[m[K,
[3.883s]                  from [01m[K/home/mantus/kol_bot/ros2_orb_slam/ros2_orb_slam/ORB_SLAM3/include/Viewer.h:23[m[K,
[3.883s]                  from [01m[K/home/mantus/kol_bot/ros2_orb_slam/ros2_orb_slam/ORB_SLAM3/include/Tracking.h:26[m[K,
[3.883s]                  from [01m[K/home/mantus/kol_bot/ros2_orb_slam/ros2_orb_slam/ORB_SLAM3/include/System.h:31[m[K,
[3.883s]                  from [01m[K/home/mantus/kol_bot/ros2_orb_slam/ros2_orb_slam/src/rgbd-slam-node.hpp:39[m[K,
[3.883s]                  from [01m[K/home/mantus/kol_bot/ros2_orb_slam/ros2_orb_slam/src/rgbd-slam-node.cpp:1[m[K:
[3.883s] /home/mantus/kol_bot/ros2_orb_slam/ros2_orb_slam/ORB_SLAM3/Thirdparty/g2o/g2o/types/../core/base_binary_edge.h: In instantiation of ‘[01m[Kclass g2o::BaseBinaryEdge<2, Eigen::Matrix<double, 2, 1>, g2o::VertexSBAPointXYZ, g2o::VertexSE3Expmap>[m[K’:
[3.883s] [01m[K/home/mantus/kol_bot/ros2_orb_slam/ros2_orb_slam/ORB_SLAM3/Thirdparty/g2o/g2o/types/types_six_dof_expmap.h:114:35:[m[K   required from here
[3.884s] [01m[K/home/mantus/kol_bot/ros2_orb_slam/ros2_orb_slam/ORB_SLAM3/Thirdparty/g2o/g2o/types/../core/base_binary_edge.h:59:80:[m[K [01;35m[Kwarning: [m[K‘[01m[KEigen::AlignedBit[m[K’ is deprecated [[01;35m[K-Wdeprecated-declarations[m[K]
[3.884s]    59 | n::Map<Matrix<double, Di, Dj>, Matrix<double, Di, Dj>::[01;35m[KFlags & AlignedBit[m[K ? Aligned : Unaligned > HessianBlockType;
[3.884s]       |                                                        [01;35m[K~~~~~~^~~~~~~~~~~~[m[K
[3.884s] 
[3.884s] In file included from [01m[K/usr/local/include/eigen3/Eigen/Core:161[m[K,
[3.884s]                  from [01m[K/usr/local/include/eigen3/Eigen/Dense:1[m[K,
[3.884s]                  from [01m[K/home/mantus/kol_bot/ros2_orb_slam/ros2_orb_slam/src/rgbd-slam-node.hpp:32[m[K,
[3.884s]                  from [01m[K/home/mantus/kol_bot/ros2_orb_slam/ros2_orb_slam/src/rgbd-slam-node.cpp:1[m[K:
[3.884s] [01m[K/usr/local/include/eigen3/Eigen/src/Core/util/Constants.h:167:37:[m[K [01;36m[Knote: [m[Kdeclared here
[3.884s]   167 | EIGEN_DEPRECATED const unsigned int [01;36m[KAlignedBit[m[K = 0x80;
[3.884s]       |                                     [01;36m[K^~~~~~~~~~[m[K
[3.895s] In file included from [01m[K/home/mantus/kol_bot/ros2_orb_slam/ros2_orb_slam/ORB_SLAM3/Thirdparty/g2o/g2o/types/types_six_dof_expmap.h:38[m[K,
[3.895s]                  from [01m[K/home/mantus/kol_bot/ros2_orb_slam/ros2_orb_slam/ORB_SLAM3/include/Converter.h:26[m[K,
[3.895s]                  from [01m[K/home/mantus/kol_bot/ros2_orb_slam/ros2_orb_slam/ORB_SLAM3/include/Frame.h:33[m[K,
[3.895s]                  from [01m[K/home/mantus/kol_bot/ros2_orb_slam/ros2_orb_slam/ORB_SLAM3/include/KeyFrame.h:28[m[K,
[3.895s]                  from [01m[K/home/mantus/kol_bot/ros2_orb_slam/ros2_orb_slam/ORB_SLAM3/include/MapPoint.h:23[m[K,
[3.895s]                  from [01m[K/home/mantus/kol_bot/ros2_orb_slam/ros2_orb_slam/ORB_SLAM3/include/FrameDrawer.h:24[m[K,
[3.895s]                  from [01m[K/home/mantus/kol_bot/ros2_orb_slam/ros2_orb_slam/ORB_SLAM3/include/Viewer.h:23[m[K,
[3.895s]                  from [01m[K/home/mantus/kol_bot/ros2_orb_slam/ros2_orb_slam/ORB_SLAM3/include/Tracking.h:26[m[K,
[3.895s]                  from [01m[K/home/mantus/kol_bot/ros2_orb_slam/ros2_orb_slam/ORB_SLAM3/include/System.h:31[m[K,
[3.895s]                  from [01m[K/home/mantus/kol_bot/ros2_orb_slam/ros2_orb_slam/src/rgbd-slam-node.hpp:39[m[K,
[3.895s]                  from [01m[K/home/mantus/kol_bot/ros2_orb_slam/ros2_orb_slam/src/rgbd-slam-node.cpp:1[m[K:
[3.895s] [01m[K/home/mantus/kol_bot/ros2_orb_slam/ros2_orb_slam/ORB_SLAM3/Thirdparty/g2o/g2o/types/../core/base_binary_edge.h:60:80:[m[K [01;35m[Kwarning: [m[K‘[01m[KEigen::AlignedBit[m[K’ is deprecated [[01;35m[K-Wdeprecated-declarations[m[K]
[3.895s]    60 | n::Map<Matrix<double, Dj, Di>, Matrix<double, Dj, Di>::[01;35m[KFlags & AlignedBit[m[K ? Aligned : Unaligned > HessianBlockTransposedType;
[3.895s]       |                                                        [01;35m[K~~~~~~^~~~~~~~~~~~[m[K
[3.895s] 
[3.895s] In file included from [01m[K/usr/local/include/eigen3/Eigen/Core:161[m[K,
[3.895s]                  from [01m[K/usr/local/include/eigen3/Eigen/Dense:1[m[K,
[3.896s]                  from [01m[K/home/mantus/kol_bot/ros2_orb_slam/ros2_orb_slam/src/rgbd-slam-node.hpp:32[m[K,
[3.896s]                  from [01m[K/home/mantus/kol_bot/ros2_orb_slam/ros2_orb_slam/src/rgbd-slam-node.cpp:1[m[K:
[3.896s] [01m[K/usr/local/include/eigen3/Eigen/src/Core/util/Constants.h:167:37:[m[K [01;36m[Knote: [m[Kdeclared here
[3.896s]   167 | EIGEN_DEPRECATED const unsigned int [01;36m[KAlignedBit[m[K = 0x80;
[3.896s]       |                                     [01;36m[K^~~~~~~~~~[m[K
[3.946s] In file included from [01m[K/home/mantus/kol_bot/ros2_orb_slam/ros2_orb_slam/ORB_SLAM3/Thirdparty/g2o/g2o/types/types_six_dof_expmap.h:38[m[K,
[3.947s]                  from [01m[K/home/mantus/kol_bot/ros2_orb_slam/ros2_orb_slam/ORB_SLAM3/include/Converter.h:26[m[K,
[3.947s]                  from [01m[K/home/mantus/kol_bot/ros2_orb_slam/ros2_orb_slam/ORB_SLAM3/include/Frame.h:33[m[K,
[3.947s]                  from [01m[K/home/mantus/kol_bot/ros2_orb_slam/ros2_orb_slam/ORB_SLAM3/include/KeyFrame.h:28[m[K,
[3.947s]                  from [01m[K/home/mantus/kol_bot/ros2_orb_slam/ros2_orb_slam/ORB_SLAM3/include/MapPoint.h:23[m[K,
[3.947s]                  from [01m[K/home/mantus/kol_bot/ros2_orb_slam/ros2_orb_slam/ORB_SLAM3/include/FrameDrawer.h:24[m[K,
[3.947s]                  from [01m[K/home/mantus/kol_bot/ros2_orb_slam/ros2_orb_slam/ORB_SLAM3/include/Viewer.h:23[m[K,
[3.947s]                  from [01m[K/home/mantus/kol_bot/ros2_orb_slam/ros2_orb_slam/ORB_SLAM3/include/Tracking.h:26[m[K,
[3.947s]                  from [01m[K/home/mantus/kol_bot/ros2_orb_slam/ros2_orb_slam/ORB_SLAM3/include/System.h:31[m[K,
[3.947s]                  from [01m[K/home/mantus/kol_bot/ros2_orb_slam/ros2_orb_slam/src/rgbd-slam-node.hpp:39[m[K,
[3.947s]                  from [01m[K/home/mantus/kol_bot/ros2_orb_slam/ros2_orb_slam/src/rgbd-slam-node.cpp:1[m[K:
[3.947s] /home/mantus/kol_bot/ros2_orb_slam/ros2_orb_slam/ORB_SLAM3/Thirdparty/g2o/g2o/types/../core/base_binary_edge.h: In instantiation of ‘[01m[Kclass g2o::BaseBinaryEdge<3, Eigen::Matrix<double, 3, 1>, g2o::VertexSBAPointXYZ, g2o::VertexSE3Expmap>[m[K’:
[3.947s] [01m[K/home/mantus/kol_bot/ros2_orb_slam/ros2_orb_slam/ORB_SLAM3/Thirdparty/g2o/g2o/types/types_six_dof_expmap.h:146:41:[m[K   required from here
[3.947s] [01m[K/home/mantus/kol_bot/ros2_orb_slam/ros2_orb_slam/ORB_SLAM3/Thirdparty/g2o/g2o/types/../core/base_binary_edge.h:59:80:[m[K [01;35m[Kwarning: [m[K‘[01m[KEigen::AlignedBit[m[K’ is deprecated [[01;35m[K-Wdeprecated-declarations[m[K]
[3.947s]    59 | n::Map<Matrix<double, Di, Dj>, Matrix<double, Di, Dj>::[01;35m[KFlags & AlignedBit[m[K ? Aligned : Unaligned > HessianBlockType;
[3.947s]       |                                                        [01;35m[K~~~~~~^~~~~~~~~~~~[m[K
[3.947s] 
[3.947s] In file included from [01m[K/usr/local/include/eigen3/Eigen/Core:161[m[K,
[3.947s]                  from [01m[K/usr/local/include/eigen3/Eigen/Dense:1[m[K,
[3.947s]                  from [01m[K/home/mantus/kol_bot/ros2_orb_slam/ros2_orb_slam/src/rgbd-slam-node.hpp:32[m[K,
[3.948s]                  from [01m[K/home/mantus/kol_bot/ros2_orb_slam/ros2_orb_slam/src/rgbd-slam-node.cpp:1[m[K:
[3.948s] [01m[K/usr/local/include/eigen3/Eigen/src/Core/util/Constants.h:167:37:[m[K [01;36m[Knote: [m[Kdeclared here
[3.948s]   167 | EIGEN_DEPRECATED const unsigned int [01;36m[KAlignedBit[m[K = 0x80;
[3.948s]       |                                     [01;36m[K^~~~~~~~~~[m[K
[3.948s] In file included from [01m[K/home/mantus/kol_bot/ros2_orb_slam/ros2_orb_slam/ORB_SLAM3/Thirdparty/g2o/g2o/types/types_six_dof_expmap.h:38[m[K,
[3.948s]                  from [01m[K/home/mantus/kol_bot/ros2_orb_slam/ros2_orb_slam/ORB_SLAM3/include/Converter.h:26[m[K,
[3.948s]                  from [01m[K/home/mantus/kol_bot/ros2_orb_slam/ros2_orb_slam/ORB_SLAM3/include/Frame.h:33[m[K,
[3.948s]                  from [01m[K/home/mantus/kol_bot/ros2_orb_slam/ros2_orb_slam/ORB_SLAM3/include/KeyFrame.h:28[m[K,
[3.948s]                  from [01m[K/home/mantus/kol_bot/ros2_orb_slam/ros2_orb_slam/ORB_SLAM3/include/MapPoint.h:23[m[K,
[3.948s]                  from [01m[K/home/mantus/kol_bot/ros2_orb_slam/ros2_orb_slam/ORB_SLAM3/include/FrameDrawer.h:24[m[K,
[3.948s]                  from [01m[K/home/mantus/kol_bot/ros2_orb_slam/ros2_orb_slam/ORB_SLAM3/include/Viewer.h:23[m[K,
[3.948s]                  from [01m[K/home/mantus/kol_bot/ros2_orb_slam/ros2_orb_slam/ORB_SLAM3/include/Tracking.h:26[m[K,
[3.948s]                  from [01m[K/home/mantus/kol_bot/ros2_orb_slam/ros2_orb_slam/ORB_SLAM3/include/System.h:31[m[K,
[3.948s]                  from [01m[K/home/mantus/kol_bot/ros2_orb_slam/ros2_orb_slam/src/rgbd-slam-node.hpp:39[m[K,
[3.948s]                  from [01m[K/home/mantus/kol_bot/ros2_orb_slam/ros2_orb_slam/src/rgbd-slam-node.cpp:1[m[K:
[3.948s] [01m[K/home/mantus/kol_bot/ros2_orb_slam/ros2_orb_slam/ORB_SLAM3/Thirdparty/g2o/g2o/types/../core/base_binary_edge.h:60:80:[m[K [01;35m[Kwarning: [m[K‘[01m[KEigen::AlignedBit[m[K’ is deprecated [[01;35m[K-Wdeprecated-declarations[m[K]
[3.948s]    60 | n::Map<Matrix<double, Dj, Di>, Matrix<double, Dj, Di>::[01;35m[KFlags & AlignedBit[m[K ? Aligned : Unaligned > HessianBlockTransposedType;
[3.948s]       |                                                        [01;35m[K~~~~~~^~~~~~~~~~~~[m[K
[3.948s] 
[3.948s] In file included from [01m[K/usr/local/include/eigen3/Eigen/Core:161[m[K,
[3.948s]                  from [01m[K/usr/local/include/eigen3/Eigen/Dense:1[m[K,
[3.948s]                  from [01m[K/home/mantus/kol_bot/ros2_orb_slam/ros2_orb_slam/src/rgbd-slam-node.hpp:32[m[K,
[3.949s]                  from [01m[K/home/mantus/kol_bot/ros2_orb_slam/ros2_orb_slam/src/rgbd-slam-node.cpp:1[m[K:
[3.949s] [01m[K/usr/local/include/eigen3/Eigen/src/Core/util/Constants.h:167:37:[m[K [01;36m[Knote: [m[Kdeclared here
[3.949s]   167 | EIGEN_DEPRECATED const unsigned int [01;36m[KAlignedBit[m[K = 0x80;
[3.949s]       |                                     [01;36m[K^~~~~~~~~~[m[K
[4.142s] In file included from [01m[K/home/mantus/kol_bot/ros2_orb_slam/ros2_orb_slam/ORB_SLAM3/Thirdparty/g2o/g2o/types/types_six_dof_expmap.h:37[m[K,
[4.142s]                  from [01m[K/home/mantus/kol_bot/ros2_orb_slam/ros2_orb_slam/ORB_SLAM3/include/Converter.h:26[m[K,
[4.142s]                  from [01m[K/home/mantus/kol_bot/ros2_orb_slam/ros2_orb_slam/ORB_SLAM3/include/Frame.h:33[m[K,
[4.142s]                  from [01m[K/home/mantus/kol_bot/ros2_orb_slam/ros2_orb_slam/ORB_SLAM3/include/KeyFrame.h:28[m[K,
[4.142s]                  from [01m[K/home/mantus/kol_bot/ros2_orb_slam/ros2_orb_slam/ORB_SLAM3/include/MapPoint.h:23[m[K,
[4.142s]                  from [01m[K/home/mantus/kol_bot/ros2_orb_slam/ros2_orb_slam/ORB_SLAM3/include/FrameDrawer.h:24[m[K,
[4.142s]                  from [01m[K/home/mantus/kol_bot/ros2_orb_slam/ros2_orb_slam/ORB_SLAM3/include/Viewer.h:23[m[K,
[4.142s]                  from [01m[K/home/mantus/kol_bot/ros2_orb_slam/ros2_orb_slam/ORB_SLAM3/include/Tracking.h:26[m[K,
[4.143s]                  from [01m[K/home/mantus/kol_bot/ros2_orb_slam/ros2_orb_slam/ORB_SLAM3/include/System.h:31[m[K,
[4.143s]                  from [01m[K/home/mantus/kol_bot/ros2_orb_slam/ros2_orb_slam/src/rgbd-slam-node.hpp:39[m[K,
[4.143s]                  from [01m[K/home/mantus/kol_bot/ros2_orb_slam/ros2_orb_slam/src/rgbd-slam-node.cpp:1[m[K:
[4.143s] /home/mantus/kol_bot/ros2_orb_slam/ros2_orb_slam/ORB_SLAM3/Thirdparty/g2o/g2o/types/../core/base_vertex.h: In instantiation of ‘[01m[Kclass g2o::BaseVertex<7, g2o::Sim3>[m[K’:
[4.143s] [01m[K/home/mantus/kol_bot/ros2_orb_slam/ros2_orb_slam/ORB_SLAM3/Thirdparty/g2o/g2o/types/types_seven_dof_expmap.h:48:35:[m[K   required from here
[4.143s] [01m[K/home/mantus/kol_bot/ros2_orb_slam/ros2_orb_slam/ORB_SLAM3/Thirdparty/g2o/g2o/types/../core/base_vertex.h:62:72:[m[K [01;35m[Kwarning: [m[K‘[01m[KEigen::AlignedBit[m[K’ is deprecated [[01;35m[K-Wdeprecated-declarations[m[K]
[4.143s]    62 | f Eigen::Map<Matrix<double, D, D>, Matrix<double,D,D>::[01;35m[KFlags & AlignedBit[m[K ? Aligned : Unaligned >  HessianBlockType;
[4.143s]       |                                                        [01;35m[K~~~~~~^~~~~~~~~~~~[m[K
[4.143s] 
[4.143s] In file included from [01m[K/usr/local/include/eigen3/Eigen/Core:161[m[K,
[4.143s]                  from [01m[K/usr/local/include/eigen3/Eigen/Dense:1[m[K,
[4.143s]                  from [01m[K/home/mantus/kol_bot/ros2_orb_slam/ros2_orb_slam/src/rgbd-slam-node.hpp:32[m[K,
[4.143s]                  from [01m[K/home/mantus/kol_bot/ros2_orb_slam/ros2_orb_slam/src/rgbd-slam-node.cpp:1[m[K:
[4.143s] [01m[K/usr/local/include/eigen3/Eigen/src/Core/util/Constants.h:167:37:[m[K [01;36m[Knote: [m[Kdeclared here
[4.144s]   167 | EIGEN_DEPRECATED const unsigned int [01;36m[KAlignedBit[m[K = 0x80;
[4.144s]       |                                     [01;36m[K^~~~~~~~~~[m[K
[4.171s] In file included from [01m[K/home/mantus/kol_bot/ros2_orb_slam/ros2_orb_slam/ORB_SLAM3/Thirdparty/g2o/g2o/types/types_six_dof_expmap.h:38[m[K,
[4.171s]                  from [01m[K/home/mantus/kol_bot/ros2_orb_slam/ros2_orb_slam/ORB_SLAM3/include/Converter.h:26[m[K,
[4.171s]                  from [01m[K/home/mantus/kol_bot/ros2_orb_slam/ros2_orb_slam/ORB_SLAM3/include/Frame.h:33[m[K,
[4.171s]                  from [01m[K/home/mantus/kol_bot/ros2_orb_slam/ros2_orb_slam/ORB_SLAM3/include/KeyFrame.h:28[m[K,
[4.171s]                  from [01m[K/home/mantus/kol_bot/ros2_orb_slam/ros2_orb_slam/ORB_SLAM3/include/MapPoint.h:23[m[K,
[4.171s]                  from [01m[K/home/mantus/kol_bot/ros2_orb_slam/ros2_orb_slam/ORB_SLAM3/include/FrameDrawer.h:24[m[K,
[4.171s]                  from [01m[K/home/mantus/kol_bot/ros2_orb_slam/ros2_orb_slam/ORB_SLAM3/include/Viewer.h:23[m[K,
[4.171s]                  from [01m[K/home/mantus/kol_bot/ros2_orb_slam/ros2_orb_slam/ORB_SLAM3/include/Tracking.h:26[m[K,
[4.171s]                  from [01m[K/home/mantus/kol_bot/ros2_orb_slam/ros2_orb_slam/ORB_SLAM3/include/System.h:31[m[K,
[4.171s]                  from [01m[K/home/mantus/kol_bot/ros2_orb_slam/ros2_orb_slam/src/rgbd-slam-node.hpp:39[m[K,
[4.172s]                  from [01m[K/home/mantus/kol_bot/ros2_orb_slam/ros2_orb_slam/src/rgbd-slam-node.cpp:1[m[K:
[4.172s] /home/mantus/kol_bot/ros2_orb_slam/ros2_orb_slam/ORB_SLAM3/Thirdparty/g2o/g2o/types/../core/base_binary_edge.h: In instantiation of ‘[01m[Kclass g2o::BaseBinaryEdge<7, g2o::Sim3, g2o::VertexSim3Expmap, g2o::VertexSim3Expmap>[m[K’:
[4.172s] [01m[K/home/mantus/kol_bot/ros2_orb_slam/ros2_orb_slam/ORB_SLAM3/Thirdparty/g2o/g2o/types/types_seven_dof_expmap.h:99:27:[m[K   required from here
[4.172s] [01m[K/home/mantus/kol_bot/ros2_orb_slam/ros2_orb_slam/ORB_SLAM3/Thirdparty/g2o/g2o/types/../core/base_binary_edge.h:59:80:[m[K [01;35m[Kwarning: [m[K‘[01m[KEigen::AlignedBit[m[K’ is deprecated [[01;35m[K-Wdeprecated-declarations[m[K]
[4.172s]    59 | n::Map<Matrix<double, Di, Dj>, Matrix<double, Di, Dj>::[01;35m[KFlags & AlignedBit[m[K ? Aligned : Unaligned > HessianBlockType;
[4.172s]       |                                                        [01;35m[K~~~~~~^~~~~~~~~~~~[m[K
[4.172s] 
[4.172s] In file included from [01m[K/usr/local/include/eigen3/Eigen/Core:161[m[K,
[4.172s]                  from [01m[K/usr/local/include/eigen3/Eigen/Dense:1[m[K,
[4.172s]                  from [01m[K/home/mantus/kol_bot/ros2_orb_slam/ros2_orb_slam/src/rgbd-slam-node.hpp:32[m[K,
[4.172s]                  from [01m[K/home/mantus/kol_bot/ros2_orb_slam/ros2_orb_slam/src/rgbd-slam-node.cpp:1[m[K:
[4.172s] [01m[K/usr/local/include/eigen3/Eigen/src/Core/util/Constants.h:167:37:[m[K [01;36m[Knote: [m[Kdeclared here
[4.172s]   167 | EIGEN_DEPRECATED const unsigned int [01;36m[KAlignedBit[m[K = 0x80;
[4.172s]       |                                     [01;36m[K^~~~~~~~~~[m[K
[4.173s] In file included from [01m[K/home/mantus/kol_bot/ros2_orb_slam/ros2_orb_slam/ORB_SLAM3/Thirdparty/g2o/g2o/types/types_six_dof_expmap.h:38[m[K,
[4.173s]                  from [01m[K/home/mantus/kol_bot/ros2_orb_slam/ros2_orb_slam/ORB_SLAM3/include/Converter.h:26[m[K,
[4.173s]                  from [01m[K/home/mantus/kol_bot/ros2_orb_slam/ros2_orb_slam/ORB_SLAM3/include/Frame.h:33[m[K,
[4.173s]                  from [01m[K/home/mantus/kol_bot/ros2_orb_slam/ros2_orb_slam/ORB_SLAM3/include/KeyFrame.h:28[m[K,
[4.173s]                  from [01m[K/home/mantus/kol_bot/ros2_orb_slam/ros2_orb_slam/ORB_SLAM3/include/MapPoint.h:23[m[K,
[4.173s]                  from [01m[K/home/mantus/kol_bot/ros2_orb_slam/ros2_orb_slam/ORB_SLAM3/include/FrameDrawer.h:24[m[K,
[4.173s]                  from [01m[K/home/mantus/kol_bot/ros2_orb_slam/ros2_orb_slam/ORB_SLAM3/include/Viewer.h:23[m[K,
[4.173s]                  from [01m[K/home/mantus/kol_bot/ros2_orb_slam/ros2_orb_slam/ORB_SLAM3/include/Tracking.h:26[m[K,
[4.173s]                  from [01m[K/home/mantus/kol_bot/ros2_orb_slam/ros2_orb_slam/ORB_SLAM3/include/System.h:31[m[K,
[4.173s]                  from [01m[K/home/mantus/kol_bot/ros2_orb_slam/ros2_orb_slam/src/rgbd-slam-node.hpp:39[m[K,
[4.173s]                  from [01m[K/home/mantus/kol_bot/ros2_orb_slam/ros2_orb_slam/src/rgbd-slam-node.cpp:1[m[K:
[4.173s] [01m[K/home/mantus/kol_bot/ros2_orb_slam/ros2_orb_slam/ORB_SLAM3/Thirdparty/g2o/g2o/types/../core/base_binary_edge.h:60:80:[m[K [01;35m[Kwarning: [m[K‘[01m[KEigen::AlignedBit[m[K’ is deprecated [[01;35m[K-Wdeprecated-declarations[m[K]
[4.173s]    60 | n::Map<Matrix<double, Dj, Di>, Matrix<double, Dj, Di>::[01;35m[KFlags & AlignedBit[m[K ? Aligned : Unaligned > HessianBlockTransposedType;
[4.173s]       |                                                        [01;35m[K~~~~~~^~~~~~~~~~~~[m[K
[4.173s] 
[4.174s] In file included from [01m[K/usr/local/include/eigen3/Eigen/Core:161[m[K,
[4.174s]                  from [01m[K/usr/local/include/eigen3/Eigen/Dense:1[m[K,
[4.174s]                  from [01m[K/home/mantus/kol_bot/ros2_orb_slam/ros2_orb_slam/src/rgbd-slam-node.hpp:32[m[K,
[4.174s]                  from [01m[K/home/mantus/kol_bot/ros2_orb_slam/ros2_orb_slam/src/rgbd-slam-node.cpp:1[m[K:
[4.174s] [01m[K/usr/local/include/eigen3/Eigen/src/Core/util/Constants.h:167:37:[m[K [01;36m[Knote: [m[Kdeclared here
[4.174s]   167 | EIGEN_DEPRECATED const unsigned int [01;36m[KAlignedBit[m[K = 0x80;
[4.174s]       |                                     [01;36m[K^~~~~~~~~~[m[K
[4.210s] In file included from [01m[K/home/mantus/kol_bot/ros2_orb_slam/ros2_orb_slam/ORB_SLAM3/Thirdparty/g2o/g2o/types/types_six_dof_expmap.h:38[m[K,
[4.211s]                  from [01m[K/home/mantus/kol_bot/ros2_orb_slam/ros2_orb_slam/ORB_SLAM3/include/Converter.h:26[m[K,
[4.211s]                  from [01m[K/home/mantus/kol_bot/ros2_orb_slam/ros2_orb_slam/ORB_SLAM3/include/Frame.h:33[m[K,
[4.211s]                  from [01m[K/home/mantus/kol_bot/ros2_orb_slam/ros2_orb_slam/ORB_SLAM3/include/KeyFrame.h:28[m[K,
[4.211s]                  from [01m[K/home/mantus/kol_bot/ros2_orb_slam/ros2_orb_slam/ORB_SLAM3/include/MapPoint.h:23[m[K,
[4.211s]                  from [01m[K/home/mantus/kol_bot/ros2_orb_slam/ros2_orb_slam/ORB_SLAM3/include/FrameDrawer.h:24[m[K,
[4.211s]                  from [01m[K/home/mantus/kol_bot/ros2_orb_slam/ros2_orb_slam/ORB_SLAM3/include/Viewer.h:23[m[K,
[4.211s]                  from [01m[K/home/mantus/kol_bot/ros2_orb_slam/ros2_orb_slam/ORB_SLAM3/include/Tracking.h:26[m[K,
[4.211s]                  from [01m[K/home/mantus/kol_bot/ros2_orb_slam/ros2_orb_slam/ORB_SLAM3/include/System.h:31[m[K,
[4.211s]                  from [01m[K/home/mantus/kol_bot/ros2_orb_slam/ros2_orb_slam/src/rgbd-slam-node.hpp:39[m[K,
[4.211s]                  from [01m[K/home/mantus/kol_bot/ros2_orb_slam/ros2_orb_slam/src/rgbd-slam-node.cpp:1[m[K:
[4.212s] /home/mantus/kol_bot/ros2_orb_slam/ros2_orb_slam/ORB_SLAM3/Thirdparty/g2o/g2o/types/../core/base_binary_edge.h: In instantiation of ‘[01m[Kclass g2o::BaseBinaryEdge<2, Eigen::Matrix<double, 2, 1>, g2o::VertexSBAPointXYZ, g2o::VertexSim3Expmap>[m[K’:
[4.212s] [01m[K/home/mantus/kol_bot/ros2_orb_slam/ros2_orb_slam/ORB_SLAM3/Thirdparty/g2o/g2o/types/types_seven_dof_expmap.h:130:36:[m[K   required from here
[4.212s] [01m[K/home/mantus/kol_bot/ros2_orb_slam/ros2_orb_slam/ORB_SLAM3/Thirdparty/g2o/g2o/types/../core/base_binary_edge.h:59:80:[m[K [01;35m[Kwarning: [m[K‘[01m[KEigen::AlignedBit[m[K’ is deprecated [[01;35m[K-Wdeprecated-declarations[m[K]
[4.212s]    59 | n::Map<Matrix<double, Di, Dj>, Matrix<double, Di, Dj>::[01;35m[KFlags & AlignedBit[m[K ? Aligned : Unaligned > HessianBlockType;
[4.212s]       |                                                        [01;35m[K~~~~~~^~~~~~~~~~~~[m[K
[4.212s] 
[4.212s] In file included from [01m[K/usr/local/include/eigen3/Eigen/Core:161[m[K,
[4.212s]                  from [01m[K/usr/local/include/eigen3/Eigen/Dense:1[m[K,
[4.212s]                  from [01m[K/home/mantus/kol_bot/ros2_orb_slam/ros2_orb_slam/src/rgbd-slam-node.hpp:32[m[K,
[4.212s]                  from [01m[K/home/mantus/kol_bot/ros2_orb_slam/ros2_orb_slam/src/rgbd-slam-node.cpp:1[m[K:
[4.212s] [01m[K/usr/local/include/eigen3/Eigen/src/Core/util/Constants.h:167:37:[m[K [01;36m[Knote: [m[Kdeclared here
[4.212s]   167 | EIGEN_DEPRECATED const unsigned int [01;36m[KAlignedBit[m[K = 0x80;
[4.212s]       |                                     [01;36m[K^~~~~~~~~~[m[K
[4.224s] In file included from [01m[K/home/mantus/kol_bot/ros2_orb_slam/ros2_orb_slam/ORB_SLAM3/Thirdparty/g2o/g2o/types/types_six_dof_expmap.h:38[m[K,
[4.224s]                  from [01m[K/home/mantus/kol_bot/ros2_orb_slam/ros2_orb_slam/ORB_SLAM3/include/Converter.h:26[m[K,
[4.224s]                  from [01m[K/home/mantus/kol_bot/ros2_orb_slam/ros2_orb_slam/ORB_SLAM3/include/Frame.h:33[m[K,
[4.224s]                  from [01m[K/home/mantus/kol_bot/ros2_orb_slam/ros2_orb_slam/ORB_SLAM3/include/KeyFrame.h:28[m[K,
[4.224s]                  from [01m[K/home/mantus/kol_bot/ros2_orb_slam/ros2_orb_slam/ORB_SLAM3/include/MapPoint.h:23[m[K,
[4.224s]                  from [01m[K/home/mantus/kol_bot/ros2_orb_slam/ros2_orb_slam/ORB_SLAM3/include/FrameDrawer.h:24[m[K,
[4.224s]                  from [01m[K/home/mantus/kol_bot/ros2_orb_slam/ros2_orb_slam/ORB_SLAM3/include/Viewer.h:23[m[K,
[4.225s]                  from [01m[K/home/mantus/kol_bot/ros2_orb_slam/ros2_orb_slam/ORB_SLAM3/include/Tracking.h:26[m[K,
[4.225s]                  from [01m[K/home/mantus/kol_bot/ros2_orb_slam/ros2_orb_slam/ORB_SLAM3/include/System.h:31[m[K,
[4.225s]                  from [01m[K/home/mantus/kol_bot/ros2_orb_slam/ros2_orb_slam/src/rgbd-slam-node.hpp:39[m[K,
[4.225s]                  from [01m[K/home/mantus/kol_bot/ros2_orb_slam/ros2_orb_slam/src/rgbd-slam-node.cpp:1[m[K:
[4.225s] [01m[K/home/mantus/kol_bot/ros2_orb_slam/ros2_orb_slam/ORB_SLAM3/Thirdparty/g2o/g2o/types/../core/base_binary_edge.h:60:80:[m[K [01;35m[Kwarning: [m[K‘[01m[KEigen::AlignedBit[m[K’ is deprecated [[01;35m[K-Wdeprecated-declarations[m[K]
[4.225s]    60 | n::Map<Matrix<double, Dj, Di>, Matrix<double, Dj, Di>::[01;35m[KFlags & AlignedBit[m[K ? Aligned : Unaligned > HessianBlockTransposedType;
[4.225s]       |                                                        [01;35m[K~~~~~~^~~~~~~~~~~~[m[K
[4.225s] 
[4.225s] In file included from [01m[K/usr/local/include/eigen3/Eigen/Core:161[m[K,
[4.225s]                  from [01m[K/usr/local/include/eigen3/Eigen/Dense:1[m[K,
[4.225s]                  from [01m[K/home/mantus/kol_bot/ros2_orb_slam/ros2_orb_slam/src/rgbd-slam-node.hpp:32[m[K,
[4.225s]                  from [01m[K/home/mantus/kol_bot/ros2_orb_slam/ros2_orb_slam/src/rgbd-slam-node.cpp:1[m[K:
[4.225s] [01m[K/usr/local/include/eigen3/Eigen/src/Core/util/Constants.h:167:37:[m[K [01;36m[Knote: [m[Kdeclared here
[4.225s]   167 | EIGEN_DEPRECATED const unsigned int [01;36m[KAlignedBit[m[K = 0x80;
[4.226s]       |                                     [01;36m[K^~~~~~~~~~[m[K
[4.288s] In file included from [01m[K/home/mantus/kol_bot/ros2_orb_slam/ros2_orb_slam/ORB_SLAM3/include/Frame.h:34[m[K,
[4.288s]                  from [01m[K/home/mantus/kol_bot/ros2_orb_slam/ros2_orb_slam/ORB_SLAM3/include/KeyFrame.h:28[m[K,
[4.288s]                  from [01m[K/home/mantus/kol_bot/ros2_orb_slam/ros2_orb_slam/ORB_SLAM3/include/MapPoint.h:23[m[K,
[4.288s]                  from [01m[K/home/mantus/kol_bot/ros2_orb_slam/ros2_orb_slam/ORB_SLAM3/include/FrameDrawer.h:24[m[K,
[4.288s]                  from [01m[K/home/mantus/kol_bot/ros2_orb_slam/ros2_orb_slam/ORB_SLAM3/include/Viewer.h:23[m[K,
[4.288s]                  from [01m[K/home/mantus/kol_bot/ros2_orb_slam/ros2_orb_slam/ORB_SLAM3/include/Tracking.h:26[m[K,
[4.288s]                  from [01m[K/home/mantus/kol_bot/ros2_orb_slam/ros2_orb_slam/ORB_SLAM3/include/System.h:31[m[K,
[4.288s]                  from [01m[K/home/mantus/kol_bot/ros2_orb_slam/ros2_orb_slam/src/rgbd-slam-node.hpp:39[m[K,
[4.289s]                  from [01m[K/home/mantus/kol_bot/ros2_orb_slam/ros2_orb_slam/src/rgbd-slam-node.cpp:1[m[K:
[4.289s] [01m[K/home/mantus/kol_bot/ros2_orb_slam/ros2_orb_slam/ORB_SLAM3/include/Settings.h:232:2:[m[K [01;35m[Kwarning: [m[Kextra ‘[01m[K;[m[K’ [[01;35m[K-Wpedantic[m[K]
[4.289s]   232 | }[01;35m[K;[m[K
[4.289s]       |  [01;35m[K^[m[K
[4.739s] In file included from [01m[K/home/mantus/kol_bot/ros2_orb_slam/ros2_orb_slam/ORB_SLAM3/include/Atlas.h:26[m[K,
[4.739s]                  from [01m[K/home/mantus/kol_bot/ros2_orb_slam/ros2_orb_slam/ORB_SLAM3/include/FrameDrawer.h:25[m[K,
[4.739s]                  from [01m[K/home/mantus/kol_bot/ros2_orb_slam/ros2_orb_slam/ORB_SLAM3/include/Viewer.h:23[m[K,
[4.739s]                  from [01m[K/home/mantus/kol_bot/ros2_orb_slam/ros2_orb_slam/ORB_SLAM3/include/Tracking.h:26[m[K,
[4.739s]                  from [01m[K/home/mantus/kol_bot/ros2_orb_slam/ros2_orb_slam/ORB_SLAM3/include/System.h:31[m[K,
[4.740s]                  from [01m[K/home/mantus/kol_bot/ros2_orb_slam/ros2_orb_slam/src/rgbd-slam-node.hpp:39[m[K,
[4.740s]                  from [01m[K/home/mantus/kol_bot/ros2_orb_slam/ros2_orb_slam/src/rgbd-slam-node.cpp:1[m[K:
[4.740s] [01m[K/home/mantus/kol_bot/ros2_orb_slam/ros2_orb_slam/ORB_SLAM3/include/CameraModels/Pinhole.h:[m[K In member function ‘[01m[Kvirtual bool ORB_SLAM3::Pinhole::matchAndtriangulate(const cv::KeyPoint&, const cv::KeyPoint&, ORB_SLAM3::GeometricCamera*, Sophus::SE3f&, Sophus::SE3f&, float, float, Eigen::Vector3f&)[m[K’:
[4.740s] [01m[K/home/mantus/kol_bot/ros2_orb_slam/ros2_orb_slam/ORB_SLAM3/include/CameraModels/Pinhole.h:83:54:[m[K [01;35m[Kwarning: [m[Kunused parameter ‘[01m[Kkp1[m[K’ [[01;35m[K-Wunused-parameter[m[K]
[4.740s]    83 |         bool matchAndtriangulate([01;35m[Kconst cv::KeyPoint& kp1[m[K, const cv::KeyPoint& kp2, GeometricCamera* pOther,
[4.740s]       |                                  [01;35m[K~~~~~~~~~~~~~~~~~~~~^~~[m[K
[4.740s] [01m[K/home/mantus/kol_bot/ros2_orb_slam/ros2_orb_slam/ORB_SLAM3/include/CameraModels/Pinhole.h:83:79:[m[K [01;35m[Kwarning: [m[Kunused parameter ‘[01m[Kkp2[m[K’ [[01;35m[K-Wunused-parameter[m[K]
[4.740s]    83 | hAndtriangulate(const cv::KeyPoint& kp1, [01;35m[Kconst cv::KeyPoint& kp2[m[K, GeometricCamera* pOther,
[4.740s]       |                                          [01;35m[K~~~~~~~~~~~~~~~~~~~~^~~[m[K
[4.740s] 
[4.740s] [01m[K/home/mantus/kol_bot/ros2_orb_slam/ros2_orb_slam/ORB_SLAM3/include/CameraModels/Pinhole.h:83:101:[m[K [01;35m[Kwarning: [m[Kunused parameter ‘[01m[KpOther[m[K’ [[01;35m[K-Wunused-parameter[m[K]
[4.741s]    83 | cv::KeyPoint& kp1, const cv::KeyPoint& kp2, [01;35m[KGeometricCamera* pOther[m[K,
[4.741s]       |                                             [01;35m[K~~~~~~~~~~~~~~~~~^~~~~~[m[K
[4.741s] 
[4.741s] [01m[K/home/mantus/kol_bot/ros2_orb_slam/ros2_orb_slam/ORB_SLAM3/include/CameraModels/Pinhole.h:84:48:[m[K [01;35m[Kwarning: [m[Kunused parameter ‘[01m[KTcw1[m[K’ [[01;35m[K-Wunused-parameter[m[K]
[4.741s]    84 |                                  [01;35m[KSophus::SE3f& Tcw1[m[K, Sophus::SE3f& Tcw2,
[4.741s]       |                                  [01;35m[K~~~~~~~~~~~~~~^~~~[m[K
[4.741s] [01m[K/home/mantus/kol_bot/ros2_orb_slam/ros2_orb_slam/ORB_SLAM3/include/CameraModels/Pinhole.h:84:68:[m[K [01;35m[Kwarning: [m[Kunused parameter ‘[01m[KTcw2[m[K’ [[01;35m[K-Wunused-parameter[m[K]
[4.741s]    84 |                                  Sophus::SE3f& Tcw1, [01;35m[KSophus::SE3f& Tcw2[m[K,
[4.741s]       |                                                      [01;35m[K~~~~~~~~~~~~~~^~~~[m[K
[4.741s] [01m[K/home/mantus/kol_bot/ros2_orb_slam/ros2_orb_slam/ORB_SLAM3/include/CameraModels/Pinhole.h:85:46:[m[K [01;35m[Kwarning: [m[Kunused parameter ‘[01m[KsigmaLevel1[m[K’ [[01;35m[K-Wunused-parameter[m[K]
[4.741s]    85 |                                  [01;35m[Kconst float sigmaLevel1[m[K, const float sigmaLevel2,
[4.741s]       |                                  [01;35m[K~~~~~~~~~~~~^~~~~~~~~~~[m[K
[4.741s] [01m[K/home/mantus/kol_bot/ros2_orb_slam/ros2_orb_slam/ORB_SLAM3/include/CameraModels/Pinhole.h:85:71:[m[K [01;35m[Kwarning: [m[Kunused parameter ‘[01m[KsigmaLevel2[m[K’ [[01;35m[K-Wunused-parameter[m[K]
[4.741s]    85 |                               const float sigmaLevel1, [01;35m[Kconst float sigmaLevel2[m[K,
[4.741s]       |                                                        [01;35m[K~~~~~~~~~~~~^~~~~~~~~~~[m[K
[4.741s] 
[4.741s] [01m[K/home/mantus/kol_bot/ros2_orb_slam/ros2_orb_slam/ORB_SLAM3/include/CameraModels/Pinhole.h:86:51:[m[K [01;35m[Kwarning: [m[Kunused parameter ‘[01m[Kx3Dtriangulated[m[K’ [[01;35m[K-Wunused-parameter[m[K]
[4.741s]    86 |                                  [01;35m[KEigen::Vector3f& x3Dtriangulated[m[K) { return false;}
[4.741s]       |                                  [01;35m[K~~~~~~~~~~~~~~~~~^~~~~~~~~~~~~~~[m[K
[4.741s] In file included from [01m[K/home/mantus/kol_bot/ros2_orb_slam/ros2_orb_slam/ORB_SLAM3/include/Atlas.h:27[m[K,
[4.741s]                  from [01m[K/home/mantus/kol_bot/ros2_orb_slam/ros2_orb_slam/ORB_SLAM3/include/FrameDrawer.h:25[m[K,
[4.742s]                  from [01m[K/home/mantus/kol_bot/ros2_orb_slam/ros2_orb_slam/ORB_SLAM3/include/Viewer.h:23[m[K,
[4.742s]                  from [01m[K/home/mantus/kol_bot/ros2_orb_slam/ros2_orb_slam/ORB_SLAM3/include/Tracking.h:26[m[K,
[4.742s]                  from [01m[K/home/mantus/kol_bot/ros2_orb_slam/ros2_orb_slam/ORB_SLAM3/include/System.h:31[m[K,
[4.742s]                  from [01m[K/home/mantus/kol_bot/ros2_orb_slam/ros2_orb_slam/src/rgbd-slam-node.hpp:39[m[K,
[4.742s]                  from [01m[K/home/mantus/kol_bot/ros2_orb_slam/ros2_orb_slam/src/rgbd-slam-node.cpp:1[m[K:
[4.742s] [01m[K/home/mantus/kol_bot/ros2_orb_slam/ros2_orb_slam/ORB_SLAM3/include/CameraModels/KannalaBrandt8.h:[m[K In constructor ‘[01m[KORB_SLAM3::KannalaBrandt8::KannalaBrandt8(std::vector<float>)[m[K’:
[4.742s] [01m[K/home/mantus/kol_bot/ros2_orb_slam/ros2_orb_slam/ORB_SLAM3/include/CameraModels/KannalaBrandt8.h:102:21:[m[K [01;35m[Kwarning: [m[K‘[01m[KORB_SLAM3::KannalaBrandt8::precision[m[K’ will be initialized after [[01;35m[K-Wreorder[m[K]
[4.742s]   102 |         const float [01;35m[Kprecision[m[K;
[4.742s]       |                     [01;35m[K^~~~~~~~~[m[K
[4.742s] [01m[K/home/mantus/kol_bot/ros2_orb_slam/ros2_orb_slam/ORB_SLAM3/include/CameraModels/KannalaBrandt8.h:88:26:[m[K [01;35m[Kwarning: [m[K  ‘[01m[Kstd::vector<int> ORB_SLAM3::KannalaBrandt8::mvLappingArea[m[K’ [[01;35m[K-Wreorder[m[K]
[4.742s]    88 |         std::vector<int> [01;35m[KmvLappingArea[m[K;
[4.742s]       |                          [01;35m[K^~~~~~~~~~~~~[m[K
[4.742s] In file included from [01m[K/home/mantus/kol_bot/ros2_orb_slam/ros2_orb_slam/ORB_SLAM3/include/Atlas.h:27[m[K,
[4.742s]                  from [01m[K/home/mantus/kol_bot/ros2_orb_slam/ros2_orb_slam/ORB_SLAM3/include/FrameDrawer.h:25[m[K,
[4.743s]                  from [01m[K/home/mantus/kol_bot/ros2_orb_slam/ros2_orb_slam/ORB_SLAM3/include/Viewer.h:23[m[K,
[4.743s]                  from [01m[K/home/mantus/kol_bot/ros2_orb_slam/ros2_orb_slam/ORB_SLAM3/include/Tracking.h:26[m[K,
[4.743s]                  from [01m[K/home/mantus/kol_bot/ros2_orb_slam/ros2_orb_slam/ORB_SLAM3/include/System.h:31[m[K,
[4.743s]                  from [01m[K/home/mantus/kol_bot/ros2_orb_slam/ros2_orb_slam/src/rgbd-slam-node.hpp:39[m[K,
[4.743s]                  from [01m[K/home/mantus/kol_bot/ros2_orb_slam/ros2_orb_slam/src/rgbd-slam-node.cpp:1[m[K:
[4.743s] [01m[K/home/mantus/kol_bot/ros2_orb_slam/ros2_orb_slam/ORB_SLAM3/include/CameraModels/KannalaBrandt8.h:47:9:[m[K [01;35m[Kwarning: [m[K  when initialized here [[01;35m[K-Wreorder[m[K]
[4.743s]    47 |         [01;35m[KKannalaBrandt8[m[K(const std::vector<float> _vParameters) : GeometricCamera(_vParameters), precision(1e-6), mvLappingArea(2,0) ,tvr(nullptr) {
[4.743s]       |         [01;35m[K^~~~~~~~~~~~~~[m[K
[4.743s] In file included from [01m[K/home/mantus/kol_bot/ros2_orb_slam/ros2_orb_slam/ORB_SLAM3/include/Atlas.h:27[m[K,
[4.743s]                  from [01m[K/home/mantus/kol_bot/ros2_orb_slam/ros2_orb_slam/ORB_SLAM3/include/FrameDrawer.h:25[m[K,
[4.743s]                  from [01m[K/home/mantus/kol_bot/ros2_orb_slam/ros2_orb_slam/ORB_SLAM3/include/Viewer.h:23[m[K,
[4.743s]                  from [01m[K/home/mantus/kol_bot/ros2_orb_slam/ros2_orb_slam/ORB_SLAM3/include/Tracking.h:26[m[K,
[4.743s]                  from [01m[K/home/mantus/kol_bot/ros2_orb_slam/ros2_orb_slam/ORB_SLAM3/include/System.h:31[m[K,
[4.743s]                  from [01m[K/home/mantus/kol_bot/ros2_orb_slam/ros2_orb_slam/src/rgbd-slam-node.hpp:39[m[K,
[4.744s]                  from [01m[K/home/mantus/kol_bot/ros2_orb_slam/ros2_orb_slam/src/rgbd-slam-node.cpp:1[m[K:
[4.744s] [01m[K/home/mantus/kol_bot/ros2_orb_slam/ros2_orb_slam/ORB_SLAM3/include/CameraModels/KannalaBrandt8.h:[m[K In constructor ‘[01m[KORB_SLAM3::KannalaBrandt8::KannalaBrandt8(std::vector<float>, float)[m[K’:
[4.744s] [01m[K/home/mantus/kol_bot/ros2_orb_slam/ros2_orb_slam/ORB_SLAM3/include/CameraModels/KannalaBrandt8.h:102:21:[m[K [01;35m[Kwarning: [m[K‘[01m[KORB_SLAM3::KannalaBrandt8::precision[m[K’ will be initialized after [[01;35m[K-Wreorder[m[K]
[4.744s]   102 |         const float [01;35m[Kprecision[m[K;
[4.744s]       |                     [01;35m[K^~~~~~~~~[m[K
[4.744s] [01m[K/home/mantus/kol_bot/ros2_orb_slam/ros2_orb_slam/ORB_SLAM3/include/CameraModels/KannalaBrandt8.h:88:26:[m[K [01;35m[Kwarning: [m[K  ‘[01m[Kstd::vector<int> ORB_SLAM3::KannalaBrandt8::mvLappingArea[m[K’ [[01;35m[K-Wreorder[m[K]
[4.744s]    88 |         std::vector<int> [01;35m[KmvLappingArea[m[K;
[4.744s]       |                          [01;35m[K^~~~~~~~~~~~~[m[K
[4.744s] [01m[K/home/mantus/kol_bot/ros2_orb_slam/ros2_orb_slam/ORB_SLAM3/include/CameraModels/KannalaBrandt8.h:53:9:[m[K [01;35m[Kwarning: [m[K  when initialized here [[01;35m[K-Wreorder[m[K]
[4.744s]    53 |         [01;35m[KKannalaBrandt8[m[K(const std::vector<float> _vParameters, const float _precision) : GeometricCamera(_vParameters),
[4.744s]       |         [01;35m[K^~~~~~~~~~~~~~[m[K
[4.744s] [01m[K/home/mantus/kol_bot/ros2_orb_slam/ros2_orb_slam/ORB_SLAM3/include/CameraModels/KannalaBrandt8.h:[m[K In constructor ‘[01m[KORB_SLAM3::KannalaBrandt8::KannalaBrandt8(ORB_SLAM3::KannalaBrandt8*)[m[K’:
[4.744s] [01m[K/home/mantus/kol_bot/ros2_orb_slam/ros2_orb_slam/ORB_SLAM3/include/CameraModels/KannalaBrandt8.h:102:21:[m[K [01;35m[Kwarning: [m[K‘[01m[KORB_SLAM3::KannalaBrandt8::precision[m[K’ will be initialized after [[01;35m[K-Wreorder[m[K]
[4.744s]   102 |         const float [01;35m[Kprecision[m[K;
[4.745s]       |                     [01;35m[K^~~~~~~~~[m[K
[4.745s] [01m[K/home/mantus/kol_bot/ros2_orb_slam/ros2_orb_slam/ORB_SLAM3/include/CameraModels/KannalaBrandt8.h:88:26:[m[K [01;35m[Kwarning: [m[K  ‘[01m[Kstd::vector<int> ORB_SLAM3::KannalaBrandt8::mvLappingArea[m[K’ [[01;35m[K-Wreorder[m[K]
[4.745s]    88 |         std::vector<int> [01;35m[KmvLappingArea[m[K;
[4.745s]       |                          [01;35m[K^~~~~~~~~~~~~[m[K
[4.745s] [01m[K/home/mantus/kol_bot/ros2_orb_slam/ros2_orb_slam/ORB_SLAM3/include/CameraModels/KannalaBrandt8.h:59:9:[m[K [01;35m[Kwarning: [m[K  when initialized here [[01;35m[K-Wreorder[m[K]
[4.745s]    59 |         [01;35m[KKannalaBrandt8[m[K(KannalaBrandt8* pKannala) : GeometricCamera(pKannala->mvParameters), precision(pKannala->precision), mvLappingArea(2,0) ,tvr(nullptr) {
[4.745s]       |         [01;35m[K^~~~~~~~~~~~~~[m[K
[4.923s] [01m[K/home/mantus/kol_bot/ros2_orb_slam/ros2_orb_slam/src/rgbd-slam-node.cpp:[m[K In function ‘[01m[Ksensor_msgs::msg::PointCloud2 tracked_mappoints_to_pointcloud(std::vector<ORB_SLAM3::MapPoint*>, rclcpp::Time)[m[K’:
[4.924s] [01m[K/home/mantus/kol_bot/ros2_orb_slam/ros2_orb_slam/src/rgbd-slam-node.cpp:96:40:[m[K [01;35m[Kwarning: [m[Knarrowing conversion of ‘[01m[K(tf2Scalar)point_translation.tf2::Vector3::x()[m[K’ from ‘[01m[Ktf2Scalar[m[K’ {aka ‘[01m[Kdouble[m[K’} to ‘[01m[Kfloat[m[K’ [[01;35m[K-Wnarrowing[m[K]
[4.924s]    96 |                     [01;35m[Kpoint_translation.x()[m[K, point_translation.y(), point_translation.z()};
[4.924s]       |                     [01;35m[K~~~~~~~~~~~~~~~~~~~^~[m[K
[4.924s] [01m[K/home/mantus/kol_bot/ros2_orb_slam/ros2_orb_slam/src/rgbd-slam-node.cpp:96:63:[m[K [01;35m[Kwarning: [m[Knarrowing conversion of ‘[01m[K(tf2Scalar)point_translation.tf2::Vector3::y()[m[K’ from ‘[01m[Ktf2Scalar[m[K’ {aka ‘[01m[Kdouble[m[K’} to ‘[01m[Kfloat[m[K’ [[01;35m[K-Wnarrowing[m[K]
[4.924s]    96 |                    point_translation.x(), [01;35m[Kpoint_translation.y()[m[K, point_translation.z()};
[4.924s]       |                                           [01;35m[K~~~~~~~~~~~~~~~~~~~^~[m[K
[4.924s] 
[4.924s] [01m[K/home/mantus/kol_bot/ros2_orb_slam/ros2_orb_slam/src/rgbd-slam-node.cpp:96:86:[m[K [01;35m[Kwarning: [m[Knarrowing conversion of ‘[01m[K(tf2Scalar)point_translation.tf2::Vector3::z()[m[K’ from ‘[01m[Ktf2Scalar[m[K’ {aka ‘[01m[Kdouble[m[K’} to ‘[01m[Kfloat[m[K’ [[01;35m[K-Wnarrowing[m[K]
[4.925s]    96 | t_translation.x(), point_translation.y(), [01;35m[Kpoint_translation.z()[m[K};
[4.925s]       |                                           [01;35m[K~~~~~~~~~~~~~~~~~~~^~[m[K
[4.925s] 
[4.925s] [01m[K/home/mantus/kol_bot/ros2_orb_slam/ros2_orb_slam/src/rgbd-slam-node.cpp:[m[K In function ‘[01m[Kvoid setup_tf_orb_to_ros(ORB_SLAM3::System::eSensor)[m[K’:
[4.925s] [01m[K/home/mantus/kol_bot/ros2_orb_slam/ros2_orb_slam/src/rgbd-slam-node.cpp:148:53:[m[K [01;35m[Kwarning: [m[Kunused parameter ‘[01m[Ksensor_type[m[K’ [[01;35m[K-Wunused-parameter[m[K]
[4.925s]   148 | void setup_tf_orb_to_ros([01;35m[KORB_SLAM3::System::eSensor sensor_type[m[K) {
[4.925s]       |                          [01;35m[K~~~~~~~~~~~~~~~~~~~~~~~~~~~^~~~~~~~~~~[m[K
[15.177s] [ 66%] [32m[1mLinking CXX executable slam[0m
[16.299s] [100%] Built target slam
[16.311s] Invoked command in '/home/mantus/kol_bot/ros2_orb_slam/ros2_orb_slam/build/ros2_orb_slam' returned '0': CMAKE_PREFIX_PATH=${CMAKE_PREFIX_PATH}:/opt/ros/foxy /usr/bin/cmake --build /home/mantus/kol_bot/ros2_orb_slam/ros2_orb_slam/build/ros2_orb_slam -- -j16 -l16
[16.332s] Invoking command in '/home/mantus/kol_bot/ros2_orb_slam/ros2_orb_slam/build/ros2_orb_slam': CMAKE_PREFIX_PATH=${CMAKE_PREFIX_PATH}:/opt/ros/foxy /usr/bin/cmake --install /home/mantus/kol_bot/ros2_orb_slam/ros2_orb_slam/build/ros2_orb_slam
[16.337s] -- Install configuration: ""
[16.337s] -- Execute custom install script
[16.337s] -- Up-to-date symlink: /home/mantus/kol_bot/ros2_orb_slam/ros2_orb_slam/install/ros2_orb_slam/lib/ros2_orb_slam/slam
[16.337s] -- Up-to-date symlink: /home/mantus/kol_bot/ros2_orb_slam/ros2_orb_slam/install/ros2_orb_slam/share/ament_index/resource_index/package_run_dependencies/ros2_orb_slam
[16.338s] -- Up-to-date symlink: /home/mantus/kol_bot/ros2_orb_slam/ros2_orb_slam/install/ros2_orb_slam/share/ament_index/resource_index/parent_prefix_path/ros2_orb_slam
[16.338s] -- Up-to-date symlink: /home/mantus/kol_bot/ros2_orb_slam/ros2_orb_slam/install/ros2_orb_slam/share/ros2_orb_slam/environment/ament_prefix_path.sh
[16.338s] -- Up-to-date symlink: /home/mantus/kol_bot/ros2_orb_slam/ros2_orb_slam/install/ros2_orb_slam/share/ros2_orb_slam/environment/ament_prefix_path.dsv
[16.338s] -- Up-to-date symlink: /home/mantus/kol_bot/ros2_orb_slam/ros2_orb_slam/install/ros2_orb_slam/share/ros2_orb_slam/environment/path.sh
[16.338s] -- Up-to-date symlink: /home/mantus/kol_bot/ros2_orb_slam/ros2_orb_slam/install/ros2_orb_slam/share/ros2_orb_slam/environment/path.dsv
[16.338s] -- Up-to-date symlink: /home/mantus/kol_bot/ros2_orb_slam/ros2_orb_slam/install/ros2_orb_slam/share/ros2_orb_slam/local_setup.bash
[16.339s] -- Up-to-date symlink: /home/mantus/kol_bot/ros2_orb_slam/ros2_orb_slam/install/ros2_orb_slam/share/ros2_orb_slam/local_setup.sh
[16.339s] -- Up-to-date symlink: /home/mantus/kol_bot/ros2_orb_slam/ros2_orb_slam/install/ros2_orb_slam/share/ros2_orb_slam/local_setup.zsh
[16.339s] -- Up-to-date symlink: /home/mantus/kol_bot/ros2_orb_slam/ros2_orb_slam/install/ros2_orb_slam/share/ros2_orb_slam/local_setup.dsv
[16.339s] -- Symlinking: /home/mantus/kol_bot/ros2_orb_slam/ros2_orb_slam/install/ros2_orb_slam/share/ros2_orb_slam/package.dsv
[16.344s] -- Up-to-date symlink: /home/mantus/kol_bot/ros2_orb_slam/ros2_orb_slam/install/ros2_orb_slam/share/ament_index/resource_index/packages/ros2_orb_slam
[16.345s] -- Up-to-date symlink: /home/mantus/kol_bot/ros2_orb_slam/ros2_orb_slam/install/ros2_orb_slam/share/ros2_orb_slam/cmake/ros2_orb_slamConfig.cmake
[16.345s] -- Up-to-date symlink: /home/mantus/kol_bot/ros2_orb_slam/ros2_orb_slam/install/ros2_orb_slam/share/ros2_orb_slam/cmake/ros2_orb_slamConfig-version.cmake
[16.345s] -- Up-to-date symlink: /home/mantus/kol_bot/ros2_orb_slam/ros2_orb_slam/install/ros2_orb_slam/share/ros2_orb_slam/package.xml
[16.346s] Invoked command in '/home/mantus/kol_bot/ros2_orb_slam/ros2_orb_slam/build/ros2_orb_slam' returned '0': CMAKE_PREFIX_PATH=${CMAKE_PREFIX_PATH}:/opt/ros/foxy /usr/bin/cmake --install /home/mantus/kol_bot/ros2_orb_slam/ros2_orb_slam/build/ros2_orb_slam
