[0.011s] Invoking command in '/home/mantus/kol_bot/ros2_orb_slam/ros2_orb_slam/build/ros2_orb_slam': CMAKE_PREFIX_PATH=${CMAKE_PREFIX_PATH}:/opt/ros/foxy /usr/bin/cmake --build /home/mantus/kol_bot/ros2_orb_slam/ros2_orb_slam/build/ros2_orb_slam -- -j16 -l16
[0.065s] [35m[1mScanning dependencies of target rgbd[0m
[0.118s] [ 33%] [32mBuilding CXX object CMakeFiles/rgbd.dir/src/rgbd.cpp.o[0m
[3.183s] In file included from [01m[K/home/mantus/kol_bot/ros2_orb_slam/ros2_orb_slam/ORB_SLAM3/include/Frame.h:30[m[K,
[3.183s]                  from [01m[K/home/mantus/kol_bot/ros2_orb_slam/ros2_orb_slam/ORB_SLAM3/include/KeyFrame.h:28[m[K,
[3.183s]                  from [01m[K/home/mantus/kol_bot/ros2_orb_slam/ros2_orb_slam/ORB_SLAM3/include/MapPoint.h:23[m[K,
[3.183s]                  from [01m[K/home/mantus/kol_bot/ros2_orb_slam/ros2_orb_slam/ORB_SLAM3/include/FrameDrawer.h:24[m[K,
[3.183s]                  from [01m[K/home/mantus/kol_bot/ros2_orb_slam/ros2_orb_slam/ORB_SLAM3/include/Viewer.h:23[m[K,
[3.183s]                  from [01m[K/home/mantus/kol_bot/ros2_orb_slam/ros2_orb_slam/ORB_SLAM3/include/Tracking.h:26[m[K,
[3.183s]                  from [01m[K/home/mantus/kol_bot/ros2_orb_slam/ros2_orb_slam/ORB_SLAM3/include/System.h:31[m[K,
[3.183s]                  from [01m[K/home/mantus/kol_bot/ros2_orb_slam/ros2_orb_slam/src/rgbd-slam-node.hpp:39[m[K,
[3.183s]                  from [01m[K/home/mantus/kol_bot/ros2_orb_slam/ros2_orb_slam/src/rgbd.cpp:7[m[K:
[3.183s] [01m[K/home/mantus/kol_bot/ros2_orb_slam/ros2_orb_slam/ORB_SLAM3/include/ImuTypes.h:[m[K In member function ‘[01m[Kvoid ORB_SLAM3::IMU::Preintegrated::printMeasurements() const[m[K’:
[3.183s] [01m[K/home/mantus/kol_bot/ros2_orb_slam/ros2_orb_slam/ORB_SLAM3/include/ImuTypes.h:204:23:[m[K [01;35m[Kwarning: [m[Kcomparison of integer expressions of different signedness: ‘[01m[Kint[m[K’ and ‘[01m[Kstd::vector<ORB_SLAM3::IMU::Preintegrated::integrable>::size_type[m[K’ {aka ‘[01m[Klong unsigned int[m[K’} [[01;35m[K-Wsign-compare[m[K]
[3.183s]   204 |         for(int i=0; [01;35m[Ki<mvMeasurements.size()[m[K; i++){
[3.183s]       |                      [01;35m[K~^~~~~~~~~~~~~~~~~~~~~~[m[K
[3.280s] In file included from [01m[K/home/mantus/kol_bot/ros2_orb_slam/ros2_orb_slam/ORB_SLAM3/Thirdparty/g2o/g2o/types/types_six_dof_expmap.h:37[m[K,
[3.280s]                  from [01m[K/home/mantus/kol_bot/ros2_orb_slam/ros2_orb_slam/ORB_SLAM3/include/Converter.h:26[m[K,
[3.280s]                  from [01m[K/home/mantus/kol_bot/ros2_orb_slam/ros2_orb_slam/ORB_SLAM3/include/Frame.h:33[m[K,
[3.280s]                  from [01m[K/home/mantus/kol_bot/ros2_orb_slam/ros2_orb_slam/ORB_SLAM3/include/KeyFrame.h:28[m[K,
[3.280s]                  from [01m[K/home/mantus/kol_bot/ros2_orb_slam/ros2_orb_slam/ORB_SLAM3/include/MapPoint.h:23[m[K,
[3.280s]                  from [01m[K/home/mantus/kol_bot/ros2_orb_slam/ros2_orb_slam/ORB_SLAM3/include/FrameDrawer.h:24[m[K,
[3.280s]                  from [01m[K/home/mantus/kol_bot/ros2_orb_slam/ros2_orb_slam/ORB_SLAM3/include/Viewer.h:23[m[K,
[3.280s]                  from [01m[K/home/mantus/kol_bot/ros2_orb_slam/ros2_orb_slam/ORB_SLAM3/include/Tracking.h:26[m[K,
[3.280s]                  from [01m[K/home/mantus/kol_bot/ros2_orb_slam/ros2_orb_slam/ORB_SLAM3/include/System.h:31[m[K,
[3.280s]                  from [01m[K/home/mantus/kol_bot/ros2_orb_slam/ros2_orb_slam/src/rgbd-slam-node.hpp:39[m[K,
[3.280s]                  from [01m[K/home/mantus/kol_bot/ros2_orb_slam/ros2_orb_slam/src/rgbd.cpp:7[m[K:
[3.280s] [01m[K/home/mantus/kol_bot/ros2_orb_slam/ros2_orb_slam/ORB_SLAM3/Thirdparty/g2o/g2o/types/../core/base_vertex.h:[m[K At global scope:
[3.280s] [01m[K/home/mantus/kol_bot/ros2_orb_slam/ros2_orb_slam/ORB_SLAM3/Thirdparty/g2o/g2o/types/../core/base_vertex.h:62:74:[m[K [01;35m[Kwarning: [m[K‘[01m[KEigen::AlignedBit[m[K’ is deprecated [[01;35m[K-Wdeprecated-declarations[m[K]
[3.281s]    62 | Eigen::Map<Matrix<double, D, D>, Matrix<double,D,D>::Flags & [01;35m[KAlignedBit[m[K ? Aligned : Unaligned >  HessianBlockType;
[3.281s]       |                                                              [01;35m[K^~~~~~~~~~[m[K
[3.281s] 
[3.281s] In file included from [01m[K/home/mantus/kol_bot/ros2_orb_slam/ros2_orb_slam/ORB_SLAM3/Eigen/Core:161[m[K,
[3.281s]                  from [01m[K/home/mantus/kol_bot/ros2_orb_slam/ros2_orb_slam/ORB_SLAM3/Eigen/Dense:1[m[K,
[3.281s]                  from [01m[K/home/mantus/kol_bot/ros2_orb_slam/ros2_orb_slam/src/rgbd-slam-node.hpp:30[m[K,
[3.281s]                  from [01m[K/home/mantus/kol_bot/ros2_orb_slam/ros2_orb_slam/src/rgbd.cpp:7[m[K:
[3.281s] [01m[K/home/mantus/kol_bot/ros2_orb_slam/ros2_orb_slam/ORB_SLAM3/Eigen/src/Core/util/Constants.h:167:37:[m[K [01;36m[Knote: [m[Kdeclared here
[3.281s]   167 | EIGEN_DEPRECATED const unsigned int [01;36m[KAlignedBit[m[K = 0x80;
[3.281s]       |                                     [01;36m[K^~~~~~~~~~[m[K
[3.281s] In file included from [01m[K/home/mantus/kol_bot/ros2_orb_slam/ros2_orb_slam/ORB_SLAM3/Thirdparty/g2o/g2o/types/types_six_dof_expmap.h:38[m[K,
[3.281s]                  from [01m[K/home/mantus/kol_bot/ros2_orb_slam/ros2_orb_slam/ORB_SLAM3/include/Converter.h:26[m[K,
[3.281s]                  from [01m[K/home/mantus/kol_bot/ros2_orb_slam/ros2_orb_slam/ORB_SLAM3/include/Frame.h:33[m[K,
[3.281s]                  from [01m[K/home/mantus/kol_bot/ros2_orb_slam/ros2_orb_slam/ORB_SLAM3/include/KeyFrame.h:28[m[K,
[3.281s]                  from [01m[K/home/mantus/kol_bot/ros2_orb_slam/ros2_orb_slam/ORB_SLAM3/include/MapPoint.h:23[m[K,
[3.281s]                  from [01m[K/home/mantus/kol_bot/ros2_orb_slam/ros2_orb_slam/ORB_SLAM3/include/FrameDrawer.h:24[m[K,
[3.281s]                  from [01m[K/home/mantus/kol_bot/ros2_orb_slam/ros2_orb_slam/ORB_SLAM3/include/Viewer.h:23[m[K,
[3.281s]                  from [01m[K/home/mantus/kol_bot/ros2_orb_slam/ros2_orb_slam/ORB_SLAM3/include/Tracking.h:26[m[K,
[3.281s]                  from [01m[K/home/mantus/kol_bot/ros2_orb_slam/ros2_orb_slam/ORB_SLAM3/include/System.h:31[m[K,
[3.282s]                  from [01m[K/home/mantus/kol_bot/ros2_orb_slam/ros2_orb_slam/src/rgbd-slam-node.hpp:39[m[K,
[3.282s]                  from [01m[K/home/mantus/kol_bot/ros2_orb_slam/ros2_orb_slam/src/rgbd.cpp:7[m[K:
[3.282s] [01m[K/home/mantus/kol_bot/ros2_orb_slam/ros2_orb_slam/ORB_SLAM3/Thirdparty/g2o/g2o/types/../core/base_binary_edge.h:59:82:[m[K [01;35m[Kwarning: [m[K‘[01m[KEigen::AlignedBit[m[K’ is deprecated [[01;35m[K-Wdeprecated-declarations[m[K]
[3.282s]    59 | :Map<Matrix<double, Di, Dj>, Matrix<double, Di, Dj>::Flags & [01;35m[KAlignedBit[m[K ? Aligned : Unaligned > HessianBlockType;
[3.282s]       |                                                              [01;35m[K^~~~~~~~~~[m[K
[3.282s] 
[3.282s] In file included from [01m[K/home/mantus/kol_bot/ros2_orb_slam/ros2_orb_slam/ORB_SLAM3/Eigen/Core:161[m[K,
[3.282s]                  from [01m[K/home/mantus/kol_bot/ros2_orb_slam/ros2_orb_slam/ORB_SLAM3/Eigen/Dense:1[m[K,
[3.282s]                  from [01m[K/home/mantus/kol_bot/ros2_orb_slam/ros2_orb_slam/src/rgbd-slam-node.hpp:30[m[K,
[3.282s]                  from [01m[K/home/mantus/kol_bot/ros2_orb_slam/ros2_orb_slam/src/rgbd.cpp:7[m[K:
[3.282s] [01m[K/home/mantus/kol_bot/ros2_orb_slam/ros2_orb_slam/ORB_SLAM3/Eigen/src/Core/util/Constants.h:167:37:[m[K [01;36m[Knote: [m[Kdeclared here
[3.282s]   167 | EIGEN_DEPRECATED const unsigned int [01;36m[KAlignedBit[m[K = 0x80;
[3.282s]       |                                     [01;36m[K^~~~~~~~~~[m[K
[3.282s] In file included from [01m[K/home/mantus/kol_bot/ros2_orb_slam/ros2_orb_slam/ORB_SLAM3/Thirdparty/g2o/g2o/types/types_six_dof_expmap.h:38[m[K,
[3.282s]                  from [01m[K/home/mantus/kol_bot/ros2_orb_slam/ros2_orb_slam/ORB_SLAM3/include/Converter.h:26[m[K,
[3.282s]                  from [01m[K/home/mantus/kol_bot/ros2_orb_slam/ros2_orb_slam/ORB_SLAM3/include/Frame.h:33[m[K,
[3.282s]                  from [01m[K/home/mantus/kol_bot/ros2_orb_slam/ros2_orb_slam/ORB_SLAM3/include/KeyFrame.h:28[m[K,
[3.282s]                  from [01m[K/home/mantus/kol_bot/ros2_orb_slam/ros2_orb_slam/ORB_SLAM3/include/MapPoint.h:23[m[K,
[3.282s]                  from [01m[K/home/mantus/kol_bot/ros2_orb_slam/ros2_orb_slam/ORB_SLAM3/include/FrameDrawer.h:24[m[K,
[3.282s]                  from [01m[K/home/mantus/kol_bot/ros2_orb_slam/ros2_orb_slam/ORB_SLAM3/include/Viewer.h:23[m[K,
[3.283s]                  from [01m[K/home/mantus/kol_bot/ros2_orb_slam/ros2_orb_slam/ORB_SLAM3/include/Tracking.h:26[m[K,
[3.283s]                  from [01m[K/home/mantus/kol_bot/ros2_orb_slam/ros2_orb_slam/ORB_SLAM3/include/System.h:31[m[K,
[3.283s]                  from [01m[K/home/mantus/kol_bot/ros2_orb_slam/ros2_orb_slam/src/rgbd-slam-node.hpp:39[m[K,
[3.283s]                  from [01m[K/home/mantus/kol_bot/ros2_orb_slam/ros2_orb_slam/src/rgbd.cpp:7[m[K:
[3.283s] [01m[K/home/mantus/kol_bot/ros2_orb_slam/ros2_orb_slam/ORB_SLAM3/Thirdparty/g2o/g2o/types/../core/base_binary_edge.h:60:82:[m[K [01;35m[Kwarning: [m[K‘[01m[KEigen::AlignedBit[m[K’ is deprecated [[01;35m[K-Wdeprecated-declarations[m[K]
[3.283s]    60 | :Map<Matrix<double, Dj, Di>, Matrix<double, Dj, Di>::Flags & [01;35m[KAlignedBit[m[K ? Aligned : Unaligned > HessianBlockTransposedType;
[3.283s]       |                                                              [01;35m[K^~~~~~~~~~[m[K
[3.283s] 
[3.283s] In file included from [01m[K/home/mantus/kol_bot/ros2_orb_slam/ros2_orb_slam/ORB_SLAM3/Eigen/Core:161[m[K,
[3.283s]                  from [01m[K/home/mantus/kol_bot/ros2_orb_slam/ros2_orb_slam/ORB_SLAM3/Eigen/Dense:1[m[K,
[3.283s]                  from [01m[K/home/mantus/kol_bot/ros2_orb_slam/ros2_orb_slam/src/rgbd-slam-node.hpp:30[m[K,
[3.283s]                  from [01m[K/home/mantus/kol_bot/ros2_orb_slam/ros2_orb_slam/src/rgbd.cpp:7[m[K:
[3.283s] [01m[K/home/mantus/kol_bot/ros2_orb_slam/ros2_orb_slam/ORB_SLAM3/Eigen/src/Core/util/Constants.h:167:37:[m[K [01;36m[Knote: [m[Kdeclared here
[3.283s]   167 | EIGEN_DEPRECATED const unsigned int [01;36m[KAlignedBit[m[K = 0x80;
[3.283s]       |                                     [01;36m[K^~~~~~~~~~[m[K
[3.299s] In file included from [01m[K/home/mantus/kol_bot/ros2_orb_slam/ros2_orb_slam/ORB_SLAM3/Thirdparty/g2o/g2o/types/types_six_dof_expmap.h:41[m[K,
[3.299s]                  from [01m[K/home/mantus/kol_bot/ros2_orb_slam/ros2_orb_slam/ORB_SLAM3/include/Converter.h:26[m[K,
[3.299s]                  from [01m[K/home/mantus/kol_bot/ros2_orb_slam/ros2_orb_slam/ORB_SLAM3/include/Frame.h:33[m[K,
[3.299s]                  from [01m[K/home/mantus/kol_bot/ros2_orb_slam/ros2_orb_slam/ORB_SLAM3/include/KeyFrame.h:28[m[K,
[3.299s]                  from [01m[K/home/mantus/kol_bot/ros2_orb_slam/ros2_orb_slam/ORB_SLAM3/include/MapPoint.h:23[m[K,
[3.299s]                  from [01m[K/home/mantus/kol_bot/ros2_orb_slam/ros2_orb_slam/ORB_SLAM3/include/FrameDrawer.h:24[m[K,
[3.299s]                  from [01m[K/home/mantus/kol_bot/ros2_orb_slam/ros2_orb_slam/ORB_SLAM3/include/Viewer.h:23[m[K,
[3.299s]                  from [01m[K/home/mantus/kol_bot/ros2_orb_slam/ros2_orb_slam/ORB_SLAM3/include/Tracking.h:26[m[K,
[3.299s]                  from [01m[K/home/mantus/kol_bot/ros2_orb_slam/ros2_orb_slam/ORB_SLAM3/include/System.h:31[m[K,
[3.299s]                  from [01m[K/home/mantus/kol_bot/ros2_orb_slam/ros2_orb_slam/src/rgbd-slam-node.hpp:39[m[K,
[3.299s]                  from [01m[K/home/mantus/kol_bot/ros2_orb_slam/ros2_orb_slam/src/rgbd.cpp:7[m[K:
[3.299s] [01m[K/home/mantus/kol_bot/ros2_orb_slam/ros2_orb_slam/ORB_SLAM3/Thirdparty/g2o/g2o/types/se3quat.h:43:38:[m[K [01;35m[Kwarning: [m[Kextra ‘[01m[K;[m[K’ [[01;35m[K-Wpedantic[m[K]
[3.299s]    43 |       EIGEN_MAKE_ALIGNED_OPERATOR_NEW[01;35m[K;[m[K
[3.299s]       |                                      [01;35m[K^[m[K
[3.300s]       |                                      [31m[K-[m[K
[3.514s] In file included from [01m[K/home/mantus/kol_bot/ros2_orb_slam/ros2_orb_slam/ORB_SLAM3/Thirdparty/g2o/g2o/types/types_six_dof_expmap.h:37[m[K,
[3.514s]                  from [01m[K/home/mantus/kol_bot/ros2_orb_slam/ros2_orb_slam/ORB_SLAM3/include/Converter.h:26[m[K,
[3.514s]                  from [01m[K/home/mantus/kol_bot/ros2_orb_slam/ros2_orb_slam/ORB_SLAM3/include/Frame.h:33[m[K,
[3.514s]                  from [01m[K/home/mantus/kol_bot/ros2_orb_slam/ros2_orb_slam/ORB_SLAM3/include/KeyFrame.h:28[m[K,
[3.514s]                  from [01m[K/home/mantus/kol_bot/ros2_orb_slam/ros2_orb_slam/ORB_SLAM3/include/MapPoint.h:23[m[K,
[3.514s]                  from [01m[K/home/mantus/kol_bot/ros2_orb_slam/ros2_orb_slam/ORB_SLAM3/include/FrameDrawer.h:24[m[K,
[3.514s]                  from [01m[K/home/mantus/kol_bot/ros2_orb_slam/ros2_orb_slam/ORB_SLAM3/include/Viewer.h:23[m[K,
[3.514s]                  from [01m[K/home/mantus/kol_bot/ros2_orb_slam/ros2_orb_slam/ORB_SLAM3/include/Tracking.h:26[m[K,
[3.514s]                  from [01m[K/home/mantus/kol_bot/ros2_orb_slam/ros2_orb_slam/ORB_SLAM3/include/System.h:31[m[K,
[3.514s]                  from [01m[K/home/mantus/kol_bot/ros2_orb_slam/ros2_orb_slam/src/rgbd-slam-node.hpp:39[m[K,
[3.514s]                  from [01m[K/home/mantus/kol_bot/ros2_orb_slam/ros2_orb_slam/src/rgbd.cpp:7[m[K:
[3.514s] /home/mantus/kol_bot/ros2_orb_slam/ros2_orb_slam/ORB_SLAM3/Thirdparty/g2o/g2o/types/../core/base_vertex.h: In instantiation of ‘[01m[Kclass g2o::BaseVertex<3, Eigen::Matrix<double, 3, 1> >[m[K’:
[3.514s] [01m[K/home/mantus/kol_bot/ros2_orb_slam/ros2_orb_slam/ORB_SLAM3/Thirdparty/g2o/g2o/types/types_sba.h:40:35:[m[K   required from here
[3.514s] [01m[K/home/mantus/kol_bot/ros2_orb_slam/ros2_orb_slam/ORB_SLAM3/Thirdparty/g2o/g2o/types/../core/base_vertex.h:62:72:[m[K [01;35m[Kwarning: [m[K‘[01m[KEigen::AlignedBit[m[K’ is deprecated [[01;35m[K-Wdeprecated-declarations[m[K]
[3.514s]    62 | f Eigen::Map<Matrix<double, D, D>, Matrix<double,D,D>::[01;35m[KFlags & AlignedBit[m[K ? Aligned : Unaligned >  HessianBlockType;
[3.514s]       |                                                        [01;35m[K~~~~~~^~~~~~~~~~~~[m[K
[3.514s] 
[3.514s] In file included from [01m[K/home/mantus/kol_bot/ros2_orb_slam/ros2_orb_slam/ORB_SLAM3/Eigen/Core:161[m[K,
[3.515s]                  from [01m[K/home/mantus/kol_bot/ros2_orb_slam/ros2_orb_slam/ORB_SLAM3/Eigen/Dense:1[m[K,
[3.515s]                  from [01m[K/home/mantus/kol_bot/ros2_orb_slam/ros2_orb_slam/src/rgbd-slam-node.hpp:30[m[K,
[3.515s]                  from [01m[K/home/mantus/kol_bot/ros2_orb_slam/ros2_orb_slam/src/rgbd.cpp:7[m[K:
[3.515s] [01m[K/home/mantus/kol_bot/ros2_orb_slam/ros2_orb_slam/ORB_SLAM3/Eigen/src/Core/util/Constants.h:167:37:[m[K [01;36m[Knote: [m[Kdeclared here
[3.515s]   167 | EIGEN_DEPRECATED const unsigned int [01;36m[KAlignedBit[m[K = 0x80;
[3.515s]       |                                     [01;36m[K^~~~~~~~~~[m[K
[3.533s] In file included from [01m[K/home/mantus/kol_bot/ros2_orb_slam/ros2_orb_slam/ORB_SLAM3/Thirdparty/g2o/g2o/types/types_six_dof_expmap.h:37[m[K,
[3.534s]                  from [01m[K/home/mantus/kol_bot/ros2_orb_slam/ros2_orb_slam/ORB_SLAM3/include/Converter.h:26[m[K,
[3.534s]                  from [01m[K/home/mantus/kol_bot/ros2_orb_slam/ros2_orb_slam/ORB_SLAM3/include/Frame.h:33[m[K,
[3.534s]                  from [01m[K/home/mantus/kol_bot/ros2_orb_slam/ros2_orb_slam/ORB_SLAM3/include/KeyFrame.h:28[m[K,
[3.534s]                  from [01m[K/home/mantus/kol_bot/ros2_orb_slam/ros2_orb_slam/ORB_SLAM3/include/MapPoint.h:23[m[K,
[3.534s]                  from [01m[K/home/mantus/kol_bot/ros2_orb_slam/ros2_orb_slam/ORB_SLAM3/include/FrameDrawer.h:24[m[K,
[3.534s]                  from [01m[K/home/mantus/kol_bot/ros2_orb_slam/ros2_orb_slam/ORB_SLAM3/include/Viewer.h:23[m[K,
[3.534s]                  from [01m[K/home/mantus/kol_bot/ros2_orb_slam/ros2_orb_slam/ORB_SLAM3/include/Tracking.h:26[m[K,
[3.534s]                  from [01m[K/home/mantus/kol_bot/ros2_orb_slam/ros2_orb_slam/ORB_SLAM3/include/System.h:31[m[K,
[3.534s]                  from [01m[K/home/mantus/kol_bot/ros2_orb_slam/ros2_orb_slam/src/rgbd-slam-node.hpp:39[m[K,
[3.534s]                  from [01m[K/home/mantus/kol_bot/ros2_orb_slam/ros2_orb_slam/src/rgbd.cpp:7[m[K:
[3.534s] /home/mantus/kol_bot/ros2_orb_slam/ros2_orb_slam/ORB_SLAM3/Thirdparty/g2o/g2o/types/../core/base_vertex.h: In instantiation of ‘[01m[Kclass g2o::BaseVertex<6, g2o::SE3Quat>[m[K’:
[3.534s] [01m[K/home/mantus/kol_bot/ros2_orb_slam/ros2_orb_slam/ORB_SLAM3/Thirdparty/g2o/g2o/types/types_six_dof_expmap.h:59:33:[m[K   required from here
[3.534s] [01m[K/home/mantus/kol_bot/ros2_orb_slam/ros2_orb_slam/ORB_SLAM3/Thirdparty/g2o/g2o/types/../core/base_vertex.h:62:72:[m[K [01;35m[Kwarning: [m[K‘[01m[KEigen::AlignedBit[m[K’ is deprecated [[01;35m[K-Wdeprecated-declarations[m[K]
[3.534s]    62 | f Eigen::Map<Matrix<double, D, D>, Matrix<double,D,D>::[01;35m[KFlags & AlignedBit[m[K ? Aligned : Unaligned >  HessianBlockType;
[3.534s]       |                                                        [01;35m[K~~~~~~^~~~~~~~~~~~[m[K
[3.534s] 
[3.534s] In file included from [01m[K/home/mantus/kol_bot/ros2_orb_slam/ros2_orb_slam/ORB_SLAM3/Eigen/Core:161[m[K,
[3.534s]                  from [01m[K/home/mantus/kol_bot/ros2_orb_slam/ros2_orb_slam/ORB_SLAM3/Eigen/Dense:1[m[K,
[3.534s]                  from [01m[K/home/mantus/kol_bot/ros2_orb_slam/ros2_orb_slam/src/rgbd-slam-node.hpp:30[m[K,
[3.534s]                  from [01m[K/home/mantus/kol_bot/ros2_orb_slam/ros2_orb_slam/src/rgbd.cpp:7[m[K:
[3.535s] [01m[K/home/mantus/kol_bot/ros2_orb_slam/ros2_orb_slam/ORB_SLAM3/Eigen/src/Core/util/Constants.h:167:37:[m[K [01;36m[Knote: [m[Kdeclared here
[3.535s]   167 | EIGEN_DEPRECATED const unsigned int [01;36m[KAlignedBit[m[K = 0x80;
[3.535s]       |                                     [01;36m[K^~~~~~~~~~[m[K
[3.555s] In file included from [01m[K/home/mantus/kol_bot/ros2_orb_slam/ros2_orb_slam/ORB_SLAM3/Thirdparty/g2o/g2o/types/types_six_dof_expmap.h:38[m[K,
[3.555s]                  from [01m[K/home/mantus/kol_bot/ros2_orb_slam/ros2_orb_slam/ORB_SLAM3/include/Converter.h:26[m[K,
[3.555s]                  from [01m[K/home/mantus/kol_bot/ros2_orb_slam/ros2_orb_slam/ORB_SLAM3/include/Frame.h:33[m[K,
[3.555s]                  from [01m[K/home/mantus/kol_bot/ros2_orb_slam/ros2_orb_slam/ORB_SLAM3/include/KeyFrame.h:28[m[K,
[3.555s]                  from [01m[K/home/mantus/kol_bot/ros2_orb_slam/ros2_orb_slam/ORB_SLAM3/include/MapPoint.h:23[m[K,
[3.555s]                  from [01m[K/home/mantus/kol_bot/ros2_orb_slam/ros2_orb_slam/ORB_SLAM3/include/FrameDrawer.h:24[m[K,
[3.555s]                  from [01m[K/home/mantus/kol_bot/ros2_orb_slam/ros2_orb_slam/ORB_SLAM3/include/Viewer.h:23[m[K,
[3.556s]                  from [01m[K/home/mantus/kol_bot/ros2_orb_slam/ros2_orb_slam/ORB_SLAM3/include/Tracking.h:26[m[K,
[3.556s]                  from [01m[K/home/mantus/kol_bot/ros2_orb_slam/ros2_orb_slam/ORB_SLAM3/include/System.h:31[m[K,
[3.556s]                  from [01m[K/home/mantus/kol_bot/ros2_orb_slam/ros2_orb_slam/src/rgbd-slam-node.hpp:39[m[K,
[3.556s]                  from [01m[K/home/mantus/kol_bot/ros2_orb_slam/ros2_orb_slam/src/rgbd.cpp:7[m[K:
[3.556s] /home/mantus/kol_bot/ros2_orb_slam/ros2_orb_slam/ORB_SLAM3/Thirdparty/g2o/g2o/types/../core/base_binary_edge.h: In instantiation of ‘[01m[Kclass g2o::BaseBinaryEdge<6, g2o::SE3Quat, g2o::VertexSE3Expmap, g2o::VertexSE3Expmap>[m[K’:
[3.556s] [01m[K/home/mantus/kol_bot/ros2_orb_slam/ros2_orb_slam/ORB_SLAM3/Thirdparty/g2o/g2o/types/types_six_dof_expmap.h:83:24:[m[K   required from here
[3.556s] [01m[K/home/mantus/kol_bot/ros2_orb_slam/ros2_orb_slam/ORB_SLAM3/Thirdparty/g2o/g2o/types/../core/base_binary_edge.h:59:80:[m[K [01;35m[Kwarning: [m[K‘[01m[KEigen::AlignedBit[m[K’ is deprecated [[01;35m[K-Wdeprecated-declarations[m[K]
[3.556s]    59 | n::Map<Matrix<double, Di, Dj>, Matrix<double, Di, Dj>::[01;35m[KFlags & AlignedBit[m[K ? Aligned : Unaligned > HessianBlockType;
[3.556s]       |                                                        [01;35m[K~~~~~~^~~~~~~~~~~~[m[K
[3.556s] 
[3.556s] In file included from [01m[K/home/mantus/kol_bot/ros2_orb_slam/ros2_orb_slam/ORB_SLAM3/Eigen/Core:161[m[K,
[3.556s]                  from [01m[K/home/mantus/kol_bot/ros2_orb_slam/ros2_orb_slam/ORB_SLAM3/Eigen/Dense:1[m[K,
[3.556s]                  from [01m[K/home/mantus/kol_bot/ros2_orb_slam/ros2_orb_slam/src/rgbd-slam-node.hpp:30[m[K,
[3.556s]                  from [01m[K/home/mantus/kol_bot/ros2_orb_slam/ros2_orb_slam/src/rgbd.cpp:7[m[K:
[3.556s] [01m[K/home/mantus/kol_bot/ros2_orb_slam/ros2_orb_slam/ORB_SLAM3/Eigen/src/Core/util/Constants.h:167:37:[m[K [01;36m[Knote: [m[Kdeclared here
[3.556s]   167 | EIGEN_DEPRECATED const unsigned int [01;36m[KAlignedBit[m[K = 0x80;
[3.556s]       |                                     [01;36m[K^~~~~~~~~~[m[K
[3.556s] In file included from [01m[K/home/mantus/kol_bot/ros2_orb_slam/ros2_orb_slam/ORB_SLAM3/Thirdparty/g2o/g2o/types/types_six_dof_expmap.h:38[m[K,
[3.556s]                  from [01m[K/home/mantus/kol_bot/ros2_orb_slam/ros2_orb_slam/ORB_SLAM3/include/Converter.h:26[m[K,
[3.557s]                  from [01m[K/home/mantus/kol_bot/ros2_orb_slam/ros2_orb_slam/ORB_SLAM3/include/Frame.h:33[m[K,
[3.557s]                  from [01m[K/home/mantus/kol_bot/ros2_orb_slam/ros2_orb_slam/ORB_SLAM3/include/KeyFrame.h:28[m[K,
[3.557s]                  from [01m[K/home/mantus/kol_bot/ros2_orb_slam/ros2_orb_slam/ORB_SLAM3/include/MapPoint.h:23[m[K,
[3.557s]                  from [01m[K/home/mantus/kol_bot/ros2_orb_slam/ros2_orb_slam/ORB_SLAM3/include/FrameDrawer.h:24[m[K,
[3.557s]                  from [01m[K/home/mantus/kol_bot/ros2_orb_slam/ros2_orb_slam/ORB_SLAM3/include/Viewer.h:23[m[K,
[3.557s]                  from [01m[K/home/mantus/kol_bot/ros2_orb_slam/ros2_orb_slam/ORB_SLAM3/include/Tracking.h:26[m[K,
[3.557s]                  from [01m[K/home/mantus/kol_bot/ros2_orb_slam/ros2_orb_slam/ORB_SLAM3/include/System.h:31[m[K,
[3.557s]                  from [01m[K/home/mantus/kol_bot/ros2_orb_slam/ros2_orb_slam/src/rgbd-slam-node.hpp:39[m[K,
[3.557s]                  from [01m[K/home/mantus/kol_bot/ros2_orb_slam/ros2_orb_slam/src/rgbd.cpp:7[m[K:
[3.557s] [01m[K/home/mantus/kol_bot/ros2_orb_slam/ros2_orb_slam/ORB_SLAM3/Thirdparty/g2o/g2o/types/../core/base_binary_edge.h:60:80:[m[K [01;35m[Kwarning: [m[K‘[01m[KEigen::AlignedBit[m[K’ is deprecated [[01;35m[K-Wdeprecated-declarations[m[K]
[3.557s]    60 | n::Map<Matrix<double, Dj, Di>, Matrix<double, Dj, Di>::[01;35m[KFlags & AlignedBit[m[K ? Aligned : Unaligned > HessianBlockTransposedType;
[3.557s]       |                                                        [01;35m[K~~~~~~^~~~~~~~~~~~[m[K
[3.557s] 
[3.557s] In file included from [01m[K/home/mantus/kol_bot/ros2_orb_slam/ros2_orb_slam/ORB_SLAM3/Eigen/Core:161[m[K,
[3.557s]                  from [01m[K/home/mantus/kol_bot/ros2_orb_slam/ros2_orb_slam/ORB_SLAM3/Eigen/Dense:1[m[K,
[3.557s]                  from [01m[K/home/mantus/kol_bot/ros2_orb_slam/ros2_orb_slam/src/rgbd-slam-node.hpp:30[m[K,
[3.557s]                  from [01m[K/home/mantus/kol_bot/ros2_orb_slam/ros2_orb_slam/src/rgbd.cpp:7[m[K:
[3.557s] [01m[K/home/mantus/kol_bot/ros2_orb_slam/ros2_orb_slam/ORB_SLAM3/Eigen/src/Core/util/Constants.h:167:37:[m[K [01;36m[Knote: [m[Kdeclared here
[3.557s]   167 | EIGEN_DEPRECATED const unsigned int [01;36m[KAlignedBit[m[K = 0x80;
[3.557s]       |                                     [01;36m[K^~~~~~~~~~[m[K
[3.625s] In file included from [01m[K/home/mantus/kol_bot/ros2_orb_slam/ros2_orb_slam/ORB_SLAM3/Thirdparty/g2o/g2o/types/types_six_dof_expmap.h:38[m[K,
[3.626s]                  from [01m[K/home/mantus/kol_bot/ros2_orb_slam/ros2_orb_slam/ORB_SLAM3/include/Converter.h:26[m[K,
[3.626s]                  from [01m[K/home/mantus/kol_bot/ros2_orb_slam/ros2_orb_slam/ORB_SLAM3/include/Frame.h:33[m[K,
[3.626s]                  from [01m[K/home/mantus/kol_bot/ros2_orb_slam/ros2_orb_slam/ORB_SLAM3/include/KeyFrame.h:28[m[K,
[3.626s]                  from [01m[K/home/mantus/kol_bot/ros2_orb_slam/ros2_orb_slam/ORB_SLAM3/include/MapPoint.h:23[m[K,
[3.626s]                  from [01m[K/home/mantus/kol_bot/ros2_orb_slam/ros2_orb_slam/ORB_SLAM3/include/FrameDrawer.h:24[m[K,
[3.626s]                  from [01m[K/home/mantus/kol_bot/ros2_orb_slam/ros2_orb_slam/ORB_SLAM3/include/Viewer.h:23[m[K,
[3.626s]                  from [01m[K/home/mantus/kol_bot/ros2_orb_slam/ros2_orb_slam/ORB_SLAM3/include/Tracking.h:26[m[K,
[3.626s]                  from [01m[K/home/mantus/kol_bot/ros2_orb_slam/ros2_orb_slam/ORB_SLAM3/include/System.h:31[m[K,
[3.626s]                  from [01m[K/home/mantus/kol_bot/ros2_orb_slam/ros2_orb_slam/src/rgbd-slam-node.hpp:39[m[K,
[3.626s]                  from [01m[K/home/mantus/kol_bot/ros2_orb_slam/ros2_orb_slam/src/rgbd.cpp:7[m[K:
[3.626s] /home/mantus/kol_bot/ros2_orb_slam/ros2_orb_slam/ORB_SLAM3/Thirdparty/g2o/g2o/types/../core/base_binary_edge.h: In instantiation of ‘[01m[Kclass g2o::BaseBinaryEdge<2, Eigen::Matrix<double, 2, 1>, g2o::VertexSBAPointXYZ, g2o::VertexSE3Expmap>[m[K’:
[3.626s] [01m[K/home/mantus/kol_bot/ros2_orb_slam/ros2_orb_slam/ORB_SLAM3/Thirdparty/g2o/g2o/types/types_six_dof_expmap.h:114:35:[m[K   required from here
[3.626s] [01m[K/home/mantus/kol_bot/ros2_orb_slam/ros2_orb_slam/ORB_SLAM3/Thirdparty/g2o/g2o/types/../core/base_binary_edge.h:59:80:[m[K [01;35m[Kwarning: [m[K‘[01m[KEigen::AlignedBit[m[K’ is deprecated [[01;35m[K-Wdeprecated-declarations[m[K]
[3.626s]    59 | n::Map<Matrix<double, Di, Dj>, Matrix<double, Di, Dj>::[01;35m[KFlags & AlignedBit[m[K ? Aligned : Unaligned > HessianBlockType;
[3.626s]       |                                                        [01;35m[K~~~~~~^~~~~~~~~~~~[m[K
[3.626s] 
[3.626s] In file included from [01m[K/home/mantus/kol_bot/ros2_orb_slam/ros2_orb_slam/ORB_SLAM3/Eigen/Core:161[m[K,
[3.627s]                  from [01m[K/home/mantus/kol_bot/ros2_orb_slam/ros2_orb_slam/ORB_SLAM3/Eigen/Dense:1[m[K,
[3.627s]                  from [01m[K/home/mantus/kol_bot/ros2_orb_slam/ros2_orb_slam/src/rgbd-slam-node.hpp:30[m[K,
[3.627s]                  from [01m[K/home/mantus/kol_bot/ros2_orb_slam/ros2_orb_slam/src/rgbd.cpp:7[m[K:
[3.627s] [01m[K/home/mantus/kol_bot/ros2_orb_slam/ros2_orb_slam/ORB_SLAM3/Eigen/src/Core/util/Constants.h:167:37:[m[K [01;36m[Knote: [m[Kdeclared here
[3.627s]   167 | EIGEN_DEPRECATED const unsigned int [01;36m[KAlignedBit[m[K = 0x80;
[3.627s]       |                                     [01;36m[K^~~~~~~~~~[m[K
[3.635s] In file included from [01m[K/home/mantus/kol_bot/ros2_orb_slam/ros2_orb_slam/ORB_SLAM3/Thirdparty/g2o/g2o/types/types_six_dof_expmap.h:38[m[K,
[3.635s]                  from [01m[K/home/mantus/kol_bot/ros2_orb_slam/ros2_orb_slam/ORB_SLAM3/include/Converter.h:26[m[K,
[3.635s]                  from [01m[K/home/mantus/kol_bot/ros2_orb_slam/ros2_orb_slam/ORB_SLAM3/include/Frame.h:33[m[K,
[3.635s]                  from [01m[K/home/mantus/kol_bot/ros2_orb_slam/ros2_orb_slam/ORB_SLAM3/include/KeyFrame.h:28[m[K,
[3.635s]                  from [01m[K/home/mantus/kol_bot/ros2_orb_slam/ros2_orb_slam/ORB_SLAM3/include/MapPoint.h:23[m[K,
[3.635s]                  from [01m[K/home/mantus/kol_bot/ros2_orb_slam/ros2_orb_slam/ORB_SLAM3/include/FrameDrawer.h:24[m[K,
[3.635s]                  from [01m[K/home/mantus/kol_bot/ros2_orb_slam/ros2_orb_slam/ORB_SLAM3/include/Viewer.h:23[m[K,
[3.635s]                  from [01m[K/home/mantus/kol_bot/ros2_orb_slam/ros2_orb_slam/ORB_SLAM3/include/Tracking.h:26[m[K,
[3.635s]                  from [01m[K/home/mantus/kol_bot/ros2_orb_slam/ros2_orb_slam/ORB_SLAM3/include/System.h:31[m[K,
[3.635s]                  from [01m[K/home/mantus/kol_bot/ros2_orb_slam/ros2_orb_slam/src/rgbd-slam-node.hpp:39[m[K,
[3.635s]                  from [01m[K/home/mantus/kol_bot/ros2_orb_slam/ros2_orb_slam/src/rgbd.cpp:7[m[K:
[3.635s] [01m[K/home/mantus/kol_bot/ros2_orb_slam/ros2_orb_slam/ORB_SLAM3/Thirdparty/g2o/g2o/types/../core/base_binary_edge.h:60:80:[m[K [01;35m[Kwarning: [m[K‘[01m[KEigen::AlignedBit[m[K’ is deprecated [[01;35m[K-Wdeprecated-declarations[m[K]
[3.635s]    60 | n::Map<Matrix<double, Dj, Di>, Matrix<double, Dj, Di>::[01;35m[KFlags & AlignedBit[m[K ? Aligned : Unaligned > HessianBlockTransposedType;
[3.635s]       |                                                        [01;35m[K~~~~~~^~~~~~~~~~~~[m[K
[3.635s] 
[3.636s] In file included from [01m[K/home/mantus/kol_bot/ros2_orb_slam/ros2_orb_slam/ORB_SLAM3/Eigen/Core:161[m[K,
[3.636s]                  from [01m[K/home/mantus/kol_bot/ros2_orb_slam/ros2_orb_slam/ORB_SLAM3/Eigen/Dense:1[m[K,
[3.636s]                  from [01m[K/home/mantus/kol_bot/ros2_orb_slam/ros2_orb_slam/src/rgbd-slam-node.hpp:30[m[K,
[3.636s]                  from [01m[K/home/mantus/kol_bot/ros2_orb_slam/ros2_orb_slam/src/rgbd.cpp:7[m[K:
[3.636s] [01m[K/home/mantus/kol_bot/ros2_orb_slam/ros2_orb_slam/ORB_SLAM3/Eigen/src/Core/util/Constants.h:167:37:[m[K [01;36m[Knote: [m[Kdeclared here
[3.636s]   167 | EIGEN_DEPRECATED const unsigned int [01;36m[KAlignedBit[m[K = 0x80;
[3.636s]       |                                     [01;36m[K^~~~~~~~~~[m[K
[3.676s] In file included from [01m[K/home/mantus/kol_bot/ros2_orb_slam/ros2_orb_slam/ORB_SLAM3/Thirdparty/g2o/g2o/types/types_six_dof_expmap.h:38[m[K,
[3.676s]                  from [01m[K/home/mantus/kol_bot/ros2_orb_slam/ros2_orb_slam/ORB_SLAM3/include/Converter.h:26[m[K,
[3.676s]                  from [01m[K/home/mantus/kol_bot/ros2_orb_slam/ros2_orb_slam/ORB_SLAM3/include/Frame.h:33[m[K,
[3.676s]                  from [01m[K/home/mantus/kol_bot/ros2_orb_slam/ros2_orb_slam/ORB_SLAM3/include/KeyFrame.h:28[m[K,
[3.677s]                  from [01m[K/home/mantus/kol_bot/ros2_orb_slam/ros2_orb_slam/ORB_SLAM3/include/MapPoint.h:23[m[K,
[3.677s]                  from [01m[K/home/mantus/kol_bot/ros2_orb_slam/ros2_orb_slam/ORB_SLAM3/include/FrameDrawer.h:24[m[K,
[3.677s]                  from [01m[K/home/mantus/kol_bot/ros2_orb_slam/ros2_orb_slam/ORB_SLAM3/include/Viewer.h:23[m[K,
[3.677s]                  from [01m[K/home/mantus/kol_bot/ros2_orb_slam/ros2_orb_slam/ORB_SLAM3/include/Tracking.h:26[m[K,
[3.677s]                  from [01m[K/home/mantus/kol_bot/ros2_orb_slam/ros2_orb_slam/ORB_SLAM3/include/System.h:31[m[K,
[3.677s]                  from [01m[K/home/mantus/kol_bot/ros2_orb_slam/ros2_orb_slam/src/rgbd-slam-node.hpp:39[m[K,
[3.677s]                  from [01m[K/home/mantus/kol_bot/ros2_orb_slam/ros2_orb_slam/src/rgbd.cpp:7[m[K:
[3.677s] /home/mantus/kol_bot/ros2_orb_slam/ros2_orb_slam/ORB_SLAM3/Thirdparty/g2o/g2o/types/../core/base_binary_edge.h: In instantiation of ‘[01m[Kclass g2o::BaseBinaryEdge<3, Eigen::Matrix<double, 3, 1>, g2o::VertexSBAPointXYZ, g2o::VertexSE3Expmap>[m[K’:
[3.677s] [01m[K/home/mantus/kol_bot/ros2_orb_slam/ros2_orb_slam/ORB_SLAM3/Thirdparty/g2o/g2o/types/types_six_dof_expmap.h:146:41:[m[K   required from here
[3.677s] [01m[K/home/mantus/kol_bot/ros2_orb_slam/ros2_orb_slam/ORB_SLAM3/Thirdparty/g2o/g2o/types/../core/base_binary_edge.h:59:80:[m[K [01;35m[Kwarning: [m[K‘[01m[KEigen::AlignedBit[m[K’ is deprecated [[01;35m[K-Wdeprecated-declarations[m[K]
[3.677s]    59 | n::Map<Matrix<double, Di, Dj>, Matrix<double, Di, Dj>::[01;35m[KFlags & AlignedBit[m[K ? Aligned : Unaligned > HessianBlockType;
[3.677s]       |                                                        [01;35m[K~~~~~~^~~~~~~~~~~~[m[K
[3.677s] 
[3.677s] In file included from [01m[K/home/mantus/kol_bot/ros2_orb_slam/ros2_orb_slam/ORB_SLAM3/Eigen/Core:161[m[K,
[3.677s]                  from [01m[K/home/mantus/kol_bot/ros2_orb_slam/ros2_orb_slam/ORB_SLAM3/Eigen/Dense:1[m[K,
[3.677s]                  from [01m[K/home/mantus/kol_bot/ros2_orb_slam/ros2_orb_slam/src/rgbd-slam-node.hpp:30[m[K,
[3.677s]                  from [01m[K/home/mantus/kol_bot/ros2_orb_slam/ros2_orb_slam/src/rgbd.cpp:7[m[K:
[3.677s] [01m[K/home/mantus/kol_bot/ros2_orb_slam/ros2_orb_slam/ORB_SLAM3/Eigen/src/Core/util/Constants.h:167:37:[m[K [01;36m[Knote: [m[Kdeclared here
[3.677s]   167 | EIGEN_DEPRECATED const unsigned int [01;36m[KAlignedBit[m[K = 0x80;
[3.678s]       |                                     [01;36m[K^~~~~~~~~~[m[K
[3.678s] In file included from [01m[K/home/mantus/kol_bot/ros2_orb_slam/ros2_orb_slam/ORB_SLAM3/Thirdparty/g2o/g2o/types/types_six_dof_expmap.h:38[m[K,
[3.678s]                  from [01m[K/home/mantus/kol_bot/ros2_orb_slam/ros2_orb_slam/ORB_SLAM3/include/Converter.h:26[m[K,
[3.678s]                  from [01m[K/home/mantus/kol_bot/ros2_orb_slam/ros2_orb_slam/ORB_SLAM3/include/Frame.h:33[m[K,
[3.678s]                  from [01m[K/home/mantus/kol_bot/ros2_orb_slam/ros2_orb_slam/ORB_SLAM3/include/KeyFrame.h:28[m[K,
[3.678s]                  from [01m[K/home/mantus/kol_bot/ros2_orb_slam/ros2_orb_slam/ORB_SLAM3/include/MapPoint.h:23[m[K,
[3.678s]                  from [01m[K/home/mantus/kol_bot/ros2_orb_slam/ros2_orb_slam/ORB_SLAM3/include/FrameDrawer.h:24[m[K,
[3.678s]                  from [01m[K/home/mantus/kol_bot/ros2_orb_slam/ros2_orb_slam/ORB_SLAM3/include/Viewer.h:23[m[K,
[3.678s]                  from [01m[K/home/mantus/kol_bot/ros2_orb_slam/ros2_orb_slam/ORB_SLAM3/include/Tracking.h:26[m[K,
[3.678s]                  from [01m[K/home/mantus/kol_bot/ros2_orb_slam/ros2_orb_slam/ORB_SLAM3/include/System.h:31[m[K,
[3.678s]                  from [01m[K/home/mantus/kol_bot/ros2_orb_slam/ros2_orb_slam/src/rgbd-slam-node.hpp:39[m[K,
[3.678s]                  from [01m[K/home/mantus/kol_bot/ros2_orb_slam/ros2_orb_slam/src/rgbd.cpp:7[m[K:
[3.678s] [01m[K/home/mantus/kol_bot/ros2_orb_slam/ros2_orb_slam/ORB_SLAM3/Thirdparty/g2o/g2o/types/../core/base_binary_edge.h:60:80:[m[K [01;35m[Kwarning: [m[K‘[01m[KEigen::AlignedBit[m[K’ is deprecated [[01;35m[K-Wdeprecated-declarations[m[K]
[3.678s]    60 | n::Map<Matrix<double, Dj, Di>, Matrix<double, Dj, Di>::[01;35m[KFlags & AlignedBit[m[K ? Aligned : Unaligned > HessianBlockTransposedType;
[3.678s]       |                                                        [01;35m[K~~~~~~^~~~~~~~~~~~[m[K
[3.678s] 
[3.678s] In file included from [01m[K/home/mantus/kol_bot/ros2_orb_slam/ros2_orb_slam/ORB_SLAM3/Eigen/Core:161[m[K,
[3.678s]                  from [01m[K/home/mantus/kol_bot/ros2_orb_slam/ros2_orb_slam/ORB_SLAM3/Eigen/Dense:1[m[K,
[3.678s]                  from [01m[K/home/mantus/kol_bot/ros2_orb_slam/ros2_orb_slam/src/rgbd-slam-node.hpp:30[m[K,
[3.678s]                  from [01m[K/home/mantus/kol_bot/ros2_orb_slam/ros2_orb_slam/src/rgbd.cpp:7[m[K:
[3.679s] [01m[K/home/mantus/kol_bot/ros2_orb_slam/ros2_orb_slam/ORB_SLAM3/Eigen/src/Core/util/Constants.h:167:37:[m[K [01;36m[Knote: [m[Kdeclared here
[3.679s]   167 | EIGEN_DEPRECATED const unsigned int [01;36m[KAlignedBit[m[K = 0x80;
[3.679s]       |                                     [01;36m[K^~~~~~~~~~[m[K
[3.819s] In file included from [01m[K/home/mantus/kol_bot/ros2_orb_slam/ros2_orb_slam/ORB_SLAM3/Thirdparty/g2o/g2o/types/types_six_dof_expmap.h:37[m[K,
[3.820s]                  from [01m[K/home/mantus/kol_bot/ros2_orb_slam/ros2_orb_slam/ORB_SLAM3/include/Converter.h:26[m[K,
[3.820s]                  from [01m[K/home/mantus/kol_bot/ros2_orb_slam/ros2_orb_slam/ORB_SLAM3/include/Frame.h:33[m[K,
[3.820s]                  from [01m[K/home/mantus/kol_bot/ros2_orb_slam/ros2_orb_slam/ORB_SLAM3/include/KeyFrame.h:28[m[K,
[3.820s]                  from [01m[K/home/mantus/kol_bot/ros2_orb_slam/ros2_orb_slam/ORB_SLAM3/include/MapPoint.h:23[m[K,
[3.820s]                  from [01m[K/home/mantus/kol_bot/ros2_orb_slam/ros2_orb_slam/ORB_SLAM3/include/FrameDrawer.h:24[m[K,
[3.820s]                  from [01m[K/home/mantus/kol_bot/ros2_orb_slam/ros2_orb_slam/ORB_SLAM3/include/Viewer.h:23[m[K,
[3.820s]                  from [01m[K/home/mantus/kol_bot/ros2_orb_slam/ros2_orb_slam/ORB_SLAM3/include/Tracking.h:26[m[K,
[3.820s]                  from [01m[K/home/mantus/kol_bot/ros2_orb_slam/ros2_orb_slam/ORB_SLAM3/include/System.h:31[m[K,
[3.820s]                  from [01m[K/home/mantus/kol_bot/ros2_orb_slam/ros2_orb_slam/src/rgbd-slam-node.hpp:39[m[K,
[3.820s]                  from [01m[K/home/mantus/kol_bot/ros2_orb_slam/ros2_orb_slam/src/rgbd.cpp:7[m[K:
[3.820s] /home/mantus/kol_bot/ros2_orb_slam/ros2_orb_slam/ORB_SLAM3/Thirdparty/g2o/g2o/types/../core/base_vertex.h: In instantiation of ‘[01m[Kclass g2o::BaseVertex<7, g2o::Sim3>[m[K’:
[3.820s] [01m[K/home/mantus/kol_bot/ros2_orb_slam/ros2_orb_slam/ORB_SLAM3/Thirdparty/g2o/g2o/types/types_seven_dof_expmap.h:48:35:[m[K   required from here
[3.820s] [01m[K/home/mantus/kol_bot/ros2_orb_slam/ros2_orb_slam/ORB_SLAM3/Thirdparty/g2o/g2o/types/../core/base_vertex.h:62:72:[m[K [01;35m[Kwarning: [m[K‘[01m[KEigen::AlignedBit[m[K’ is deprecated [[01;35m[K-Wdeprecated-declarations[m[K]
[3.820s]    62 | f Eigen::Map<Matrix<double, D, D>, Matrix<double,D,D>::[01;35m[KFlags & AlignedBit[m[K ? Aligned : Unaligned >  HessianBlockType;
[3.820s]       |                                                        [01;35m[K~~~~~~^~~~~~~~~~~~[m[K
[3.820s] 
[3.820s] In file included from [01m[K/home/mantus/kol_bot/ros2_orb_slam/ros2_orb_slam/ORB_SLAM3/Eigen/Core:161[m[K,
[3.820s]                  from [01m[K/home/mantus/kol_bot/ros2_orb_slam/ros2_orb_slam/ORB_SLAM3/Eigen/Dense:1[m[K,
[3.820s]                  from [01m[K/home/mantus/kol_bot/ros2_orb_slam/ros2_orb_slam/src/rgbd-slam-node.hpp:30[m[K,
[3.821s]                  from [01m[K/home/mantus/kol_bot/ros2_orb_slam/ros2_orb_slam/src/rgbd.cpp:7[m[K:
[3.821s] [01m[K/home/mantus/kol_bot/ros2_orb_slam/ros2_orb_slam/ORB_SLAM3/Eigen/src/Core/util/Constants.h:167:37:[m[K [01;36m[Knote: [m[Kdeclared here
[3.821s]   167 | EIGEN_DEPRECATED const unsigned int [01;36m[KAlignedBit[m[K = 0x80;
[3.821s]       |                                     [01;36m[K^~~~~~~~~~[m[K
[3.842s] In file included from [01m[K/home/mantus/kol_bot/ros2_orb_slam/ros2_orb_slam/ORB_SLAM3/Thirdparty/g2o/g2o/types/types_six_dof_expmap.h:38[m[K,
[3.842s]                  from [01m[K/home/mantus/kol_bot/ros2_orb_slam/ros2_orb_slam/ORB_SLAM3/include/Converter.h:26[m[K,
[3.842s]                  from [01m[K/home/mantus/kol_bot/ros2_orb_slam/ros2_orb_slam/ORB_SLAM3/include/Frame.h:33[m[K,
[3.842s]                  from [01m[K/home/mantus/kol_bot/ros2_orb_slam/ros2_orb_slam/ORB_SLAM3/include/KeyFrame.h:28[m[K,
[3.842s]                  from [01m[K/home/mantus/kol_bot/ros2_orb_slam/ros2_orb_slam/ORB_SLAM3/include/MapPoint.h:23[m[K,
[3.842s]                  from [01m[K/home/mantus/kol_bot/ros2_orb_slam/ros2_orb_slam/ORB_SLAM3/include/FrameDrawer.h:24[m[K,
[3.842s]                  from [01m[K/home/mantus/kol_bot/ros2_orb_slam/ros2_orb_slam/ORB_SLAM3/include/Viewer.h:23[m[K,
[3.843s]                  from [01m[K/home/mantus/kol_bot/ros2_orb_slam/ros2_orb_slam/ORB_SLAM3/include/Tracking.h:26[m[K,
[3.843s]                  from [01m[K/home/mantus/kol_bot/ros2_orb_slam/ros2_orb_slam/ORB_SLAM3/include/System.h:31[m[K,
[3.843s]                  from [01m[K/home/mantus/kol_bot/ros2_orb_slam/ros2_orb_slam/src/rgbd-slam-node.hpp:39[m[K,
[3.843s]                  from [01m[K/home/mantus/kol_bot/ros2_orb_slam/ros2_orb_slam/src/rgbd.cpp:7[m[K:
[3.843s] /home/mantus/kol_bot/ros2_orb_slam/ros2_orb_slam/ORB_SLAM3/Thirdparty/g2o/g2o/types/../core/base_binary_edge.h: In instantiation of ‘[01m[Kclass g2o::BaseBinaryEdge<7, g2o::Sim3, g2o::VertexSim3Expmap, g2o::VertexSim3Expmap>[m[K’:
[3.843s] [01m[K/home/mantus/kol_bot/ros2_orb_slam/ros2_orb_slam/ORB_SLAM3/Thirdparty/g2o/g2o/types/types_seven_dof_expmap.h:99:27:[m[K   required from here
[3.843s] [01m[K/home/mantus/kol_bot/ros2_orb_slam/ros2_orb_slam/ORB_SLAM3/Thirdparty/g2o/g2o/types/../core/base_binary_edge.h:59:80:[m[K [01;35m[Kwarning: [m[K‘[01m[KEigen::AlignedBit[m[K’ is deprecated [[01;35m[K-Wdeprecated-declarations[m[K]
[3.843s]    59 | n::Map<Matrix<double, Di, Dj>, Matrix<double, Di, Dj>::[01;35m[KFlags & AlignedBit[m[K ? Aligned : Unaligned > HessianBlockType;
[3.843s]       |                                                        [01;35m[K~~~~~~^~~~~~~~~~~~[m[K
[3.843s] 
[3.843s] In file included from [01m[K/home/mantus/kol_bot/ros2_orb_slam/ros2_orb_slam/ORB_SLAM3/Eigen/Core:161[m[K,
[3.843s]                  from [01m[K/home/mantus/kol_bot/ros2_orb_slam/ros2_orb_slam/ORB_SLAM3/Eigen/Dense:1[m[K,
[3.843s]                  from [01m[K/home/mantus/kol_bot/ros2_orb_slam/ros2_orb_slam/src/rgbd-slam-node.hpp:30[m[K,
[3.843s]                  from [01m[K/home/mantus/kol_bot/ros2_orb_slam/ros2_orb_slam/src/rgbd.cpp:7[m[K:
[3.843s] [01m[K/home/mantus/kol_bot/ros2_orb_slam/ros2_orb_slam/ORB_SLAM3/Eigen/src/Core/util/Constants.h:167:37:[m[K [01;36m[Knote: [m[Kdeclared here
[3.843s]   167 | EIGEN_DEPRECATED const unsigned int [01;36m[KAlignedBit[m[K = 0x80;
[3.843s]       |                                     [01;36m[K^~~~~~~~~~[m[K
[3.843s] In file included from [01m[K/home/mantus/kol_bot/ros2_orb_slam/ros2_orb_slam/ORB_SLAM3/Thirdparty/g2o/g2o/types/types_six_dof_expmap.h:38[m[K,
[3.843s]                  from [01m[K/home/mantus/kol_bot/ros2_orb_slam/ros2_orb_slam/ORB_SLAM3/include/Converter.h:26[m[K,
[3.843s]                  from [01m[K/home/mantus/kol_bot/ros2_orb_slam/ros2_orb_slam/ORB_SLAM3/include/Frame.h:33[m[K,
[3.844s]                  from [01m[K/home/mantus/kol_bot/ros2_orb_slam/ros2_orb_slam/ORB_SLAM3/include/KeyFrame.h:28[m[K,
[3.844s]                  from [01m[K/home/mantus/kol_bot/ros2_orb_slam/ros2_orb_slam/ORB_SLAM3/include/MapPoint.h:23[m[K,
[3.844s]                  from [01m[K/home/mantus/kol_bot/ros2_orb_slam/ros2_orb_slam/ORB_SLAM3/include/FrameDrawer.h:24[m[K,
[3.844s]                  from [01m[K/home/mantus/kol_bot/ros2_orb_slam/ros2_orb_slam/ORB_SLAM3/include/Viewer.h:23[m[K,
[3.844s]                  from [01m[K/home/mantus/kol_bot/ros2_orb_slam/ros2_orb_slam/ORB_SLAM3/include/Tracking.h:26[m[K,
[3.844s]                  from [01m[K/home/mantus/kol_bot/ros2_orb_slam/ros2_orb_slam/ORB_SLAM3/include/System.h:31[m[K,
[3.844s]                  from [01m[K/home/mantus/kol_bot/ros2_orb_slam/ros2_orb_slam/src/rgbd-slam-node.hpp:39[m[K,
[3.844s]                  from [01m[K/home/mantus/kol_bot/ros2_orb_slam/ros2_orb_slam/src/rgbd.cpp:7[m[K:
[3.844s] [01m[K/home/mantus/kol_bot/ros2_orb_slam/ros2_orb_slam/ORB_SLAM3/Thirdparty/g2o/g2o/types/../core/base_binary_edge.h:60:80:[m[K [01;35m[Kwarning: [m[K‘[01m[KEigen::AlignedBit[m[K’ is deprecated [[01;35m[K-Wdeprecated-declarations[m[K]
[3.844s]    60 | n::Map<Matrix<double, Dj, Di>, Matrix<double, Dj, Di>::[01;35m[KFlags & AlignedBit[m[K ? Aligned : Unaligned > HessianBlockTransposedType;
[3.844s]       |                                                        [01;35m[K~~~~~~^~~~~~~~~~~~[m[K
[3.844s] 
[3.844s] In file included from [01m[K/home/mantus/kol_bot/ros2_orb_slam/ros2_orb_slam/ORB_SLAM3/Eigen/Core:161[m[K,
[3.844s]                  from [01m[K/home/mantus/kol_bot/ros2_orb_slam/ros2_orb_slam/ORB_SLAM3/Eigen/Dense:1[m[K,
[3.844s]                  from [01m[K/home/mantus/kol_bot/ros2_orb_slam/ros2_orb_slam/src/rgbd-slam-node.hpp:30[m[K,
[3.844s]                  from [01m[K/home/mantus/kol_bot/ros2_orb_slam/ros2_orb_slam/src/rgbd.cpp:7[m[K:
[3.844s] [01m[K/home/mantus/kol_bot/ros2_orb_slam/ros2_orb_slam/ORB_SLAM3/Eigen/src/Core/util/Constants.h:167:37:[m[K [01;36m[Knote: [m[Kdeclared here
[3.844s]   167 | EIGEN_DEPRECATED const unsigned int [01;36m[KAlignedBit[m[K = 0x80;
[3.844s]       |                                     [01;36m[K^~~~~~~~~~[m[K
[3.873s] In file included from [01m[K/home/mantus/kol_bot/ros2_orb_slam/ros2_orb_slam/ORB_SLAM3/Thirdparty/g2o/g2o/types/types_six_dof_expmap.h:38[m[K,
[3.873s]                  from [01m[K/home/mantus/kol_bot/ros2_orb_slam/ros2_orb_slam/ORB_SLAM3/include/Converter.h:26[m[K,
[3.874s]                  from [01m[K/home/mantus/kol_bot/ros2_orb_slam/ros2_orb_slam/ORB_SLAM3/include/Frame.h:33[m[K,
[3.874s]                  from [01m[K/home/mantus/kol_bot/ros2_orb_slam/ros2_orb_slam/ORB_SLAM3/include/KeyFrame.h:28[m[K,
[3.874s]                  from [01m[K/home/mantus/kol_bot/ros2_orb_slam/ros2_orb_slam/ORB_SLAM3/include/MapPoint.h:23[m[K,
[3.874s]                  from [01m[K/home/mantus/kol_bot/ros2_orb_slam/ros2_orb_slam/ORB_SLAM3/include/FrameDrawer.h:24[m[K,
[3.874s]                  from [01m[K/home/mantus/kol_bot/ros2_orb_slam/ros2_orb_slam/ORB_SLAM3/include/Viewer.h:23[m[K,
[3.874s]                  from [01m[K/home/mantus/kol_bot/ros2_orb_slam/ros2_orb_slam/ORB_SLAM3/include/Tracking.h:26[m[K,
[3.874s]                  from [01m[K/home/mantus/kol_bot/ros2_orb_slam/ros2_orb_slam/ORB_SLAM3/include/System.h:31[m[K,
[3.874s]                  from [01m[K/home/mantus/kol_bot/ros2_orb_slam/ros2_orb_slam/src/rgbd-slam-node.hpp:39[m[K,
[3.874s]                  from [01m[K/home/mantus/kol_bot/ros2_orb_slam/ros2_orb_slam/src/rgbd.cpp:7[m[K:
[3.874s] /home/mantus/kol_bot/ros2_orb_slam/ros2_orb_slam/ORB_SLAM3/Thirdparty/g2o/g2o/types/../core/base_binary_edge.h: In instantiation of ‘[01m[Kclass g2o::BaseBinaryEdge<2, Eigen::Matrix<double, 2, 1>, g2o::VertexSBAPointXYZ, g2o::VertexSim3Expmap>[m[K’:
[3.874s] [01m[K/home/mantus/kol_bot/ros2_orb_slam/ros2_orb_slam/ORB_SLAM3/Thirdparty/g2o/g2o/types/types_seven_dof_expmap.h:130:36:[m[K   required from here
[3.874s] [01m[K/home/mantus/kol_bot/ros2_orb_slam/ros2_orb_slam/ORB_SLAM3/Thirdparty/g2o/g2o/types/../core/base_binary_edge.h:59:80:[m[K [01;35m[Kwarning: [m[K‘[01m[KEigen::AlignedBit[m[K’ is deprecated [[01;35m[K-Wdeprecated-declarations[m[K]
[3.874s]    59 | n::Map<Matrix<double, Di, Dj>, Matrix<double, Di, Dj>::[01;35m[KFlags & AlignedBit[m[K ? Aligned : Unaligned > HessianBlockType;
[3.874s]       |                                                        [01;35m[K~~~~~~^~~~~~~~~~~~[m[K
[3.874s] 
[3.874s] In file included from [01m[K/home/mantus/kol_bot/ros2_orb_slam/ros2_orb_slam/ORB_SLAM3/Eigen/Core:161[m[K,
[3.874s]                  from [01m[K/home/mantus/kol_bot/ros2_orb_slam/ros2_orb_slam/ORB_SLAM3/Eigen/Dense:1[m[K,
[3.874s]                  from [01m[K/home/mantus/kol_bot/ros2_orb_slam/ros2_orb_slam/src/rgbd-slam-node.hpp:30[m[K,
[3.874s]                  from [01m[K/home/mantus/kol_bot/ros2_orb_slam/ros2_orb_slam/src/rgbd.cpp:7[m[K:
[3.874s] [01m[K/home/mantus/kol_bot/ros2_orb_slam/ros2_orb_slam/ORB_SLAM3/Eigen/src/Core/util/Constants.h:167:37:[m[K [01;36m[Knote: [m[Kdeclared here
[3.875s]   167 | EIGEN_DEPRECATED const unsigned int [01;36m[KAlignedBit[m[K = 0x80;
[3.875s]       |                                     [01;36m[K^~~~~~~~~~[m[K
[3.883s] In file included from [01m[K/home/mantus/kol_bot/ros2_orb_slam/ros2_orb_slam/ORB_SLAM3/Thirdparty/g2o/g2o/types/types_six_dof_expmap.h:38[m[K,
[3.883s]                  from [01m[K/home/mantus/kol_bot/ros2_orb_slam/ros2_orb_slam/ORB_SLAM3/include/Converter.h:26[m[K,
[3.884s]                  from [01m[K/home/mantus/kol_bot/ros2_orb_slam/ros2_orb_slam/ORB_SLAM3/include/Frame.h:33[m[K,
[3.884s]                  from [01m[K/home/mantus/kol_bot/ros2_orb_slam/ros2_orb_slam/ORB_SLAM3/include/KeyFrame.h:28[m[K,
[3.884s]                  from [01m[K/home/mantus/kol_bot/ros2_orb_slam/ros2_orb_slam/ORB_SLAM3/include/MapPoint.h:23[m[K,
[3.884s]                  from [01m[K/home/mantus/kol_bot/ros2_orb_slam/ros2_orb_slam/ORB_SLAM3/include/FrameDrawer.h:24[m[K,
[3.884s]                  from [01m[K/home/mantus/kol_bot/ros2_orb_slam/ros2_orb_slam/ORB_SLAM3/include/Viewer.h:23[m[K,
[3.884s]                  from [01m[K/home/mantus/kol_bot/ros2_orb_slam/ros2_orb_slam/ORB_SLAM3/include/Tracking.h:26[m[K,
[3.884s]                  from [01m[K/home/mantus/kol_bot/ros2_orb_slam/ros2_orb_slam/ORB_SLAM3/include/System.h:31[m[K,
[3.884s]                  from [01m[K/home/mantus/kol_bot/ros2_orb_slam/ros2_orb_slam/src/rgbd-slam-node.hpp:39[m[K,
[3.884s]                  from [01m[K/home/mantus/kol_bot/ros2_orb_slam/ros2_orb_slam/src/rgbd.cpp:7[m[K:
[3.884s] [01m[K/home/mantus/kol_bot/ros2_orb_slam/ros2_orb_slam/ORB_SLAM3/Thirdparty/g2o/g2o/types/../core/base_binary_edge.h:60:80:[m[K [01;35m[Kwarning: [m[K‘[01m[KEigen::AlignedBit[m[K’ is deprecated [[01;35m[K-Wdeprecated-declarations[m[K]
[3.884s]    60 | n::Map<Matrix<double, Dj, Di>, Matrix<double, Dj, Di>::[01;35m[KFlags & AlignedBit[m[K ? Aligned : Unaligned > HessianBlockTransposedType;
[3.884s]       |                                                        [01;35m[K~~~~~~^~~~~~~~~~~~[m[K
[3.884s] 
[3.884s] In file included from [01m[K/home/mantus/kol_bot/ros2_orb_slam/ros2_orb_slam/ORB_SLAM3/Eigen/Core:161[m[K,
[3.884s]                  from [01m[K/home/mantus/kol_bot/ros2_orb_slam/ros2_orb_slam/ORB_SLAM3/Eigen/Dense:1[m[K,
[3.884s]                  from [01m[K/home/mantus/kol_bot/ros2_orb_slam/ros2_orb_slam/src/rgbd-slam-node.hpp:30[m[K,
[3.884s]                  from [01m[K/home/mantus/kol_bot/ros2_orb_slam/ros2_orb_slam/src/rgbd.cpp:7[m[K:
[3.884s] [01m[K/home/mantus/kol_bot/ros2_orb_slam/ros2_orb_slam/ORB_SLAM3/Eigen/src/Core/util/Constants.h:167:37:[m[K [01;36m[Knote: [m[Kdeclared here
[3.884s]   167 | EIGEN_DEPRECATED const unsigned int [01;36m[KAlignedBit[m[K = 0x80;
[3.884s]       |                                     [01;36m[K^~~~~~~~~~[m[K
[3.934s] In file included from [01m[K/home/mantus/kol_bot/ros2_orb_slam/ros2_orb_slam/ORB_SLAM3/include/Frame.h:34[m[K,
[3.934s]                  from [01m[K/home/mantus/kol_bot/ros2_orb_slam/ros2_orb_slam/ORB_SLAM3/include/KeyFrame.h:28[m[K,
[3.934s]                  from [01m[K/home/mantus/kol_bot/ros2_orb_slam/ros2_orb_slam/ORB_SLAM3/include/MapPoint.h:23[m[K,
[3.934s]                  from [01m[K/home/mantus/kol_bot/ros2_orb_slam/ros2_orb_slam/ORB_SLAM3/include/FrameDrawer.h:24[m[K,
[3.934s]                  from [01m[K/home/mantus/kol_bot/ros2_orb_slam/ros2_orb_slam/ORB_SLAM3/include/Viewer.h:23[m[K,
[3.934s]                  from [01m[K/home/mantus/kol_bot/ros2_orb_slam/ros2_orb_slam/ORB_SLAM3/include/Tracking.h:26[m[K,
[3.934s]                  from [01m[K/home/mantus/kol_bot/ros2_orb_slam/ros2_orb_slam/ORB_SLAM3/include/System.h:31[m[K,
[3.934s]                  from [01m[K/home/mantus/kol_bot/ros2_orb_slam/ros2_orb_slam/src/rgbd-slam-node.hpp:39[m[K,
[3.934s]                  from [01m[K/home/mantus/kol_bot/ros2_orb_slam/ros2_orb_slam/src/rgbd.cpp:7[m[K:
[3.934s] [01m[K/home/mantus/kol_bot/ros2_orb_slam/ros2_orb_slam/ORB_SLAM3/include/Settings.h:232:2:[m[K [01;35m[Kwarning: [m[Kextra ‘[01m[K;[m[K’ [[01;35m[K-Wpedantic[m[K]
[3.934s]   232 | }[01;35m[K;[m[K
[3.935s]       |  [01;35m[K^[m[K
[4.323s] In file included from [01m[K/home/mantus/kol_bot/ros2_orb_slam/ros2_orb_slam/ORB_SLAM3/include/Atlas.h:26[m[K,
[4.324s]                  from [01m[K/home/mantus/kol_bot/ros2_orb_slam/ros2_orb_slam/ORB_SLAM3/include/FrameDrawer.h:25[m[K,
[4.324s]                  from [01m[K/home/mantus/kol_bot/ros2_orb_slam/ros2_orb_slam/ORB_SLAM3/include/Viewer.h:23[m[K,
[4.324s]                  from [01m[K/home/mantus/kol_bot/ros2_orb_slam/ros2_orb_slam/ORB_SLAM3/include/Tracking.h:26[m[K,
[4.324s]                  from [01m[K/home/mantus/kol_bot/ros2_orb_slam/ros2_orb_slam/ORB_SLAM3/include/System.h:31[m[K,
[4.324s]                  from [01m[K/home/mantus/kol_bot/ros2_orb_slam/ros2_orb_slam/src/rgbd-slam-node.hpp:39[m[K,
[4.324s]                  from [01m[K/home/mantus/kol_bot/ros2_orb_slam/ros2_orb_slam/src/rgbd.cpp:7[m[K:
[4.324s] [01m[K/home/mantus/kol_bot/ros2_orb_slam/ros2_orb_slam/ORB_SLAM3/include/CameraModels/Pinhole.h:[m[K In member function ‘[01m[Kvirtual bool ORB_SLAM3::Pinhole::matchAndtriangulate(const cv::KeyPoint&, const cv::KeyPoint&, ORB_SLAM3::GeometricCamera*, Sophus::SE3f&, Sophus::SE3f&, float, float, Eigen::Vector3f&)[m[K’:
[4.324s] [01m[K/home/mantus/kol_bot/ros2_orb_slam/ros2_orb_slam/ORB_SLAM3/include/CameraModels/Pinhole.h:83:54:[m[K [01;35m[Kwarning: [m[Kunused parameter ‘[01m[Kkp1[m[K’ [[01;35m[K-Wunused-parameter[m[K]
[4.324s]    83 |         bool matchAndtriangulate([01;35m[Kconst cv::KeyPoint& kp1[m[K, const cv::KeyPoint& kp2, GeometricCamera* pOther,
[4.324s]       |                                  [01;35m[K~~~~~~~~~~~~~~~~~~~~^~~[m[K
[4.324s] [01m[K/home/mantus/kol_bot/ros2_orb_slam/ros2_orb_slam/ORB_SLAM3/include/CameraModels/Pinhole.h:83:79:[m[K [01;35m[Kwarning: [m[Kunused parameter ‘[01m[Kkp2[m[K’ [[01;35m[K-Wunused-parameter[m[K]
[4.325s]    83 | hAndtriangulate(const cv::KeyPoint& kp1, [01;35m[Kconst cv::KeyPoint& kp2[m[K, GeometricCamera* pOther,
[4.325s]       |                                          [01;35m[K~~~~~~~~~~~~~~~~~~~~^~~[m[K
[4.325s] 
[4.325s] [01m[K/home/mantus/kol_bot/ros2_orb_slam/ros2_orb_slam/ORB_SLAM3/include/CameraModels/Pinhole.h:83:101:[m[K [01;35m[Kwarning: [m[Kunused parameter ‘[01m[KpOther[m[K’ [[01;35m[K-Wunused-parameter[m[K]
[4.325s]    83 | cv::KeyPoint& kp1, const cv::KeyPoint& kp2, [01;35m[KGeometricCamera* pOther[m[K,
[4.325s]       |                                             [01;35m[K~~~~~~~~~~~~~~~~~^~~~~~[m[K
[4.325s] 
[4.325s] [01m[K/home/mantus/kol_bot/ros2_orb_slam/ros2_orb_slam/ORB_SLAM3/include/CameraModels/Pinhole.h:84:48:[m[K [01;35m[Kwarning: [m[Kunused parameter ‘[01m[KTcw1[m[K’ [[01;35m[K-Wunused-parameter[m[K]
[4.325s]    84 |                                  [01;35m[KSophus::SE3f& Tcw1[m[K, Sophus::SE3f& Tcw2,
[4.325s]       |                                  [01;35m[K~~~~~~~~~~~~~~^~~~[m[K
[4.325s] [01m[K/home/mantus/kol_bot/ros2_orb_slam/ros2_orb_slam/ORB_SLAM3/include/CameraModels/Pinhole.h:84:68:[m[K [01;35m[Kwarning: [m[Kunused parameter ‘[01m[KTcw2[m[K’ [[01;35m[K-Wunused-parameter[m[K]
[4.325s]    84 |                                  Sophus::SE3f& Tcw1, [01;35m[KSophus::SE3f& Tcw2[m[K,
[4.325s]       |                                                      [01;35m[K~~~~~~~~~~~~~~^~~~[m[K
[4.325s] [01m[K/home/mantus/kol_bot/ros2_orb_slam/ros2_orb_slam/ORB_SLAM3/include/CameraModels/Pinhole.h:85:46:[m[K [01;35m[Kwarning: [m[Kunused parameter ‘[01m[KsigmaLevel1[m[K’ [[01;35m[K-Wunused-parameter[m[K]
[4.325s]    85 |                                  [01;35m[Kconst float sigmaLevel1[m[K, const float sigmaLevel2,
[4.325s]       |                                  [01;35m[K~~~~~~~~~~~~^~~~~~~~~~~[m[K
[4.325s] [01m[K/home/mantus/kol_bot/ros2_orb_slam/ros2_orb_slam/ORB_SLAM3/include/CameraModels/Pinhole.h:85:71:[m[K [01;35m[Kwarning: [m[Kunused parameter ‘[01m[KsigmaLevel2[m[K’ [[01;35m[K-Wunused-parameter[m[K]
[4.325s]    85 |                               const float sigmaLevel1, [01;35m[Kconst float sigmaLevel2[m[K,
[4.325s]       |                                                        [01;35m[K~~~~~~~~~~~~^~~~~~~~~~~[m[K
[4.325s] 
[4.325s] [01m[K/home/mantus/kol_bot/ros2_orb_slam/ros2_orb_slam/ORB_SLAM3/include/CameraModels/Pinhole.h:86:51:[m[K [01;35m[Kwarning: [m[Kunused parameter ‘[01m[Kx3Dtriangulated[m[K’ [[01;35m[K-Wunused-parameter[m[K]
[4.325s]    86 |                                  [01;35m[KEigen::Vector3f& x3Dtriangulated[m[K) { return false;}
[4.325s]       |                                  [01;35m[K~~~~~~~~~~~~~~~~~^~~~~~~~~~~~~~~[m[K
[4.325s] In file included from [01m[K/home/mantus/kol_bot/ros2_orb_slam/ros2_orb_slam/ORB_SLAM3/include/Atlas.h:27[m[K,
[4.326s]                  from [01m[K/home/mantus/kol_bot/ros2_orb_slam/ros2_orb_slam/ORB_SLAM3/include/FrameDrawer.h:25[m[K,
[4.326s]                  from [01m[K/home/mantus/kol_bot/ros2_orb_slam/ros2_orb_slam/ORB_SLAM3/include/Viewer.h:23[m[K,
[4.326s]                  from [01m[K/home/mantus/kol_bot/ros2_orb_slam/ros2_orb_slam/ORB_SLAM3/include/Tracking.h:26[m[K,
[4.326s]                  from [01m[K/home/mantus/kol_bot/ros2_orb_slam/ros2_orb_slam/ORB_SLAM3/include/System.h:31[m[K,
[4.326s]                  from [01m[K/home/mantus/kol_bot/ros2_orb_slam/ros2_orb_slam/src/rgbd-slam-node.hpp:39[m[K,
[4.326s]                  from [01m[K/home/mantus/kol_bot/ros2_orb_slam/ros2_orb_slam/src/rgbd.cpp:7[m[K:
[4.326s] [01m[K/home/mantus/kol_bot/ros2_orb_slam/ros2_orb_slam/ORB_SLAM3/include/CameraModels/KannalaBrandt8.h:[m[K In constructor ‘[01m[KORB_SLAM3::KannalaBrandt8::KannalaBrandt8(std::vector<float>)[m[K’:
[4.326s] [01m[K/home/mantus/kol_bot/ros2_orb_slam/ros2_orb_slam/ORB_SLAM3/include/CameraModels/KannalaBrandt8.h:102:21:[m[K [01;35m[Kwarning: [m[K‘[01m[KORB_SLAM3::KannalaBrandt8::precision[m[K’ will be initialized after [[01;35m[K-Wreorder[m[K]
[4.326s]   102 |         const float [01;35m[Kprecision[m[K;
[4.326s]       |                     [01;35m[K^~~~~~~~~[m[K
[4.326s] [01m[K/home/mantus/kol_bot/ros2_orb_slam/ros2_orb_slam/ORB_SLAM3/include/CameraModels/KannalaBrandt8.h:88:26:[m[K [01;35m[Kwarning: [m[K  ‘[01m[Kstd::vector<int> ORB_SLAM3::KannalaBrandt8::mvLappingArea[m[K’ [[01;35m[K-Wreorder[m[K]
[4.326s]    88 |         std::vector<int> [01;35m[KmvLappingArea[m[K;
[4.326s]       |                          [01;35m[K^~~~~~~~~~~~~[m[K
[4.326s] In file included from [01m[K/home/mantus/kol_bot/ros2_orb_slam/ros2_orb_slam/ORB_SLAM3/include/Atlas.h:27[m[K,
[4.326s]                  from [01m[K/home/mantus/kol_bot/ros2_orb_slam/ros2_orb_slam/ORB_SLAM3/include/FrameDrawer.h:25[m[K,
[4.326s]                  from [01m[K/home/mantus/kol_bot/ros2_orb_slam/ros2_orb_slam/ORB_SLAM3/include/Viewer.h:23[m[K,
[4.326s]                  from [01m[K/home/mantus/kol_bot/ros2_orb_slam/ros2_orb_slam/ORB_SLAM3/include/Tracking.h:26[m[K,
[4.326s]                  from [01m[K/home/mantus/kol_bot/ros2_orb_slam/ros2_orb_slam/ORB_SLAM3/include/System.h:31[m[K,
[4.326s]                  from [01m[K/home/mantus/kol_bot/ros2_orb_slam/ros2_orb_slam/src/rgbd-slam-node.hpp:39[m[K,
[4.326s]                  from [01m[K/home/mantus/kol_bot/ros2_orb_slam/ros2_orb_slam/src/rgbd.cpp:7[m[K:
[4.326s] [01m[K/home/mantus/kol_bot/ros2_orb_slam/ros2_orb_slam/ORB_SLAM3/include/CameraModels/KannalaBrandt8.h:47:9:[m[K [01;35m[Kwarning: [m[K  when initialized here [[01;35m[K-Wreorder[m[K]
[4.326s]    47 |         [01;35m[KKannalaBrandt8[m[K(const std::vector<float> _vParameters) : GeometricCamera(_vParameters), precision(1e-6), mvLappingArea(2,0) ,tvr(nullptr) {
[4.326s]       |         [01;35m[K^~~~~~~~~~~~~~[m[K
[4.326s] In file included from [01m[K/home/mantus/kol_bot/ros2_orb_slam/ros2_orb_slam/ORB_SLAM3/include/Atlas.h:27[m[K,
[4.327s]                  from [01m[K/home/mantus/kol_bot/ros2_orb_slam/ros2_orb_slam/ORB_SLAM3/include/FrameDrawer.h:25[m[K,
[4.327s]                  from [01m[K/home/mantus/kol_bot/ros2_orb_slam/ros2_orb_slam/ORB_SLAM3/include/Viewer.h:23[m[K,
[4.327s]                  from [01m[K/home/mantus/kol_bot/ros2_orb_slam/ros2_orb_slam/ORB_SLAM3/include/Tracking.h:26[m[K,
[4.327s]                  from [01m[K/home/mantus/kol_bot/ros2_orb_slam/ros2_orb_slam/ORB_SLAM3/include/System.h:31[m[K,
[4.327s]                  from [01m[K/home/mantus/kol_bot/ros2_orb_slam/ros2_orb_slam/src/rgbd-slam-node.hpp:39[m[K,
[4.327s]                  from [01m[K/home/mantus/kol_bot/ros2_orb_slam/ros2_orb_slam/src/rgbd.cpp:7[m[K:
[4.327s] [01m[K/home/mantus/kol_bot/ros2_orb_slam/ros2_orb_slam/ORB_SLAM3/include/CameraModels/KannalaBrandt8.h:[m[K In constructor ‘[01m[KORB_SLAM3::KannalaBrandt8::KannalaBrandt8(std::vector<float>, float)[m[K’:
[4.327s] [01m[K/home/mantus/kol_bot/ros2_orb_slam/ros2_orb_slam/ORB_SLAM3/include/CameraModels/KannalaBrandt8.h:102:21:[m[K [01;35m[Kwarning: [m[K‘[01m[KORB_SLAM3::KannalaBrandt8::precision[m[K’ will be initialized after [[01;35m[K-Wreorder[m[K]
[4.327s]   102 |         const float [01;35m[Kprecision[m[K;
[4.327s]       |                     [01;35m[K^~~~~~~~~[m[K
[4.327s] [01m[K/home/mantus/kol_bot/ros2_orb_slam/ros2_orb_slam/ORB_SLAM3/include/CameraModels/KannalaBrandt8.h:88:26:[m[K [01;35m[Kwarning: [m[K  ‘[01m[Kstd::vector<int> ORB_SLAM3::KannalaBrandt8::mvLappingArea[m[K’ [[01;35m[K-Wreorder[m[K]
[4.327s]    88 |         std::vector<int> [01;35m[KmvLappingArea[m[K;
[4.327s]       |                          [01;35m[K^~~~~~~~~~~~~[m[K
[4.327s] [01m[K/home/mantus/kol_bot/ros2_orb_slam/ros2_orb_slam/ORB_SLAM3/include/CameraModels/KannalaBrandt8.h:53:9:[m[K [01;35m[Kwarning: [m[K  when initialized here [[01;35m[K-Wreorder[m[K]
[4.327s]    53 |         [01;35m[KKannalaBrandt8[m[K(const std::vector<float> _vParameters, const float _precision) : GeometricCamera(_vParameters),
[4.327s]       |         [01;35m[K^~~~~~~~~~~~~~[m[K
[4.327s] [01m[K/home/mantus/kol_bot/ros2_orb_slam/ros2_orb_slam/ORB_SLAM3/include/CameraModels/KannalaBrandt8.h:[m[K In constructor ‘[01m[KORB_SLAM3::KannalaBrandt8::KannalaBrandt8(ORB_SLAM3::KannalaBrandt8*)[m[K’:
[4.327s] [01m[K/home/mantus/kol_bot/ros2_orb_slam/ros2_orb_slam/ORB_SLAM3/include/CameraModels/KannalaBrandt8.h:102:21:[m[K [01;35m[Kwarning: [m[K‘[01m[KORB_SLAM3::KannalaBrandt8::precision[m[K’ will be initialized after [[01;35m[K-Wreorder[m[K]
[4.327s]   102 |         const float [01;35m[Kprecision[m[K;
[4.327s]       |                     [01;35m[K^~~~~~~~~[m[K
[4.327s] [01m[K/home/mantus/kol_bot/ros2_orb_slam/ros2_orb_slam/ORB_SLAM3/include/CameraModels/KannalaBrandt8.h:88:26:[m[K [01;35m[Kwarning: [m[K  ‘[01m[Kstd::vector<int> ORB_SLAM3::KannalaBrandt8::mvLappingArea[m[K’ [[01;35m[K-Wreorder[m[K]
[4.327s]    88 |         std::vector<int> [01;35m[KmvLappingArea[m[K;
[4.327s]       |                          [01;35m[K^~~~~~~~~~~~~[m[K
[4.327s] [01m[K/home/mantus/kol_bot/ros2_orb_slam/ros2_orb_slam/ORB_SLAM3/include/CameraModels/KannalaBrandt8.h:59:9:[m[K [01;35m[Kwarning: [m[K  when initialized here [[01;35m[K-Wreorder[m[K]
[4.328s]    59 |         [01;35m[KKannalaBrandt8[m[K(KannalaBrandt8* pKannala) : GeometricCamera(pKannala->mvParameters), precision(pKannala->precision), mvLappingArea(2,0) ,tvr(nullptr) {
[4.328s]       |         [01;35m[K^~~~~~~~~~~~~~[m[K
[13.175s] [ 66%] [32m[1mLinking CXX executable rgbd[0m
[14.115s] [100%] Built target rgbd
[14.128s] Invoked command in '/home/mantus/kol_bot/ros2_orb_slam/ros2_orb_slam/build/ros2_orb_slam' returned '0': CMAKE_PREFIX_PATH=${CMAKE_PREFIX_PATH}:/opt/ros/foxy /usr/bin/cmake --build /home/mantus/kol_bot/ros2_orb_slam/ros2_orb_slam/build/ros2_orb_slam -- -j16 -l16
[14.171s] Invoking command in '/home/mantus/kol_bot/ros2_orb_slam/ros2_orb_slam/build/ros2_orb_slam': CMAKE_PREFIX_PATH=${CMAKE_PREFIX_PATH}:/opt/ros/foxy /usr/bin/cmake --install /home/mantus/kol_bot/ros2_orb_slam/ros2_orb_slam/build/ros2_orb_slam
[14.180s] -- Install configuration: ""
[14.180s] -- Installing: /home/mantus/kol_bot/ros2_orb_slam/ros2_orb_slam/install/ros2_orb_slam/lib/ros2_orb_slam/rgbd
[14.184s] -- Set runtime path of "/home/mantus/kol_bot/ros2_orb_slam/ros2_orb_slam/install/ros2_orb_slam/lib/ros2_orb_slam/rgbd" to ""
[14.184s] -- Up-to-date: /home/mantus/kol_bot/ros2_orb_slam/ros2_orb_slam/install/ros2_orb_slam/share/ament_index/resource_index/package_run_dependencies/ros2_orb_slam
[14.184s] -- Up-to-date: /home/mantus/kol_bot/ros2_orb_slam/ros2_orb_slam/install/ros2_orb_slam/share/ament_index/resource_index/parent_prefix_path/ros2_orb_slam
[14.184s] -- Up-to-date: /home/mantus/kol_bot/ros2_orb_slam/ros2_orb_slam/install/ros2_orb_slam/share/ros2_orb_slam/environment/ament_prefix_path.sh
[14.185s] -- Up-to-date: /home/mantus/kol_bot/ros2_orb_slam/ros2_orb_slam/install/ros2_orb_slam/share/ros2_orb_slam/environment/ament_prefix_path.dsv
[14.185s] -- Up-to-date: /home/mantus/kol_bot/ros2_orb_slam/ros2_orb_slam/install/ros2_orb_slam/share/ros2_orb_slam/environment/path.sh
[14.185s] -- Up-to-date: /home/mantus/kol_bot/ros2_orb_slam/ros2_orb_slam/install/ros2_orb_slam/share/ros2_orb_slam/environment/path.dsv
[14.185s] -- Up-to-date: /home/mantus/kol_bot/ros2_orb_slam/ros2_orb_slam/install/ros2_orb_slam/share/ros2_orb_slam/local_setup.bash
[14.185s] -- Up-to-date: /home/mantus/kol_bot/ros2_orb_slam/ros2_orb_slam/install/ros2_orb_slam/share/ros2_orb_slam/local_setup.sh
[14.185s] -- Up-to-date: /home/mantus/kol_bot/ros2_orb_slam/ros2_orb_slam/install/ros2_orb_slam/share/ros2_orb_slam/local_setup.zsh
[14.185s] -- Up-to-date: /home/mantus/kol_bot/ros2_orb_slam/ros2_orb_slam/install/ros2_orb_slam/share/ros2_orb_slam/local_setup.dsv
[14.185s] -- Installing: /home/mantus/kol_bot/ros2_orb_slam/ros2_orb_slam/install/ros2_orb_slam/share/ros2_orb_slam/package.dsv
[14.185s] -- Up-to-date: /home/mantus/kol_bot/ros2_orb_slam/ros2_orb_slam/install/ros2_orb_slam/share/ament_index/resource_index/packages/ros2_orb_slam
[14.185s] -- Up-to-date: /home/mantus/kol_bot/ros2_orb_slam/ros2_orb_slam/install/ros2_orb_slam/share/ros2_orb_slam/cmake/ros2_orb_slamConfig.cmake
[14.185s] -- Up-to-date: /home/mantus/kol_bot/ros2_orb_slam/ros2_orb_slam/install/ros2_orb_slam/share/ros2_orb_slam/cmake/ros2_orb_slamConfig-version.cmake
[14.185s] -- Up-to-date: /home/mantus/kol_bot/ros2_orb_slam/ros2_orb_slam/install/ros2_orb_slam/share/ros2_orb_slam/package.xml
[14.186s] Invoked command in '/home/mantus/kol_bot/ros2_orb_slam/ros2_orb_slam/build/ros2_orb_slam' returned '0': CMAKE_PREFIX_PATH=${CMAKE_PREFIX_PATH}:/opt/ros/foxy /usr/bin/cmake --install /home/mantus/kol_bot/ros2_orb_slam/ros2_orb_slam/build/ros2_orb_slam
