[0.018s] Invoking command in '/home/mantus/kol_bot/ros2_orb_slam/ros2_orb_slam/build/ros2_orb_slam': CMAKE_PREFIX_PATH=/home/mantus/kol_bot/ros2_orb_slam/ros2_orb_slam/install/ros2_orb_slam:/home/mantus/kol_bot/ros2_orb_slam/install/ros2_orb_slam:/opt/ros/foxy:/opt/ros/noetic /home/mantus/.local/bin/cmake --build /home/mantus/kol_bot/ros2_orb_slam/ros2_orb_slam/build/ros2_orb_slam -- -j16 -l16
[0.114s] [35m[1mScanning dependencies of target slam[0m
[0.144s] [ 50%] Built target mono
[0.163s] [ 66%] [32mBuilding CXX object CMakeFiles/slam.dir/src/rgbd-slam-node.cpp.o[0m
[3.468s] In file included from [01m[K/home/mantus/kol_bot/ros2_orb_slam/ros2_orb_slam/ORB_SLAM3/include/Frame.h:30[m[K,
[3.468s]                  from [01m[K/home/mantus/kol_bot/ros2_orb_slam/ros2_orb_slam/ORB_SLAM3/include/KeyFrame.h:28[m[K,
[3.468s]                  from [01m[K/home/mantus/kol_bot/ros2_orb_slam/ros2_orb_slam/ORB_SLAM3/include/MapPoint.h:23[m[K,
[3.468s]                  from [01m[K/home/mantus/kol_bot/ros2_orb_slam/ros2_orb_slam/ORB_SLAM3/include/FrameDrawer.h:24[m[K,
[3.468s]                  from [01m[K/home/mantus/kol_bot/ros2_orb_slam/ros2_orb_slam/ORB_SLAM3/include/Viewer.h:23[m[K,
[3.468s]                  from [01m[K/home/mantus/kol_bot/ros2_orb_slam/ros2_orb_slam/ORB_SLAM3/include/Tracking.h:26[m[K,
[3.468s]                  from [01m[K/home/mantus/kol_bot/ros2_orb_slam/ros2_orb_slam/ORB_SLAM3/include/System.h:31[m[K,
[3.468s]                  from [01m[K/home/mantus/kol_bot/ros2_orb_slam/ros2_orb_slam/src/rgbd-slam-node.hpp:39[m[K,
[3.469s]                  from [01m[K/home/mantus/kol_bot/ros2_orb_slam/ros2_orb_slam/src/rgbd-slam-node.cpp:1[m[K:
[3.469s] [01m[K/home/mantus/kol_bot/ros2_orb_slam/ros2_orb_slam/ORB_SLAM3/include/ImuTypes.h:[m[K In member function ‘[01m[Kvoid ORB_SLAM3::IMU::Preintegrated::printMeasurements() const[m[K’:
[3.469s] [01m[K/home/mantus/kol_bot/ros2_orb_slam/ros2_orb_slam/ORB_SLAM3/include/ImuTypes.h:204:23:[m[K [01;35m[Kwarning: [m[Kcomparison of integer expressions of different signedness: ‘[01m[Kint[m[K’ and ‘[01m[Kstd::vector<ORB_SLAM3::IMU::Preintegrated::integrable>::size_type[m[K’ {aka ‘[01m[Klong unsigned int[m[K’} [[01;35m[K-Wsign-compare[m[K]
[3.469s]   204 |         for(int i=0; [01;35m[Ki<mvMeasurements.size()[m[K; i++){
[3.469s]       |                      [01;35m[K~^~~~~~~~~~~~~~~~~~~~~~[m[K
[3.531s] In file included from [01m[K/home/mantus/kol_bot/ros2_orb_slam/ros2_orb_slam/ORB_SLAM3/Thirdparty/g2o/g2o/types/types_six_dof_expmap.h:37[m[K,
[3.531s]                  from [01m[K/home/mantus/kol_bot/ros2_orb_slam/ros2_orb_slam/ORB_SLAM3/include/Converter.h:26[m[K,
[3.531s]                  from [01m[K/home/mantus/kol_bot/ros2_orb_slam/ros2_orb_slam/ORB_SLAM3/include/Frame.h:33[m[K,
[3.531s]                  from [01m[K/home/mantus/kol_bot/ros2_orb_slam/ros2_orb_slam/ORB_SLAM3/include/KeyFrame.h:28[m[K,
[3.531s]                  from [01m[K/home/mantus/kol_bot/ros2_orb_slam/ros2_orb_slam/ORB_SLAM3/include/MapPoint.h:23[m[K,
[3.531s]                  from [01m[K/home/mantus/kol_bot/ros2_orb_slam/ros2_orb_slam/ORB_SLAM3/include/FrameDrawer.h:24[m[K,
[3.531s]                  from [01m[K/home/mantus/kol_bot/ros2_orb_slam/ros2_orb_slam/ORB_SLAM3/include/Viewer.h:23[m[K,
[3.531s]                  from [01m[K/home/mantus/kol_bot/ros2_orb_slam/ros2_orb_slam/ORB_SLAM3/include/Tracking.h:26[m[K,
[3.531s]                  from [01m[K/home/mantus/kol_bot/ros2_orb_slam/ros2_orb_slam/ORB_SLAM3/include/System.h:31[m[K,
[3.531s]                  from [01m[K/home/mantus/kol_bot/ros2_orb_slam/ros2_orb_slam/src/rgbd-slam-node.hpp:39[m[K,
[3.531s]                  from [01m[K/home/mantus/kol_bot/ros2_orb_slam/ros2_orb_slam/src/rgbd-slam-node.cpp:1[m[K:
[3.532s] [01m[K/home/mantus/kol_bot/ros2_orb_slam/ros2_orb_slam/ORB_SLAM3/Thirdparty/g2o/g2o/types/../core/base_vertex.h:[m[K At global scope:
[3.532s] [01m[K/home/mantus/kol_bot/ros2_orb_slam/ros2_orb_slam/ORB_SLAM3/Thirdparty/g2o/g2o/types/../core/base_vertex.h:62:74:[m[K [01;35m[Kwarning: [m[K‘[01m[KEigen::AlignedBit[m[K’ is deprecated [[01;35m[K-Wdeprecated-declarations[m[K]
[3.532s]    62 | Eigen::Map<Matrix<double, D, D>, Matrix<double,D,D>::Flags & [01;35m[KAlignedBit[m[K ? Aligned : Unaligned >  HessianBlockType;
[3.532s]       |                                                              [01;35m[K^~~~~~~~~~[m[K
[3.532s] 
[3.532s] In file included from [01m[K/usr/local/include/eigen3/Eigen/Core:161[m[K,
[3.532s]                  from [01m[K/usr/local/include/eigen3/Eigen/Dense:1[m[K,
[3.532s]                  from [01m[K/home/mantus/kol_bot/ros2_orb_slam/ros2_orb_slam/src/rgbd-slam-node.hpp:32[m[K,
[3.532s]                  from [01m[K/home/mantus/kol_bot/ros2_orb_slam/ros2_orb_slam/src/rgbd-slam-node.cpp:1[m[K:
[3.532s] [01m[K/usr/local/include/eigen3/Eigen/src/Core/util/Constants.h:167:37:[m[K [01;36m[Knote: [m[Kdeclared here
[3.532s]   167 | EIGEN_DEPRECATED const unsigned int [01;36m[KAlignedBit[m[K = 0x80;
[3.532s]       |                                     [01;36m[K^~~~~~~~~~[m[K
[3.549s] In file included from [01m[K/home/mantus/kol_bot/ros2_orb_slam/ros2_orb_slam/ORB_SLAM3/Thirdparty/g2o/g2o/types/types_six_dof_expmap.h:38[m[K,
[3.549s]                  from [01m[K/home/mantus/kol_bot/ros2_orb_slam/ros2_orb_slam/ORB_SLAM3/include/Converter.h:26[m[K,
[3.549s]                  from [01m[K/home/mantus/kol_bot/ros2_orb_slam/ros2_orb_slam/ORB_SLAM3/include/Frame.h:33[m[K,
[3.549s]                  from [01m[K/home/mantus/kol_bot/ros2_orb_slam/ros2_orb_slam/ORB_SLAM3/include/KeyFrame.h:28[m[K,
[3.549s]                  from [01m[K/home/mantus/kol_bot/ros2_orb_slam/ros2_orb_slam/ORB_SLAM3/include/MapPoint.h:23[m[K,
[3.549s]                  from [01m[K/home/mantus/kol_bot/ros2_orb_slam/ros2_orb_slam/ORB_SLAM3/include/FrameDrawer.h:24[m[K,
[3.549s]                  from [01m[K/home/mantus/kol_bot/ros2_orb_slam/ros2_orb_slam/ORB_SLAM3/include/Viewer.h:23[m[K,
[3.549s]                  from [01m[K/home/mantus/kol_bot/ros2_orb_slam/ros2_orb_slam/ORB_SLAM3/include/Tracking.h:26[m[K,
[3.549s]                  from [01m[K/home/mantus/kol_bot/ros2_orb_slam/ros2_orb_slam/ORB_SLAM3/include/System.h:31[m[K,
[3.550s]                  from [01m[K/home/mantus/kol_bot/ros2_orb_slam/ros2_orb_slam/src/rgbd-slam-node.hpp:39[m[K,
[3.550s]                  from [01m[K/home/mantus/kol_bot/ros2_orb_slam/ros2_orb_slam/src/rgbd-slam-node.cpp:1[m[K:
[3.550s] [01m[K/home/mantus/kol_bot/ros2_orb_slam/ros2_orb_slam/ORB_SLAM3/Thirdparty/g2o/g2o/types/../core/base_binary_edge.h:59:82:[m[K [01;35m[Kwarning: [m[K‘[01m[KEigen::AlignedBit[m[K’ is deprecated [[01;35m[K-Wdeprecated-declarations[m[K]
[3.550s]    59 | :Map<Matrix<double, Di, Dj>, Matrix<double, Di, Dj>::Flags & [01;35m[KAlignedBit[m[K ? Aligned : Unaligned > HessianBlockType;
[3.550s]       |                                                              [01;35m[K^~~~~~~~~~[m[K
[3.550s] 
[3.550s] In file included from [01m[K/usr/local/include/eigen3/Eigen/Core:161[m[K,
[3.550s]                  from [01m[K/usr/local/include/eigen3/Eigen/Dense:1[m[K,
[3.550s]                  from [01m[K/home/mantus/kol_bot/ros2_orb_slam/ros2_orb_slam/src/rgbd-slam-node.hpp:32[m[K,
[3.550s]                  from [01m[K/home/mantus/kol_bot/ros2_orb_slam/ros2_orb_slam/src/rgbd-slam-node.cpp:1[m[K:
[3.550s] [01m[K/usr/local/include/eigen3/Eigen/src/Core/util/Constants.h:167:37:[m[K [01;36m[Knote: [m[Kdeclared here
[3.550s]   167 | EIGEN_DEPRECATED const unsigned int [01;36m[KAlignedBit[m[K = 0x80;
[3.550s]       |                                     [01;36m[K^~~~~~~~~~[m[K
[3.550s] In file included from [01m[K/home/mantus/kol_bot/ros2_orb_slam/ros2_orb_slam/ORB_SLAM3/Thirdparty/g2o/g2o/types/types_six_dof_expmap.h:38[m[K,
[3.550s]                  from [01m[K/home/mantus/kol_bot/ros2_orb_slam/ros2_orb_slam/ORB_SLAM3/include/Converter.h:26[m[K,
[3.550s]                  from [01m[K/home/mantus/kol_bot/ros2_orb_slam/ros2_orb_slam/ORB_SLAM3/include/Frame.h:33[m[K,
[3.550s]                  from [01m[K/home/mantus/kol_bot/ros2_orb_slam/ros2_orb_slam/ORB_SLAM3/include/KeyFrame.h:28[m[K,
[3.550s]                  from [01m[K/home/mantus/kol_bot/ros2_orb_slam/ros2_orb_slam/ORB_SLAM3/include/MapPoint.h:23[m[K,
[3.550s]                  from [01m[K/home/mantus/kol_bot/ros2_orb_slam/ros2_orb_slam/ORB_SLAM3/include/FrameDrawer.h:24[m[K,
[3.551s]                  from [01m[K/home/mantus/kol_bot/ros2_orb_slam/ros2_orb_slam/ORB_SLAM3/include/Viewer.h:23[m[K,
[3.551s]                  from [01m[K/home/mantus/kol_bot/ros2_orb_slam/ros2_orb_slam/ORB_SLAM3/include/Tracking.h:26[m[K,
[3.551s]                  from [01m[K/home/mantus/kol_bot/ros2_orb_slam/ros2_orb_slam/ORB_SLAM3/include/System.h:31[m[K,
[3.551s]                  from [01m[K/home/mantus/kol_bot/ros2_orb_slam/ros2_orb_slam/src/rgbd-slam-node.hpp:39[m[K,
[3.551s]                  from [01m[K/home/mantus/kol_bot/ros2_orb_slam/ros2_orb_slam/src/rgbd-slam-node.cpp:1[m[K:
[3.551s] [01m[K/home/mantus/kol_bot/ros2_orb_slam/ros2_orb_slam/ORB_SLAM3/Thirdparty/g2o/g2o/types/../core/base_binary_edge.h:60:82:[m[K [01;35m[Kwarning: [m[K‘[01m[KEigen::AlignedBit[m[K’ is deprecated [[01;35m[K-Wdeprecated-declarations[m[K]
[3.551s]    60 | :Map<Matrix<double, Dj, Di>, Matrix<double, Dj, Di>::Flags & [01;35m[KAlignedBit[m[K ? Aligned : Unaligned > HessianBlockTransposedType;
[3.551s]       |                                                              [01;35m[K^~~~~~~~~~[m[K
[3.551s] 
[3.551s] In file included from [01m[K/usr/local/include/eigen3/Eigen/Core:161[m[K,
[3.551s]                  from [01m[K/usr/local/include/eigen3/Eigen/Dense:1[m[K,
[3.551s]                  from [01m[K/home/mantus/kol_bot/ros2_orb_slam/ros2_orb_slam/src/rgbd-slam-node.hpp:32[m[K,
[3.551s]                  from [01m[K/home/mantus/kol_bot/ros2_orb_slam/ros2_orb_slam/src/rgbd-slam-node.cpp:1[m[K:
[3.551s] [01m[K/usr/local/include/eigen3/Eigen/src/Core/util/Constants.h:167:37:[m[K [01;36m[Knote: [m[Kdeclared here
[3.551s]   167 | EIGEN_DEPRECATED const unsigned int [01;36m[KAlignedBit[m[K = 0x80;
[3.551s]       |                                     [01;36m[K^~~~~~~~~~[m[K
[3.588s] In file included from [01m[K/home/mantus/kol_bot/ros2_orb_slam/ros2_orb_slam/ORB_SLAM3/Thirdparty/g2o/g2o/types/types_six_dof_expmap.h:41[m[K,
[3.588s]                  from [01m[K/home/mantus/kol_bot/ros2_orb_slam/ros2_orb_slam/ORB_SLAM3/include/Converter.h:26[m[K,
[3.588s]                  from [01m[K/home/mantus/kol_bot/ros2_orb_slam/ros2_orb_slam/ORB_SLAM3/include/Frame.h:33[m[K,
[3.588s]                  from [01m[K/home/mantus/kol_bot/ros2_orb_slam/ros2_orb_slam/ORB_SLAM3/include/KeyFrame.h:28[m[K,
[3.588s]                  from [01m[K/home/mantus/kol_bot/ros2_orb_slam/ros2_orb_slam/ORB_SLAM3/include/MapPoint.h:23[m[K,
[3.588s]                  from [01m[K/home/mantus/kol_bot/ros2_orb_slam/ros2_orb_slam/ORB_SLAM3/include/FrameDrawer.h:24[m[K,
[3.588s]                  from [01m[K/home/mantus/kol_bot/ros2_orb_slam/ros2_orb_slam/ORB_SLAM3/include/Viewer.h:23[m[K,
[3.588s]                  from [01m[K/home/mantus/kol_bot/ros2_orb_slam/ros2_orb_slam/ORB_SLAM3/include/Tracking.h:26[m[K,
[3.588s]                  from [01m[K/home/mantus/kol_bot/ros2_orb_slam/ros2_orb_slam/ORB_SLAM3/include/System.h:31[m[K,
[3.588s]                  from [01m[K/home/mantus/kol_bot/ros2_orb_slam/ros2_orb_slam/src/rgbd-slam-node.hpp:39[m[K,
[3.589s]                  from [01m[K/home/mantus/kol_bot/ros2_orb_slam/ros2_orb_slam/src/rgbd-slam-node.cpp:1[m[K:
[3.589s] [01m[K/home/mantus/kol_bot/ros2_orb_slam/ros2_orb_slam/ORB_SLAM3/Thirdparty/g2o/g2o/types/se3quat.h:43:38:[m[K [01;35m[Kwarning: [m[Kextra ‘[01m[K;[m[K’ [[01;35m[K-Wpedantic[m[K]
[3.589s]    43 |       EIGEN_MAKE_ALIGNED_OPERATOR_NEW[01;35m[K;[m[K
[3.589s]       |                                      [01;35m[K^[m[K
[3.589s]       |                                      [31m[K-[m[K
[3.827s] In file included from [01m[K/home/mantus/kol_bot/ros2_orb_slam/ros2_orb_slam/ORB_SLAM3/Thirdparty/g2o/g2o/types/types_six_dof_expmap.h:37[m[K,
[3.827s]                  from [01m[K/home/mantus/kol_bot/ros2_orb_slam/ros2_orb_slam/ORB_SLAM3/include/Converter.h:26[m[K,
[3.827s]                  from [01m[K/home/mantus/kol_bot/ros2_orb_slam/ros2_orb_slam/ORB_SLAM3/include/Frame.h:33[m[K,
[3.827s]                  from [01m[K/home/mantus/kol_bot/ros2_orb_slam/ros2_orb_slam/ORB_SLAM3/include/KeyFrame.h:28[m[K,
[3.827s]                  from [01m[K/home/mantus/kol_bot/ros2_orb_slam/ros2_orb_slam/ORB_SLAM3/include/MapPoint.h:23[m[K,
[3.827s]                  from [01m[K/home/mantus/kol_bot/ros2_orb_slam/ros2_orb_slam/ORB_SLAM3/include/FrameDrawer.h:24[m[K,
[3.827s]                  from [01m[K/home/mantus/kol_bot/ros2_orb_slam/ros2_orb_slam/ORB_SLAM3/include/Viewer.h:23[m[K,
[3.827s]                  from [01m[K/home/mantus/kol_bot/ros2_orb_slam/ros2_orb_slam/ORB_SLAM3/include/Tracking.h:26[m[K,
[3.827s]                  from [01m[K/home/mantus/kol_bot/ros2_orb_slam/ros2_orb_slam/ORB_SLAM3/include/System.h:31[m[K,
[3.827s]                  from [01m[K/home/mantus/kol_bot/ros2_orb_slam/ros2_orb_slam/src/rgbd-slam-node.hpp:39[m[K,
[3.827s]                  from [01m[K/home/mantus/kol_bot/ros2_orb_slam/ros2_orb_slam/src/rgbd-slam-node.cpp:1[m[K:
[3.827s] /home/mantus/kol_bot/ros2_orb_slam/ros2_orb_slam/ORB_SLAM3/Thirdparty/g2o/g2o/types/../core/base_vertex.h: In instantiation of ‘[01m[Kclass g2o::BaseVertex<3, Eigen::Matrix<double, 3, 1> >[m[K’:
[3.828s] [01m[K/home/mantus/kol_bot/ros2_orb_slam/ros2_orb_slam/ORB_SLAM3/Thirdparty/g2o/g2o/types/types_sba.h:40:35:[m[K   required from here
[3.828s] [01m[K/home/mantus/kol_bot/ros2_orb_slam/ros2_orb_slam/ORB_SLAM3/Thirdparty/g2o/g2o/types/../core/base_vertex.h:62:72:[m[K [01;35m[Kwarning: [m[K‘[01m[KEigen::AlignedBit[m[K’ is deprecated [[01;35m[K-Wdeprecated-declarations[m[K]
[3.828s]    62 | f Eigen::Map<Matrix<double, D, D>, Matrix<double,D,D>::[01;35m[KFlags & AlignedBit[m[K ? Aligned : Unaligned >  HessianBlockType;
[3.828s]       |                                                        [01;35m[K~~~~~~^~~~~~~~~~~~[m[K
[3.828s] 
[3.828s] In file included from [01m[K/usr/local/include/eigen3/Eigen/Core:161[m[K,
[3.828s]                  from [01m[K/usr/local/include/eigen3/Eigen/Dense:1[m[K,
[3.828s]                  from [01m[K/home/mantus/kol_bot/ros2_orb_slam/ros2_orb_slam/src/rgbd-slam-node.hpp:32[m[K,
[3.828s]                  from [01m[K/home/mantus/kol_bot/ros2_orb_slam/ros2_orb_slam/src/rgbd-slam-node.cpp:1[m[K:
[3.828s] [01m[K/usr/local/include/eigen3/Eigen/src/Core/util/Constants.h:167:37:[m[K [01;36m[Knote: [m[Kdeclared here
[3.828s]   167 | EIGEN_DEPRECATED const unsigned int [01;36m[KAlignedBit[m[K = 0x80;
[3.828s]       |                                     [01;36m[K^~~~~~~~~~[m[K
[3.849s] In file included from [01m[K/home/mantus/kol_bot/ros2_orb_slam/ros2_orb_slam/ORB_SLAM3/Thirdparty/g2o/g2o/types/types_six_dof_expmap.h:37[m[K,
[3.849s]                  from [01m[K/home/mantus/kol_bot/ros2_orb_slam/ros2_orb_slam/ORB_SLAM3/include/Converter.h:26[m[K,
[3.849s]                  from [01m[K/home/mantus/kol_bot/ros2_orb_slam/ros2_orb_slam/ORB_SLAM3/include/Frame.h:33[m[K,
[3.849s]                  from [01m[K/home/mantus/kol_bot/ros2_orb_slam/ros2_orb_slam/ORB_SLAM3/include/KeyFrame.h:28[m[K,
[3.849s]                  from [01m[K/home/mantus/kol_bot/ros2_orb_slam/ros2_orb_slam/ORB_SLAM3/include/MapPoint.h:23[m[K,
[3.849s]                  from [01m[K/home/mantus/kol_bot/ros2_orb_slam/ros2_orb_slam/ORB_SLAM3/include/FrameDrawer.h:24[m[K,
[3.849s]                  from [01m[K/home/mantus/kol_bot/ros2_orb_slam/ros2_orb_slam/ORB_SLAM3/include/Viewer.h:23[m[K,
[3.850s]                  from [01m[K/home/mantus/kol_bot/ros2_orb_slam/ros2_orb_slam/ORB_SLAM3/include/Tracking.h:26[m[K,
[3.850s]                  from [01m[K/home/mantus/kol_bot/ros2_orb_slam/ros2_orb_slam/ORB_SLAM3/include/System.h:31[m[K,
[3.850s]                  from [01m[K/home/mantus/kol_bot/ros2_orb_slam/ros2_orb_slam/src/rgbd-slam-node.hpp:39[m[K,
[3.850s]                  from [01m[K/home/mantus/kol_bot/ros2_orb_slam/ros2_orb_slam/src/rgbd-slam-node.cpp:1[m[K:
[3.850s] /home/mantus/kol_bot/ros2_orb_slam/ros2_orb_slam/ORB_SLAM3/Thirdparty/g2o/g2o/types/../core/base_vertex.h: In instantiation of ‘[01m[Kclass g2o::BaseVertex<6, g2o::SE3Quat>[m[K’:
[3.850s] [01m[K/home/mantus/kol_bot/ros2_orb_slam/ros2_orb_slam/ORB_SLAM3/Thirdparty/g2o/g2o/types/types_six_dof_expmap.h:59:33:[m[K   required from here
[3.850s] [01m[K/home/mantus/kol_bot/ros2_orb_slam/ros2_orb_slam/ORB_SLAM3/Thirdparty/g2o/g2o/types/../core/base_vertex.h:62:72:[m[K [01;35m[Kwarning: [m[K‘[01m[KEigen::AlignedBit[m[K’ is deprecated [[01;35m[K-Wdeprecated-declarations[m[K]
[3.850s]    62 | f Eigen::Map<Matrix<double, D, D>, Matrix<double,D,D>::[01;35m[KFlags & AlignedBit[m[K ? Aligned : Unaligned >  HessianBlockType;
[3.850s]       |                                                        [01;35m[K~~~~~~^~~~~~~~~~~~[m[K
[3.850s] 
[3.850s] In file included from [01m[K/usr/local/include/eigen3/Eigen/Core:161[m[K,
[3.850s]                  from [01m[K/usr/local/include/eigen3/Eigen/Dense:1[m[K,
[3.850s]                  from [01m[K/home/mantus/kol_bot/ros2_orb_slam/ros2_orb_slam/src/rgbd-slam-node.hpp:32[m[K,
[3.850s]                  from [01m[K/home/mantus/kol_bot/ros2_orb_slam/ros2_orb_slam/src/rgbd-slam-node.cpp:1[m[K:
[3.850s] [01m[K/usr/local/include/eigen3/Eigen/src/Core/util/Constants.h:167:37:[m[K [01;36m[Knote: [m[Kdeclared here
[3.850s]   167 | EIGEN_DEPRECATED const unsigned int [01;36m[KAlignedBit[m[K = 0x80;
[3.850s]       |                                     [01;36m[K^~~~~~~~~~[m[K
[3.872s] In file included from [01m[K/home/mantus/kol_bot/ros2_orb_slam/ros2_orb_slam/ORB_SLAM3/Thirdparty/g2o/g2o/types/types_six_dof_expmap.h:38[m[K,
[3.872s]                  from [01m[K/home/mantus/kol_bot/ros2_orb_slam/ros2_orb_slam/ORB_SLAM3/include/Converter.h:26[m[K,
[3.872s]                  from [01m[K/home/mantus/kol_bot/ros2_orb_slam/ros2_orb_slam/ORB_SLAM3/include/Frame.h:33[m[K,
[3.872s]                  from [01m[K/home/mantus/kol_bot/ros2_orb_slam/ros2_orb_slam/ORB_SLAM3/include/KeyFrame.h:28[m[K,
[3.872s]                  from [01m[K/home/mantus/kol_bot/ros2_orb_slam/ros2_orb_slam/ORB_SLAM3/include/MapPoint.h:23[m[K,
[3.872s]                  from [01m[K/home/mantus/kol_bot/ros2_orb_slam/ros2_orb_slam/ORB_SLAM3/include/FrameDrawer.h:24[m[K,
[3.872s]                  from [01m[K/home/mantus/kol_bot/ros2_orb_slam/ros2_orb_slam/ORB_SLAM3/include/Viewer.h:23[m[K,
[3.872s]                  from [01m[K/home/mantus/kol_bot/ros2_orb_slam/ros2_orb_slam/ORB_SLAM3/include/Tracking.h:26[m[K,
[3.872s]                  from [01m[K/home/mantus/kol_bot/ros2_orb_slam/ros2_orb_slam/ORB_SLAM3/include/System.h:31[m[K,
[3.872s]                  from [01m[K/home/mantus/kol_bot/ros2_orb_slam/ros2_orb_slam/src/rgbd-slam-node.hpp:39[m[K,
[3.872s]                  from [01m[K/home/mantus/kol_bot/ros2_orb_slam/ros2_orb_slam/src/rgbd-slam-node.cpp:1[m[K:
[3.872s] /home/mantus/kol_bot/ros2_orb_slam/ros2_orb_slam/ORB_SLAM3/Thirdparty/g2o/g2o/types/../core/base_binary_edge.h: In instantiation of ‘[01m[Kclass g2o::BaseBinaryEdge<6, g2o::SE3Quat, g2o::VertexSE3Expmap, g2o::VertexSE3Expmap>[m[K’:
[3.873s] [01m[K/home/mantus/kol_bot/ros2_orb_slam/ros2_orb_slam/ORB_SLAM3/Thirdparty/g2o/g2o/types/types_six_dof_expmap.h:83:24:[m[K   required from here
[3.873s] [01m[K/home/mantus/kol_bot/ros2_orb_slam/ros2_orb_slam/ORB_SLAM3/Thirdparty/g2o/g2o/types/../core/base_binary_edge.h:59:80:[m[K [01;35m[Kwarning: [m[K‘[01m[KEigen::AlignedBit[m[K’ is deprecated [[01;35m[K-Wdeprecated-declarations[m[K]
[3.873s]    59 | n::Map<Matrix<double, Di, Dj>, Matrix<double, Di, Dj>::[01;35m[KFlags & AlignedBit[m[K ? Aligned : Unaligned > HessianBlockType;
[3.873s]       |                                                        [01;35m[K~~~~~~^~~~~~~~~~~~[m[K
[3.873s] 
[3.873s] In file included from [01m[K/usr/local/include/eigen3/Eigen/Core:161[m[K,
[3.873s]                  from [01m[K/usr/local/include/eigen3/Eigen/Dense:1[m[K,
[3.873s]                  from [01m[K/home/mantus/kol_bot/ros2_orb_slam/ros2_orb_slam/src/rgbd-slam-node.hpp:32[m[K,
[3.873s]                  from [01m[K/home/mantus/kol_bot/ros2_orb_slam/ros2_orb_slam/src/rgbd-slam-node.cpp:1[m[K:
[3.873s] [01m[K/usr/local/include/eigen3/Eigen/src/Core/util/Constants.h:167:37:[m[K [01;36m[Knote: [m[Kdeclared here
[3.873s]   167 | EIGEN_DEPRECATED const unsigned int [01;36m[KAlignedBit[m[K = 0x80;
[3.873s]       |                                     [01;36m[K^~~~~~~~~~[m[K
[3.873s] In file included from [01m[K/home/mantus/kol_bot/ros2_orb_slam/ros2_orb_slam/ORB_SLAM3/Thirdparty/g2o/g2o/types/types_six_dof_expmap.h:38[m[K,
[3.873s]                  from [01m[K/home/mantus/kol_bot/ros2_orb_slam/ros2_orb_slam/ORB_SLAM3/include/Converter.h:26[m[K,
[3.873s]                  from [01m[K/home/mantus/kol_bot/ros2_orb_slam/ros2_orb_slam/ORB_SLAM3/include/Frame.h:33[m[K,
[3.873s]                  from [01m[K/home/mantus/kol_bot/ros2_orb_slam/ros2_orb_slam/ORB_SLAM3/include/KeyFrame.h:28[m[K,
[3.873s]                  from [01m[K/home/mantus/kol_bot/ros2_orb_slam/ros2_orb_slam/ORB_SLAM3/include/MapPoint.h:23[m[K,
[3.873s]                  from [01m[K/home/mantus/kol_bot/ros2_orb_slam/ros2_orb_slam/ORB_SLAM3/include/FrameDrawer.h:24[m[K,
[3.873s]                  from [01m[K/home/mantus/kol_bot/ros2_orb_slam/ros2_orb_slam/ORB_SLAM3/include/Viewer.h:23[m[K,
[3.874s]                  from [01m[K/home/mantus/kol_bot/ros2_orb_slam/ros2_orb_slam/ORB_SLAM3/include/Tracking.h:26[m[K,
[3.874s]                  from [01m[K/home/mantus/kol_bot/ros2_orb_slam/ros2_orb_slam/ORB_SLAM3/include/System.h:31[m[K,
[3.874s]                  from [01m[K/home/mantus/kol_bot/ros2_orb_slam/ros2_orb_slam/src/rgbd-slam-node.hpp:39[m[K,
[3.874s]                  from [01m[K/home/mantus/kol_bot/ros2_orb_slam/ros2_orb_slam/src/rgbd-slam-node.cpp:1[m[K:
[3.874s] [01m[K/home/mantus/kol_bot/ros2_orb_slam/ros2_orb_slam/ORB_SLAM3/Thirdparty/g2o/g2o/types/../core/base_binary_edge.h:60:80:[m[K [01;35m[Kwarning: [m[K‘[01m[KEigen::AlignedBit[m[K’ is deprecated [[01;35m[K-Wdeprecated-declarations[m[K]
[3.874s]    60 | n::Map<Matrix<double, Dj, Di>, Matrix<double, Dj, Di>::[01;35m[KFlags & AlignedBit[m[K ? Aligned : Unaligned > HessianBlockTransposedType;
[3.874s]       |                                                        [01;35m[K~~~~~~^~~~~~~~~~~~[m[K
[3.874s] 
[3.874s] In file included from [01m[K/usr/local/include/eigen3/Eigen/Core:161[m[K,
[3.874s]                  from [01m[K/usr/local/include/eigen3/Eigen/Dense:1[m[K,
[3.874s]                  from [01m[K/home/mantus/kol_bot/ros2_orb_slam/ros2_orb_slam/src/rgbd-slam-node.hpp:32[m[K,
[3.874s]                  from [01m[K/home/mantus/kol_bot/ros2_orb_slam/ros2_orb_slam/src/rgbd-slam-node.cpp:1[m[K:
[3.874s] [01m[K/usr/local/include/eigen3/Eigen/src/Core/util/Constants.h:167:37:[m[K [01;36m[Knote: [m[Kdeclared here
[3.874s]   167 | EIGEN_DEPRECATED const unsigned int [01;36m[KAlignedBit[m[K = 0x80;
[3.874s]       |                                     [01;36m[K^~~~~~~~~~[m[K
[3.951s] In file included from [01m[K/home/mantus/kol_bot/ros2_orb_slam/ros2_orb_slam/ORB_SLAM3/Thirdparty/g2o/g2o/types/types_six_dof_expmap.h:38[m[K,
[3.951s]                  from [01m[K/home/mantus/kol_bot/ros2_orb_slam/ros2_orb_slam/ORB_SLAM3/include/Converter.h:26[m[K,
[3.951s]                  from [01m[K/home/mantus/kol_bot/ros2_orb_slam/ros2_orb_slam/ORB_SLAM3/include/Frame.h:33[m[K,
[3.951s]                  from [01m[K/home/mantus/kol_bot/ros2_orb_slam/ros2_orb_slam/ORB_SLAM3/include/KeyFrame.h:28[m[K,
[3.951s]                  from [01m[K/home/mantus/kol_bot/ros2_orb_slam/ros2_orb_slam/ORB_SLAM3/include/MapPoint.h:23[m[K,
[3.951s]                  from [01m[K/home/mantus/kol_bot/ros2_orb_slam/ros2_orb_slam/ORB_SLAM3/include/FrameDrawer.h:24[m[K,
[3.951s]                  from [01m[K/home/mantus/kol_bot/ros2_orb_slam/ros2_orb_slam/ORB_SLAM3/include/Viewer.h:23[m[K,
[3.951s]                  from [01m[K/home/mantus/kol_bot/ros2_orb_slam/ros2_orb_slam/ORB_SLAM3/include/Tracking.h:26[m[K,
[3.951s]                  from [01m[K/home/mantus/kol_bot/ros2_orb_slam/ros2_orb_slam/ORB_SLAM3/include/System.h:31[m[K,
[3.951s]                  from [01m[K/home/mantus/kol_bot/ros2_orb_slam/ros2_orb_slam/src/rgbd-slam-node.hpp:39[m[K,
[3.951s]                  from [01m[K/home/mantus/kol_bot/ros2_orb_slam/ros2_orb_slam/src/rgbd-slam-node.cpp:1[m[K:
[3.951s] /home/mantus/kol_bot/ros2_orb_slam/ros2_orb_slam/ORB_SLAM3/Thirdparty/g2o/g2o/types/../core/base_binary_edge.h: In instantiation of ‘[01m[Kclass g2o::BaseBinaryEdge<2, Eigen::Matrix<double, 2, 1>, g2o::VertexSBAPointXYZ, g2o::VertexSE3Expmap>[m[K’:
[3.951s] [01m[K/home/mantus/kol_bot/ros2_orb_slam/ros2_orb_slam/ORB_SLAM3/Thirdparty/g2o/g2o/types/types_six_dof_expmap.h:114:35:[m[K   required from here
[3.951s] [01m[K/home/mantus/kol_bot/ros2_orb_slam/ros2_orb_slam/ORB_SLAM3/Thirdparty/g2o/g2o/types/../core/base_binary_edge.h:59:80:[m[K [01;35m[Kwarning: [m[K‘[01m[KEigen::AlignedBit[m[K’ is deprecated [[01;35m[K-Wdeprecated-declarations[m[K]
[3.951s]    59 | n::Map<Matrix<double, Di, Dj>, Matrix<double, Di, Dj>::[01;35m[KFlags & AlignedBit[m[K ? Aligned : Unaligned > HessianBlockType;
[3.951s]       |                                                        [01;35m[K~~~~~~^~~~~~~~~~~~[m[K
[3.951s] 
[3.952s] In file included from [01m[K/usr/local/include/eigen3/Eigen/Core:161[m[K,
[3.952s]                  from [01m[K/usr/local/include/eigen3/Eigen/Dense:1[m[K,
[3.952s]                  from [01m[K/home/mantus/kol_bot/ros2_orb_slam/ros2_orb_slam/src/rgbd-slam-node.hpp:32[m[K,
[3.952s]                  from [01m[K/home/mantus/kol_bot/ros2_orb_slam/ros2_orb_slam/src/rgbd-slam-node.cpp:1[m[K:
[3.952s] [01m[K/usr/local/include/eigen3/Eigen/src/Core/util/Constants.h:167:37:[m[K [01;36m[Knote: [m[Kdeclared here
[3.952s]   167 | EIGEN_DEPRECATED const unsigned int [01;36m[KAlignedBit[m[K = 0x80;
[3.952s]       |                                     [01;36m[K^~~~~~~~~~[m[K
[3.961s] In file included from [01m[K/home/mantus/kol_bot/ros2_orb_slam/ros2_orb_slam/ORB_SLAM3/Thirdparty/g2o/g2o/types/types_six_dof_expmap.h:38[m[K,
[3.961s]                  from [01m[K/home/mantus/kol_bot/ros2_orb_slam/ros2_orb_slam/ORB_SLAM3/include/Converter.h:26[m[K,
[3.961s]                  from [01m[K/home/mantus/kol_bot/ros2_orb_slam/ros2_orb_slam/ORB_SLAM3/include/Frame.h:33[m[K,
[3.961s]                  from [01m[K/home/mantus/kol_bot/ros2_orb_slam/ros2_orb_slam/ORB_SLAM3/include/KeyFrame.h:28[m[K,
[3.961s]                  from [01m[K/home/mantus/kol_bot/ros2_orb_slam/ros2_orb_slam/ORB_SLAM3/include/MapPoint.h:23[m[K,
[3.961s]                  from [01m[K/home/mantus/kol_bot/ros2_orb_slam/ros2_orb_slam/ORB_SLAM3/include/FrameDrawer.h:24[m[K,
[3.961s]                  from [01m[K/home/mantus/kol_bot/ros2_orb_slam/ros2_orb_slam/ORB_SLAM3/include/Viewer.h:23[m[K,
[3.961s]                  from [01m[K/home/mantus/kol_bot/ros2_orb_slam/ros2_orb_slam/ORB_SLAM3/include/Tracking.h:26[m[K,
[3.961s]                  from [01m[K/home/mantus/kol_bot/ros2_orb_slam/ros2_orb_slam/ORB_SLAM3/include/System.h:31[m[K,
[3.961s]                  from [01m[K/home/mantus/kol_bot/ros2_orb_slam/ros2_orb_slam/src/rgbd-slam-node.hpp:39[m[K,
[3.962s]                  from [01m[K/home/mantus/kol_bot/ros2_orb_slam/ros2_orb_slam/src/rgbd-slam-node.cpp:1[m[K:
[3.962s] [01m[K/home/mantus/kol_bot/ros2_orb_slam/ros2_orb_slam/ORB_SLAM3/Thirdparty/g2o/g2o/types/../core/base_binary_edge.h:60:80:[m[K [01;35m[Kwarning: [m[K‘[01m[KEigen::AlignedBit[m[K’ is deprecated [[01;35m[K-Wdeprecated-declarations[m[K]
[3.962s]    60 | n::Map<Matrix<double, Dj, Di>, Matrix<double, Dj, Di>::[01;35m[KFlags & AlignedBit[m[K ? Aligned : Unaligned > HessianBlockTransposedType;
[3.962s]       |                                                        [01;35m[K~~~~~~^~~~~~~~~~~~[m[K
[3.962s] 
[3.962s] In file included from [01m[K/usr/local/include/eigen3/Eigen/Core:161[m[K,
[3.962s]                  from [01m[K/usr/local/include/eigen3/Eigen/Dense:1[m[K,
[3.962s]                  from [01m[K/home/mantus/kol_bot/ros2_orb_slam/ros2_orb_slam/src/rgbd-slam-node.hpp:32[m[K,
[3.962s]                  from [01m[K/home/mantus/kol_bot/ros2_orb_slam/ros2_orb_slam/src/rgbd-slam-node.cpp:1[m[K:
[3.962s] [01m[K/usr/local/include/eigen3/Eigen/src/Core/util/Constants.h:167:37:[m[K [01;36m[Knote: [m[Kdeclared here
[3.962s]   167 | EIGEN_DEPRECATED const unsigned int [01;36m[KAlignedBit[m[K = 0x80;
[3.962s]       |                                     [01;36m[K^~~~~~~~~~[m[K
[4.006s] In file included from [01m[K/home/mantus/kol_bot/ros2_orb_slam/ros2_orb_slam/ORB_SLAM3/Thirdparty/g2o/g2o/types/types_six_dof_expmap.h:38[m[K,
[4.006s]                  from [01m[K/home/mantus/kol_bot/ros2_orb_slam/ros2_orb_slam/ORB_SLAM3/include/Converter.h:26[m[K,
[4.006s]                  from [01m[K/home/mantus/kol_bot/ros2_orb_slam/ros2_orb_slam/ORB_SLAM3/include/Frame.h:33[m[K,
[4.006s]                  from [01m[K/home/mantus/kol_bot/ros2_orb_slam/ros2_orb_slam/ORB_SLAM3/include/KeyFrame.h:28[m[K,
[4.006s]                  from [01m[K/home/mantus/kol_bot/ros2_orb_slam/ros2_orb_slam/ORB_SLAM3/include/MapPoint.h:23[m[K,
[4.006s]                  from [01m[K/home/mantus/kol_bot/ros2_orb_slam/ros2_orb_slam/ORB_SLAM3/include/FrameDrawer.h:24[m[K,
[4.006s]                  from [01m[K/home/mantus/kol_bot/ros2_orb_slam/ros2_orb_slam/ORB_SLAM3/include/Viewer.h:23[m[K,
[4.006s]                  from [01m[K/home/mantus/kol_bot/ros2_orb_slam/ros2_orb_slam/ORB_SLAM3/include/Tracking.h:26[m[K,
[4.006s]                  from [01m[K/home/mantus/kol_bot/ros2_orb_slam/ros2_orb_slam/ORB_SLAM3/include/System.h:31[m[K,
[4.006s]                  from [01m[K/home/mantus/kol_bot/ros2_orb_slam/ros2_orb_slam/src/rgbd-slam-node.hpp:39[m[K,
[4.006s]                  from [01m[K/home/mantus/kol_bot/ros2_orb_slam/ros2_orb_slam/src/rgbd-slam-node.cpp:1[m[K:
[4.006s] /home/mantus/kol_bot/ros2_orb_slam/ros2_orb_slam/ORB_SLAM3/Thirdparty/g2o/g2o/types/../core/base_binary_edge.h: In instantiation of ‘[01m[Kclass g2o::BaseBinaryEdge<3, Eigen::Matrix<double, 3, 1>, g2o::VertexSBAPointXYZ, g2o::VertexSE3Expmap>[m[K’:
[4.006s] [01m[K/home/mantus/kol_bot/ros2_orb_slam/ros2_orb_slam/ORB_SLAM3/Thirdparty/g2o/g2o/types/types_six_dof_expmap.h:146:41:[m[K   required from here
[4.007s] [01m[K/home/mantus/kol_bot/ros2_orb_slam/ros2_orb_slam/ORB_SLAM3/Thirdparty/g2o/g2o/types/../core/base_binary_edge.h:59:80:[m[K [01;35m[Kwarning: [m[K‘[01m[KEigen::AlignedBit[m[K’ is deprecated [[01;35m[K-Wdeprecated-declarations[m[K]
[4.007s]    59 | n::Map<Matrix<double, Di, Dj>, Matrix<double, Di, Dj>::[01;35m[KFlags & AlignedBit[m[K ? Aligned : Unaligned > HessianBlockType;
[4.007s]       |                                                        [01;35m[K~~~~~~^~~~~~~~~~~~[m[K
[4.007s] 
[4.007s] In file included from [01m[K/usr/local/include/eigen3/Eigen/Core:161[m[K,
[4.007s]                  from [01m[K/usr/local/include/eigen3/Eigen/Dense:1[m[K,
[4.007s]                  from [01m[K/home/mantus/kol_bot/ros2_orb_slam/ros2_orb_slam/src/rgbd-slam-node.hpp:32[m[K,
[4.007s]                  from [01m[K/home/mantus/kol_bot/ros2_orb_slam/ros2_orb_slam/src/rgbd-slam-node.cpp:1[m[K:
[4.007s] [01m[K/usr/local/include/eigen3/Eigen/src/Core/util/Constants.h:167:37:[m[K [01;36m[Knote: [m[Kdeclared here
[4.007s]   167 | EIGEN_DEPRECATED const unsigned int [01;36m[KAlignedBit[m[K = 0x80;
[4.007s]       |                                     [01;36m[K^~~~~~~~~~[m[K
[4.007s] In file included from [01m[K/home/mantus/kol_bot/ros2_orb_slam/ros2_orb_slam/ORB_SLAM3/Thirdparty/g2o/g2o/types/types_six_dof_expmap.h:38[m[K,
[4.007s]                  from [01m[K/home/mantus/kol_bot/ros2_orb_slam/ros2_orb_slam/ORB_SLAM3/include/Converter.h:26[m[K,
[4.007s]                  from [01m[K/home/mantus/kol_bot/ros2_orb_slam/ros2_orb_slam/ORB_SLAM3/include/Frame.h:33[m[K,
[4.007s]                  from [01m[K/home/mantus/kol_bot/ros2_orb_slam/ros2_orb_slam/ORB_SLAM3/include/KeyFrame.h:28[m[K,
[4.007s]                  from [01m[K/home/mantus/kol_bot/ros2_orb_slam/ros2_orb_slam/ORB_SLAM3/include/MapPoint.h:23[m[K,
[4.007s]                  from [01m[K/home/mantus/kol_bot/ros2_orb_slam/ros2_orb_slam/ORB_SLAM3/include/FrameDrawer.h:24[m[K,
[4.007s]                  from [01m[K/home/mantus/kol_bot/ros2_orb_slam/ros2_orb_slam/ORB_SLAM3/include/Viewer.h:23[m[K,
[4.007s]                  from [01m[K/home/mantus/kol_bot/ros2_orb_slam/ros2_orb_slam/ORB_SLAM3/include/Tracking.h:26[m[K,
[4.007s]                  from [01m[K/home/mantus/kol_bot/ros2_orb_slam/ros2_orb_slam/ORB_SLAM3/include/System.h:31[m[K,
[4.008s]                  from [01m[K/home/mantus/kol_bot/ros2_orb_slam/ros2_orb_slam/src/rgbd-slam-node.hpp:39[m[K,
[4.008s]                  from [01m[K/home/mantus/kol_bot/ros2_orb_slam/ros2_orb_slam/src/rgbd-slam-node.cpp:1[m[K:
[4.008s] [01m[K/home/mantus/kol_bot/ros2_orb_slam/ros2_orb_slam/ORB_SLAM3/Thirdparty/g2o/g2o/types/../core/base_binary_edge.h:60:80:[m[K [01;35m[Kwarning: [m[K‘[01m[KEigen::AlignedBit[m[K’ is deprecated [[01;35m[K-Wdeprecated-declarations[m[K]
[4.008s]    60 | n::Map<Matrix<double, Dj, Di>, Matrix<double, Dj, Di>::[01;35m[KFlags & AlignedBit[m[K ? Aligned : Unaligned > HessianBlockTransposedType;
[4.008s]       |                                                        [01;35m[K~~~~~~^~~~~~~~~~~~[m[K
[4.008s] 
[4.008s] In file included from [01m[K/usr/local/include/eigen3/Eigen/Core:161[m[K,
[4.008s]                  from [01m[K/usr/local/include/eigen3/Eigen/Dense:1[m[K,
[4.008s]                  from [01m[K/home/mantus/kol_bot/ros2_orb_slam/ros2_orb_slam/src/rgbd-slam-node.hpp:32[m[K,
[4.008s]                  from [01m[K/home/mantus/kol_bot/ros2_orb_slam/ros2_orb_slam/src/rgbd-slam-node.cpp:1[m[K:
[4.008s] [01m[K/usr/local/include/eigen3/Eigen/src/Core/util/Constants.h:167:37:[m[K [01;36m[Knote: [m[Kdeclared here
[4.008s]   167 | EIGEN_DEPRECATED const unsigned int [01;36m[KAlignedBit[m[K = 0x80;
[4.008s]       |                                     [01;36m[K^~~~~~~~~~[m[K
[4.170s] In file included from [01m[K/home/mantus/kol_bot/ros2_orb_slam/ros2_orb_slam/ORB_SLAM3/Thirdparty/g2o/g2o/types/types_six_dof_expmap.h:37[m[K,
[4.170s]                  from [01m[K/home/mantus/kol_bot/ros2_orb_slam/ros2_orb_slam/ORB_SLAM3/include/Converter.h:26[m[K,
[4.171s]                  from [01m[K/home/mantus/kol_bot/ros2_orb_slam/ros2_orb_slam/ORB_SLAM3/include/Frame.h:33[m[K,
[4.171s]                  from [01m[K/home/mantus/kol_bot/ros2_orb_slam/ros2_orb_slam/ORB_SLAM3/include/KeyFrame.h:28[m[K,
[4.171s]                  from [01m[K/home/mantus/kol_bot/ros2_orb_slam/ros2_orb_slam/ORB_SLAM3/include/MapPoint.h:23[m[K,
[4.171s]                  from [01m[K/home/mantus/kol_bot/ros2_orb_slam/ros2_orb_slam/ORB_SLAM3/include/FrameDrawer.h:24[m[K,
[4.171s]                  from [01m[K/home/mantus/kol_bot/ros2_orb_slam/ros2_orb_slam/ORB_SLAM3/include/Viewer.h:23[m[K,
[4.171s]                  from [01m[K/home/mantus/kol_bot/ros2_orb_slam/ros2_orb_slam/ORB_SLAM3/include/Tracking.h:26[m[K,
[4.171s]                  from [01m[K/home/mantus/kol_bot/ros2_orb_slam/ros2_orb_slam/ORB_SLAM3/include/System.h:31[m[K,
[4.171s]                  from [01m[K/home/mantus/kol_bot/ros2_orb_slam/ros2_orb_slam/src/rgbd-slam-node.hpp:39[m[K,
[4.171s]                  from [01m[K/home/mantus/kol_bot/ros2_orb_slam/ros2_orb_slam/src/rgbd-slam-node.cpp:1[m[K:
[4.171s] /home/mantus/kol_bot/ros2_orb_slam/ros2_orb_slam/ORB_SLAM3/Thirdparty/g2o/g2o/types/../core/base_vertex.h: In instantiation of ‘[01m[Kclass g2o::BaseVertex<7, g2o::Sim3>[m[K’:
[4.171s] [01m[K/home/mantus/kol_bot/ros2_orb_slam/ros2_orb_slam/ORB_SLAM3/Thirdparty/g2o/g2o/types/types_seven_dof_expmap.h:48:35:[m[K   required from here
[4.171s] [01m[K/home/mantus/kol_bot/ros2_orb_slam/ros2_orb_slam/ORB_SLAM3/Thirdparty/g2o/g2o/types/../core/base_vertex.h:62:72:[m[K [01;35m[Kwarning: [m[K‘[01m[KEigen::AlignedBit[m[K’ is deprecated [[01;35m[K-Wdeprecated-declarations[m[K]
[4.171s]    62 | f Eigen::Map<Matrix<double, D, D>, Matrix<double,D,D>::[01;35m[KFlags & AlignedBit[m[K ? Aligned : Unaligned >  HessianBlockType;
[4.171s]       |                                                        [01;35m[K~~~~~~^~~~~~~~~~~~[m[K
[4.171s] 
[4.171s] In file included from [01m[K/usr/local/include/eigen3/Eigen/Core:161[m[K,
[4.171s]                  from [01m[K/usr/local/include/eigen3/Eigen/Dense:1[m[K,
[4.171s]                  from [01m[K/home/mantus/kol_bot/ros2_orb_slam/ros2_orb_slam/src/rgbd-slam-node.hpp:32[m[K,
[4.171s]                  from [01m[K/home/mantus/kol_bot/ros2_orb_slam/ros2_orb_slam/src/rgbd-slam-node.cpp:1[m[K:
[4.172s] [01m[K/usr/local/include/eigen3/Eigen/src/Core/util/Constants.h:167:37:[m[K [01;36m[Knote: [m[Kdeclared here
[4.172s]   167 | EIGEN_DEPRECATED const unsigned int [01;36m[KAlignedBit[m[K = 0x80;
[4.172s]       |                                     [01;36m[K^~~~~~~~~~[m[K
[4.195s] In file included from [01m[K/home/mantus/kol_bot/ros2_orb_slam/ros2_orb_slam/ORB_SLAM3/Thirdparty/g2o/g2o/types/types_six_dof_expmap.h:38[m[K,
[4.195s]                  from [01m[K/home/mantus/kol_bot/ros2_orb_slam/ros2_orb_slam/ORB_SLAM3/include/Converter.h:26[m[K,
[4.195s]                  from [01m[K/home/mantus/kol_bot/ros2_orb_slam/ros2_orb_slam/ORB_SLAM3/include/Frame.h:33[m[K,
[4.195s]                  from [01m[K/home/mantus/kol_bot/ros2_orb_slam/ros2_orb_slam/ORB_SLAM3/include/KeyFrame.h:28[m[K,
[4.195s]                  from [01m[K/home/mantus/kol_bot/ros2_orb_slam/ros2_orb_slam/ORB_SLAM3/include/MapPoint.h:23[m[K,
[4.195s]                  from [01m[K/home/mantus/kol_bot/ros2_orb_slam/ros2_orb_slam/ORB_SLAM3/include/FrameDrawer.h:24[m[K,
[4.195s]                  from [01m[K/home/mantus/kol_bot/ros2_orb_slam/ros2_orb_slam/ORB_SLAM3/include/Viewer.h:23[m[K,
[4.196s]                  from [01m[K/home/mantus/kol_bot/ros2_orb_slam/ros2_orb_slam/ORB_SLAM3/include/Tracking.h:26[m[K,
[4.196s]                  from [01m[K/home/mantus/kol_bot/ros2_orb_slam/ros2_orb_slam/ORB_SLAM3/include/System.h:31[m[K,
[4.196s]                  from [01m[K/home/mantus/kol_bot/ros2_orb_slam/ros2_orb_slam/src/rgbd-slam-node.hpp:39[m[K,
[4.196s]                  from [01m[K/home/mantus/kol_bot/ros2_orb_slam/ros2_orb_slam/src/rgbd-slam-node.cpp:1[m[K:
[4.196s] /home/mantus/kol_bot/ros2_orb_slam/ros2_orb_slam/ORB_SLAM3/Thirdparty/g2o/g2o/types/../core/base_binary_edge.h: In instantiation of ‘[01m[Kclass g2o::BaseBinaryEdge<7, g2o::Sim3, g2o::VertexSim3Expmap, g2o::VertexSim3Expmap>[m[K’:
[4.196s] [01m[K/home/mantus/kol_bot/ros2_orb_slam/ros2_orb_slam/ORB_SLAM3/Thirdparty/g2o/g2o/types/types_seven_dof_expmap.h:99:27:[m[K   required from here
[4.196s] [01m[K/home/mantus/kol_bot/ros2_orb_slam/ros2_orb_slam/ORB_SLAM3/Thirdparty/g2o/g2o/types/../core/base_binary_edge.h:59:80:[m[K [01;35m[Kwarning: [m[K‘[01m[KEigen::AlignedBit[m[K’ is deprecated [[01;35m[K-Wdeprecated-declarations[m[K]
[4.196s]    59 | n::Map<Matrix<double, Di, Dj>, Matrix<double, Di, Dj>::[01;35m[KFlags & AlignedBit[m[K ? Aligned : Unaligned > HessianBlockType;
[4.196s]       |                                                        [01;35m[K~~~~~~^~~~~~~~~~~~[m[K
[4.196s] 
[4.196s] In file included from [01m[K/usr/local/include/eigen3/Eigen/Core:161[m[K,
[4.196s]                  from [01m[K/usr/local/include/eigen3/Eigen/Dense:1[m[K,
[4.196s]                  from [01m[K/home/mantus/kol_bot/ros2_orb_slam/ros2_orb_slam/src/rgbd-slam-node.hpp:32[m[K,
[4.196s]                  from [01m[K/home/mantus/kol_bot/ros2_orb_slam/ros2_orb_slam/src/rgbd-slam-node.cpp:1[m[K:
[4.196s] [01m[K/usr/local/include/eigen3/Eigen/src/Core/util/Constants.h:167:37:[m[K [01;36m[Knote: [m[Kdeclared here
[4.196s]   167 | EIGEN_DEPRECATED const unsigned int [01;36m[KAlignedBit[m[K = 0x80;
[4.196s]       |                                     [01;36m[K^~~~~~~~~~[m[K
[4.196s] In file included from [01m[K/home/mantus/kol_bot/ros2_orb_slam/ros2_orb_slam/ORB_SLAM3/Thirdparty/g2o/g2o/types/types_six_dof_expmap.h:38[m[K,
[4.196s]                  from [01m[K/home/mantus/kol_bot/ros2_orb_slam/ros2_orb_slam/ORB_SLAM3/include/Converter.h:26[m[K,
[4.197s]                  from [01m[K/home/mantus/kol_bot/ros2_orb_slam/ros2_orb_slam/ORB_SLAM3/include/Frame.h:33[m[K,
[4.197s]                  from [01m[K/home/mantus/kol_bot/ros2_orb_slam/ros2_orb_slam/ORB_SLAM3/include/KeyFrame.h:28[m[K,
[4.197s]                  from [01m[K/home/mantus/kol_bot/ros2_orb_slam/ros2_orb_slam/ORB_SLAM3/include/MapPoint.h:23[m[K,
[4.197s]                  from [01m[K/home/mantus/kol_bot/ros2_orb_slam/ros2_orb_slam/ORB_SLAM3/include/FrameDrawer.h:24[m[K,
[4.197s]                  from [01m[K/home/mantus/kol_bot/ros2_orb_slam/ros2_orb_slam/ORB_SLAM3/include/Viewer.h:23[m[K,
[4.197s]                  from [01m[K/home/mantus/kol_bot/ros2_orb_slam/ros2_orb_slam/ORB_SLAM3/include/Tracking.h:26[m[K,
[4.197s]                  from [01m[K/home/mantus/kol_bot/ros2_orb_slam/ros2_orb_slam/ORB_SLAM3/include/System.h:31[m[K,
[4.197s]                  from [01m[K/home/mantus/kol_bot/ros2_orb_slam/ros2_orb_slam/src/rgbd-slam-node.hpp:39[m[K,
[4.197s]                  from [01m[K/home/mantus/kol_bot/ros2_orb_slam/ros2_orb_slam/src/rgbd-slam-node.cpp:1[m[K:
[4.197s] [01m[K/home/mantus/kol_bot/ros2_orb_slam/ros2_orb_slam/ORB_SLAM3/Thirdparty/g2o/g2o/types/../core/base_binary_edge.h:60:80:[m[K [01;35m[Kwarning: [m[K‘[01m[KEigen::AlignedBit[m[K’ is deprecated [[01;35m[K-Wdeprecated-declarations[m[K]
[4.197s]    60 | n::Map<Matrix<double, Dj, Di>, Matrix<double, Dj, Di>::[01;35m[KFlags & AlignedBit[m[K ? Aligned : Unaligned > HessianBlockTransposedType;
[4.197s]       |                                                        [01;35m[K~~~~~~^~~~~~~~~~~~[m[K
[4.197s] 
[4.197s] In file included from [01m[K/usr/local/include/eigen3/Eigen/Core:161[m[K,
[4.197s]                  from [01m[K/usr/local/include/eigen3/Eigen/Dense:1[m[K,
[4.197s]                  from [01m[K/home/mantus/kol_bot/ros2_orb_slam/ros2_orb_slam/src/rgbd-slam-node.hpp:32[m[K,
[4.197s]                  from [01m[K/home/mantus/kol_bot/ros2_orb_slam/ros2_orb_slam/src/rgbd-slam-node.cpp:1[m[K:
[4.197s] [01m[K/usr/local/include/eigen3/Eigen/src/Core/util/Constants.h:167:37:[m[K [01;36m[Knote: [m[Kdeclared here
[4.197s]   167 | EIGEN_DEPRECATED const unsigned int [01;36m[KAlignedBit[m[K = 0x80;
[4.198s]       |                                     [01;36m[K^~~~~~~~~~[m[K
[4.229s] In file included from [01m[K/home/mantus/kol_bot/ros2_orb_slam/ros2_orb_slam/ORB_SLAM3/Thirdparty/g2o/g2o/types/types_six_dof_expmap.h:38[m[K,
[4.230s]                  from [01m[K/home/mantus/kol_bot/ros2_orb_slam/ros2_orb_slam/ORB_SLAM3/include/Converter.h:26[m[K,
[4.230s]                  from [01m[K/home/mantus/kol_bot/ros2_orb_slam/ros2_orb_slam/ORB_SLAM3/include/Frame.h:33[m[K,
[4.230s]                  from [01m[K/home/mantus/kol_bot/ros2_orb_slam/ros2_orb_slam/ORB_SLAM3/include/KeyFrame.h:28[m[K,
[4.230s]                  from [01m[K/home/mantus/kol_bot/ros2_orb_slam/ros2_orb_slam/ORB_SLAM3/include/MapPoint.h:23[m[K,
[4.230s]                  from [01m[K/home/mantus/kol_bot/ros2_orb_slam/ros2_orb_slam/ORB_SLAM3/include/FrameDrawer.h:24[m[K,
[4.230s]                  from [01m[K/home/mantus/kol_bot/ros2_orb_slam/ros2_orb_slam/ORB_SLAM3/include/Viewer.h:23[m[K,
[4.230s]                  from [01m[K/home/mantus/kol_bot/ros2_orb_slam/ros2_orb_slam/ORB_SLAM3/include/Tracking.h:26[m[K,
[4.230s]                  from [01m[K/home/mantus/kol_bot/ros2_orb_slam/ros2_orb_slam/ORB_SLAM3/include/System.h:31[m[K,
[4.230s]                  from [01m[K/home/mantus/kol_bot/ros2_orb_slam/ros2_orb_slam/src/rgbd-slam-node.hpp:39[m[K,
[4.230s]                  from [01m[K/home/mantus/kol_bot/ros2_orb_slam/ros2_orb_slam/src/rgbd-slam-node.cpp:1[m[K:
[4.230s] /home/mantus/kol_bot/ros2_orb_slam/ros2_orb_slam/ORB_SLAM3/Thirdparty/g2o/g2o/types/../core/base_binary_edge.h: In instantiation of ‘[01m[Kclass g2o::BaseBinaryEdge<2, Eigen::Matrix<double, 2, 1>, g2o::VertexSBAPointXYZ, g2o::VertexSim3Expmap>[m[K’:
[4.230s] [01m[K/home/mantus/kol_bot/ros2_orb_slam/ros2_orb_slam/ORB_SLAM3/Thirdparty/g2o/g2o/types/types_seven_dof_expmap.h:130:36:[m[K   required from here
[4.230s] [01m[K/home/mantus/kol_bot/ros2_orb_slam/ros2_orb_slam/ORB_SLAM3/Thirdparty/g2o/g2o/types/../core/base_binary_edge.h:59:80:[m[K [01;35m[Kwarning: [m[K‘[01m[KEigen::AlignedBit[m[K’ is deprecated [[01;35m[K-Wdeprecated-declarations[m[K]
[4.230s]    59 | n::Map<Matrix<double, Di, Dj>, Matrix<double, Di, Dj>::[01;35m[KFlags & AlignedBit[m[K ? Aligned : Unaligned > HessianBlockType;
[4.230s]       |                                                        [01;35m[K~~~~~~^~~~~~~~~~~~[m[K
[4.231s] 
[4.231s] In file included from [01m[K/usr/local/include/eigen3/Eigen/Core:161[m[K,
[4.231s]                  from [01m[K/usr/local/include/eigen3/Eigen/Dense:1[m[K,
[4.231s]                  from [01m[K/home/mantus/kol_bot/ros2_orb_slam/ros2_orb_slam/src/rgbd-slam-node.hpp:32[m[K,
[4.231s]                  from [01m[K/home/mantus/kol_bot/ros2_orb_slam/ros2_orb_slam/src/rgbd-slam-node.cpp:1[m[K:
[4.231s] [01m[K/usr/local/include/eigen3/Eigen/src/Core/util/Constants.h:167:37:[m[K [01;36m[Knote: [m[Kdeclared here
[4.231s]   167 | EIGEN_DEPRECATED const unsigned int [01;36m[KAlignedBit[m[K = 0x80;
[4.231s]       |                                     [01;36m[K^~~~~~~~~~[m[K
[4.242s] In file included from [01m[K/home/mantus/kol_bot/ros2_orb_slam/ros2_orb_slam/ORB_SLAM3/Thirdparty/g2o/g2o/types/types_six_dof_expmap.h:38[m[K,
[4.242s]                  from [01m[K/home/mantus/kol_bot/ros2_orb_slam/ros2_orb_slam/ORB_SLAM3/include/Converter.h:26[m[K,
[4.242s]                  from [01m[K/home/mantus/kol_bot/ros2_orb_slam/ros2_orb_slam/ORB_SLAM3/include/Frame.h:33[m[K,
[4.242s]                  from [01m[K/home/mantus/kol_bot/ros2_orb_slam/ros2_orb_slam/ORB_SLAM3/include/KeyFrame.h:28[m[K,
[4.242s]                  from [01m[K/home/mantus/kol_bot/ros2_orb_slam/ros2_orb_slam/ORB_SLAM3/include/MapPoint.h:23[m[K,
[4.242s]                  from [01m[K/home/mantus/kol_bot/ros2_orb_slam/ros2_orb_slam/ORB_SLAM3/include/FrameDrawer.h:24[m[K,
[4.242s]                  from [01m[K/home/mantus/kol_bot/ros2_orb_slam/ros2_orb_slam/ORB_SLAM3/include/Viewer.h:23[m[K,
[4.242s]                  from [01m[K/home/mantus/kol_bot/ros2_orb_slam/ros2_orb_slam/ORB_SLAM3/include/Tracking.h:26[m[K,
[4.243s]                  from [01m[K/home/mantus/kol_bot/ros2_orb_slam/ros2_orb_slam/ORB_SLAM3/include/System.h:31[m[K,
[4.243s]                  from [01m[K/home/mantus/kol_bot/ros2_orb_slam/ros2_orb_slam/src/rgbd-slam-node.hpp:39[m[K,
[4.243s]                  from [01m[K/home/mantus/kol_bot/ros2_orb_slam/ros2_orb_slam/src/rgbd-slam-node.cpp:1[m[K:
[4.243s] [01m[K/home/mantus/kol_bot/ros2_orb_slam/ros2_orb_slam/ORB_SLAM3/Thirdparty/g2o/g2o/types/../core/base_binary_edge.h:60:80:[m[K [01;35m[Kwarning: [m[K‘[01m[KEigen::AlignedBit[m[K’ is deprecated [[01;35m[K-Wdeprecated-declarations[m[K]
[4.243s]    60 | n::Map<Matrix<double, Dj, Di>, Matrix<double, Dj, Di>::[01;35m[KFlags & AlignedBit[m[K ? Aligned : Unaligned > HessianBlockTransposedType;
[4.243s]       |                                                        [01;35m[K~~~~~~^~~~~~~~~~~~[m[K
[4.243s] 
[4.243s] In file included from [01m[K/usr/local/include/eigen3/Eigen/Core:161[m[K,
[4.243s]                  from [01m[K/usr/local/include/eigen3/Eigen/Dense:1[m[K,
[4.243s]                  from [01m[K/home/mantus/kol_bot/ros2_orb_slam/ros2_orb_slam/src/rgbd-slam-node.hpp:32[m[K,
[4.243s]                  from [01m[K/home/mantus/kol_bot/ros2_orb_slam/ros2_orb_slam/src/rgbd-slam-node.cpp:1[m[K:
[4.243s] [01m[K/usr/local/include/eigen3/Eigen/src/Core/util/Constants.h:167:37:[m[K [01;36m[Knote: [m[Kdeclared here
[4.243s]   167 | EIGEN_DEPRECATED const unsigned int [01;36m[KAlignedBit[m[K = 0x80;
[4.243s]       |                                     [01;36m[K^~~~~~~~~~[m[K
[4.297s] In file included from [01m[K/home/mantus/kol_bot/ros2_orb_slam/ros2_orb_slam/ORB_SLAM3/include/Frame.h:34[m[K,
[4.297s]                  from [01m[K/home/mantus/kol_bot/ros2_orb_slam/ros2_orb_slam/ORB_SLAM3/include/KeyFrame.h:28[m[K,
[4.297s]                  from [01m[K/home/mantus/kol_bot/ros2_orb_slam/ros2_orb_slam/ORB_SLAM3/include/MapPoint.h:23[m[K,
[4.297s]                  from [01m[K/home/mantus/kol_bot/ros2_orb_slam/ros2_orb_slam/ORB_SLAM3/include/FrameDrawer.h:24[m[K,
[4.297s]                  from [01m[K/home/mantus/kol_bot/ros2_orb_slam/ros2_orb_slam/ORB_SLAM3/include/Viewer.h:23[m[K,
[4.297s]                  from [01m[K/home/mantus/kol_bot/ros2_orb_slam/ros2_orb_slam/ORB_SLAM3/include/Tracking.h:26[m[K,
[4.297s]                  from [01m[K/home/mantus/kol_bot/ros2_orb_slam/ros2_orb_slam/ORB_SLAM3/include/System.h:31[m[K,
[4.297s]                  from [01m[K/home/mantus/kol_bot/ros2_orb_slam/ros2_orb_slam/src/rgbd-slam-node.hpp:39[m[K,
[4.297s]                  from [01m[K/home/mantus/kol_bot/ros2_orb_slam/ros2_orb_slam/src/rgbd-slam-node.cpp:1[m[K:
[4.297s] [01m[K/home/mantus/kol_bot/ros2_orb_slam/ros2_orb_slam/ORB_SLAM3/include/Settings.h:232:2:[m[K [01;35m[Kwarning: [m[Kextra ‘[01m[K;[m[K’ [[01;35m[K-Wpedantic[m[K]
[4.297s]   232 | }[01;35m[K;[m[K
[4.297s]       |  [01;35m[K^[m[K
[4.749s] In file included from [01m[K/home/mantus/kol_bot/ros2_orb_slam/ros2_orb_slam/ORB_SLAM3/include/Atlas.h:26[m[K,
[4.749s]                  from [01m[K/home/mantus/kol_bot/ros2_orb_slam/ros2_orb_slam/ORB_SLAM3/include/FrameDrawer.h:25[m[K,
[4.749s]                  from [01m[K/home/mantus/kol_bot/ros2_orb_slam/ros2_orb_slam/ORB_SLAM3/include/Viewer.h:23[m[K,
[4.749s]                  from [01m[K/home/mantus/kol_bot/ros2_orb_slam/ros2_orb_slam/ORB_SLAM3/include/Tracking.h:26[m[K,
[4.749s]                  from [01m[K/home/mantus/kol_bot/ros2_orb_slam/ros2_orb_slam/ORB_SLAM3/include/System.h:31[m[K,
[4.749s]                  from [01m[K/home/mantus/kol_bot/ros2_orb_slam/ros2_orb_slam/src/rgbd-slam-node.hpp:39[m[K,
[4.749s]                  from [01m[K/home/mantus/kol_bot/ros2_orb_slam/ros2_orb_slam/src/rgbd-slam-node.cpp:1[m[K:
[4.749s] [01m[K/home/mantus/kol_bot/ros2_orb_slam/ros2_orb_slam/ORB_SLAM3/include/CameraModels/Pinhole.h:[m[K In member function ‘[01m[Kvirtual bool ORB_SLAM3::Pinhole::matchAndtriangulate(const cv::KeyPoint&, const cv::KeyPoint&, ORB_SLAM3::GeometricCamera*, Sophus::SE3f&, Sophus::SE3f&, float, float, Eigen::Vector3f&)[m[K’:
[4.749s] [01m[K/home/mantus/kol_bot/ros2_orb_slam/ros2_orb_slam/ORB_SLAM3/include/CameraModels/Pinhole.h:83:54:[m[K [01;35m[Kwarning: [m[Kunused parameter ‘[01m[Kkp1[m[K’ [[01;35m[K-Wunused-parameter[m[K]
[4.750s]    83 |         bool matchAndtriangulate([01;35m[Kconst cv::KeyPoint& kp1[m[K, const cv::KeyPoint& kp2, GeometricCamera* pOther,
[4.750s]       |                                  [01;35m[K~~~~~~~~~~~~~~~~~~~~^~~[m[K
[4.750s] [01m[K/home/mantus/kol_bot/ros2_orb_slam/ros2_orb_slam/ORB_SLAM3/include/CameraModels/Pinhole.h:83:79:[m[K [01;35m[Kwarning: [m[Kunused parameter ‘[01m[Kkp2[m[K’ [[01;35m[K-Wunused-parameter[m[K]
[4.750s]    83 | hAndtriangulate(const cv::KeyPoint& kp1, [01;35m[Kconst cv::KeyPoint& kp2[m[K, GeometricCamera* pOther,
[4.750s]       |                                          [01;35m[K~~~~~~~~~~~~~~~~~~~~^~~[m[K
[4.750s] 
[4.750s] [01m[K/home/mantus/kol_bot/ros2_orb_slam/ros2_orb_slam/ORB_SLAM3/include/CameraModels/Pinhole.h:83:101:[m[K [01;35m[Kwarning: [m[Kunused parameter ‘[01m[KpOther[m[K’ [[01;35m[K-Wunused-parameter[m[K]
[4.750s]    83 | cv::KeyPoint& kp1, const cv::KeyPoint& kp2, [01;35m[KGeometricCamera* pOther[m[K,
[4.750s]       |                                             [01;35m[K~~~~~~~~~~~~~~~~~^~~~~~[m[K
[4.750s] 
[4.750s] [01m[K/home/mantus/kol_bot/ros2_orb_slam/ros2_orb_slam/ORB_SLAM3/include/CameraModels/Pinhole.h:84:48:[m[K [01;35m[Kwarning: [m[Kunused parameter ‘[01m[KTcw1[m[K’ [[01;35m[K-Wunused-parameter[m[K]
[4.750s]    84 |                                  [01;35m[KSophus::SE3f& Tcw1[m[K, Sophus::SE3f& Tcw2,
[4.750s]       |                                  [01;35m[K~~~~~~~~~~~~~~^~~~[m[K
[4.750s] [01m[K/home/mantus/kol_bot/ros2_orb_slam/ros2_orb_slam/ORB_SLAM3/include/CameraModels/Pinhole.h:84:68:[m[K [01;35m[Kwarning: [m[Kunused parameter ‘[01m[KTcw2[m[K’ [[01;35m[K-Wunused-parameter[m[K]
[4.750s]    84 |                                  Sophus::SE3f& Tcw1, [01;35m[KSophus::SE3f& Tcw2[m[K,
[4.750s]       |                                                      [01;35m[K~~~~~~~~~~~~~~^~~~[m[K
[4.750s] [01m[K/home/mantus/kol_bot/ros2_orb_slam/ros2_orb_slam/ORB_SLAM3/include/CameraModels/Pinhole.h:85:46:[m[K [01;35m[Kwarning: [m[Kunused parameter ‘[01m[KsigmaLevel1[m[K’ [[01;35m[K-Wunused-parameter[m[K]
[4.750s]    85 |                                  [01;35m[Kconst float sigmaLevel1[m[K, const float sigmaLevel2,
[4.750s]       |                                  [01;35m[K~~~~~~~~~~~~^~~~~~~~~~~[m[K
[4.751s] [01m[K/home/mantus/kol_bot/ros2_orb_slam/ros2_orb_slam/ORB_SLAM3/include/CameraModels/Pinhole.h:85:71:[m[K [01;35m[Kwarning: [m[Kunused parameter ‘[01m[KsigmaLevel2[m[K’ [[01;35m[K-Wunused-parameter[m[K]
[4.751s]    85 |                               const float sigmaLevel1, [01;35m[Kconst float sigmaLevel2[m[K,
[4.751s]       |                                                        [01;35m[K~~~~~~~~~~~~^~~~~~~~~~~[m[K
[4.751s] 
[4.751s] [01m[K/home/mantus/kol_bot/ros2_orb_slam/ros2_orb_slam/ORB_SLAM3/include/CameraModels/Pinhole.h:86:51:[m[K [01;35m[Kwarning: [m[Kunused parameter ‘[01m[Kx3Dtriangulated[m[K’ [[01;35m[K-Wunused-parameter[m[K]
[4.751s]    86 |                                  [01;35m[KEigen::Vector3f& x3Dtriangulated[m[K) { return false;}
[4.751s]       |                                  [01;35m[K~~~~~~~~~~~~~~~~~^~~~~~~~~~~~~~~[m[K
[4.751s] In file included from [01m[K/home/mantus/kol_bot/ros2_orb_slam/ros2_orb_slam/ORB_SLAM3/include/Atlas.h:27[m[K,
[4.751s]                  from [01m[K/home/mantus/kol_bot/ros2_orb_slam/ros2_orb_slam/ORB_SLAM3/include/FrameDrawer.h:25[m[K,
[4.751s]                  from [01m[K/home/mantus/kol_bot/ros2_orb_slam/ros2_orb_slam/ORB_SLAM3/include/Viewer.h:23[m[K,
[4.751s]                  from [01m[K/home/mantus/kol_bot/ros2_orb_slam/ros2_orb_slam/ORB_SLAM3/include/Tracking.h:26[m[K,
[4.751s]                  from [01m[K/home/mantus/kol_bot/ros2_orb_slam/ros2_orb_slam/ORB_SLAM3/include/System.h:31[m[K,
[4.751s]                  from [01m[K/home/mantus/kol_bot/ros2_orb_slam/ros2_orb_slam/src/rgbd-slam-node.hpp:39[m[K,
[4.751s]                  from [01m[K/home/mantus/kol_bot/ros2_orb_slam/ros2_orb_slam/src/rgbd-slam-node.cpp:1[m[K:
[4.751s] [01m[K/home/mantus/kol_bot/ros2_orb_slam/ros2_orb_slam/ORB_SLAM3/include/CameraModels/KannalaBrandt8.h:[m[K In constructor ‘[01m[KORB_SLAM3::KannalaBrandt8::KannalaBrandt8(std::vector<float>)[m[K’:
[4.751s] [01m[K/home/mantus/kol_bot/ros2_orb_slam/ros2_orb_slam/ORB_SLAM3/include/CameraModels/KannalaBrandt8.h:102:21:[m[K [01;35m[Kwarning: [m[K‘[01m[KORB_SLAM3::KannalaBrandt8::precision[m[K’ will be initialized after [[01;35m[K-Wreorder[m[K]
[4.751s]   102 |         const float [01;35m[Kprecision[m[K;
[4.751s]       |                     [01;35m[K^~~~~~~~~[m[K
[4.751s] [01m[K/home/mantus/kol_bot/ros2_orb_slam/ros2_orb_slam/ORB_SLAM3/include/CameraModels/KannalaBrandt8.h:88:26:[m[K [01;35m[Kwarning: [m[K  ‘[01m[Kstd::vector<int> ORB_SLAM3::KannalaBrandt8::mvLappingArea[m[K’ [[01;35m[K-Wreorder[m[K]
[4.752s]    88 |         std::vector<int> [01;35m[KmvLappingArea[m[K;
[4.752s]       |                          [01;35m[K^~~~~~~~~~~~~[m[K
[4.752s] In file included from [01m[K/home/mantus/kol_bot/ros2_orb_slam/ros2_orb_slam/ORB_SLAM3/include/Atlas.h:27[m[K,
[4.752s]                  from [01m[K/home/mantus/kol_bot/ros2_orb_slam/ros2_orb_slam/ORB_SLAM3/include/FrameDrawer.h:25[m[K,
[4.752s]                  from [01m[K/home/mantus/kol_bot/ros2_orb_slam/ros2_orb_slam/ORB_SLAM3/include/Viewer.h:23[m[K,
[4.752s]                  from [01m[K/home/mantus/kol_bot/ros2_orb_slam/ros2_orb_slam/ORB_SLAM3/include/Tracking.h:26[m[K,
[4.752s]                  from [01m[K/home/mantus/kol_bot/ros2_orb_slam/ros2_orb_slam/ORB_SLAM3/include/System.h:31[m[K,
[4.752s]                  from [01m[K/home/mantus/kol_bot/ros2_orb_slam/ros2_orb_slam/src/rgbd-slam-node.hpp:39[m[K,
[4.752s]                  from [01m[K/home/mantus/kol_bot/ros2_orb_slam/ros2_orb_slam/src/rgbd-slam-node.cpp:1[m[K:
[4.752s] [01m[K/home/mantus/kol_bot/ros2_orb_slam/ros2_orb_slam/ORB_SLAM3/include/CameraModels/KannalaBrandt8.h:47:9:[m[K [01;35m[Kwarning: [m[K  when initialized here [[01;35m[K-Wreorder[m[K]
[4.752s]    47 |         [01;35m[KKannalaBrandt8[m[K(const std::vector<float> _vParameters) : GeometricCamera(_vParameters), precision(1e-6), mvLappingArea(2,0) ,tvr(nullptr) {
[4.752s]       |         [01;35m[K^~~~~~~~~~~~~~[m[K
[4.752s] In file included from [01m[K/home/mantus/kol_bot/ros2_orb_slam/ros2_orb_slam/ORB_SLAM3/include/Atlas.h:27[m[K,
[4.752s]                  from [01m[K/home/mantus/kol_bot/ros2_orb_slam/ros2_orb_slam/ORB_SLAM3/include/FrameDrawer.h:25[m[K,
[4.752s]                  from [01m[K/home/mantus/kol_bot/ros2_orb_slam/ros2_orb_slam/ORB_SLAM3/include/Viewer.h:23[m[K,
[4.752s]                  from [01m[K/home/mantus/kol_bot/ros2_orb_slam/ros2_orb_slam/ORB_SLAM3/include/Tracking.h:26[m[K,
[4.752s]                  from [01m[K/home/mantus/kol_bot/ros2_orb_slam/ros2_orb_slam/ORB_SLAM3/include/System.h:31[m[K,
[4.752s]                  from [01m[K/home/mantus/kol_bot/ros2_orb_slam/ros2_orb_slam/src/rgbd-slam-node.hpp:39[m[K,
[4.752s]                  from [01m[K/home/mantus/kol_bot/ros2_orb_slam/ros2_orb_slam/src/rgbd-slam-node.cpp:1[m[K:
[4.752s] [01m[K/home/mantus/kol_bot/ros2_orb_slam/ros2_orb_slam/ORB_SLAM3/include/CameraModels/KannalaBrandt8.h:[m[K In constructor ‘[01m[KORB_SLAM3::KannalaBrandt8::KannalaBrandt8(std::vector<float>, float)[m[K’:
[4.753s] [01m[K/home/mantus/kol_bot/ros2_orb_slam/ros2_orb_slam/ORB_SLAM3/include/CameraModels/KannalaBrandt8.h:102:21:[m[K [01;35m[Kwarning: [m[K‘[01m[KORB_SLAM3::KannalaBrandt8::precision[m[K’ will be initialized after [[01;35m[K-Wreorder[m[K]
[4.753s]   102 |         const float [01;35m[Kprecision[m[K;
[4.753s]       |                     [01;35m[K^~~~~~~~~[m[K
[4.753s] [01m[K/home/mantus/kol_bot/ros2_orb_slam/ros2_orb_slam/ORB_SLAM3/include/CameraModels/KannalaBrandt8.h:88:26:[m[K [01;35m[Kwarning: [m[K  ‘[01m[Kstd::vector<int> ORB_SLAM3::KannalaBrandt8::mvLappingArea[m[K’ [[01;35m[K-Wreorder[m[K]
[4.753s]    88 |         std::vector<int> [01;35m[KmvLappingArea[m[K;
[4.753s]       |                          [01;35m[K^~~~~~~~~~~~~[m[K
[4.753s] [01m[K/home/mantus/kol_bot/ros2_orb_slam/ros2_orb_slam/ORB_SLAM3/include/CameraModels/KannalaBrandt8.h:53:9:[m[K [01;35m[Kwarning: [m[K  when initialized here [[01;35m[K-Wreorder[m[K]
[4.753s]    53 |         [01;35m[KKannalaBrandt8[m[K(const std::vector<float> _vParameters, const float _precision) : GeometricCamera(_vParameters),
[4.753s]       |         [01;35m[K^~~~~~~~~~~~~~[m[K
[4.753s] [01m[K/home/mantus/kol_bot/ros2_orb_slam/ros2_orb_slam/ORB_SLAM3/include/CameraModels/KannalaBrandt8.h:[m[K In constructor ‘[01m[KORB_SLAM3::KannalaBrandt8::KannalaBrandt8(ORB_SLAM3::KannalaBrandt8*)[m[K’:
[4.753s] [01m[K/home/mantus/kol_bot/ros2_orb_slam/ros2_orb_slam/ORB_SLAM3/include/CameraModels/KannalaBrandt8.h:102:21:[m[K [01;35m[Kwarning: [m[K‘[01m[KORB_SLAM3::KannalaBrandt8::precision[m[K’ will be initialized after [[01;35m[K-Wreorder[m[K]
[4.753s]   102 |         const float [01;35m[Kprecision[m[K;
[4.753s]       |                     [01;35m[K^~~~~~~~~[m[K
[4.753s] [01m[K/home/mantus/kol_bot/ros2_orb_slam/ros2_orb_slam/ORB_SLAM3/include/CameraModels/KannalaBrandt8.h:88:26:[m[K [01;35m[Kwarning: [m[K  ‘[01m[Kstd::vector<int> ORB_SLAM3::KannalaBrandt8::mvLappingArea[m[K’ [[01;35m[K-Wreorder[m[K]
[4.753s]    88 |         std::vector<int> [01;35m[KmvLappingArea[m[K;
[4.753s]       |                          [01;35m[K^~~~~~~~~~~~~[m[K
[4.753s] [01m[K/home/mantus/kol_bot/ros2_orb_slam/ros2_orb_slam/ORB_SLAM3/include/CameraModels/KannalaBrandt8.h:59:9:[m[K [01;35m[Kwarning: [m[K  when initialized here [[01;35m[K-Wreorder[m[K]
[4.753s]    59 |         [01;35m[KKannalaBrandt8[m[K(KannalaBrandt8* pKannala) : GeometricCamera(pKannala->mvParameters), precision(pKannala->precision), mvLappingArea(2,0) ,tvr(nullptr) {
[4.753s]       |         [01;35m[K^~~~~~~~~~~~~~[m[K
[4.883s] [01m[K/home/mantus/kol_bot/ros2_orb_slam/ros2_orb_slam/src/rgbd-slam-node.cpp:[m[K In function ‘[01m[Ksensor_msgs::msg::PointCloud2 tracked_mappoints_to_pointcloud(std::vector<ORB_SLAM3::MapPoint*>, rclcpp::Time)[m[K’:
[4.883s] [01m[K/home/mantus/kol_bot/ros2_orb_slam/ros2_orb_slam/src/rgbd-slam-node.cpp:96:40:[m[K [01;35m[Kwarning: [m[Knarrowing conversion of ‘[01m[K(tf2Scalar)point_translation.tf2::Vector3::x()[m[K’ from ‘[01m[Ktf2Scalar[m[K’ {aka ‘[01m[Kdouble[m[K’} to ‘[01m[Kfloat[m[K’ [[01;35m[K-Wnarrowing[m[K]
[4.883s]    96 |                     [01;35m[Kpoint_translation.x()[m[K, point_translation.y(), point_translation.z()};
[4.883s]       |                     [01;35m[K~~~~~~~~~~~~~~~~~~~^~[m[K
[4.884s] [01m[K/home/mantus/kol_bot/ros2_orb_slam/ros2_orb_slam/src/rgbd-slam-node.cpp:96:63:[m[K [01;35m[Kwarning: [m[Knarrowing conversion of ‘[01m[K(tf2Scalar)point_translation.tf2::Vector3::y()[m[K’ from ‘[01m[Ktf2Scalar[m[K’ {aka ‘[01m[Kdouble[m[K’} to ‘[01m[Kfloat[m[K’ [[01;35m[K-Wnarrowing[m[K]
[4.884s]    96 |                    point_translation.x(), [01;35m[Kpoint_translation.y()[m[K, point_translation.z()};
[4.884s]       |                                           [01;35m[K~~~~~~~~~~~~~~~~~~~^~[m[K
[4.884s] 
[4.884s] [01m[K/home/mantus/kol_bot/ros2_orb_slam/ros2_orb_slam/src/rgbd-slam-node.cpp:96:86:[m[K [01;35m[Kwarning: [m[Knarrowing conversion of ‘[01m[K(tf2Scalar)point_translation.tf2::Vector3::z()[m[K’ from ‘[01m[Ktf2Scalar[m[K’ {aka ‘[01m[Kdouble[m[K’} to ‘[01m[Kfloat[m[K’ [[01;35m[K-Wnarrowing[m[K]
[4.884s]    96 | t_translation.x(), point_translation.y(), [01;35m[Kpoint_translation.z()[m[K};
[4.884s]       |                                           [01;35m[K~~~~~~~~~~~~~~~~~~~^~[m[K
[4.884s] 
[4.892s] [01m[K/home/mantus/kol_bot/ros2_orb_slam/ros2_orb_slam/src/rgbd-slam-node.cpp:[m[K In function ‘[01m[Kvoid setup_tf_orb_to_ros(ORB_SLAM3::System::eSensor)[m[K’:
[4.892s] [01m[K/home/mantus/kol_bot/ros2_orb_slam/ros2_orb_slam/src/rgbd-slam-node.cpp:148:53:[m[K [01;35m[Kwarning: [m[Kunused parameter ‘[01m[Ksensor_type[m[K’ [[01;35m[K-Wunused-parameter[m[K]
[4.892s]   148 | void setup_tf_orb_to_ros([01;35m[KORB_SLAM3::System::eSensor sensor_type[m[K) {
[4.892s]       |                          [01;35m[K~~~~~~~~~~~~~~~~~~~~~~~~~~~^~~~~~~~~~~[m[K
[15.245s] [ 83%] [32m[1mLinking CXX executable slam[0m
[16.357s] [100%] Built target slam
[16.370s] Invoked command in '/home/mantus/kol_bot/ros2_orb_slam/ros2_orb_slam/build/ros2_orb_slam' returned '0': CMAKE_PREFIX_PATH=/home/mantus/kol_bot/ros2_orb_slam/ros2_orb_slam/install/ros2_orb_slam:/home/mantus/kol_bot/ros2_orb_slam/install/ros2_orb_slam:/opt/ros/foxy:/opt/ros/noetic /home/mantus/.local/bin/cmake --build /home/mantus/kol_bot/ros2_orb_slam/ros2_orb_slam/build/ros2_orb_slam -- -j16 -l16
[16.440s] Invoking command in '/home/mantus/kol_bot/ros2_orb_slam/ros2_orb_slam/build/ros2_orb_slam': CMAKE_PREFIX_PATH=/home/mantus/kol_bot/ros2_orb_slam/ros2_orb_slam/install/ros2_orb_slam:/home/mantus/kol_bot/ros2_orb_slam/install/ros2_orb_slam:/opt/ros/foxy:/opt/ros/noetic /home/mantus/.local/bin/cmake --install /home/mantus/kol_bot/ros2_orb_slam/ros2_orb_slam/build/ros2_orb_slam
[16.468s] -- Install configuration: ""
[16.469s] -- Execute custom install script
[16.469s] -- Up-to-date symlink: /home/mantus/kol_bot/ros2_orb_slam/ros2_orb_slam/install/ros2_orb_slam/lib/ros2_orb_slam/slam
[16.469s] -- Up-to-date symlink: /home/mantus/kol_bot/ros2_orb_slam/ros2_orb_slam/install/ros2_orb_slam/lib/ros2_orb_slam/mono
[16.469s] -- Up-to-date symlink: /home/mantus/kol_bot/ros2_orb_slam/ros2_orb_slam/install/ros2_orb_slam/share/ament_index/resource_index/package_run_dependencies/ros2_orb_slam
[16.470s] -- Up-to-date symlink: /home/mantus/kol_bot/ros2_orb_slam/ros2_orb_slam/install/ros2_orb_slam/share/ament_index/resource_index/parent_prefix_path/ros2_orb_slam
[16.470s] -- Up-to-date symlink: /home/mantus/kol_bot/ros2_orb_slam/ros2_orb_slam/install/ros2_orb_slam/share/ros2_orb_slam/environment/ament_prefix_path.sh
[16.471s] -- Up-to-date symlink: /home/mantus/kol_bot/ros2_orb_slam/ros2_orb_slam/install/ros2_orb_slam/share/ros2_orb_slam/environment/ament_prefix_path.dsv
[16.471s] -- Up-to-date symlink: /home/mantus/kol_bot/ros2_orb_slam/ros2_orb_slam/install/ros2_orb_slam/share/ros2_orb_slam/environment/path.sh
[16.471s] -- Up-to-date symlink: /home/mantus/kol_bot/ros2_orb_slam/ros2_orb_slam/install/ros2_orb_slam/share/ros2_orb_slam/environment/path.dsv
[16.471s] -- Up-to-date symlink: /home/mantus/kol_bot/ros2_orb_slam/ros2_orb_slam/install/ros2_orb_slam/share/ros2_orb_slam/local_setup.bash
[16.472s] -- Up-to-date symlink: /home/mantus/kol_bot/ros2_orb_slam/ros2_orb_slam/install/ros2_orb_slam/share/ros2_orb_slam/local_setup.sh
[16.472s] -- Up-to-date symlink: /home/mantus/kol_bot/ros2_orb_slam/ros2_orb_slam/install/ros2_orb_slam/share/ros2_orb_slam/local_setup.zsh
[16.473s] -- Up-to-date symlink: /home/mantus/kol_bot/ros2_orb_slam/ros2_orb_slam/install/ros2_orb_slam/share/ros2_orb_slam/local_setup.dsv
[16.473s] -- Symlinking: /home/mantus/kol_bot/ros2_orb_slam/ros2_orb_slam/install/ros2_orb_slam/share/ros2_orb_slam/package.dsv
[16.484s] -- Up-to-date symlink: /home/mantus/kol_bot/ros2_orb_slam/ros2_orb_slam/install/ros2_orb_slam/share/ament_index/resource_index/packages/ros2_orb_slam
[16.485s] -- Up-to-date symlink: /home/mantus/kol_bot/ros2_orb_slam/ros2_orb_slam/install/ros2_orb_slam/share/ros2_orb_slam/cmake/ros2_orb_slamConfig.cmake
[16.485s] -- Up-to-date symlink: /home/mantus/kol_bot/ros2_orb_slam/ros2_orb_slam/install/ros2_orb_slam/share/ros2_orb_slam/cmake/ros2_orb_slamConfig-version.cmake
[16.485s] -- Up-to-date symlink: /home/mantus/kol_bot/ros2_orb_slam/ros2_orb_slam/install/ros2_orb_slam/share/ros2_orb_slam/package.xml
[16.491s] Invoked command in '/home/mantus/kol_bot/ros2_orb_slam/ros2_orb_slam/build/ros2_orb_slam' returned '0': CMAKE_PREFIX_PATH=/home/mantus/kol_bot/ros2_orb_slam/ros2_orb_slam/install/ros2_orb_slam:/home/mantus/kol_bot/ros2_orb_slam/install/ros2_orb_slam:/opt/ros/foxy:/opt/ros/noetic /home/mantus/.local/bin/cmake --install /home/mantus/kol_bot/ros2_orb_slam/ros2_orb_slam/build/ros2_orb_slam
